<?xml version="1.0" encoding="UTF-8"?>
<houses>
  <house houseid="1" owner="" paid="0" warnings="0"/>
  <house houseid="2" owner="" paid="0" warnings="0"/>
  <house houseid="3" owner="" paid="0" warnings="0"/>
  <house houseid="4" owner="" paid="0" warnings="0"/>
  <house houseid="5" owner="" paid="0" warnings="0"/>
  <house houseid="6" owner="" paid="0" warnings="0"/>
  <house houseid="7" owner="" paid="0" warnings="0"/>
  <house houseid="8" owner="" paid="0" warnings="0"/>
  <house houseid="9" owner="" paid="0" warnings="0"/>
  <house houseid="10" owner="" paid="0" warnings="0"/>
  <house houseid="11" owner="" paid="0" warnings="0"/>
  <house houseid="12" owner="" paid="0" warnings="0"/>
  <house houseid="13" owner="" paid="0" warnings="0"/>
  <house houseid="14" owner="" paid="0" warnings="0"/>
  <house houseid="15" owner="" paid="0" warnings="0"/>
  <house houseid="16" owner="" paid="0" warnings="0"/>
  <house houseid="17" owner="" paid="0" warnings="0"/>
  <house houseid="18" owner="" paid="0" warnings="0"/>
  <house houseid="19" owner="" paid="0" warnings="0"/>
  <house houseid="20" owner="" paid="0" warnings="0"/>
  <house houseid="21" owner="" paid="0" warnings="0"/>
  <house houseid="22" owner="" paid="0" warnings="0"/>
  <house houseid="23" owner="" paid="0" warnings="0"/>
  <house houseid="24" owner="" paid="0" warnings="0"/>
  <house houseid="26" owner="" paid="0" warnings="0"/>
  <house houseid="27" owner="" paid="0" warnings="0"/>
  <house houseid="28" owner="" paid="0" warnings="0"/>
  <house houseid="29" owner="" paid="0" warnings="0"/>
  <house houseid="30" owner="" paid="0" warnings="0"/>
  <house houseid="31" owner="" paid="0" warnings="0"/>
  <house houseid="32" owner="" paid="0" warnings="0"/>
  <house houseid="33" owner="" paid="0" warnings="0"/>
  <house houseid="34" owner="" paid="0" warnings="0"/>
  <house houseid="35" owner="" paid="0" warnings="0"/>
  <house houseid="36" owner="" paid="0" warnings="0"/>
  <house houseid="37" owner="" paid="0" warnings="0"/>
  <house houseid="38" owner="" paid="0" warnings="0"/>
  <house houseid="39" owner="" paid="0" warnings="0"/>
  <house houseid="40" owner="" paid="0" warnings="0"/>
  <house houseid="41" owner="" paid="0" warnings="0"/>
  <house houseid="42" owner="" paid="0" warnings="0"/>
  <house houseid="43" owner="" paid="0" warnings="0"/>
  <house houseid="44" owner="" paid="0" warnings="0"/>
  <house houseid="45" owner="" paid="0" warnings="0"/>
  <house houseid="46" owner="" paid="0" warnings="0"/>
  <house houseid="47" owner="" paid="0" warnings="0"/>
  <house houseid="48" owner="" paid="0" warnings="0"/>
  <house houseid="49" owner="" paid="0" warnings="0"/>
  <house houseid="50" owner="" paid="0" warnings="0"/>
  <house houseid="51" owner="" paid="0" warnings="0"/>
  <house houseid="52" owner="" paid="0" warnings="0"/>
  <house houseid="53" owner="" paid="0" warnings="0"/>
  <house houseid="54" owner="" paid="0" warnings="0"/>
  <house houseid="55" owner="" paid="0" warnings="0"/>
  <house houseid="56" owner="" paid="0" warnings="0"/>
  <house houseid="57" owner="" paid="0" warnings="0"/>
  <house houseid="58" owner="" paid="0" warnings="0"/>
  <house houseid="59" owner="" paid="0" warnings="0"/>
  <house houseid="60" owner="" paid="0" warnings="0"/>
  <house houseid="61" owner="" paid="0" warnings="0"/>
  <house houseid="62" owner="" paid="0" warnings="0"/>
  <house houseid="63" owner="" paid="0" warnings="0"/>
  <house houseid="64" owner="" paid="0" warnings="0"/>
  <house houseid="65" owner="" paid="0" warnings="0"/>
  <house houseid="66" owner="" paid="0" warnings="0"/>
  <house houseid="67" owner="" paid="0" warnings="0"/>
  <house houseid="68" owner="" paid="0" warnings="0"/>
  <house houseid="69" owner="" paid="0" warnings="0"/>
  <house houseid="70" owner="" paid="0" warnings="0"/>
  <house houseid="71" owner="" paid="0" warnings="0"/>
  <house houseid="72" owner="" paid="0" warnings="0"/>
  <house houseid="73" owner="" paid="0" warnings="0"/>
  <house houseid="74" owner="" paid="0" warnings="0"/>
  <house houseid="86" owner="" paid="0" warnings="0"/>
  <house houseid="87" owner="" paid="0" warnings="0"/>
  <house houseid="88" owner="" paid="0" warnings="0"/>
  <house houseid="89" owner="" paid="0" warnings="0"/>
  <house houseid="90" owner="" paid="0" warnings="0"/>
  <house houseid="91" owner="" paid="0" warnings="0"/>
  <house houseid="92" owner="" paid="0" warnings="0"/>
  <house houseid="93" owner="" paid="0" warnings="0"/>
  <house houseid="94" owner="" paid="0" warnings="0"/>
  <house houseid="95" owner="" paid="0" warnings="0"/>
  <house houseid="96" owner="" paid="0" warnings="0"/>
  <house houseid="97" owner="" paid="0" warnings="0"/>
  <house houseid="98" owner="" paid="0" warnings="0"/>
  <house houseid="99" owner="" paid="0" warnings="0"/>
  <house houseid="100" owner="" paid="0" warnings="0"/>
  <house houseid="102" owner="" paid="0" warnings="0"/>
  <house houseid="103" owner="" paid="0" warnings="0"/>
  <house houseid="104" owner="" paid="0" warnings="0"/>
  <house houseid="105" owner="" paid="0" warnings="0"/>
  <house houseid="106" owner="" paid="0" warnings="0"/>
  <house houseid="107" owner="" paid="0" warnings="0"/>
  <house houseid="108" owner="" paid="0" warnings="0"/>
  <house houseid="109" owner="" paid="0" warnings="0"/>
  <house houseid="110" owner="" paid="0" warnings="0"/>
  <house houseid="111" owner="" paid="0" warnings="0"/>
  <house houseid="112" owner="" paid="0" warnings="0"/>
  <house houseid="113" owner="" paid="0" warnings="0"/>
  <house houseid="114" owner="" paid="0" warnings="0"/>
  <house houseid="115" owner="" paid="0" warnings="0"/>
  <house houseid="116" owner="" paid="0" warnings="0"/>
  <house houseid="117" owner="" paid="0" warnings="0"/>
  <house houseid="118" owner="" paid="0" warnings="0"/>
  <house houseid="119" owner="" paid="0" warnings="0"/>
  <house houseid="120" owner="" paid="0" warnings="0"/>
  <house houseid="121" owner="" paid="0" warnings="0"/>
  <house houseid="122" owner="" paid="0" warnings="0"/>
  <house houseid="123" owner="" paid="0" warnings="0"/>
  <house houseid="124" owner="" paid="0" warnings="0"/>
  <house houseid="125" owner="" paid="0" warnings="0"/>
  <house houseid="126" owner="" paid="0" warnings="0"/>
  <house houseid="127" owner="" paid="0" warnings="0"/>
  <house houseid="128" owner="" paid="0" warnings="0"/>
  <house houseid="129" owner="" paid="0" warnings="0"/>
  <house houseid="130" owner="" paid="0" warnings="0"/>
  <house houseid="131" owner="" paid="0" warnings="0"/>
  <house houseid="132" owner="" paid="0" warnings="0"/>
  <house houseid="133" owner="" paid="0" warnings="0"/>
  <house houseid="134" owner="" paid="0" warnings="0"/>
  <house houseid="135" owner="" paid="0" warnings="0"/>
  <house houseid="136" owner="" paid="0" warnings="0"/>
  <house houseid="137" owner="" paid="0" warnings="0"/>
  <house houseid="138" owner="" paid="0" warnings="0"/>
  <house houseid="139" owner="" paid="0" warnings="0"/>
  <house houseid="140" owner="" paid="0" warnings="0"/>
  <house houseid="141" owner="" paid="0" warnings="0"/>
  <house houseid="142" owner="" paid="0" warnings="0"/>
</houses>
