<?xml version="1.0" encoding="UTF-8"?>
<spawns>
  <spawn centerx="178" centery="164" centerz="0" radius="5">
    <monster name="Saga" x="4" y="-2" z="0" spawntime="60"/>
  </spawn>
  <spawn centerx="151" centery="166" centerz="0" radius="5">
    <monster name="Afrodita" x="1" y="-1" z="0" spawntime="60"/>
  </spawn>
  <spawn centerx="254" centery="285" centerz="0" radius="5">
    <monster name="Nightmare" x="0" y="-1" z="0" spawntime="60"/>
    <monster name="Nightmare Scion" x="1" y="0" z="0" spawntime="60"/>
  </spawn>
  <spawn centerx="267" centery="288" centerz="0" radius="5">
    <monster name="Nightmare Scion" x="-1" y="-1" z="0" spawntime="60"/>
    <monster name="Nightmare" x="2" y="2" z="0" spawntime="60"/>
    <monster name="Nightmare Scion" x="5" y="5" z="0" spawntime="60"/>
  </spawn>
  <spawn centerx="278" centery="295" centerz="0" radius="5">
    <monster name="Nightmare Scion" x="2" y="0" z="0" spawntime="60"/>
    <monster name="Nightmare" x="-1" y="4" z="0" spawntime="60"/>
  </spawn>
  <spawn centerx="290" centery="295" centerz="0" radius="5">
    <monster name="Nightmare Scion" x="0" y="-1" z="0" spawntime="60"/>
  </spawn>
  <spawn centerx="302" centery="296" centerz="0" radius="5">
    <monster name="Nightmare Scion" x="-1" y="0" z="0" spawntime="60"/>
    <monster name="Nightmare Scion" x="5" y="4" z="0" spawntime="60"/>
  </spawn>
  <spawn centerx="334" centery="300" centerz="0" radius="5">
    <monster name="Nightmare" x="-1" y="0" z="0" spawntime="60"/>
    <monster name="Nightmare Scion" x="1" y="0" z="0" spawntime="60"/>
  </spawn>
  <spawn centerx="315" centery="302" centerz="0" radius="5">
    <monster name="Nightmare Scion" x="-2" y="1" z="0" spawntime="60"/>
  </spawn>
  <spawn centerx="235" centery="307" centerz="0" radius="5">
    <monster name="Nightmare" x="-1" y="1" z="0" spawntime="60"/>
    <monster name="Nightmare Scion" x="0" y="2" z="0" spawntime="60"/>
  </spawn>
  <spawn centerx="284" centery="307" centerz="0" radius="5">
    <monster name="Nightmare Scion" x="2" y="-2" z="0" spawntime="60"/>
  </spawn>
  <spawn centerx="331" centery="311" centerz="0" radius="5">
    <monster name="Nightmare Scion" x="5" y="-5" z="0" spawntime="60"/>
    <monster name="Nightmare" x="-2" y="-1" z="0" spawntime="60"/>
    <monster name="Nightmare Scion" x="-1" y="1" z="0" spawntime="60"/>
  </spawn>
  <spawn centerx="319" centery="313" centerz="0" radius="5">
    <monster name="Nightmare Scion" x="0" y="-4" z="0" spawntime="60"/>
    <monster name="Nightmare" x="-2" y="-2" z="0" spawntime="60"/>
    <monster name="Nightmare Scion" x="2" y="4" z="0" spawntime="60"/>
  </spawn>
  <spawn centerx="260" centery="314" centerz="0" radius="5">
    <monster name="Nightmare Scion" x="0" y="1" z="0" spawntime="60"/>
  </spawn>
  <spawn centerx="247" centery="315" centerz="0" radius="5">
    <monster name="Nightmare Scion" x="5" y="-5" z="0" spawntime="60"/>
    <monster name="Nightmare Scion" x="-2" y="2" z="0" spawntime="60"/>
  </spawn>
  <spawn centerx="284" centery="319" centerz="0" radius="5">
    <monster name="Nightmare Scion" x="2" y="-3" z="0" spawntime="60"/>
    <monster name="Nightmare" x="-2" y="1" z="0" spawntime="60"/>
    <monster name="Nightmare Scion" x="-5" y="3" z="0" spawntime="60"/>
  </spawn>
  <spawn centerx="298" centery="319" centerz="0" radius="5">
    <monster name="Nightmare Scion" x="-1" y="-1" z="0" spawntime="60"/>
  </spawn>
  <spawn centerx="270" centery="320" centerz="0" radius="5">
    <monster name="Nightmare Scion" x="-1" y="-1" z="0" spawntime="60"/>
    <monster name="Nightmare" x="-1" y="1" z="0" spawntime="60"/>
  </spawn>
  <spawn centerx="235" centery="322" centerz="0" radius="5">
    <monster name="Nightmare Scion" x="1" y="-3" z="0" spawntime="60"/>
    <monster name="Nightmare" x="5" y="-3" z="0" spawntime="60"/>
  </spawn>
  <spawn centerx="244" centery="331" centerz="0" radius="5">
    <monster name="Nightmare" x="4" y="4" z="0" spawntime="60"/>
    <monster name="Nightmare Scion" x="5" y="5" z="0" spawntime="60"/>
  </spawn>
  <spawn centerx="301" centery="333" centerz="0" radius="5">
    <monster name="Nightmare Scion" x="0" y="-2" z="0" spawntime="60"/>
    <monster name="Nightmare" x="2" y="-1" z="0" spawntime="60"/>
    <monster name="Nightmare Scion" x="5" y="4" z="0" spawntime="60"/>
  </spawn>
  <spawn centerx="261" centery="334" centerz="0" radius="5">
    <monster name="Nightmare" x="-2" y="1" z="0" spawntime="60"/>
    <monster name="Nightmare Scion" x="2" y="3" z="0" spawntime="60"/>
    <monster name="Nightmare" x="5" y="4" z="0" spawntime="60"/>
  </spawn>
  <spawn centerx="272" centery="340" centerz="0" radius="5">
    <monster name="Nightmare" x="2" y="2" z="0" spawntime="60"/>
  </spawn>
  <spawn centerx="314" centery="341" centerz="0" radius="5">
    <monster name="Nightmare Scion" x="-1" y="0" z="0" spawntime="60"/>
    <monster name="Nightmare" x="2" y="0" z="0" spawntime="60"/>
  </spawn>
  <spawn centerx="260" centery="347" centerz="0" radius="5">
    <monster name="Nightmare" x="1" y="-2" z="0" spawntime="60"/>
    <monster name="Nightmare" x="-5" y="5" z="0" spawntime="60"/>
  </spawn>
  <spawn centerx="281" centery="349" centerz="0" radius="5">
    <monster name="Nightmare Scion" x="-3" y="-4" z="0" spawntime="60"/>
    <monster name="Nightmare" x="-1" y="-2" z="0" spawntime="60"/>
  </spawn>
  <spawn centerx="255" centery="359" centerz="0" radius="5">
    <monster name="Nightmare Scion" x="0" y="-3" z="0" spawntime="60"/>
    <monster name="Nightmare" x="-1" y="0" z="0" spawntime="60"/>
  </spawn>
  <spawn centerx="255" centery="371" centerz="0" radius="5">
    <monster name="Nightmare" x="0" y="-5" z="0" spawntime="60"/>
    <monster name="Nightmare Scion" x="1" y="-1" z="0" spawntime="60"/>
    <monster name="Nightmare" x="0" y="5" z="0" spawntime="60"/>
  </spawn>
  <spawn centerx="237" centery="379" centerz="0" radius="5">
    <monster name="Nightmare" x="1" y="1" z="0" spawntime="60"/>
    <monster name="Nightmare Scion" x="-3" y="3" z="0" spawntime="60"/>
  </spawn>
  <spawn centerx="252" centery="384" centerz="0" radius="5">
    <monster name="Nightmare" x="-3" y="-4" z="0" spawntime="60"/>
    <monster name="Nightmare Scion" x="1" y="-4" z="0" spawntime="60"/>
    <monster name="Nightmare Scion" x="2" y="1" z="0" spawntime="60"/>
  </spawn>
  <spawn centerx="264" centery="384" centerz="0" radius="5">
    <monster name="Nightmare" x="1" y="-3" z="0" spawntime="60"/>
    <monster name="Nightmare Scion" x="-2" y="-2" z="0" spawntime="60"/>
    <monster name="Nightmare Scion" x="2" y="4" z="0" spawntime="60"/>
    <monster name="Nightmare" x="0" y="5" z="0" spawntime="60"/>
  </spawn>
  <spawn centerx="237" centery="393" centerz="0" radius="5">
    <monster name="Nightmare" x="1" y="-2" z="0" spawntime="60"/>
    <monster name="Nightmare Scion" x="-2" y="1" z="0" spawntime="60"/>
  </spawn>
  <spawn centerx="252" centery="395" centerz="0" radius="5">
    <monster name="Nightmare" x="-1" y="-4" z="0" spawntime="60"/>
    <monster name="Nightmare Scion" x="-2" y="2" z="0" spawntime="60"/>
  </spawn>
  <spawn centerx="263" centery="396" centerz="0" radius="5">
    <monster name="Nightmare Scion" x="-4" y="0" z="0" spawntime="60"/>
    <monster name="Nightmare" x="-3" y="4" z="0" spawntime="60"/>
  </spawn>
  <spawn centerx="270" centery="405" centerz="0" radius="5">
    <monster name="Nightmare Scion" x="1" y="-2" z="0" spawntime="60"/>
    <monster name="Nightmare" x="0" y="1" z="0" spawntime="60"/>
    <monster name="Nightmare Scion" x="4" y="2" z="0" spawntime="60"/>
  </spawn>
  <spawn centerx="237" centery="408" centerz="0" radius="5">
    <monster name="Nightmare" x="-1" y="-1" z="0" spawntime="60"/>
  </spawn>
  <spawn centerx="253" centery="408" centerz="0" radius="5">
    <monster name="Nightmare" x="2" y="-2" z="0" spawntime="60"/>
    <monster name="Nightmare" x="-4" y="4" z="0" spawntime="60"/>
    <monster name="Nightmare Scion" x="2" y="5" z="0" spawntime="60"/>
  </spawn>
  <spawn centerx="237" centery="421" centerz="0" radius="5">
    <monster name="Nightmare" x="0" y="-2" z="0" spawntime="60"/>
    <monster name="Nightmare Scion" x="-2" y="0" z="0" spawntime="60"/>
  </spawn>
  <spawn centerx="252" centery="421" centerz="0" radius="5">
    <monster name="Nightmare" x="0" y="-1" z="0" spawntime="60"/>
    <monster name="Nightmare Scion" x="-1" y="2" z="0" spawntime="60"/>
    <monster name="Nightmare" x="-4" y="3" z="0" spawntime="60"/>
  </spawn>
  <spawn centerx="292" centery="51" centerz="1" radius="5">
    <monster name="Dwarf" x="-2" y="1" z="1" spawntime="60"/>
    <monster name="Dwarf Soldier" x="-1" y="2" z="1" spawntime="60"/>
    <monster name="Dwarf" x="3" y="4" z="1" spawntime="60"/>
  </spawn>
  <spawn centerx="305" centery="56" centerz="1" radius="5">
    <monster name="Dwarf Soldier" x="0" y="-4" z="1" spawntime="60"/>
    <monster name="Dwarf" x="1" y="-3" z="1" spawntime="60"/>
    <monster name="Dwarf" x="-1" y="3" z="1" spawntime="60"/>
    <monster name="Dwarf Soldier" x="5" y="5" z="1" spawntime="60"/>
  </spawn>
  <spawn centerx="280" centery="60" centerz="1" radius="5">
    <monster name="Dwarf" x="-1" y="0" z="1" spawntime="60"/>
    <monster name="Dwarf" x="4" y="0" z="1" spawntime="60"/>
    <monster name="Dwarf Soldier" x="1" y="2" z="1" spawntime="60"/>
    <monster name="Dwarf" x="0" y="5" z="1" spawntime="60"/>
  </spawn>
  <spawn centerx="295" centery="62" centerz="1" radius="5">
    <monster name="Dwarf" x="0" y="-3" z="1" spawntime="60"/>
    <monster name="Dwarf Soldier" x="1" y="-1" z="1" spawntime="60"/>
    <monster name="Dwarf" x="-5" y="1" z="1" spawntime="60"/>
  </spawn>
  <spawn centerx="292" centery="84" centerz="1" radius="5">
    <monster name="Dwarf" x="-1" y="-2" z="1" spawntime="60"/>
    <monster name="Dwarf" x="3" y="3" z="1" spawntime="60"/>
  </spawn>
  <spawn centerx="305" centery="85" centerz="1" radius="5">
    <monster name="Dwarf" x="-5" y="1" z="1" spawntime="60"/>
    <monster name="Dwarf" x="1" y="1" z="1" spawntime="60"/>
    <monster name="Dwarf" x="3" y="4" z="1" spawntime="60"/>
  </spawn>
  <spawn centerx="280" centery="98" centerz="1" radius="5">
    <monster name="Minotaur guard" x="-2" y="0" z="1" spawntime="60"/>
    <monster name="Minotaur archer" x="2" y="0" z="1" spawntime="60"/>
    <monster name="Minotaur mage" x="2" y="1" z="1" spawntime="60"/>
    <monster name="Minotaur archer" x="-3" y="2" z="1" spawntime="60"/>
    <monster name="Minotaur guard" x="0" y="2" z="1" spawntime="60"/>
  </spawn>
  <spawn centerx="313" centery="98" centerz="1" radius="5">
    <monster name="Minotaur" x="-1" y="0" z="1" spawntime="60"/>
    <monster name="Minotaur guard" x="-2" y="1" z="1" spawntime="60"/>
    <monster name="Minotaur archer" x="0" y="1" z="1" spawntime="60"/>
    <monster name="Minotaur mage" x="1" y="1" z="1" spawntime="60"/>
  </spawn>
  <spawn centerx="138" centery="166" centerz="1" radius="5">
    <monster name="Camus" x="2" y="-2" z="1" spawntime="60"/>
  </spawn>
  <spawn centerx="303" centery="291" centerz="1" radius="5">
    <monster name="Nightmare Scion" x="4" y="0" z="1" spawntime="60"/>
    <monster name="Nightmare Scion" x="-3" y="2" z="1" spawntime="60"/>
  </spawn>
  <spawn centerx="290" centery="292" centerz="1" radius="5">
    <monster name="Nightmare Scion" x="-5" y="-5" z="1" spawntime="60"/>
    <monster name="Nightmare Scion" x="0" y="2" z="1" spawntime="60"/>
  </spawn>
  <spawn centerx="315" centery="295" centerz="1" radius="5">
    <monster name="Nightmare Scion" x="-2" y="-2" z="1" spawntime="60"/>
    <monster name="Nightmare Scion" x="2" y="3" z="1" spawntime="60"/>
  </spawn>
  <spawn centerx="341" centery="297" centerz="1" radius="5">
    <monster name="Nightmare Scion" x="-4" y="0" z="1" spawntime="60"/>
    <monster name="Nightmare Scion" x="4" y="3" z="1" spawntime="60"/>
  </spawn>
  <spawn centerx="329" centery="302" centerz="1" radius="5">
    <monster name="Nightmare Scion" x="-5" y="-1" z="1" spawntime="60"/>
    <monster name="Nightmare Scion" x="3" y="0" z="1" spawntime="60"/>
  </spawn>
  <spawn centerx="291" centery="303" centerz="1" radius="5">
    <monster name="Nightmare Scion" x="0" y="-1" z="1" spawntime="60"/>
    <monster name="Nightmare Scion" x="0" y="2" z="1" spawntime="60"/>
    <monster name="Nightmare Scion" x="-1" y="5" z="1" spawntime="60"/>
  </spawn>
  <spawn centerx="313" centery="307" centerz="1" radius="5">
    <monster name="Nightmare Scion" x="1" y="-3" z="1" spawntime="60"/>
    <monster name="Nightmare Scion" x="-3" y="3" z="1" spawntime="60"/>
  </spawn>
  <spawn centerx="346" centery="308" centerz="1" radius="5">
    <monster name="Nightmare Scion" x="0" y="-1" z="1" spawntime="60"/>
    <monster name="Nightmare Scion" x="0" y="4" z="1" spawntime="60"/>
  </spawn>
  <spawn centerx="330" centery="311" centerz="1" radius="5">
    <monster name="Nightmare Scion" x="2" y="-2" z="1" spawntime="60"/>
    <monster name="Nightmare Scion" x="-3" y="2" z="1" spawntime="60"/>
  </spawn>
  <spawn centerx="302" centery="314" centerz="1" radius="5">
    <monster name="Nightmare Scion" x="0" y="-1" z="1" spawntime="60"/>
    <monster name="Nightmare Scion" x="4" y="5" z="1" spawntime="60"/>
  </spawn>
  <spawn centerx="293" centery="316" centerz="1" radius="5">
    <monster name="Nightmare Scion" x="-2" y="-4" z="1" spawntime="60"/>
    <monster name="Nightmare Scion" x="1" y="0" z="1" spawntime="60"/>
    <monster name="Nightmare Scion" x="0" y="2" z="1" spawntime="60"/>
  </spawn>
  <spawn centerx="318" centery="321" centerz="1" radius="5">
    <monster name="Nightmare Scion" x="4" y="-3" z="1" spawntime="60"/>
    <monster name="Nightmare Scion" x="-3" y="0" z="1" spawntime="60"/>
  </spawn>
  <spawn centerx="343" centery="321" centerz="1" radius="5">
    <monster name="Nightmare Scion" x="2" y="-4" z="1" spawntime="60"/>
    <monster name="Nightmare Scion" x="-1" y="3" z="1" spawntime="60"/>
  </spawn>
  <spawn centerx="305" centery="327" centerz="1" radius="5">
    <monster name="Nightmare Scion" x="0" y="-2" z="1" spawntime="60"/>
    <monster name="Nightmare Scion" x="2" y="5" z="1" spawntime="60"/>
  </spawn>
  <spawn centerx="294" centery="328" centerz="1" radius="5">
    <monster name="Nightmare Scion" x="2" y="-5" z="1" spawntime="60"/>
    <monster name="Nightmare Scion" x="-2" y="1" z="1" spawntime="60"/>
  </spawn>
  <spawn centerx="323" centery="331" centerz="1" radius="5">
    <monster name="Nightmare Scion" x="-5" y="0" z="1" spawntime="60"/>
    <monster name="Nightmare Scion" x="1" y="2" z="1" spawntime="60"/>
  </spawn>
  <spawn centerx="342" centery="333" centerz="1" radius="5">
    <monster name="Nightmare Scion" x="0" y="-3" z="1" spawntime="60"/>
    <monster name="Nightmare Scion" x="-1" y="3" z="1" spawntime="60"/>
  </spawn>
  <spawn centerx="290" centery="338" centerz="1" radius="5">
    <monster name="Nightmare Scion" x="0" y="-1" z="1" spawntime="60"/>
  </spawn>
  <spawn centerx="310" centery="340" centerz="1" radius="5">
    <monster name="Nightmare Scion" x="-1" y="0" z="1" spawntime="60"/>
  </spawn>
  <spawn centerx="301" centery="343" centerz="1" radius="5">
    <monster name="Nightmare Scion" x="-5" y="0" z="1" spawntime="60"/>
    <monster name="Nightmare Scion" x="1" y="4" z="1" spawntime="60"/>
  </spawn>
  <spawn centerx="334" centery="344" centerz="1" radius="5">
    <monster name="Nightmare Scion" x="-5" y="-5" z="1" spawntime="60"/>
    <monster name="Nightmare Scion" x="1" y="-2" z="1" spawntime="60"/>
    <monster name="Nightmare Scion" x="-5" y="4" z="1" spawntime="60"/>
  </spawn>
  <spawn centerx="321" centery="352" centerz="1" radius="5">
    <monster name="Nightmare Scion" x="1" y="-1" z="1" spawntime="60"/>
    <monster name="Nightmare Scion" x="-1" y="0" z="1" spawntime="60"/>
    <monster name="Nightmare Scion" x="-4" y="5" z="1" spawntime="60"/>
  </spawn>
  <spawn centerx="305" centery="356" centerz="1" radius="5">
    <monster name="Nightmare Scion" x="0" y="-4" z="1" spawntime="60"/>
    <monster name="Nightmare Scion" x="0" y="4" z="1" spawntime="60"/>
  </spawn>
  <spawn centerx="331" centery="362" centerz="1" radius="5">
    <monster name="Nightmare Scion" x="4" y="-5" z="1" spawntime="60"/>
    <monster name="Nightmare Scion" x="0" y="-1" z="1" spawntime="60"/>
  </spawn>
  <spawn centerx="318" centery="364" centerz="1" radius="5">
    <monster name="Nightmare Scion" x="5" y="0" z="1" spawntime="60"/>
    <monster name="Nightmare Scion" x="-4" y="2" z="1" spawntime="60"/>
  </spawn>
  <spawn centerx="294" centery="54" centerz="2" radius="5">
    <monster name="Dwarf Guard" x="3" y="0" z="2" spawntime="60"/>
    <monster name="Dwarf Geomancer" x="-1" y="2" z="2" spawntime="60"/>
  </spawn>
  <spawn centerx="340" centery="60" centerz="2" radius="5">
    <monster name="Dwarf" x="-2" y="1" z="2" spawntime="60"/>
    <monster name="Dwarf" x="3" y="5" z="2" spawntime="60"/>
  </spawn>
  <spawn centerx="327" centery="64" centerz="2" radius="5">
    <monster name="Dwarf" x="5" y="-3" z="2" spawntime="60"/>
    <monster name="Dwarf Soldier" x="5" y="-2" z="2" spawntime="60"/>
    <monster name="Dwarf" x="2" y="-1" z="2" spawntime="60"/>
    <monster name="Dwarf" x="-3" y="1" z="2" spawntime="60"/>
  </spawn>
  <spawn centerx="315" centery="67" centerz="2" radius="5">
    <monster name="Dwarf" x="-3" y="-1" z="2" spawntime="60"/>
    <monster name="Dwarf" x="1" y="-1" z="2" spawntime="60"/>
    <monster name="Dwarf Soldier" x="-4" y="2" z="2" spawntime="60"/>
  </spawn>
  <spawn centerx="304" centery="68" centerz="2" radius="5">
    <monster name="Dwarf" x="-1" y="1" z="2" spawntime="60"/>
  </spawn>
  <spawn centerx="260" centery="69" centerz="2" radius="5">
    <monster name="Dwarf" x="-5" y="-4" z="2" spawntime="60"/>
    <monster name="Dwarf Guard" x="-2" y="-2" z="2" spawntime="60"/>
    <monster name="Dwarf" x="3" y="-1" z="2" spawntime="60"/>
    <monster name="Dwarf Soldier" x="1" y="2" z="2" spawntime="60"/>
    <monster name="Dwarf" x="-3" y="4" z="2" spawntime="60"/>
    <monster name="Dwarf" x="5" y="5" z="2" spawntime="60"/>
  </spawn>
  <spawn centerx="291" centery="72" centerz="2" radius="5">
    <monster name="Dwarf" x="2" y="-4" z="2" spawntime="60"/>
    <monster name="Dwarf Soldier" x="2" y="-2" z="2" spawntime="60"/>
    <monster name="Dwarf" x="5" y="1" z="2" spawntime="60"/>
    <monster name="Dwarf" x="-3" y="2" z="2" spawntime="60"/>
  </spawn>
  <spawn centerx="278" centery="74" centerz="2" radius="5">
    <monster name="Dwarf" x="-3" y="-2" z="2" spawntime="60"/>
    <monster name="Dwarf Soldier" x="2" y="0" z="2" spawntime="60"/>
    <monster name="Dwarf" x="4" y="0" z="2" spawntime="60"/>
  </spawn>
  <spawn centerx="349" centery="75" centerz="2" radius="5">
    <monster name="Dwarf Soldier" x="-4" y="-5" z="2" spawntime="60"/>
    <monster name="Dwarf" x="-4" y="-4" z="2" spawntime="60"/>
    <monster name="Dwarf" x="1" y="0" z="2" spawntime="60"/>
    <monster name="Dwarf Soldier" x="3" y="3" z="2" spawntime="60"/>
  </spawn>
  <spawn centerx="328" centery="77" centerz="2" radius="5">
    <monster name="Dwarf" x="-5" y="-1" z="2" spawntime="60"/>
    <monster name="Dwarf Soldier" x="0" y="-1" z="2" spawntime="60"/>
    <monster name="Dwarf" x="2" y="1" z="2" spawntime="60"/>
  </spawn>
  <spawn centerx="303" centery="79" centerz="2" radius="5">
    <monster name="Dwarf" x="3" y="-5" z="2" spawntime="60"/>
    <monster name="Dwarf" x="-3" y="-1" z="2" spawntime="60"/>
  </spawn>
  <spawn centerx="357" centery="87" centerz="2" radius="5">
    <monster name="Dwarf Soldier" x="4" y="-4" z="2" spawntime="60"/>
    <monster name="Dwarf" x="2" y="-3" z="2" spawntime="60"/>
    <monster name="Dwarf" x="5" y="-1" z="2" spawntime="60"/>
    <monster name="Dwarf Soldier" x="-5" y="1" z="2" spawntime="60"/>
    <monster name="Dwarf" x="-2" y="2" z="2" spawntime="60"/>
  </spawn>
  <spawn centerx="285" centery="92" centerz="2" radius="5">
    <monster name="Minotaur guard" x="2" y="1" z="2" spawntime="60"/>
    <monster name="Minotaur" x="-4" y="2" z="2" spawntime="60"/>
    <monster name="Minotaur" x="3" y="2" z="2" spawntime="60"/>
  </spawn>
  <spawn centerx="337" centery="92" centerz="2" radius="5">
    <monster name="Dwarf Guard" x="0" y="-5" z="2" spawntime="60"/>
    <monster name="Dwarf" x="-1" y="-4" z="2" spawntime="60"/>
    <monster name="Dwarf" x="4" y="0" z="2" spawntime="60"/>
    <monster name="Dwarf" x="-2" y="1" z="2" spawntime="60"/>
    <monster name="Dwarf Soldier" x="1" y="2" z="2" spawntime="60"/>
  </spawn>
  <spawn centerx="272" centery="99" centerz="2" radius="5">
    <monster name="Minotaur" x="-1" y="-4" z="2" spawntime="60"/>
    <monster name="Minotaur" x="-2" y="1" z="2" spawntime="60"/>
    <monster name="Minotaur" x="-5" y="3" z="2" spawntime="60"/>
    <monster name="Minotaur archer" x="5" y="3" z="2" spawntime="60"/>
    <monster name="Minotaur mage" x="5" y="4" z="2" spawntime="60"/>
  </spawn>
  <spawn centerx="290" centery="101" centerz="2" radius="5">
    <monster name="Minotaur" x="5" y="-5" z="2" spawntime="60"/>
    <monster name="Minotaur archer" x="-3" y="-2" z="2" spawntime="60"/>
    <monster name="Minotaur" x="4" y="-1" z="2" spawntime="60"/>
    <monster name="Minotaur mage" x="-3" y="1" z="2" spawntime="60"/>
    <monster name="Minotaur" x="0" y="1" z="2" spawntime="60"/>
    <monster name="Minotaur guard" x="0" y="3" z="2" spawntime="60"/>
    <monster name="Minotaur" x="4" y="3" z="2" spawntime="60"/>
  </spawn>
  <spawn centerx="264" centery="102" centerz="2" radius="5">
    <monster name="Minotaur mage" x="-2" y="-1" z="2" spawntime="60"/>
    <monster name="Minotaur guard" x="2" y="0" z="2" spawntime="60"/>
    <monster name="Minotaur archer" x="-2" y="1" z="2" spawntime="60"/>
  </spawn>
  <spawn centerx="279" centery="102" centerz="2" radius="5">
    <monster name="Minotaur archer" x="3" y="-4" z="2" spawntime="60"/>
    <monster name="Minotaur mage" x="3" y="-2" z="2" spawntime="60"/>
    <monster name="Minotaur guard" x="1" y="-1" z="2" spawntime="60"/>
    <monster name="Minotaur" x="0" y="1" z="2" spawntime="60"/>
  </spawn>
  <spawn centerx="304" centery="102" centerz="2" radius="5">
    <monster name="Minotaur guard" x="-4" y="-5" z="2" spawntime="60"/>
    <monster name="Minotaur" x="1" y="-5" z="2" spawntime="60"/>
    <monster name="Minotaur" x="-1" y="-2" z="2" spawntime="60"/>
    <monster name="Minotaur" x="-5" y="0" z="2" spawntime="60"/>
    <monster name="Minotaur guard" x="-2" y="3" z="2" spawntime="60"/>
    <monster name="Minotaur" x="3" y="4" z="2" spawntime="60"/>
  </spawn>
  <spawn centerx="306" centery="112" centerz="2" radius="5">
    <monster name="Minotaur" x="-4" y="-1" z="2" spawntime="60"/>
    <monster name="Minotaur" x="1" y="0" z="2" spawntime="60"/>
    <monster name="Minotaur guard" x="1" y="2" z="2" spawntime="60"/>
    <monster name="Minotaur mage" x="4" y="2" z="2" spawntime="60"/>
    <monster name="Minotaur guard" x="-3" y="3" z="2" spawntime="60"/>
    <monster name="Minotaur archer" x="4" y="4" z="2" spawntime="60"/>
  </spawn>
  <spawn centerx="276" centery="113" centerz="2" radius="5">
    <monster name="Minotaur" x="0" y="-4" z="2" spawntime="60"/>
    <monster name="Minotaur" x="1" y="0" z="2" spawntime="60"/>
    <monster name="Minotaur guard" x="-1" y="1" z="2" spawntime="60"/>
    <monster name="Minotaur archer" x="-2" y="4" z="2" spawntime="60"/>
    <monster name="Minotaur mage" x="1" y="5" z="2" spawntime="60"/>
  </spawn>
  <spawn centerx="292" centery="113" centerz="2" radius="5">
    <monster name="Minotaur guard" x="0" y="-2" z="2" spawntime="60"/>
    <monster name="Minotaur" x="2" y="-2" z="2" spawntime="60"/>
    <monster name="Minotaur archer" x="1" y="1" z="2" spawntime="60"/>
    <monster name="Minotaur mage" x="3" y="1" z="2" spawntime="60"/>
  </spawn>
  <spawn centerx="264" centery="114" centerz="2" radius="5">
    <monster name="Minotaur" x="4" y="-4" z="2" spawntime="60"/>
    <monster name="Minotaur mage" x="-4" y="-1" z="2" spawntime="60"/>
    <monster name="Minotaur" x="-1" y="-1" z="2" spawntime="60"/>
    <monster name="Minotaur archer" x="-4" y="0" z="2" spawntime="60"/>
    <monster name="Minotaur guard" x="-1" y="0" z="2" spawntime="60"/>
    <monster name="Minotaur guard" x="5" y="2" z="2" spawntime="60"/>
    <monster name="Minotaur" x="0" y="4" z="2" spawntime="60"/>
    <monster name="Minotaur" x="4" y="5" z="2" spawntime="60"/>
  </spawn>
  <spawn centerx="281" centery="122" centerz="2" radius="5">
    <monster name="Minotaur" x="-1" y="-2" z="2" spawntime="60"/>
    <monster name="Minotaur mage" x="4" y="-2" z="2" spawntime="60"/>
    <monster name="Minotaur archer" x="5" y="-2" z="2" spawntime="60"/>
    <monster name="Minotaur guard" x="3" y="1" z="2" spawntime="60"/>
    <monster name="Minotaur" x="5" y="1" z="2" spawntime="60"/>
  </spawn>
  <spawn centerx="293" centery="122" centerz="2" radius="5">
    <monster name="Minotaur mage" x="-2" y="-2" z="2" spawntime="60"/>
    <monster name="Minotaur archer" x="-1" y="-2" z="2" spawntime="60"/>
    <monster name="Minotaur" x="0" y="1" z="2" spawntime="60"/>
    <monster name="Minotaur" x="5" y="4" z="2" spawntime="60"/>
  </spawn>
  <spawn centerx="306" centery="122" centerz="2" radius="5">
    <monster name="Minotaur" x="-4" y="-1" z="2" spawntime="60"/>
    <monster name="Minotaur mage" x="4" y="0" z="2" spawntime="60"/>
    <monster name="Minotaur" x="2" y="2" z="2" spawntime="60"/>
    <monster name="Minotaur archer" x="4" y="2" z="2" spawntime="60"/>
    <monster name="Minotaur guard" x="-3" y="3" z="2" spawntime="60"/>
    <monster name="Minotaur guard" x="2" y="4" z="2" spawntime="60"/>
  </spawn>
  <spawn centerx="270" centery="125" centerz="2" radius="5">
    <monster name="Minotaur guard" x="-2" y="-2" z="2" spawntime="60"/>
    <monster name="Minotaur" x="4" y="0" z="2" spawntime="60"/>
    <monster name="Minotaur" x="-2" y="1" z="2" spawntime="60"/>
    <monster name="Minotaur" x="-3" y="5" z="2" spawntime="60"/>
  </spawn>
  <spawn centerx="308" centery="132" centerz="2" radius="5">
    <monster name="Minotaur" x="-5" y="-4" z="2" spawntime="60"/>
    <monster name="Minotaur" x="4" y="1" z="2" spawntime="60"/>
    <monster name="Minotaur" x="-3" y="4" z="2" spawntime="60"/>
    <monster name="Minotaur guard" x="1" y="4" z="2" spawntime="60"/>
  </spawn>
  <spawn centerx="276" centery="133" centerz="2" radius="5">
    <monster name="Minotaur" x="5" y="-5" z="2" spawntime="60"/>
    <monster name="Minotaur guard" x="-3" y="-1" z="2" spawntime="60"/>
    <monster name="Minotaur" x="-1" y="-1" z="2" spawntime="60"/>
    <monster name="Minotaur mage" x="-1" y="1" z="2" spawntime="60"/>
    <monster name="Minotaur archer" x="0" y="1" z="2" spawntime="60"/>
  </spawn>
  <spawn centerx="290" centery="133" centerz="2" radius="5">
    <monster name="Minotaur" x="-2" y="-5" z="2" spawntime="60"/>
    <monster name="Minotaur guard" x="5" y="-5" z="2" spawntime="60"/>
    <monster name="Minotaur" x="-4" y="-2" z="2" spawntime="60"/>
    <monster name="Minotaur guard" x="-2" y="-2" z="2" spawntime="60"/>
    <monster name="Minotaur guard" x="4" y="-1" z="2" spawntime="60"/>
    <monster name="Minotaur" x="5" y="-1" z="2" spawntime="60"/>
    <monster name="Minotaur archer" x="-5" y="1" z="2" spawntime="60"/>
    <monster name="Minotaur archer" x="2" y="1" z="2" spawntime="60"/>
    <monster name="Minotaur mage" x="-4" y="2" z="2" spawntime="60"/>
    <monster name="Minotaur mage" x="2" y="2" z="2" spawntime="60"/>
  </spawn>
  <spawn centerx="127" centery="165" centerz="2" radius="5">
    <monster name="Shura" x="-1" y="-2" z="2" spawntime="60"/>
  </spawn>
  <spawn centerx="153" centery="244" centerz="2" radius="5">
    <monster name="Serpent Spawn" x="-3" y="-1" z="2" spawntime="60"/>
    <monster name="Serpent Spawn" x="-1" y="-1" z="2" spawntime="60"/>
    <monster name="Serpent Spawn" x="-1" y="1" z="2" spawntime="60"/>
  </spawn>
  <spawn centerx="414" centery="477" centerz="2" radius="5">
    <monster name="Sibang" x="1" y="-4" z="2" spawntime="60"/>
    <monster name="Kongra" x="3" y="-3" z="2" spawntime="60"/>
    <monster name="Sibang" x="-2" y="-2" z="2" spawntime="60"/>
    <monster name="Kongra" x="1" y="-2" z="2" spawntime="60"/>
    <monster name="Kongra" x="-1" y="-1" z="2" spawntime="60"/>
    <monster name="Kongra" x="-2" y="0" z="2" spawntime="60"/>
    <monster name="Sibang" x="1" y="0" z="2" spawntime="60"/>
    <monster name="Merlkin" x="4" y="0" z="2" spawntime="60"/>
    <monster name="Sibang" x="-2" y="2" z="2" spawntime="60"/>
    <monster name="Merlkin" x="3" y="2" z="2" spawntime="60"/>
    <monster name="Merlkin" x="-1" y="3" z="2" spawntime="60"/>
    <monster name="Merlkin" x="1" y="3" z="2" spawntime="60"/>
  </spawn>
  <spawn centerx="524" centery="851" centerz="2" radius="5">
    <monster name="Papa Piton" x="-2" y="-2" z="2" spawntime="19"/>
    <monster name="Papa Piton" x="4" y="-2" z="2" spawntime="19"/>
    <monster name="Papa Piton" x="0" y="-1" z="2" spawntime="19"/>
    <monster name="Papa Piton" x="4" y="3" z="2" spawntime="19"/>
  </spawn>
  <spawn centerx="481" centery="907" centerz="2" radius="5">
    <monster name="Papa Piton" x="4" y="-2" z="2" spawntime="19"/>
    <monster name="Papa Piton" x="3" y="0" z="2" spawntime="19"/>
    <monster name="Papa Piton" x="-2" y="1" z="2" spawntime="19"/>
  </spawn>
  <spawn centerx="283" centery="61" centerz="3" radius="5">
    <monster name="Dwarf Guard" x="4" y="-1" z="3" spawntime="60"/>
    <monster name="Dwarf Soldier" x="1" y="1" z="3" spawntime="60"/>
    <monster name="Dwarf Guard" x="-3" y="3" z="3" spawntime="60"/>
    <monster name="Dwarf Soldier" x="-4" y="4" z="3" spawntime="60"/>
  </spawn>
  <spawn centerx="266" centery="62" centerz="3" radius="5">
    <monster name="Dwarf Guard" x="-3" y="-1" z="3" spawntime="60"/>
    <monster name="Dwarf Soldier" x="-4" y="2" z="3" spawntime="60"/>
    <monster name="Dwarf Soldier" x="0" y="4" z="3" spawntime="60"/>
    <monster name="Dwarf Guard" x="3" y="4" z="3" spawntime="60"/>
  </spawn>
  <spawn centerx="312" centery="66" centerz="3" radius="5">
    <monster name="Dwarf Soldier" x="0" y="-2" z="3" spawntime="60"/>
    <monster name="Dwarf Guard" x="-5" y="2" z="3" spawntime="60"/>
  </spawn>
  <spawn centerx="295" centery="67" centerz="3" radius="5">
    <monster name="Dwarf Soldier" x="-1" y="-4" z="3" spawntime="60"/>
    <monster name="Dwarf Guard" x="-1" y="-3" z="3" spawntime="60"/>
    <monster name="Dwarf Soldier" x="2" y="2" z="3" spawntime="60"/>
    <monster name="Dwarf Guard" x="4" y="4" z="3" spawntime="60"/>
  </spawn>
  <spawn centerx="275" centery="76" centerz="3" radius="5">
    <monster name="Dwarf Soldier" x="-4" y="-1" z="3" spawntime="60"/>
    <monster name="Dwarf Guard" x="3" y="0" z="3" spawntime="60"/>
    <monster name="Dwarf Guard" x="-3" y="2" z="3" spawntime="60"/>
    <monster name="Dwarf Soldier" x="-1" y="2" z="3" spawntime="60"/>
  </spawn>
  <spawn centerx="258" centery="77" centerz="3" radius="5">
    <monster name="Dwarf Guard" x="1" y="-2" z="3" spawntime="60"/>
    <monster name="Dwarf Soldier" x="2" y="-2" z="3" spawntime="60"/>
    <monster name="Dwarf Guard" x="0" y="3" z="3" spawntime="60"/>
    <monster name="Dwarf Soldier" x="-1" y="4" z="3" spawntime="60"/>
  </spawn>
  <spawn centerx="315" centery="81" centerz="3" radius="5">
    <monster name="Dwarf Soldier" x="-3" y="-3" z="3" spawntime="60"/>
    <monster name="Dwarf Guard" x="-2" y="-2" z="3" spawntime="60"/>
    <monster name="Dwarf Soldier" x="1" y="3" z="3" spawntime="60"/>
    <monster name="Dwarf Guard" x="0" y="4" z="3" spawntime="60"/>
  </spawn>
  <spawn centerx="302" centery="83" centerz="3" radius="5">
    <monster name="Dwarf Guard" x="3" y="-4" z="3" spawntime="60"/>
    <monster name="Dwarf Soldier" x="1" y="-1" z="3" spawntime="60"/>
    <monster name="Dwarf Guard" x="0" y="2" z="3" spawntime="60"/>
    <monster name="Dwarf Soldier" x="0" y="4" z="3" spawntime="60"/>
  </spawn>
  <spawn centerx="287" centery="92" centerz="3" radius="5">
    <monster name="Dwarf Soldier" x="2" y="0" z="3" spawntime="60"/>
    <monster name="Dwarf Guard" x="-4" y="1" z="3" spawntime="60"/>
    <monster name="Dwarf Guard" x="2" y="3" z="3" spawntime="60"/>
    <monster name="Dwarf Soldier" x="-3" y="4" z="3" spawntime="60"/>
  </spawn>
  <spawn centerx="316" centery="93" centerz="3" radius="5">
    <monster name="Dwarf Soldier" x="-3" y="-3" z="3" spawntime="60"/>
    <monster name="Dwarf Soldier" x="-2" y="-3" z="3" spawntime="60"/>
    <monster name="Dwarf Soldier" x="-1" y="-3" z="3" spawntime="60"/>
    <monster name="Dwarf Soldier" x="0" y="-3" z="3" spawntime="60"/>
    <monster name="Dwarf Geomancer" x="-4" y="-2" z="3" spawntime="60"/>
    <monster name="Dwarf Guard" x="-1" y="-2" z="3" spawntime="60"/>
    <monster name="Dwarf Geomancer" x="2" y="-2" z="3" spawntime="60"/>
  </spawn>
  <spawn centerx="263" centery="96" centerz="3" radius="5">
    <monster name="Dwarf Guard" x="0" y="-5" z="3" spawntime="60"/>
    <monster name="Dwarf Soldier" x="-4" y="-2" z="3" spawntime="60"/>
    <monster name="Dwarf Guard" x="-3" y="0" z="3" spawntime="60"/>
    <monster name="Dwarf Soldier" x="3" y="2" z="3" spawntime="60"/>
    <monster name="Dwarf Guard" x="2" y="4" z="3" spawntime="60"/>
  </spawn>
  <spawn centerx="301" centery="98" centerz="3" radius="5">
    <monster name="Dwarf Guard" x="1" y="-5" z="3" spawntime="60"/>
    <monster name="Dwarf Soldier" x="1" y="-1" z="3" spawntime="60"/>
    <monster name="Dwarf Guard" x="0" y="2" z="3" spawntime="60"/>
    <monster name="Dwarf Soldier" x="-1" y="3" z="3" spawntime="60"/>
  </spawn>
  <spawn centerx="303" centery="110" centerz="3" radius="5">
    <monster name="Dwarf Guard" x="0" y="-3" z="3" spawntime="60"/>
    <monster name="Dwarf Soldier" x="-1" y="-1" z="3" spawntime="60"/>
    <monster name="Dwarf Soldier" x="-1" y="4" z="3" spawntime="60"/>
    <monster name="Dwarf Guard" x="-3" y="5" z="3" spawntime="60"/>
  </spawn>
  <spawn centerx="289" centery="113" centerz="3" radius="5">
    <monster name="Dwarf Soldier" x="1" y="-5" z="3" spawntime="60"/>
    <monster name="Dwarf Guard" x="0" y="-3" z="3" spawntime="60"/>
    <monster name="Dwarf Soldier" x="0" y="1" z="3" spawntime="60"/>
    <monster name="Dwarf Guard" x="2" y="3" z="3" spawntime="60"/>
  </spawn>
  <spawn centerx="151" centery="243" centerz="3" radius="5">
    <monster name="Serpent Spawn" x="0" y="-1" z="3" spawntime="60"/>
    <monster name="Serpent Spawn" x="1" y="2" z="3" spawntime="60"/>
  </spawn>
  <spawn centerx="528" centery="347" centerz="3" radius="5">
    <monster name="Training Monk" x="-4" y="-5" z="3" spawntime="60"/>
    <monster name="Training Monk" x="-2" y="-5" z="3" spawntime="60"/>
    <monster name="Training Monk" x="0" y="-5" z="3" spawntime="60"/>
    <monster name="Training Monk" x="2" y="-5" z="3" spawntime="60"/>
    <monster name="Training Monk" x="4" y="-5" z="3" spawntime="60"/>
    <monster name="Training Monk" x="-4" y="5" z="3" spawntime="60"/>
    <monster name="Training Monk" x="-2" y="5" z="3" spawntime="60"/>
    <monster name="Training Monk" x="0" y="5" z="3" spawntime="60"/>
    <monster name="Training Monk" x="2" y="5" z="3" spawntime="60"/>
    <monster name="Training Monk" x="4" y="5" z="3" spawntime="60"/>
  </spawn>
  <spawn centerx="535" centery="347" centerz="3" radius="5">
    <monster name="Training Monk" x="-1" y="-5" z="3" spawntime="60"/>
    <monster name="Training Monk" x="1" y="-5" z="3" spawntime="60"/>
    <monster name="Training Monk" x="3" y="-5" z="3" spawntime="60"/>
    <monster name="Training Monk" x="5" y="-5" z="3" spawntime="60"/>
    <monster name="Training Monk" x="-1" y="5" z="3" spawntime="60"/>
    <monster name="Training Monk" x="1" y="5" z="3" spawntime="60"/>
    <monster name="Training Monk" x="3" y="5" z="3" spawntime="60"/>
    <monster name="Training Monk" x="5" y="5" z="3" spawntime="60"/>
  </spawn>
  <spawn centerx="543" centery="347" centerz="3" radius="5">
    <monster name="Training Monk" x="-1" y="-5" z="3" spawntime="60"/>
    <monster name="Training Monk" x="1" y="-5" z="3" spawntime="60"/>
    <monster name="Training Monk" x="3" y="-5" z="3" spawntime="60"/>
    <monster name="Training Monk" x="5" y="-5" z="3" spawntime="60"/>
    <monster name="Training Monk" x="-1" y="5" z="3" spawntime="60"/>
    <monster name="Training Monk" x="1" y="5" z="3" spawntime="60"/>
    <monster name="Training Monk" x="3" y="5" z="3" spawntime="60"/>
    <monster name="Training Monk" x="5" y="5" z="3" spawntime="60"/>
  </spawn>
  <spawn centerx="551" centery="347" centerz="3" radius="5">
    <monster name="Training Monk" x="-1" y="-5" z="3" spawntime="60"/>
    <monster name="Training Monk" x="1" y="-5" z="3" spawntime="60"/>
    <monster name="Training Monk" x="3" y="-5" z="3" spawntime="60"/>
    <monster name="Training Monk" x="5" y="-5" z="3" spawntime="60"/>
    <monster name="Training Monk" x="-1" y="5" z="3" spawntime="60"/>
    <monster name="Training Monk" x="1" y="5" z="3" spawntime="60"/>
    <monster name="Training Monk" x="3" y="5" z="3" spawntime="60"/>
    <monster name="Training Monk" x="5" y="5" z="3" spawntime="60"/>
  </spawn>
  <spawn centerx="557" centery="347" centerz="3" radius="5">
    <monster name="Training Monk" x="1" y="5" z="3" spawntime="60"/>
  </spawn>
  <spawn centerx="355" centery="376" centerz="3" radius="5">
    <monster name="Lizard Sentinel" x="0" y="-4" z="3" spawntime="60"/>
    <monster name="Lizard Snakecharmer" x="-2" y="-3" z="3" spawntime="60"/>
    <monster name="Lizard Sentinel" x="0" y="-2" z="3" spawntime="60"/>
    <monster name="Lizard Sentinel" x="-3" y="-1" z="3" spawntime="60"/>
    <monster name="Lizard Templar" x="-1" y="-1" z="3" spawntime="60"/>
    <monster name="Lizard Sentinel" x="1" y="-1" z="3" spawntime="60"/>
    <monster name="Lizard Sentinel" x="-2" y="3" z="3" spawntime="60"/>
    <monster name="Lizard Snakecharmer" x="0" y="3" z="3" spawntime="60"/>
    <monster name="Lizard Templar" x="1" y="3" z="3" spawntime="60"/>
    <monster name="Lizard Templar" x="-2" y="4" z="3" spawntime="60"/>
  </spawn>
  <spawn centerx="371" centery="392" centerz="3" radius="5">
    <monster name="Lizard Sentinel" x="-1" y="-2" z="3" spawntime="60"/>
    <monster name="Lizard Sentinel" x="1" y="-1" z="3" spawntime="60"/>
    <monster name="Lizard Sentinel" x="-1" y="3" z="3" spawntime="60"/>
    <monster name="Lizard Templar" x="-1" y="4" z="3" spawntime="60"/>
    <monster name="Lizard Templar" x="5" y="4" z="3" spawntime="60"/>
    <monster name="Lizard Sentinel" x="1" y="5" z="3" spawntime="60"/>
    <monster name="Lizard Snakecharmer" x="2" y="5" z="3" spawntime="60"/>
  </spawn>
  <spawn centerx="483" centery="398" centerz="3" radius="5">
    <monster name="Kongra" x="1" y="-3" z="3" spawntime="60"/>
    <monster name="Kongra" x="-4" y="1" z="3" spawntime="60"/>
    <monster name="Merlkin" x="-3" y="2" z="3" spawntime="60"/>
    <monster name="Kongra" x="5" y="5" z="3" spawntime="60"/>
  </spawn>
  <spawn centerx="428" centery="399" centerz="3" radius="5">
    <monster name="Lizard Snakecharmer" x="-2" y="-1" z="3" spawntime="60"/>
    <monster name="Lizard Templar" x="1" y="-1" z="3" spawntime="60"/>
    <monster name="Lizard Snakecharmer" x="3" y="-1" z="3" spawntime="60"/>
    <monster name="Lizard Sentinel" x="-3" y="0" z="3" spawntime="60"/>
    <monster name="Lizard Snakecharmer" x="-3" y="1" z="3" spawntime="60"/>
    <monster name="Lizard Templar" x="-1" y="1" z="3" spawntime="60"/>
    <monster name="Lizard Sentinel" x="1" y="1" z="3" spawntime="60"/>
    <monster name="Lizard Snakecharmer" x="4" y="1" z="3" spawntime="60"/>
  </spawn>
  <spawn centerx="371" centery="401" centerz="3" radius="5">
    <monster name="Lizard Snakecharmer" x="5" y="-2" z="3" spawntime="60"/>
    <monster name="Lizard Sentinel" x="-2" y="-1" z="3" spawntime="60"/>
    <monster name="Lizard Templar" x="0" y="-1" z="3" spawntime="60"/>
    <monster name="Lizard Snakecharmer" x="1" y="0" z="3" spawntime="60"/>
    <monster name="Lizard Sentinel" x="2" y="0" z="3" spawntime="60"/>
    <monster name="Lizard Templar" x="5" y="0" z="3" spawntime="60"/>
    <monster name="Lizard Templar" x="-1" y="4" z="3" spawntime="60"/>
    <monster name="Lizard Sentinel" x="1" y="4" z="3" spawntime="60"/>
    <monster name="Lizard Sentinel" x="-2" y="5" z="3" spawntime="60"/>
    <monster name="Lizard Snakecharmer" x="1" y="5" z="3" spawntime="60"/>
    <monster name="Lizard Templar" x="5" y="5" z="3" spawntime="60"/>
  </spawn>
  <spawn centerx="474" centery="403" centerz="3" radius="5">
    <monster name="Sibang" x="3" y="-4" z="3" spawntime="60"/>
    <monster name="Kongra" x="-4" y="-2" z="3" spawntime="60"/>
    <monster name="Sibang" x="-5" y="4" z="3" spawntime="60"/>
    <monster name="Kongra" x="3" y="4" z="3" spawntime="60"/>
  </spawn>
  <spawn centerx="371" centery="410" centerz="3" radius="5">
    <monster name="Lizard Sentinel" x="-2" y="0" z="3" spawntime="60"/>
    <monster name="Lizard Snakecharmer" x="2" y="0" z="3" spawntime="60"/>
    <monster name="Lizard Templar" x="0" y="1" z="3" spawntime="60"/>
    <monster name="Lizard Templar" x="5" y="1" z="3" spawntime="60"/>
    <monster name="Lizard Sentinel" x="2" y="2" z="3" spawntime="60"/>
  </spawn>
  <spawn centerx="488" centery="410" centerz="3" radius="5">
    <monster name="Sibang" x="2" y="-5" z="3" spawntime="60"/>
    <monster name="Kongra" x="0" y="-2" z="3" spawntime="60"/>
    <monster name="Kongra" x="0" y="5" z="3" spawntime="60"/>
  </spawn>
  <spawn centerx="467" centery="411" centerz="3" radius="5">
    <monster name="Kongra" x="-1" y="-5" z="3" spawntime="60"/>
    <monster name="Merlkin" x="-1" y="0" z="3" spawntime="60"/>
    <monster name="Kongra" x="-1" y="2" z="3" spawntime="60"/>
  </spawn>
  <spawn centerx="478" centery="411" centerz="3" radius="5">
    <monster name="Sibang" x="4" y="0" z="3" spawntime="60"/>
    <monster name="Kongra" x="-2" y="1" z="3" spawntime="60"/>
  </spawn>
  <spawn centerx="412" centery="418" centerz="3" radius="5">
    <monster name="Lizard Sentinel" x="1" y="1" z="3" spawntime="60"/>
    <monster name="Lizard Templar" x="3" y="1" z="3" spawntime="60"/>
    <monster name="Lizard Templar" x="-5" y="2" z="3" spawntime="60"/>
    <monster name="Lizard Sentinel" x="-5" y="4" z="3" spawntime="60"/>
  </spawn>
  <spawn centerx="487" centery="419" centerz="3" radius="5">
    <monster name="Kongra" x="-5" y="0" z="3" spawntime="60"/>
    <monster name="Merlkin" x="3" y="0" z="3" spawntime="60"/>
    <monster name="Sibang" x="1" y="5" z="3" spawntime="60"/>
  </spawn>
  <spawn centerx="476" centery="421" centerz="3" radius="5">
    <monster name="Kongra" x="-4" y="-4" z="3" spawntime="60"/>
    <monster name="Sibang" x="-1" y="-1" z="3" spawntime="60"/>
    <monster name="Kongra" x="1" y="4" z="3" spawntime="60"/>
  </spawn>
  <spawn centerx="406" centery="430" centerz="3" radius="5">
    <monster name="Lizard Templar" x="-1" y="-4" z="3" spawntime="60"/>
    <monster name="Lizard Sentinel" x="-1" y="0" z="3" spawntime="60"/>
    <monster name="Lizard Templar" x="0" y="3" z="3" spawntime="60"/>
    <monster name="Lizard Sentinel" x="-1" y="5" z="3" spawntime="60"/>
    <monster name="Lizard Snakecharmer" x="0" y="5" z="3" spawntime="60"/>
  </spawn>
  <spawn centerx="482" centery="430" centerz="3" radius="5">
    <monster name="Merlkin" x="-2" y="-1" z="3" spawntime="60"/>
    <monster name="Kongra" x="1" y="1" z="3" spawntime="60"/>
  </spawn>
  <spawn centerx="371" centery="451" centerz="3" radius="5">
    <monster name="Kongra" x="-4" y="0" z="3" spawntime="60"/>
    <monster name="Merlkin" x="-2" y="2" z="3" spawntime="60"/>
    <monster name="Sibang" x="3" y="2" z="3" spawntime="60"/>
    <monster name="Sibang" x="-2" y="4" z="3" spawntime="60"/>
    <monster name="Kongra" x="2" y="5" z="3" spawntime="60"/>
  </spawn>
  <spawn centerx="371" centery="462" centerz="3" radius="5">
    <monster name="Kongra" x="-4" y="-2" z="3" spawntime="60"/>
    <monster name="Sibang" x="-2" y="-1" z="3" spawntime="60"/>
    <monster name="Merlkin" x="-1" y="-1" z="3" spawntime="60"/>
  </spawn>
  <spawn centerx="706" centery="462" centerz="3" radius="3">
    <monster name="Itachi" x="-2" y="-3" z="3" spawntime="60"/>
    <monster name="Itachi" x="0" y="-2" z="3" spawntime="60"/>
    <monster name="Itachi" x="-3" y="-1" z="3" spawntime="60"/>
    <monster name="Itachi" x="2" y="0" z="3" spawntime="60"/>
    <monster name="Itachi" x="-3" y="1" z="3" spawntime="60"/>
    <monster name="Itachi" x="-1" y="2" z="3" spawntime="60"/>
  </spawn>
  <spawn centerx="406" centery="470" centerz="3" radius="5">
    <monster name="Merlkin" x="5" y="-3" z="3" spawntime="60"/>
    <monster name="Kongra" x="2" y="-1" z="3" spawntime="60"/>
    <monster name="Sibang" x="-2" y="0" z="3" spawntime="60"/>
    <monster name="Merlkin" x="-3" y="5" z="3" spawntime="60"/>
    <monster name="Kongra" x="-1" y="5" z="3" spawntime="60"/>
  </spawn>
  <spawn centerx="414" centery="475" centerz="3" radius="5">
    <monster name="Sibang" x="1" y="-5" z="3" spawntime="60"/>
    <monster name="Kongra" x="3" y="-5" z="3" spawntime="60"/>
    <monster name="Kongra" x="-1" y="1" z="3" spawntime="60"/>
    <monster name="Sibang" x="-1" y="2" z="3" spawntime="60"/>
  </spawn>
  <spawn centerx="750" centery="475" centerz="3" radius="4">
    <monster name="Itachi" x="0" y="-3" z="3" spawntime="60"/>
    <monster name="Itachi" x="-3" y="-2" z="3" spawntime="60"/>
    <monster name="Itachi" x="-4" y="0" z="3" spawntime="60"/>
    <monster name="Itachi" x="3" y="0" z="3" spawntime="60"/>
    <monster name="Itachi" x="-2" y="2" z="3" spawntime="60"/>
    <monster name="Itachi" x="1" y="3" z="3" spawntime="60"/>
  </spawn>
  <spawn centerx="742" centery="494" centerz="3" radius="5">
    <monster name="Itachi" x="-3" y="-1" z="3" spawntime="60"/>
    <monster name="Itachi" x="-1" y="-1" z="3" spawntime="60"/>
    <monster name="Itachi" x="-2" y="1" z="3" spawntime="60"/>
  </spawn>
  <spawn centerx="524" centery="850" centerz="3" radius="5">
    <monster name="Papa Piton" x="2" y="-3" z="3" spawntime="19"/>
    <monster name="Papa Piton" x="-3" y="-2" z="3" spawntime="19"/>
    <monster name="Papa Piton" x="2" y="2" z="3" spawntime="19"/>
  </spawn>
  <spawn centerx="482" centery="907" centerz="3" radius="5">
    <monster name="Papa Piton" x="-1" y="-3" z="3" spawntime="19"/>
    <monster name="Papa Piton" x="4" y="-3" z="3" spawntime="19"/>
    <monster name="Papa Piton" x="-3" y="2" z="3" spawntime="19"/>
    <monster name="Papa Piton" x="3" y="3" z="3" spawntime="19"/>
  </spawn>
  <spawn centerx="117" centery="51" centerz="4" radius="5"/>
  <spawn centerx="117" centery="53" centerz="4" radius="5"/>
  <spawn centerx="117" centery="55" centerz="4" radius="5"/>
  <spawn centerx="61" centery="60" centerz="4" radius="5">
    <monster name="Demon" x="-2" y="-1" z="4" spawntime="60"/>
    <monster name="Demon" x="3" y="-1" z="4" spawntime="60"/>
  </spawn>
  <spawn centerx="127" centery="103" centerz="4" radius="5">
    <monster name="Stalker" x="3" y="-5" z="4" spawntime="60"/>
    <monster name="Warlock" x="0" y="-3" z="4" spawntime="60"/>
    <monster name="Necromancer" x="-2" y="-1" z="4" spawntime="60"/>
    <monster name="Necromancer" x="1" y="-1" z="4" spawntime="60"/>
    <monster name="Stalker" x="-2" y="1" z="4" spawntime="60"/>
    <monster name="Stalker" x="3" y="1" z="4" spawntime="60"/>
  </spawn>
  <spawn centerx="123" centery="143" centerz="4" radius="5">
    <monster name="Earth Elemental" x="0" y="-1" z="4" spawntime="60"/>
    <monster name="Bog Raider" x="-1" y="1" z="4" spawntime="60"/>
  </spawn>
  <spawn centerx="139" centery="143" centerz="4" radius="5">
    <monster name="Earth Elemental" x="1" y="-1" z="4" spawntime="60"/>
    <monster name="Bog Raider" x="2" y="1" z="4" spawntime="60"/>
  </spawn>
  <spawn centerx="102" centery="162" centerz="4" radius="5">
    <monster name="Milo" x="3" y="-1" z="4" spawntime="60"/>
  </spawn>
  <spawn centerx="506" centery="186" centerz="4" radius="6"/>
  <spawn centerx="493" centery="194" centerz="4" radius="6"/>
  <spawn centerx="521" centery="195" centerz="4" radius="6">
    <monster name="Blade" x="0" y="0" z="4" spawntime="16"/>
  </spawn>
  <spawn centerx="795" centery="221" centerz="4" radius="1"/>
  <spawn centerx="797" centery="221" centerz="4" radius="1"/>
  <spawn centerx="152" centery="243" centerz="4" radius="5">
    <monster name="Serpent Spawn" x="-1" y="0" z="4" spawntime="60"/>
    <monster name="Serpent Spawn" x="0" y="2" z="4" spawntime="60"/>
  </spawn>
  <spawn centerx="528" centery="347" centerz="4" radius="5">
    <monster name="Training Monk" x="-4" y="-5" z="4" spawntime="60"/>
    <monster name="Training Monk" x="-2" y="-5" z="4" spawntime="60"/>
    <monster name="Training Monk" x="0" y="-5" z="4" spawntime="60"/>
    <monster name="Training Monk" x="2" y="-5" z="4" spawntime="60"/>
    <monster name="Training Monk" x="4" y="-5" z="4" spawntime="60"/>
    <monster name="Training Monk" x="-4" y="5" z="4" spawntime="60"/>
    <monster name="Training Monk" x="-2" y="5" z="4" spawntime="60"/>
    <monster name="Training Monk" x="0" y="5" z="4" spawntime="60"/>
    <monster name="Training Monk" x="2" y="5" z="4" spawntime="60"/>
    <monster name="Training Monk" x="4" y="5" z="4" spawntime="60"/>
  </spawn>
  <spawn centerx="535" centery="347" centerz="4" radius="5">
    <monster name="Training Monk" x="-1" y="-5" z="4" spawntime="60"/>
    <monster name="Training Monk" x="1" y="-5" z="4" spawntime="60"/>
    <monster name="Training Monk" x="3" y="-5" z="4" spawntime="60"/>
    <monster name="Training Monk" x="5" y="-5" z="4" spawntime="60"/>
    <monster name="Training Monk" x="-1" y="5" z="4" spawntime="60"/>
    <monster name="Training Monk" x="1" y="5" z="4" spawntime="60"/>
    <monster name="Training Monk" x="3" y="5" z="4" spawntime="60"/>
    <monster name="Training Monk" x="5" y="5" z="4" spawntime="60"/>
  </spawn>
  <spawn centerx="543" centery="347" centerz="4" radius="5">
    <monster name="Training Monk" x="-1" y="-5" z="4" spawntime="60"/>
    <monster name="Training Monk" x="1" y="-5" z="4" spawntime="60"/>
    <monster name="Training Monk" x="3" y="-5" z="4" spawntime="60"/>
    <monster name="Training Monk" x="5" y="-5" z="4" spawntime="60"/>
    <monster name="Training Monk" x="-1" y="5" z="4" spawntime="60"/>
    <monster name="Training Monk" x="1" y="5" z="4" spawntime="60"/>
    <monster name="Training Monk" x="3" y="5" z="4" spawntime="60"/>
    <monster name="Training Monk" x="5" y="5" z="4" spawntime="60"/>
  </spawn>
  <spawn centerx="551" centery="347" centerz="4" radius="5">
    <monster name="Training Monk" x="-1" y="-5" z="4" spawntime="60"/>
    <monster name="Training Monk" x="1" y="-5" z="4" spawntime="60"/>
    <monster name="Training Monk" x="3" y="-5" z="4" spawntime="60"/>
    <monster name="Training Monk" x="5" y="-5" z="4" spawntime="60"/>
    <monster name="Training Monk" x="-1" y="5" z="4" spawntime="60"/>
    <monster name="Training Monk" x="1" y="5" z="4" spawntime="60"/>
    <monster name="Training Monk" x="3" y="5" z="4" spawntime="60"/>
    <monster name="Training Monk" x="5" y="5" z="4" spawntime="60"/>
  </spawn>
  <spawn centerx="557" centery="347" centerz="4" radius="5">
    <monster name="Training Monk" x="1" y="5" z="4" spawntime="60"/>
  </spawn>
  <spawn centerx="367" centery="366" centerz="4" radius="5">
    <monster name="Lizard Templar" x="-4" y="0" z="4" spawntime="60"/>
    <monster name="Lizard Snakecharmer" x="-3" y="0" z="4" spawntime="60"/>
    <monster name="Lizard Sentinel" x="-1" y="0" z="4" spawntime="60"/>
    <monster name="Lizard Templar" x="2" y="0" z="4" spawntime="60"/>
    <monster name="Lizard Sentinel" x="3" y="0" z="4" spawntime="60"/>
    <monster name="Lizard Sentinel" x="2" y="1" z="4" spawntime="60"/>
    <monster name="Lizard Templar" x="3" y="1" z="4" spawntime="60"/>
    <monster name="Lizard Sentinel" x="5" y="1" z="4" spawntime="60"/>
    <monster name="Lizard Sentinel" x="-5" y="4" z="4" spawntime="60"/>
    <monster name="Lizard Templar" x="0" y="5" z="4" spawntime="60"/>
  </spawn>
  <spawn centerx="375" centery="371" centerz="4" radius="5">
    <monster name="Lizard Templar" x="3" y="0" z="4" spawntime="60"/>
    <monster name="Lizard Templar" x="-1" y="4" z="4" spawntime="60"/>
  </spawn>
  <spawn centerx="355" centery="375" centerz="4" radius="5">
    <monster name="Lizard Snakecharmer" x="-1" y="-2" z="4" spawntime="60"/>
    <monster name="Lizard Sentinel" x="1" y="-2" z="4" spawntime="60"/>
    <monster name="Lizard Templar" x="5" y="-2" z="4" spawntime="60"/>
    <monster name="Lizard Sentinel" x="1" y="0" z="4" spawntime="60"/>
    <monster name="Lizard Templar" x="1" y="3" z="4" spawntime="60"/>
  </spawn>
  <spawn centerx="365" centery="375" centerz="4" radius="5">
    <monster name="Lizard Sentinel" x="-4" y="2" z="4" spawntime="60"/>
  </spawn>
  <spawn centerx="391" centery="379" centerz="4" radius="5">
    <monster name="Lizard Sentinel" x="4" y="-2" z="4" spawntime="60"/>
    <monster name="Lizard Templar" x="3" y="0" z="4" spawntime="60"/>
    <monster name="Lizard Templar" x="5" y="0" z="4" spawntime="60"/>
    <monster name="Lizard Templar" x="-1" y="2" z="4" spawntime="60"/>
    <monster name="Lizard Sentinel" x="-2" y="5" z="4" spawntime="60"/>
  </spawn>
  <spawn centerx="382" centery="380" centerz="4" radius="5">
    <monster name="Lizard Snakecharmer" x="-5" y="-1" z="4" spawntime="60"/>
    <monster name="Lizard Templar" x="-2" y="-1" z="4" spawntime="60"/>
    <monster name="Lizard Snakecharmer" x="1" y="-1" z="4" spawntime="60"/>
    <monster name="Lizard Snakecharmer" x="3" y="-1" z="4" spawntime="60"/>
    <monster name="Lizard Snakecharmer" x="1" y="0" z="4" spawntime="60"/>
    <monster name="Lizard Sentinel" x="-4" y="5" z="4" spawntime="60"/>
    <monster name="Lizard Templar" x="1" y="5" z="4" spawntime="60"/>
  </spawn>
  <spawn centerx="401" centery="380" centerz="4" radius="5">
    <monster name="Lizard Templar" x="1" y="3" z="4" spawntime="60"/>
    <monster name="Lizard Sentinel" x="3" y="5" z="4" spawntime="60"/>
  </spawn>
  <spawn centerx="374" centery="382" centerz="4" radius="5">
    <monster name="Lizard Sentinel" x="0" y="-4" z="4" spawntime="60"/>
    <monster name="Lizard Snakecharmer" x="-3" y="-3" z="4" spawntime="60"/>
    <monster name="Lizard Templar" x="-1" y="2" z="4" spawntime="60"/>
  </spawn>
  <spawn centerx="361" centery="384" centerz="4" radius="5">
    <monster name="Lizard Templar" x="2" y="-3" z="4" spawntime="60"/>
    <monster name="Lizard Sentinel" x="-1" y="0" z="4" spawntime="60"/>
    <monster name="Lizard Templar" x="-4" y="3" z="4" spawntime="60"/>
  </spawn>
  <spawn centerx="413" centery="385" centerz="4" radius="5">
    <monster name="Lizard Snakecharmer" x="-1" y="-5" z="4" spawntime="60"/>
    <monster name="Lizard Templar" x="-3" y="-4" z="4" spawntime="60"/>
    <monster name="Lizard Sentinel" x="-2" y="-4" z="4" spawntime="60"/>
    <monster name="Lizard Templar" x="-2" y="0" z="4" spawntime="60"/>
    <monster name="Lizard Sentinel" x="-2" y="2" z="4" spawntime="60"/>
    <monster name="Lizard Snakecharmer" x="-1" y="2" z="4" spawntime="60"/>
  </spawn>
  <spawn centerx="391" centery="387" centerz="4" radius="5">
    <monster name="Lizard Templar" x="3" y="0" z="4" spawntime="60"/>
    <monster name="Lizard Sentinel" x="5" y="1" z="4" spawntime="60"/>
    <monster name="Lizard Snakecharmer" x="0" y="3" z="4" spawntime="60"/>
  </spawn>
  <spawn centerx="383" centery="388" centerz="4" radius="5">
    <monster name="Lizard Templar" x="1" y="2" z="4" spawntime="60"/>
    <monster name="Lizard Snakecharmer" x="-1" y="3" z="4" spawntime="60"/>
    <monster name="Lizard Sentinel" x="2" y="4" z="4" spawntime="60"/>
  </spawn>
  <spawn centerx="373" centery="391" centerz="4" radius="5">
    <monster name="Lizard Snakecharmer" x="-2" y="-1" z="4" spawntime="60"/>
    <monster name="Lizard Templar" x="-4" y="0" z="4" spawntime="60"/>
    <monster name="Lizard Templar" x="4" y="0" z="4" spawntime="60"/>
    <monster name="Lizard Sentinel" x="-2" y="1" z="4" spawntime="60"/>
    <monster name="Lizard Sentinel" x="3" y="2" z="4" spawntime="60"/>
    <monster name="Lizard Templar" x="-3" y="4" z="4" spawntime="60"/>
    <monster name="Lizard Sentinel" x="-2" y="4" z="4" spawntime="60"/>
    <monster name="Lizard Snakecharmer" x="0" y="4" z="4" spawntime="60"/>
  </spawn>
  <spawn centerx="401" centery="393" centerz="4" radius="5">
    <monster name="Lizard Snakecharmer" x="-3" y="-3" z="4" spawntime="60"/>
    <monster name="Lizard Templar" x="1" y="-2" z="4" spawntime="60"/>
    <monster name="Lizard Templar" x="-5" y="4" z="4" spawntime="60"/>
  </spawn>
  <spawn centerx="411" centery="395" centerz="4" radius="5">
    <monster name="Lizard Templar" x="5" y="-3" z="4" spawntime="60"/>
    <monster name="Lizard Sentinel" x="-4" y="-1" z="4" spawntime="60"/>
  </spawn>
  <spawn centerx="383" centery="398" centerz="4" radius="5">
    <monster name="Lizard Snakecharmer" x="-1" y="-3" z="4" spawntime="60"/>
    <monster name="Lizard Templar" x="0" y="-2" z="4" spawntime="60"/>
    <monster name="Lizard Sentinel" x="2" y="-2" z="4" spawntime="60"/>
    <monster name="Lizard Templar" x="0" y="2" z="4" spawntime="60"/>
    <monster name="Lizard Snakecharmer" x="-3" y="3" z="4" spawntime="60"/>
    <monster name="Lizard Sentinel" x="0" y="3" z="4" spawntime="60"/>
  </spawn>
  <spawn centerx="478" centery="398" centerz="4" radius="5">
    <monster name="Kongra" x="3" y="-2" z="4" spawntime="60"/>
    <monster name="Sibang" x="-1" y="2" z="4" spawntime="60"/>
  </spawn>
  <spawn centerx="394" centery="400" centerz="4" radius="5">
    <monster name="Lizard Snakecharmer" x="-3" y="-1" z="4" spawntime="60"/>
    <monster name="Lizard Sentinel" x="5" y="-1" z="4" spawntime="60"/>
    <monster name="Lizard Templar" x="-3" y="0" z="4" spawntime="60"/>
    <monster name="Lizard Templar" x="4" y="4" z="4" spawntime="60"/>
  </spawn>
  <spawn centerx="371" centery="403" centerz="4" radius="5">
    <monster name="Lizard Sentinel" x="-2" y="-3" z="4" spawntime="60"/>
    <monster name="Lizard Sentinel" x="-5" y="-2" z="4" spawntime="60"/>
    <monster name="Lizard Templar" x="-1" y="-2" z="4" spawntime="60"/>
    <monster name="Lizard Snakecharmer" x="1" y="-2" z="4" spawntime="60"/>
    <monster name="Lizard Sentinel" x="5" y="-1" z="4" spawntime="60"/>
    <monster name="Lizard Templar" x="-5" y="1" z="4" spawntime="60"/>
    <monster name="Lizard Sentinel" x="-1" y="1" z="4" spawntime="60"/>
    <monster name="Lizard Templar" x="2" y="2" z="4" spawntime="60"/>
    <monster name="Lizard Snakecharmer" x="1" y="3" z="4" spawntime="60"/>
    <monster name="Lizard Templar" x="-5" y="4" z="4" spawntime="60"/>
  </spawn>
  <spawn centerx="415" centery="406" centerz="4" radius="5">
    <monster name="Lizard Snakecharmer" x="-1" y="-4" z="4" spawntime="60"/>
    <monster name="Lizard Sentinel" x="-3" y="-3" z="4" spawntime="60"/>
    <monster name="Lizard Templar" x="0" y="-2" z="4" spawntime="60"/>
    <monster name="Lizard Snakecharmer" x="-1" y="3" z="4" spawntime="60"/>
    <monster name="Lizard Sentinel" x="1" y="3" z="4" spawntime="60"/>
    <monster name="Lizard Templar" x="2" y="4" z="4" spawntime="60"/>
  </spawn>
  <spawn centerx="469" centery="406" centerz="4" radius="5">
    <monster name="Kongra" x="3" y="-3" z="4" spawntime="60"/>
    <monster name="Sibang" x="-2" y="2" z="4" spawntime="60"/>
    <monster name="Merlkin" x="-3" y="5" z="4" spawntime="60"/>
    <monster name="Kongra" x="-1" y="5" z="4" spawntime="60"/>
  </spawn>
  <spawn centerx="405" centery="407" centerz="4" radius="5">
    <monster name="Lizard Templar" x="-2" y="-5" z="4" spawntime="60"/>
    <monster name="Lizard Sentinel" x="1" y="-1" z="4" spawntime="60"/>
    <monster name="Lizard Templar" x="2" y="4" z="4" spawntime="60"/>
  </spawn>
  <spawn centerx="486" centery="408" centerz="4" radius="5">
    <monster name="Kongra" x="-3" y="-4" z="4" spawntime="60"/>
    <monster name="Kongra" x="3" y="1" z="4" spawntime="60"/>
    <monster name="Sibang" x="-2" y="3" z="4" spawntime="60"/>
  </spawn>
  <spawn centerx="383" centery="409" centerz="4" radius="5">
    <monster name="Lizard Templar" x="-2" y="-4" z="4" spawntime="60"/>
    <monster name="Lizard Sentinel" x="2" y="-4" z="4" spawntime="60"/>
    <monster name="Lizard Snakecharmer" x="0" y="-3" z="4" spawntime="60"/>
    <monster name="Lizard Sentinel" x="2" y="1" z="4" spawntime="60"/>
    <monster name="Lizard Templar" x="-2" y="2" z="4" spawntime="60"/>
    <monster name="Lizard Snakecharmer" x="0" y="2" z="4" spawntime="60"/>
    <monster name="Lizard Sentinel" x="-2" y="5" z="4" spawntime="60"/>
    <monster name="Lizard Templar" x="3" y="5" z="4" spawntime="60"/>
  </spawn>
  <spawn centerx="394" centery="413" centerz="4" radius="5">
    <monster name="Lizard Sentinel" x="1" y="-3" z="4" spawntime="60"/>
    <monster name="Lizard Templar" x="-3" y="-2" z="4" spawntime="60"/>
    <monster name="Lizard Snakecharmer" x="0" y="-2" z="4" spawntime="60"/>
    <monster name="Lizard Templar" x="-4" y="3" z="4" spawntime="60"/>
    <monster name="Lizard Sentinel" x="3" y="3" z="4" spawntime="60"/>
    <monster name="Lizard Snakecharmer" x="1" y="4" z="4" spawntime="60"/>
    <monster name="Lizard Templar" x="3" y="5" z="4" spawntime="60"/>
  </spawn>
  <spawn centerx="459" centery="413" centerz="4" radius="5">
    <monster name="Kongra" x="-4" y="-2" z="4" spawntime="60"/>
    <monster name="Sibang" x="1" y="1" z="4" spawntime="60"/>
    <monster name="Kongra" x="2" y="4" z="4" spawntime="60"/>
  </spawn>
  <spawn centerx="372" centery="414" centerz="4" radius="5">
    <monster name="Lizard Sentinel" x="0" y="-5" z="4" spawntime="60"/>
    <monster name="Lizard Sentinel" x="4" y="-5" z="4" spawntime="60"/>
    <monster name="Lizard Templar" x="-2" y="-4" z="4" spawntime="60"/>
    <monster name="Lizard Snakecharmer" x="1" y="-3" z="4" spawntime="60"/>
    <monster name="Lizard Sentinel" x="2" y="0" z="4" spawntime="60"/>
    <monster name="Lizard Templar" x="4" y="2" z="4" spawntime="60"/>
  </spawn>
  <spawn centerx="446" centery="417" centerz="4" radius="5">
    <monster name="Kongra" x="2" y="-3" z="4" spawntime="60"/>
    <monster name="Merlkin" x="5" y="-2" z="4" spawntime="60"/>
    <monster name="Sibang" x="5" y="-1" z="4" spawntime="60"/>
    <monster name="Kongra" x="1" y="4" z="4" spawntime="60"/>
  </spawn>
  <spawn centerx="468" centery="417" centerz="4" radius="5">
    <monster name="Sibang" x="-3" y="-3" z="4" spawntime="60"/>
    <monster name="Kongra" x="-2" y="5" z="4" spawntime="60"/>
  </spawn>
  <spawn centerx="417" centery="418" centerz="4" radius="5">
    <monster name="Lizard Sentinel" x="-4" y="-3" z="4" spawntime="60"/>
    <monster name="Lizard Templar" x="-1" y="1" z="4" spawntime="60"/>
  </spawn>
  <spawn centerx="407" centery="419" centerz="4" radius="5">
    <monster name="Lizard Sentinel" x="-3" y="-5" z="4" spawntime="60"/>
    <monster name="Lizard Sentinel" x="-3" y="0" z="4" spawntime="60"/>
    <monster name="Lizard Templar" x="1" y="2" z="4" spawntime="60"/>
  </spawn>
  <spawn centerx="483" centery="419" centerz="4" radius="5">
    <monster name="Kongra" x="-5" y="-5" z="4" spawntime="60"/>
    <monster name="Sibang" x="-2" y="-2" z="4" spawntime="60"/>
    <monster name="Merlkin" x="5" y="-1" z="4" spawntime="60"/>
    <monster name="Kongra" x="2" y="4" z="4" spawntime="60"/>
  </spawn>
  <spawn centerx="458" centery="427" centerz="4" radius="5">
    <monster name="Kongra" x="3" y="1" z="4" spawntime="60"/>
    <monster name="Sibang" x="5" y="5" z="4" spawntime="60"/>
  </spawn>
  <spawn centerx="475" centery="427" centerz="4" radius="5">
    <monster name="Sibang" x="-1" y="-5" z="4" spawntime="60"/>
    <monster name="Kongra" x="-2" y="-2" z="4" spawntime="60"/>
    <monster name="Merlkin" x="2" y="0" z="4" spawntime="60"/>
    <monster name="Sibang" x="5" y="1" z="4" spawntime="60"/>
    <monster name="Kongra" x="5" y="3" z="4" spawntime="60"/>
  </spawn>
  <spawn centerx="441" centery="428" centerz="4" radius="5">
    <monster name="Kongra" x="0" y="-4" z="4" spawntime="60"/>
    <monster name="Kongra" x="-2" y="2" z="4" spawntime="60"/>
    <monster name="Sibang" x="-1" y="4" z="4" spawntime="60"/>
  </spawn>
  <spawn centerx="429" centery="435" centerz="4" radius="5">
    <monster name="Merlkin" x="1" y="-3" z="4" spawntime="60"/>
    <monster name="Kongra" x="5" y="-3" z="4" spawntime="60"/>
    <monster name="Kongra" x="-1" y="0" z="4" spawntime="60"/>
    <monster name="Sibang" x="3" y="1" z="4" spawntime="60"/>
  </spawn>
  <spawn centerx="455" centery="438" centerz="4" radius="5">
    <monster name="Kongra" x="3" y="-5" z="4" spawntime="60"/>
    <monster name="Merlkin" x="4" y="-2" z="4" spawntime="60"/>
    <monster name="Kongra" x="2" y="2" z="4" spawntime="60"/>
    <monster name="Kongra" x="-4" y="5" z="4" spawntime="60"/>
    <monster name="Sibang" x="2" y="5" z="4" spawntime="60"/>
  </spawn>
  <spawn centerx="418" centery="442" centerz="4" radius="5">
    <monster name="Kongra" x="4" y="-3" z="4" spawntime="60"/>
    <monster name="Sibang" x="1" y="1" z="4" spawntime="60"/>
    <monster name="Kongra" x="0" y="2" z="4" spawntime="60"/>
  </spawn>
  <spawn centerx="405" centery="443" centerz="4" radius="5">
    <monster name="Kongra" x="-1" y="-2" z="4" spawntime="60"/>
    <monster name="Kongra" x="3" y="0" z="4" spawntime="60"/>
  </spawn>
  <spawn centerx="447" centery="446" centerz="4" radius="5">
    <monster name="Sibang" x="-2" y="-3" z="4" spawntime="60"/>
    <monster name="Kongra" x="-1" y="0" z="4" spawntime="60"/>
  </spawn>
  <spawn centerx="396" centery="450" centerz="4" radius="5">
    <monster name="Kongra" x="0" y="-3" z="4" spawntime="60"/>
    <monster name="Kongra" x="2" y="0" z="4" spawntime="60"/>
  </spawn>
  <spawn centerx="384" centery="452" centerz="4" radius="5">
    <monster name="Merlkin" x="-4" y="-4" z="4" spawntime="60"/>
    <monster name="Sibang" x="4" y="-2" z="4" spawntime="60"/>
    <monster name="Kongra" x="4" y="1" z="4" spawntime="60"/>
    <monster name="Kongra" x="-3" y="3" z="4" spawntime="60"/>
  </spawn>
  <spawn centerx="436" centery="453" centerz="4" radius="5">
    <monster name="Kongra" x="-2" y="-3" z="4" spawntime="60"/>
    <monster name="Kongra" x="5" y="-1" z="4" spawntime="60"/>
    <monster name="Kongra" x="-3" y="4" z="4" spawntime="60"/>
    <monster name="Sibang" x="-1" y="5" z="4" spawntime="60"/>
  </spawn>
  <spawn centerx="424" centery="454" centerz="4" radius="5">
    <monster name="Kongra" x="-2" y="-2" z="4" spawntime="60"/>
    <monster name="Kongra" x="0" y="4" z="4" spawntime="60"/>
  </spawn>
  <spawn centerx="410" centery="455" centerz="4" radius="5">
    <monster name="Sibang" x="-3" y="-4" z="4" spawntime="60"/>
    <monster name="Kongra" x="1" y="-4" z="4" spawntime="60"/>
  </spawn>
  <spawn centerx="397" centery="460" centerz="4" radius="5">
    <monster name="Kongra" x="1" y="5" z="4" spawntime="60"/>
  </spawn>
  <spawn centerx="413" centery="462" centerz="4" radius="5">
    <monster name="Kongra" x="1" y="-1" z="4" spawntime="60"/>
  </spawn>
  <spawn centerx="706" centery="462" centerz="4" radius="3">
    <monster name="Itachi" x="0" y="-3" z="4" spawntime="60"/>
    <monster name="Itachi" x="3" y="-1" z="4" spawntime="60"/>
    <monster name="Itachi" x="-2" y="1" z="4" spawntime="60"/>
    <monster name="Itachi" x="0" y="1" z="4" spawntime="60"/>
    <monster name="Itachi" x="2" y="1" z="4" spawntime="60"/>
  </spawn>
  <spawn centerx="749" centery="462" centerz="4" radius="4">
    <monster name="Itachi" x="-1" y="-2" z="4" spawntime="60"/>
    <monster name="Itachi" x="2" y="-2" z="4" spawntime="60"/>
    <monster name="Itachi" x="-2" y="-1" z="4" spawntime="60"/>
    <monster name="Itachi" x="-1" y="1" z="4" spawntime="60"/>
    <monster name="Itachi" x="2" y="1" z="4" spawntime="60"/>
  </spawn>
  <spawn centerx="384" centery="465" centerz="4" radius="5">
    <monster name="Sibang" x="-2" y="-5" z="4" spawntime="60"/>
    <monster name="Kongra" x="-1" y="3" z="4" spawntime="60"/>
    <monster name="Merlkin" x="1" y="5" z="4" spawntime="60"/>
  </spawn>
  <spawn centerx="426" centery="466" centerz="4" radius="5">
    <monster name="Sibang" x="2" y="-2" z="4" spawntime="60"/>
    <monster name="Kongra" x="5" y="-1" z="4" spawntime="60"/>
    <monster name="Kongra" x="-2" y="2" z="4" spawntime="60"/>
  </spawn>
  <spawn centerx="405" centery="469" centerz="4" radius="5">
    <monster name="Kongra" x="-2" y="2" z="4" spawntime="60"/>
    <monster name="Sibang" x="1" y="2" z="4" spawntime="60"/>
    <monster name="Kongra" x="5" y="5" z="4" spawntime="60"/>
  </spawn>
  <spawn centerx="397" centery="471" centerz="4" radius="5">
    <monster name="Sibang" x="-3" y="0" z="4" spawntime="60"/>
    <monster name="Kongra" x="-1" y="1" z="4" spawntime="60"/>
    <monster name="Sibang" x="5" y="5" z="4" spawntime="60"/>
  </spawn>
  <spawn centerx="718" centery="471" centerz="4" radius="4">
    <monster name="Itachi" x="-2" y="-2" z="4" spawntime="60"/>
    <monster name="Itachi" x="2" y="-1" z="4" spawntime="60"/>
    <monster name="Itachi" x="-2" y="1" z="4" spawntime="60"/>
    <monster name="Itachi" x="3" y="1" z="4" spawntime="60"/>
    <monster name="Itachi" x="0" y="2" z="4" spawntime="60"/>
  </spawn>
  <spawn centerx="736" centery="471" centerz="4" radius="4">
    <monster name="Itachi" x="-1" y="-3" z="4" spawntime="60"/>
    <monster name="Itachi" x="1" y="-2" z="4" spawntime="60"/>
    <monster name="Itachi" x="3" y="-2" z="4" spawntime="60"/>
    <monster name="Itachi" x="-2" y="0" z="4" spawntime="60"/>
    <monster name="Itachi" x="1" y="1" z="4" spawntime="60"/>
  </spawn>
  <spawn centerx="706" centery="473" centerz="4" radius="3">
    <monster name="Itachi" x="-1" y="-2" z="4" spawntime="60"/>
    <monster name="Itachi" x="2" y="-2" z="4" spawntime="60"/>
    <monster name="Itachi" x="1" y="0" z="4" spawntime="60"/>
    <monster name="Itachi" x="-1" y="1" z="4" spawntime="60"/>
    <monster name="Itachi" x="1" y="1" z="4" spawntime="60"/>
  </spawn>
  <spawn centerx="750" centery="475" centerz="4" radius="4">
    <monster name="Itachi" x="-3" y="-3" z="4" spawntime="60"/>
    <monster name="Itachi" x="1" y="-3" z="4" spawntime="60"/>
    <monster name="Itachi" x="-1" y="0" z="4" spawntime="60"/>
    <monster name="Itachi" x="-3" y="1" z="4" spawntime="60"/>
    <monster name="Itachi" x="1" y="2" z="4" spawntime="60"/>
  </spawn>
  <spawn centerx="415" centery="476" centerz="4" radius="5">
    <monster name="Kongra" x="1" y="-5" z="4" spawntime="60"/>
    <monster name="Sibang" x="1" y="-2" z="4" spawntime="60"/>
    <monster name="Sibang" x="-2" y="3" z="4" spawntime="60"/>
  </spawn>
  <spawn centerx="425" centery="479" centerz="4" radius="5">
    <monster name="Kongra" x="-2" y="-3" z="4" spawntime="60"/>
    <monster name="Sibang" x="-1" y="-3" z="4" spawntime="60"/>
    <monster name="Merlkin" x="1" y="-1" z="4" spawntime="60"/>
  </spawn>
  <spawn centerx="727" centery="483" centerz="4" radius="4">
    <monster name="Itachi" x="0" y="-2" z="4" spawntime="60"/>
    <monster name="Itachi" x="-2" y="0" z="4" spawntime="60"/>
    <monster name="Itachi" x="2" y="1" z="4" spawntime="60"/>
    <monster name="Itachi" x="1" y="2" z="4" spawntime="60"/>
  </spawn>
  <spawn centerx="707" centery="485" centerz="4" radius="4">
    <monster name="Itachi" x="0" y="-2" z="4" spawntime="60"/>
    <monster name="Itachi" x="3" y="-1" z="4" spawntime="60"/>
    <monster name="Itachi" x="-2" y="1" z="4" spawntime="60"/>
    <monster name="Itachi" x="2" y="1" z="4" spawntime="60"/>
    <monster name="Itachi" x="0" y="2" z="4" spawntime="60"/>
  </spawn>
  <spawn centerx="754" centery="489" centerz="4" radius="4">
    <monster name="Itachi" x="3" y="-3" z="4" spawntime="60"/>
    <monster name="Itachi" x="-3" y="-2" z="4" spawntime="60"/>
    <monster name="Itachi" x="3" y="-1" z="4" spawntime="60"/>
    <monster name="Itachi" x="1" y="1" z="4" spawntime="60"/>
    <monster name="Itachi" x="-2" y="2" z="4" spawntime="60"/>
  </spawn>
  <spawn centerx="741" centery="494" centerz="4" radius="5">
    <monster name="Itachi" x="-2" y="-1" z="4" spawntime="60"/>
    <monster name="Itachi" x="1" y="-1" z="4" spawntime="60"/>
    <monster name="Warlock" x="0" y="0" z="4" spawntime="60"/>
  </spawn>
  <spawn centerx="709" centery="498" centerz="4" radius="4">
    <monster name="Itachi" x="0" y="-2" z="4" spawntime="60"/>
    <monster name="Itachi" x="2" y="0" z="4" spawntime="60"/>
    <monster name="Itachi" x="-1" y="1" z="4" spawntime="60"/>
    <monster name="Itachi" x="0" y="2" z="4" spawntime="60"/>
    <monster name="Itachi" x="2" y="2" z="4" spawntime="60"/>
  </spawn>
  <spawn centerx="727" centery="499" centerz="4" radius="4">
    <monster name="Itachi" x="-4" y="0" z="4" spawntime="60"/>
    <monster name="Itachi" x="-1" y="0" z="4" spawntime="60"/>
    <monster name="Itachi" x="2" y="0" z="4" spawntime="60"/>
    <monster name="Itachi" x="4" y="0" z="4" spawntime="60"/>
  </spawn>
  <spawn centerx="754" centery="502" centerz="4" radius="4">
    <monster name="Itachi" x="0" y="-4" z="4" spawntime="60"/>
    <monster name="Itachi" x="-2" y="-1" z="4" spawntime="60"/>
    <monster name="Itachi" x="2" y="1" z="4" spawntime="60"/>
    <monster name="Itachi" x="-2" y="2" z="4" spawntime="60"/>
    <monster name="Itachi" x="0" y="2" z="4" spawntime="60"/>
  </spawn>
  <spawn centerx="539" centery="783" centerz="4" radius="5">
    <monster name="Bicho" x="-2" y="-2" z="4" spawntime="19"/>
    <monster name="Bicho" x="1" y="-2" z="4" spawntime="19"/>
    <monster name="Bicho" x="-1" y="-1" z="4" spawntime="19"/>
    <monster name="Bicho" x="0" y="-1" z="4" spawntime="19"/>
    <monster name="Bicho" x="1" y="-1" z="4" spawntime="19"/>
    <monster name="Bicho" x="-2" y="0" z="4" spawntime="19"/>
    <monster name="Bicho" x="-1" y="0" z="4" spawntime="19"/>
    <monster name="Bicho" x="0" y="0" z="4" spawntime="19"/>
    <monster name="Bicho" x="1" y="0" z="4" spawntime="19"/>
  </spawn>
  <spawn centerx="524" centery="849" centerz="4" radius="5">
    <monster name="Papa Piton" x="-2" y="-1" z="4" spawntime="19"/>
    <monster name="Papa Piton" x="0" y="1" z="4" spawntime="19"/>
    <monster name="Papa Piton" x="3" y="4" z="4" spawntime="19"/>
  </spawn>
  <spawn centerx="482" centery="905" centerz="4" radius="5">
    <monster name="Papa Piton" x="2" y="-3" z="4" spawntime="19"/>
    <monster name="Papa Piton" x="4" y="1" z="4" spawntime="19"/>
    <monster name="Papa Piton" x="-3" y="2" z="4" spawntime="19"/>
  </spawn>
  <spawn centerx="482" centery="909" centerz="4" radius="5">
    <monster name="Papa Piton" x="2" y="3" z="4" spawntime="19"/>
  </spawn>
  <spawn centerx="298" centery="30" centerz="5" radius="5">
    <monster name="Orshabaal" x="1" y="-2" z="5" spawntime="60"/>
    <monster name="Orshabaal" x="-3" y="3" z="5" spawntime="60"/>
    <monster name="Orshabaal" x="3" y="5" z="5" spawntime="60"/>
  </spawn>
  <spawn centerx="293" centery="38" centerz="5" radius="5">
    <monster name="Orshabaal" x="1" y="1" z="5" spawntime="60"/>
    <monster name="Orshabaal" x="-1" y="2" z="5" spawntime="60"/>
  </spawn>
  <spawn centerx="123" centery="48" centerz="5" radius="5">
    <npc name="Paladin Seller" x="1" y="0" z="5" spawntime="60"/>
  </spawn>
  <spawn centerx="128" centery="51" centerz="5" radius="5">
    <npc name="Ring Seller" x="1" y="0" z="5" spawntime="60"/>
  </spawn>
  <spawn centerx="120" centery="55" centerz="5" radius="5">
    <npc name="Loot Buyer" x="0" y="1" z="5" spawntime="60"/>
  </spawn>
  <spawn centerx="61" centery="62" centerz="5" radius="5">
    <monster name="Warlock" x="3" y="-4" z="5" spawntime="60"/>
    <monster name="Azerus" x="1" y="-2" z="5" spawntime="60"/>
    <monster name="Azerus" x="-3" y="0" z="5" spawntime="60"/>
    <monster name="Warlock" x="0" y="0" z="5" spawntime="60"/>
    <monster name="Warlock" x="-3" y="1" z="5" spawntime="60"/>
    <monster name="Warlock" x="1" y="2" z="5" spawntime="60"/>
    <monster name="Warlock" x="3" y="2" z="5" spawntime="60"/>
  </spawn>
  <spawn centerx="115" centery="81" centerz="5" radius="5">
    <monster name="Hunter" x="-1" y="-2" z="5" spawntime="60"/>
    <monster name="Dragon Hatchling" x="1" y="0" z="5" spawntime="60"/>
    <monster name="Dragon Hatchling" x="1" y="3" z="5" spawntime="60"/>
  </spawn>
  <spawn centerx="165" centery="86" centerz="5" radius="5">
    <monster name="Valkyrie" x="-1" y="-2" z="5" spawntime="60"/>
    <monster name="Vampire" x="0" y="-1" z="5" spawntime="60"/>
    <monster name="Valkyrie" x="-1" y="1" z="5" spawntime="60"/>
  </spawn>
  <spawn centerx="129" centery="92" centerz="5" radius="5">
    <monster name="Warlock" x="0" y="2" z="5" spawntime="60"/>
  </spawn>
  <spawn centerx="77" centery="94" centerz="5" radius="5">
    <monster name="Giant Spider" x="-1" y="2" z="5" spawntime="60"/>
    <monster name="The Old Widow" x="0" y="2" z="5" spawntime="60"/>
  </spawn>
  <spawn centerx="115" centery="95" centerz="5" radius="5">
    <monster name="Dragon Hatchling" x="0" y="-3" z="5" spawntime="60"/>
    <monster name="Hunter" x="-1" y="-1" z="5" spawntime="60"/>
    <monster name="Dragon Hatchling" x="-2" y="1" z="5" spawntime="60"/>
  </spawn>
  <spawn centerx="106" centery="100" centerz="5" radius="5">
    <monster name="Dragon Hatchling" x="2" y="-1" z="5" spawntime="60"/>
    <monster name="Dragon Hatchling" x="1" y="0" z="5" spawntime="60"/>
    <monster name="Hunter" x="-3" y="2" z="5" spawntime="60"/>
    <monster name="Dragon Hatchling" x="-3" y="3" z="5" spawntime="60"/>
  </spawn>
  <spawn centerx="126" centery="103" centerz="5" radius="5">
    <monster name="Dragon Lord Hatchling" x="-3" y="-5" z="5" spawntime="60"/>
    <monster name="Wyvern" x="-1" y="-2" z="5" spawntime="60"/>
    <monster name="Wyvern" x="5" y="-2" z="5" spawntime="60"/>
    <monster name="Wyvern" x="-1" y="1" z="5" spawntime="60"/>
    <monster name="Dragon Lord Hatchling" x="5" y="2" z="5" spawntime="60"/>
    <monster name="Dragon Lord Hatchling" x="-2" y="3" z="5" spawntime="60"/>
  </spawn>
  <spawn centerx="165" centery="121" centerz="5" radius="5">
    <monster name="Behemoth" x="5" y="-5" z="5" spawntime="60"/>
    <monster name="Behemoth" x="0" y="-3" z="5" spawntime="60"/>
    <monster name="Behemoth" x="3" y="-2" z="5" spawntime="60"/>
    <monster name="Behemoth" x="5" y="-1" z="5" spawntime="60"/>
    <monster name="Behemoth" x="4" y="1" z="5" spawntime="60"/>
    <monster name="Behemoth" x="0" y="2" z="5" spawntime="60"/>
    <monster name="Behemoth" x="-4" y="3" z="5" spawntime="60"/>
  </spawn>
  <spawn centerx="156" centery="123" centerz="5" radius="5">
    <monster name="Behemoth" x="0" y="-2" z="5" spawntime="60"/>
    <monster name="Behemoth" x="3" y="-1" z="5" spawntime="60"/>
    <monster name="Behemoth" x="0" y="1" z="5" spawntime="60"/>
  </spawn>
  <spawn centerx="414" centery="123" centerz="5" radius="2">
    <npc name="Food Seller" x="0" y="1" z="5" spawntime="60"/>
  </spawn>
  <spawn centerx="415" centery="132" centerz="5" radius="5">
    <monster name="Training Monk" x="0" y="-4" z="5" spawntime="60"/>
    <monster name="Training Monk" x="0" y="-1" z="5" spawntime="60"/>
    <monster name="Training Monk" x="0" y="2" z="5" spawntime="60"/>
    <monster name="Training Monk" x="0" y="5" z="5" spawntime="60"/>
  </spawn>
  <spawn centerx="398" centery="135" centerz="5" radius="5">
    <monster name="Training Monk" x="0" y="-4" z="5" spawntime="60"/>
    <monster name="Training Monk" x="0" y="-1" z="5" spawntime="60"/>
    <monster name="Training Monk" x="0" y="2" z="5" spawntime="60"/>
    <monster name="Training Monk" x="0" y="5" z="5" spawntime="60"/>
  </spawn>
  <spawn centerx="148" centery="136" centerz="5" radius="5">
    <monster name="Orc Shaman" x="-1" y="0" z="5" spawntime="60"/>
    <monster name="Orc Leader" x="-2" y="1" z="5" spawntime="60"/>
    <monster name="Orc Shaman" x="0" y="4" z="5" spawntime="60"/>
    <monster name="Orc Leader" x="0" y="5" z="5" spawntime="60"/>
  </spawn>
  <spawn centerx="116" centery="139" centerz="5" radius="5">
    <monster name="Orc Shaman" x="0" y="-3" z="5" spawntime="60"/>
    <monster name="Orc Leader" x="2" y="-3" z="5" spawntime="60"/>
    <monster name="Orc Leader" x="0" y="2" z="5" spawntime="60"/>
    <monster name="Orc Shaman" x="0" y="4" z="5" spawntime="60"/>
    <monster name="Orc Warlord" x="5" y="5" z="5" spawntime="60"/>
  </spawn>
  <spawn centerx="124" centery="143" centerz="5" radius="5">
    <monster name="Orc Berserker" x="-2" y="-1" z="5" spawntime="60"/>
    <monster name="Orc Warlord" x="2" y="0" z="5" spawntime="60"/>
    <monster name="Orc Berserker" x="1" y="1" z="5" spawntime="60"/>
  </spawn>
  <spawn centerx="141" centery="143" centerz="5" radius="5">
    <monster name="Orc Berserker" x="-3" y="-1" z="5" spawntime="60"/>
    <monster name="Orc Warlord" x="-2" y="0" z="5" spawntime="60"/>
    <monster name="Orc Warlord" x="2" y="0" z="5" spawntime="60"/>
    <monster name="Orc Berserker" x="-1" y="2" z="5" spawntime="60"/>
  </spawn>
  <spawn centerx="398" centery="145" centerz="5" radius="5">
    <monster name="Training Monk" x="0" y="-2" z="5" spawntime="60"/>
    <monster name="Training Monk" x="0" y="1" z="5" spawntime="60"/>
    <monster name="Training Monk" x="0" y="4" z="5" spawntime="60"/>
  </spawn>
  <spawn centerx="415" centery="145" centerz="5" radius="5">
    <monster name="Training Monk" x="0" y="-5" z="5" spawntime="60"/>
    <monster name="Training Monk" x="0" y="-2" z="5" spawntime="60"/>
    <monster name="Training Monk" x="0" y="1" z="5" spawntime="60"/>
    <monster name="Training Monk" x="0" y="4" z="5" spawntime="60"/>
  </spawn>
  <spawn centerx="85" centery="149" centerz="5" radius="5">
    <monster name="Dragon Lord" x="1" y="-1" z="5" spawntime="60"/>
    <monster name="Dragon Lord" x="2" y="0" z="5" spawntime="60"/>
    <monster name="Dragon Lord" x="-1" y="2" z="5" spawntime="60"/>
  </spawn>
  <spawn centerx="116" centery="152" centerz="5" radius="5">
    <monster name="Orc Leader" x="0" y="-4" z="5" spawntime="60"/>
    <monster name="Orc Shaman" x="-1" y="-3" z="5" spawntime="60"/>
    <monster name="Orc Shaman" x="1" y="1" z="5" spawntime="60"/>
    <monster name="Orc Leader" x="2" y="3" z="5" spawntime="60"/>
  </spawn>
  <spawn centerx="148" centery="153" centerz="5" radius="5">
    <monster name="Orc Shaman" x="0" y="-5" z="5" spawntime="60"/>
    <monster name="Orc Leader" x="0" y="-3" z="5" spawntime="60"/>
    <monster name="Orc Shaman" x="-1" y="-1" z="5" spawntime="60"/>
    <monster name="Orc Leader" x="-1" y="1" z="5" spawntime="60"/>
    <monster name="Orc Shaman" x="-3" y="2" z="5" spawntime="60"/>
  </spawn>
  <spawn centerx="132" centery="155" centerz="5" radius="5">
    <monster name="Orc Shaman" x="-2" y="1" z="5" spawntime="60"/>
    <monster name="Orc Leader" x="2" y="1" z="5" spawntime="60"/>
    <monster name="Orc Shaman" x="5" y="1" z="5" spawntime="60"/>
  </spawn>
  <spawn centerx="398" centery="156" centerz="5" radius="8">
    <monster name="Training Monk" x="0" y="-4" z="5" spawntime="60"/>
    <monster name="Training Monk" x="0" y="-1" z="5" spawntime="60"/>
    <monster name="Training Monk" x="0" y="2" z="5" spawntime="60"/>
    <monster name="Training Monk" x="0" y="5" z="5" spawntime="60"/>
    <monster name="Training Monk" x="0" y="8" z="5" spawntime="60"/>
  </spawn>
  <spawn centerx="415" centery="156" centerz="5" radius="8">
    <monster name="Training Monk" x="0" y="-4" z="5" spawntime="60"/>
    <monster name="Training Monk" x="0" y="-1" z="5" spawntime="60"/>
    <monster name="Training Monk" x="0" y="2" z="5" spawntime="60"/>
    <monster name="Training Monk" x="0" y="5" z="5" spawntime="60"/>
    <monster name="Training Monk" x="0" y="8" z="5" spawntime="60"/>
  </spawn>
  <spawn centerx="205" centery="170" centerz="5" radius="5">
    <monster name="Juggernaut" x="1" y="-2" z="5" spawntime="60"/>
    <monster name="Hydra" x="0" y="2" z="5" spawntime="60"/>
    <monster name="Hydra" x="4" y="2" z="5" spawntime="60"/>
  </spawn>
  <spawn centerx="224" centery="178" centerz="5" radius="5">
    <monster name="Juggernaut" x="-1" y="0" z="5" spawntime="60"/>
  </spawn>
  <spawn centerx="516" centery="195" centerz="5" radius="6"/>
  <spawn centerx="492" centery="203" centerz="5" radius="6"/>
  <spawn centerx="505" centery="203" centerz="5" radius="6"/>
  <spawn centerx="262" centery="216" centerz="5" radius="5">
    <monster name="Morgaroth" x="-1" y="1" z="5" spawntime="60"/>
  </spawn>
  <spawn centerx="250" centery="222" centerz="5" radius="5">
    <monster name="Morgaroth" x="2" y="1" z="5" spawntime="60"/>
  </spawn>
  <spawn centerx="152" centery="243" centerz="5" radius="5">
    <monster name="Serpent Spawn" x="-1" y="0" z="5" spawntime="60"/>
    <monster name="Serpent Spawn" x="-1" y="2" z="5" spawntime="60"/>
  </spawn>
  <spawn centerx="275" centery="255" centerz="5" radius="5">
    <monster name="Ghazbaran" x="1" y="0" z="5" spawntime="60"/>
  </spawn>
  <spawn centerx="91" centery="303" centerz="5" radius="1">
    <monster name="Lord Knight" x="-1" y="0" z="5" spawntime="60"/>
  </spawn>
  <spawn centerx="75" centery="304" centerz="5" radius="1">
    <monster name="Lord Knight" x="1" y="0" z="5" spawntime="60"/>
  </spawn>
  <spawn centerx="81" centery="304" centerz="5" radius="1">
    <monster name="Lord Knight" x="0" y="0" z="5" spawntime="60"/>
  </spawn>
  <spawn centerx="85" centery="304" centerz="5" radius="1">
    <monster name="Lord Knight" x="-1" y="1" z="5" spawntime="60"/>
  </spawn>
  <spawn centerx="97" centery="304" centerz="5" radius="1">
    <monster name="Lord Knight" x="-1" y="0" z="5" spawntime="60"/>
  </spawn>
  <spawn centerx="103" centery="304" centerz="5" radius="1">
    <monster name="Lord Knight" x="-1" y="0" z="5" spawntime="60"/>
  </spawn>
  <spawn centerx="108" centery="304" centerz="5" radius="1">
    <monster name="Lord Knight" x="-1" y="0" z="5" spawntime="60"/>
  </spawn>
  <spawn centerx="56" centery="306" centerz="5" radius="5">
    <monster name="Shadow Warrior" x="5" y="-2" z="5" spawntime="60"/>
    <monster name="Shadow Warrior" x="5" y="-1" z="5" spawntime="60"/>
    <monster name="Elite Hero" x="1" y="0" z="5" spawntime="60"/>
    <monster name="Shadow Warrior" x="-3" y="1" z="5" spawntime="60"/>
    <monster name="Shadow Warrior" x="1" y="2" z="5" spawntime="60"/>
  </spawn>
  <spawn centerx="89" centery="308" centerz="5" radius="1">
    <monster name="Shadow Warrior" x="0" y="-1" z="5" spawntime="60"/>
    <monster name="Shadow Warrior" x="0" y="0" z="5" spawntime="60"/>
  </spawn>
  <spawn centerx="92" centery="311" centerz="5" radius="1">
    <monster name="Lord Knight" x="-1" y="1" z="5" spawntime="60"/>
  </spawn>
  <spawn centerx="104" centery="311" centerz="5" radius="4">
    <monster name="Shadow Warrior" x="-4" y="-2" z="5" spawntime="60"/>
    <monster name="Shadow Warrior" x="4" y="-1" z="5" spawntime="60"/>
    <monster name="Shadow Warrior" x="0" y="1" z="5" spawntime="60"/>
  </spawn>
  <spawn centerx="83" centery="312" centerz="5" radius="1">
    <monster name="Lord Knight" x="1" y="0" z="5" spawntime="60"/>
  </spawn>
  <spawn centerx="87" centery="312" centerz="5" radius="1">
    <monster name="Lord Knight" x="-1" y="0" z="5" spawntime="60"/>
  </spawn>
  <spawn centerx="77" centery="313" centerz="5" radius="3">
    <monster name="Shadow Warrior" x="-2" y="-3" z="5" spawntime="60"/>
    <monster name="Shadow Warrior" x="1" y="2" z="5" spawntime="60"/>
  </spawn>
  <spawn centerx="89" centery="317" centerz="5" radius="3">
    <monster name="Shadow Warrior" x="3" y="-1" z="5" spawntime="60"/>
    <monster name="Shadow Warrior" x="-1" y="2" z="5" spawntime="60"/>
  </spawn>
  <spawn centerx="75" centery="321" centerz="5" radius="1">
    <monster name="Lord Knight" x="0" y="1" z="5" spawntime="60"/>
  </spawn>
  <spawn centerx="83" centery="321" centerz="5" radius="1">
    <monster name="Lord Knight" x="-1" y="0" z="5" spawntime="60"/>
    <monster name="Lord Knight" x="1" y="0" z="5" spawntime="60"/>
  </spawn>
  <spawn centerx="95" centery="321" centerz="5" radius="2">
    <monster name="Lord Knight" x="0" y="-1" z="5" spawntime="60"/>
    <monster name="Lord Knight" x="-2" y="0" z="5" spawntime="60"/>
  </spawn>
  <spawn centerx="104" centery="321" centerz="5" radius="1">
    <monster name="Infernatil" x="-1" y="0" z="5" spawntime="60"/>
  </spawn>
  <spawn centerx="60" centery="328" centerz="5" radius="1">
    <monster name="Shadow Warrior" x="-1" y="0" z="5" spawntime="60"/>
    <monster name="Elite Hero" x="0" y="1" z="5" spawntime="60"/>
  </spawn>
  <spawn centerx="60" centery="331" centerz="5" radius="1">
    <monster name="Shadow Warrior" x="-1" y="1" z="5" spawntime="60"/>
    <monster name="Elite Hero" x="0" y="1" z="5" spawntime="60"/>
  </spawn>
  <spawn centerx="65" centery="333" centerz="5" radius="1">
    <monster name="Shadow Warrior" x="-1" y="1" z="5" spawntime="60"/>
    <monster name="Elite Hero" x="0" y="1" z="5" spawntime="60"/>
  </spawn>
  <spawn centerx="60" centery="334" centerz="5" radius="1">
    <monster name="Shadow Warrior" x="-1" y="1" z="5" spawntime="60"/>
    <monster name="Elite Hero" x="0" y="1" z="5" spawntime="60"/>
  </spawn>
  <spawn centerx="76" centery="335" centerz="5" radius="1">
    <monster name="Elite Hero" x="-1" y="0" z="5" spawntime="60"/>
    <monster name="Shadow Warrior" x="0" y="1" z="5" spawntime="60"/>
  </spawn>
  <spawn centerx="94" centery="335" centerz="5" radius="5">
    <monster name="Elite Hero" x="2" y="-2" z="5" spawntime="60"/>
    <monster name="Shadow Warrior" x="3" y="-2" z="5" spawntime="60"/>
    <monster name="Shadow Warrior" x="4" y="0" z="5" spawntime="60"/>
    <monster name="Shadow Warrior" x="2" y="1" z="5" spawntime="60"/>
    <monster name="Elite Hero" x="-3" y="2" z="5" spawntime="60"/>
    <monster name="Shadow Warrior" x="-2" y="2" z="5" spawntime="60"/>
    <monster name="Elite Hero" x="2" y="2" z="5" spawntime="60"/>
  </spawn>
  <spawn centerx="60" centery="337" centerz="5" radius="1">
    <monster name="Shadow Warrior" x="-1" y="0" z="5" spawntime="60"/>
    <monster name="Elite Hero" x="0" y="1" z="5" spawntime="60"/>
  </spawn>
  <spawn centerx="70" centery="337" centerz="5" radius="1">
    <monster name="Shadow Warrior" x="-1" y="0" z="5" spawntime="60"/>
    <monster name="Elite Hero" x="1" y="0" z="5" spawntime="60"/>
  </spawn>
  <spawn centerx="528" centery="347" centerz="5" radius="5">
    <monster name="Training Monk" x="-4" y="-5" z="5" spawntime="60"/>
    <monster name="Training Monk" x="-2" y="-5" z="5" spawntime="60"/>
    <monster name="Training Monk" x="0" y="-5" z="5" spawntime="60"/>
    <monster name="Training Monk" x="2" y="-5" z="5" spawntime="60"/>
    <monster name="Training Monk" x="4" y="-5" z="5" spawntime="60"/>
    <monster name="Training Monk" x="-4" y="5" z="5" spawntime="60"/>
    <monster name="Training Monk" x="-2" y="5" z="5" spawntime="60"/>
    <monster name="Training Monk" x="0" y="5" z="5" spawntime="60"/>
    <monster name="Training Monk" x="2" y="5" z="5" spawntime="60"/>
    <monster name="Training Monk" x="4" y="5" z="5" spawntime="60"/>
  </spawn>
  <spawn centerx="535" centery="347" centerz="5" radius="5">
    <monster name="Training Monk" x="-1" y="-5" z="5" spawntime="60"/>
    <monster name="Training Monk" x="1" y="-5" z="5" spawntime="60"/>
    <monster name="Training Monk" x="3" y="-5" z="5" spawntime="60"/>
    <monster name="Training Monk" x="5" y="-5" z="5" spawntime="60"/>
    <monster name="Training Monk" x="-1" y="5" z="5" spawntime="60"/>
    <monster name="Training Monk" x="1" y="5" z="5" spawntime="60"/>
    <monster name="Training Monk" x="3" y="5" z="5" spawntime="60"/>
    <monster name="Training Monk" x="5" y="5" z="5" spawntime="60"/>
  </spawn>
  <spawn centerx="543" centery="347" centerz="5" radius="5">
    <monster name="Training Monk" x="-1" y="-5" z="5" spawntime="60"/>
    <monster name="Training Monk" x="1" y="-5" z="5" spawntime="60"/>
    <monster name="Training Monk" x="3" y="-5" z="5" spawntime="60"/>
    <monster name="Training Monk" x="5" y="-5" z="5" spawntime="60"/>
    <monster name="Training Monk" x="-1" y="5" z="5" spawntime="60"/>
    <monster name="Training Monk" x="1" y="5" z="5" spawntime="60"/>
    <monster name="Training Monk" x="3" y="5" z="5" spawntime="60"/>
    <monster name="Training Monk" x="5" y="5" z="5" spawntime="60"/>
  </spawn>
  <spawn centerx="551" centery="347" centerz="5" radius="5">
    <monster name="Training Monk" x="-1" y="-5" z="5" spawntime="60"/>
    <monster name="Training Monk" x="1" y="-5" z="5" spawntime="60"/>
    <monster name="Training Monk" x="3" y="-5" z="5" spawntime="60"/>
    <monster name="Training Monk" x="5" y="-5" z="5" spawntime="60"/>
    <monster name="Training Monk" x="-1" y="5" z="5" spawntime="60"/>
    <monster name="Training Monk" x="1" y="5" z="5" spawntime="60"/>
    <monster name="Training Monk" x="3" y="5" z="5" spawntime="60"/>
    <monster name="Training Monk" x="5" y="5" z="5" spawntime="60"/>
  </spawn>
  <spawn centerx="557" centery="347" centerz="5" radius="5">
    <monster name="Training Monk" x="1" y="5" z="5" spawntime="60"/>
  </spawn>
  <spawn centerx="87" centery="406" centerz="5" radius="1">
    <monster name="Ghazbaran" x="1" y="0" z="5" spawntime="60"/>
  </spawn>
  <spawn centerx="87" centery="413" centerz="5" radius="5">
    <monster name="Morgaroth" x="0" y="-3" z="5" spawntime="60"/>
    <npc name="Paco qliao" x="2" y="1" z="5" spawntime="60"/>
  </spawn>
  <spawn centerx="75" centery="424" centerz="5" radius="2">
    <npc name="Paco qliao" x="-1" y="1" z="5" spawntime="60"/>
  </spawn>
  <spawn centerx="88" centery="430" centerz="5" radius="1">
    <monster name="Morgaroth" x="-1" y="1" z="5" spawntime="60"/>
  </spawn>
  <spawn centerx="74" centery="435" centerz="5" radius="1">
    <monster name="Morgaroth" x="1" y="1" z="5" spawntime="60"/>
  </spawn>
  <spawn centerx="99" centery="435" centerz="5" radius="1">
    <monster name="Morgaroth" x="1" y="1" z="5" spawntime="60"/>
  </spawn>
  <spawn centerx="706" centery="462" centerz="5" radius="3">
    <monster name="Itachi" x="-1" y="-2" z="5" spawntime="60"/>
    <monster name="Itachi" x="2" y="-1" z="5" spawntime="60"/>
    <monster name="Itachi" x="-3" y="1" z="5" spawntime="60"/>
    <monster name="Itachi" x="-1" y="1" z="5" spawntime="60"/>
  </spawn>
  <spawn centerx="749" centery="462" centerz="5" radius="4">
    <monster name="Itachi" x="1" y="-2" z="5" spawntime="60"/>
    <monster name="Itachi" x="3" y="-1" z="5" spawntime="60"/>
    <monster name="Itachi" x="-2" y="0" z="5" spawntime="60"/>
    <monster name="Itachi" x="1" y="1" z="5" spawntime="60"/>
  </spawn>
  <spawn centerx="718" centery="471" centerz="5" radius="4">
    <monster name="Itachi" x="1" y="-1" z="5" spawntime="60"/>
    <monster name="Itachi" x="-3" y="0" z="5" spawntime="60"/>
    <monster name="Itachi" x="-1" y="2" z="5" spawntime="60"/>
    <monster name="Itachi" x="1" y="2" z="5" spawntime="60"/>
  </spawn>
  <spawn centerx="737" centery="472" centerz="5" radius="4">
    <monster name="Itachi" x="-2" y="-4" z="5" spawntime="60"/>
    <monster name="Itachi" x="-4" y="-1" z="5" spawntime="60"/>
    <monster name="Itachi" x="0" y="-1" z="5" spawntime="60"/>
    <monster name="Itachi" x="-2" y="0" z="5" spawntime="60"/>
  </spawn>
  <spawn centerx="706" centery="473" centerz="5" radius="3">
    <monster name="Itachi" x="0" y="-2" z="5" spawntime="60"/>
    <monster name="Itachi" x="-2" y="-1" z="5" spawntime="60"/>
    <monster name="Itachi" x="1" y="-1" z="5" spawntime="60"/>
    <monster name="Itachi" x="0" y="1" z="5" spawntime="60"/>
  </spawn>
  <spawn centerx="727" centery="473" centerz="5" radius="4">
    <monster name="Itachi" x="1" y="-2" z="5" spawntime="60"/>
  </spawn>
  <spawn centerx="750" centery="474" centerz="5" radius="4">
    <monster name="Itachi" x="2" y="-1" z="5" spawntime="60"/>
    <monster name="Itachi" x="-3" y="0" z="5" spawntime="60"/>
    <monster name="Itachi" x="-3" y="2" z="5" spawntime="60"/>
    <monster name="Itachi" x="-1" y="2" z="5" spawntime="60"/>
  </spawn>
  <spawn centerx="707" centery="485" centerz="5" radius="4">
    <monster name="Itachi" x="0" y="-2" z="5" spawntime="60"/>
    <monster name="Itachi" x="0" y="1" z="5" spawntime="60"/>
    <monster name="Itachi" x="-2" y="2" z="5" spawntime="60"/>
    <monster name="Itachi" x="2" y="2" z="5" spawntime="60"/>
  </spawn>
  <spawn centerx="727" centery="486" centerz="5" radius="4">
    <monster name="Itachi" x="-3" y="-3" z="5" spawntime="60"/>
    <monster name="Itachi" x="3" y="-3" z="5" spawntime="60"/>
    <monster name="Itachi" x="-3" y="-1" z="5" spawntime="60"/>
    <monster name="Itachi" x="4" y="-1" z="5" spawntime="60"/>
  </spawn>
  <spawn centerx="754" centery="489" centerz="5" radius="4">
    <monster name="Itachi" x="3" y="-2" z="5" spawntime="60"/>
    <monster name="Itachi" x="-3" y="-1" z="5" spawntime="60"/>
    <monster name="Itachi" x="3" y="1" z="5" spawntime="60"/>
    <monster name="Itachi" x="-1" y="2" z="5" spawntime="60"/>
  </spawn>
  <spawn centerx="741" centery="494" centerz="5" radius="5">
    <monster name="Itachi" x="-1" y="-1" z="5" spawntime="60"/>
    <monster name="Itachi" x="0" y="-1" z="5" spawntime="512"/>
    <monster name="Itachi" x="1" y="-1" z="5" spawntime="60"/>
  </spawn>
  <spawn centerx="709" centery="498" centerz="5" radius="4">
    <monster name="Itachi" x="1" y="-1" z="5" spawntime="60"/>
    <monster name="Itachi" x="1" y="1" z="5" spawntime="60"/>
    <monster name="Itachi" x="-1" y="2" z="5" spawntime="60"/>
    <monster name="Itachi" x="1" y="2" z="5" spawntime="512"/>
  </spawn>
  <spawn centerx="723" centery="499" centerz="5" radius="4">
    <monster name="Itachi" x="-3" y="0" z="5" spawntime="60"/>
    <monster name="Itachi" x="3" y="0" z="5" spawntime="60"/>
  </spawn>
  <spawn centerx="732" centery="499" centerz="5" radius="4">
    <monster name="Itachi" x="-2" y="0" z="5" spawntime="60"/>
    <monster name="Itachi" x="1" y="0" z="5" spawntime="60"/>
  </spawn>
  <spawn centerx="754" centery="502" centerz="5" radius="4">
    <monster name="Itachi" x="-3" y="-2" z="5" spawntime="60"/>
    <monster name="Itachi" x="3" y="-2" z="5" spawntime="60"/>
    <monster name="Itachi" x="-3" y="1" z="5" spawntime="60"/>
    <monster name="Itachi" x="2" y="1" z="5" spawntime="60"/>
  </spawn>
  <spawn centerx="728" centery="506" centerz="5" radius="4">
    <monster name="Itachi" x="-1" y="-1" z="5" spawntime="60"/>
  </spawn>
  <spawn centerx="56" centery="514" centerz="5" radius="5">
    <monster name="yalaharian" x="2" y="-3" z="5" spawntime="60"/>
    <monster name="yalaharian" x="0" y="-2" z="5" spawntime="60"/>
    <monster name="yalaharian" x="-3" y="1" z="5" spawntime="60"/>
    <monster name="yalaharian" x="0" y="2" z="5" spawntime="60"/>
  </spawn>
  <spawn centerx="602" centery="571" centerz="5" radius="3">
    <monster name="Medusa" x="-3" y="-3" z="5" spawntime="60"/>
    <monster name="Frost Dragon" x="-1" y="-3" z="5" spawntime="60"/>
    <monster name="Behemoth" x="1" y="-3" z="5" spawntime="60"/>
    <monster name="Orshabaal" x="3" y="-3" z="5" spawntime="60"/>
  </spawn>
  <spawn centerx="608" centery="571" centerz="5" radius="3">
    <monster name="Ferumbras" x="-1" y="-3" z="5" spawntime="60"/>
    <monster name="Giant Spider" x="1" y="-3" z="5" spawntime="60"/>
    <monster name="Ferumbras" x="3" y="-3" z="5" spawntime="60"/>
  </spawn>
  <spawn centerx="62" centery="574" centerz="5" radius="5">
    <monster name="Checopete" x="0" y="-4" z="5" spawntime="60"/>
    <monster name="Checopete" x="-1" y="-3" z="5" spawntime="60"/>
    <monster name="Checopete" x="1" y="-1" z="5" spawntime="60"/>
    <monster name="Checopete" x="-1" y="1" z="5" spawntime="60"/>
    <monster name="Checopete" x="-1" y="4" z="5" spawntime="60"/>
    <monster name="Checopete" x="1" y="4" z="5" spawntime="60"/>
  </spawn>
  <spawn centerx="610" centery="575" centerz="5" radius="1"/>
  <spawn centerx="606" centery="576" centerz="5" radius="1">
    <monster name="Monster Of Anihilator" x="-1" y="0" z="5" spawntime="60"/>
  </spawn>
  <spawn centerx="622" centery="580" centerz="5" radius="1">
    <monster name="Training Monk" x="-1" y="-1" z="5" spawntime="60"/>
    <monster name="Training Monk" x="1" y="-1" z="5" spawntime="60"/>
  </spawn>
  <spawn centerx="626" centery="580" centerz="5" radius="1">
    <monster name="Training Monk" x="-1" y="-1" z="5" spawntime="60"/>
    <monster name="Training Monk" x="1" y="-1" z="5" spawntime="60"/>
  </spawn>
  <spawn centerx="630" centery="580" centerz="5" radius="1">
    <monster name="Training Monk" x="-1" y="-1" z="5" spawntime="60"/>
    <monster name="Training Monk" x="1" y="-1" z="5" spawntime="60"/>
  </spawn>
  <spawn centerx="681" centery="586" centerz="5" radius="5">
    <monster name="Minotaur" x="-1" y="-2" z="5" spawntime="60"/>
    <monster name="Minotaur" x="1" y="-2" z="5" spawntime="60"/>
    <monster name="Minotaur guard" x="1" y="-1" z="5" spawntime="60"/>
    <monster name="Minotaur" x="-1" y="0" z="5" spawntime="60"/>
  </spawn>
  <spawn centerx="619" centery="588" centerz="5" radius="1">
    <monster name="Training Monk" x="-1" y="1" z="5" spawntime="60"/>
    <monster name="Training Monk" x="1" y="1" z="5" spawntime="60"/>
  </spawn>
  <spawn centerx="630" centery="588" centerz="5" radius="1">
    <monster name="Training Monk" x="-1" y="1" z="5" spawntime="60"/>
    <monster name="Training Monk" x="1" y="1" z="5" spawntime="60"/>
  </spawn>
  <spawn centerx="624" centery="589" centerz="5" radius="1">
    <npc name="Food Seller" x="-1" y="0" z="5" spawntime="60"/>
  </spawn>
  <spawn centerx="471" centery="638" centerz="5" radius="4"/>
  <spawn centerx="429" centery="643" centerz="5" radius="4"/>
  <spawn centerx="449" centery="643" centerz="5" radius="4"/>
  <spawn centerx="419" centery="653" centerz="5" radius="4"/>
  <spawn centerx="470" centery="659" centerz="5" radius="4"/>
  <spawn centerx="444" centery="662" centerz="5" radius="4"/>
  <spawn centerx="459" centery="677" centerz="5" radius="4"/>
  <spawn centerx="480" centery="677" centerz="5" radius="4"/>
  <spawn centerx="430" centery="680" centerz="5" radius="4"/>
  <spawn centerx="568" centery="690" centerz="5" radius="5"/>
  <spawn centerx="569" centery="694" centerz="5" radius="5"/>
  <spawn centerx="566" centery="695" centerz="5" radius="5"/>
  <spawn centerx="567" centery="697" centerz="5" radius="5"/>
  <spawn centerx="571" centery="699" centerz="5" radius="5"/>
  <spawn centerx="192" centery="741" centerz="5" radius="1">
    <monster name="Ghazbaran" x="0" y="-1" z="5" spawntime="70"/>
  </spawn>
  <spawn centerx="541" centery="784" centerz="5" radius="5">
    <monster name="Papa Piton" x="0" y="-2" z="5" spawntime="19"/>
    <monster name="Bicho" x="2" y="-2" z="5" spawntime="19"/>
    <monster name="Bicho" x="-3" y="-1" z="5" spawntime="19"/>
    <monster name="Papa Piton" x="4" y="-1" z="5" spawntime="19"/>
    <monster name="Papa Piton" x="-1" y="2" z="5" spawntime="19"/>
    <monster name="Papa Piton" x="2" y="2" z="5" spawntime="19"/>
  </spawn>
  <spawn centerx="524" centery="850" centerz="5" radius="5">
    <monster name="Papa Piton" x="0" y="-2" z="5" spawntime="19"/>
    <monster name="Papa Piton" x="3" y="-2" z="5" spawntime="19"/>
    <monster name="Papa Piton" x="-2" y="1" z="5" spawntime="19"/>
    <monster name="Papa Piton" x="3" y="3" z="5" spawntime="19"/>
  </spawn>
  <spawn centerx="482" centery="903" centerz="5" radius="5">
    <monster name="Papa Piton" x="2" y="-3" z="5" spawntime="19"/>
    <monster name="Papa Piton" x="-1" y="0" z="5" spawntime="19"/>
    <monster name="Papa Piton" x="4" y="1" z="5" spawntime="19"/>
  </spawn>
  <spawn centerx="482" centery="909" centerz="5" radius="5">
    <monster name="Papa Piton" x="-3" y="2" z="5" spawntime="19"/>
    <monster name="Papa Piton" x="2" y="5" z="5" spawntime="19"/>
  </spawn>
  <spawn centerx="294" centery="29" centerz="6" radius="2">
    <monster name="Orshabaal" x="-1" y="-1" z="6" spawntime="60"/>
  </spawn>
  <spawn centerx="302" centery="29" centerz="6" radius="2">
    <monster name="Orshabaal" x="0" y="-1" z="6" spawntime="60"/>
  </spawn>
  <spawn centerx="293" centery="34" centerz="6" radius="1">
    <monster name="Orshabaal" x="1" y="0" z="6" spawntime="60"/>
  </spawn>
  <spawn centerx="302" centery="35" centerz="6" radius="1">
    <monster name="Orshabaal" x="0" y="0" z="6" spawntime="60"/>
  </spawn>
  <spawn centerx="293" centery="39" centerz="6" radius="2">
    <monster name="Orshabaal" x="0" y="2" z="6" spawntime="60"/>
  </spawn>
  <spawn centerx="302" centery="39" centerz="6" radius="2">
    <monster name="Orshabaal" x="-2" y="1" z="6" spawntime="60"/>
    <monster name="Orshabaal" x="-1" y="2" z="6" spawntime="60"/>
  </spawn>
  <spawn centerx="156" centery="46" centerz="6" radius="5">
    <monster name="Training Monk" x="-1" y="0" z="6" spawntime="60"/>
    <monster name="Training Monk" x="1" y="0" z="6" spawntime="60"/>
  </spawn>
  <spawn centerx="168" centery="46" centerz="6" radius="5">
    <monster name="Training Monk" x="-1" y="0" z="6" spawntime="60"/>
    <monster name="Training Monk" x="1" y="0" z="6" spawntime="60"/>
  </spawn>
  <spawn centerx="460" centery="47" centerz="6" radius="5">
    <monster name="frost dragon hatchling" x="3" y="-3" z="6" spawntime="60"/>
    <monster name="frost dragon hatchling" x="-2" y="-2" z="6" spawntime="60"/>
    <monster name="Dragon Lord Hatchling" x="-3" y="0" z="6" spawntime="60"/>
    <monster name="Dragon Hatchling" x="3" y="0" z="6" spawntime="60"/>
    <monster name="Dragon Hatchling" x="-2" y="2" z="6" spawntime="60"/>
    <monster name="Dragon Lord Hatchling" x="1" y="2" z="6" spawntime="60"/>
  </spawn>
  <spawn centerx="128" centery="50" centerz="6" radius="5">
    <npc name="Mage Seller" x="1" y="0" z="6" spawntime="60"/>
  </spawn>
  <spawn centerx="447" centery="53" centerz="6" radius="5">
    <monster name="Dragon Lord Hatchling" x="0" y="-3" z="6" spawntime="60"/>
    <monster name="frost dragon hatchling" x="1" y="-2" z="6" spawntime="60"/>
    <monster name="frost dragon hatchling" x="-2" y="0" z="6" spawntime="60"/>
    <monster name="Dragon Hatchling" x="-1" y="0" z="6" spawntime="60"/>
    <monster name="Dragon Lord Hatchling" x="0" y="2" z="6" spawntime="60"/>
    <monster name="Dragon Hatchling" x="3" y="2" z="6" spawntime="60"/>
  </spawn>
  <spawn centerx="156" centery="55" centerz="6" radius="5">
    <monster name="Training Monk" x="-1" y="0" z="6" spawntime="60"/>
    <monster name="Training Monk" x="1" y="0" z="6" spawntime="60"/>
  </spawn>
  <spawn centerx="168" centery="55" centerz="6" radius="5">
    <monster name="Training Monk" x="-1" y="0" z="6" spawntime="60"/>
    <monster name="Training Monk" x="1" y="0" z="6" spawntime="60"/>
  </spawn>
  <spawn centerx="463" centery="57" centerz="6" radius="5">
    <monster name="Dragon Lord Hatchling" x="-1" y="-3" z="6" spawntime="60"/>
    <monster name="frost dragon hatchling" x="1" y="-3" z="6" spawntime="60"/>
    <monster name="Dragon Hatchling" x="-1" y="-2" z="6" spawntime="60"/>
    <monster name="Dragon Hatchling" x="3" y="-2" z="6" spawntime="60"/>
    <monster name="frost dragon hatchling" x="1" y="-1" z="6" spawntime="60"/>
    <monster name="Dragon Lord Hatchling" x="3" y="0" z="6" spawntime="60"/>
    <monster name="Dragon Hatchling" x="-4" y="4" z="6" spawntime="60"/>
    <monster name="Dragon Lord Hatchling" x="1" y="4" z="6" spawntime="60"/>
    <monster name="frost dragon hatchling" x="3" y="4" z="6" spawntime="60"/>
    <monster name="frost dragon hatchling" x="-2" y="5" z="6" spawntime="60"/>
  </spawn>
  <spawn centerx="475" centery="57" centerz="6" radius="5">
    <monster name="Dragon Hatchling" x="-4" y="-5" z="6" spawntime="60"/>
    <monster name="Dragon Lord Hatchling" x="-3" y="-4" z="6" spawntime="60"/>
    <monster name="frost dragon hatchling" x="-2" y="-4" z="6" spawntime="60"/>
    <monster name="frost dragon hatchling" x="-1" y="1" z="6" spawntime="60"/>
    <monster name="frost dragon hatchling" x="2" y="1" z="6" spawntime="60"/>
    <monster name="Dragon Hatchling" x="0" y="4" z="6" spawntime="60"/>
    <monster name="Dragon Hatchling" x="-2" y="5" z="6" spawntime="60"/>
  </spawn>
  <spawn centerx="62" centery="60" centerz="6" radius="5">
    <monster name="Warlock" x="-2" y="-2" z="6" spawntime="60"/>
    <monster name="Warlock" x="-3" y="2" z="6" spawntime="60"/>
    <monster name="Azerus" x="1" y="2" z="6" spawntime="60"/>
    <monster name="Azerus" x="-4" y="3" z="6" spawntime="60"/>
    <monster name="Warlock" x="0" y="3" z="6" spawntime="60"/>
  </spawn>
  <spawn centerx="443" centery="62" centerz="6" radius="5">
    <monster name="frost dragon hatchling" x="-1" y="-1" z="6" spawntime="60"/>
    <monster name="frost dragon hatchling" x="2" y="-1" z="6" spawntime="60"/>
    <monster name="Dragon Hatchling" x="-2" y="0" z="6" spawntime="60"/>
    <monster name="Dragon Hatchling" x="-3" y="1" z="6" spawntime="60"/>
    <monster name="Dragon Lord Hatchling" x="-2" y="1" z="6" spawntime="60"/>
    <monster name="Dragon Lord Hatchling" x="1" y="1" z="6" spawntime="60"/>
  </spawn>
  <spawn centerx="453" centery="65" centerz="6" radius="5">
    <monster name="Dragon Lord Hatchling" x="4" y="-4" z="6" spawntime="60"/>
    <monster name="frost dragon hatchling" x="1" y="-3" z="6" spawntime="60"/>
    <monster name="Dragon Lord Hatchling" x="-2" y="-1" z="6" spawntime="60"/>
    <monster name="Dragon Hatchling" x="-4" y="1" z="6" spawntime="60"/>
    <monster name="frost dragon hatchling" x="-2" y="1" z="6" spawntime="60"/>
    <monster name="Dragon Hatchling" x="5" y="1" z="6" spawntime="60"/>
    <monster name="Dragon Lord Hatchling" x="-4" y="3" z="6" spawntime="60"/>
    <monster name="Dragon Hatchling" x="-2" y="3" z="6" spawntime="60"/>
    <monster name="Dragon Lord Hatchling" x="4" y="3" z="6" spawntime="60"/>
  </spawn>
  <spawn centerx="464" centery="65" centerz="6" radius="5">
    <monster name="Dragon Hatchling" x="2" y="-1" z="6" spawntime="60"/>
    <monster name="frost dragon hatchling" x="-5" y="2" z="6" spawntime="60"/>
    <monster name="frost dragon hatchling" x="4" y="2" z="6" spawntime="60"/>
    <monster name="Dragon Lord Hatchling" x="0" y="3" z="6" spawntime="60"/>
  </spawn>
  <spawn centerx="474" centery="69" centerz="6" radius="5">
    <monster name="Dragon Lord Hatchling" x="0" y="-5" z="6" spawntime="60"/>
    <monster name="Dragon Lord Hatchling" x="3" y="-5" z="6" spawntime="60"/>
    <monster name="Dragon Hatchling" x="-2" y="-1" z="6" spawntime="60"/>
    <monster name="frost dragon hatchling" x="2" y="-1" z="6" spawntime="60"/>
    <monster name="frost dragon hatchling" x="2" y="0" z="6" spawntime="60"/>
    <monster name="Dragon Hatchling" x="-2" y="1" z="6" spawntime="60"/>
    <monster name="Dragon Lord Hatchling" x="-3" y="2" z="6" spawntime="60"/>
    <monster name="Dragon Lord Hatchling" x="-4" y="4" z="6" spawntime="60"/>
  </spawn>
  <spawn centerx="141" centery="70" centerz="6" radius="2"/>
  <spawn centerx="157" centery="71" centerz="6" radius="5">
    <monster name="Valkyrie" x="0" y="5" z="6" spawntime="60"/>
  </spawn>
  <spawn centerx="445" centery="73" centerz="6" radius="5">
    <monster name="frost dragon hatchling" x="-3" y="-4" z="6" spawntime="60"/>
    <monster name="Dragon Hatchling" x="-3" y="-2" z="6" spawntime="60"/>
    <monster name="Dragon Hatchling" x="1" y="-2" z="6" spawntime="60"/>
    <monster name="frost dragon hatchling" x="3" y="-1" z="6" spawntime="60"/>
    <monster name="Dragon Lord Hatchling" x="-3" y="0" z="6" spawntime="60"/>
    <monster name="Dragon Lord Hatchling" x="-1" y="2" z="6" spawntime="60"/>
  </spawn>
  <spawn centerx="461" centery="74" centerz="6" radius="5">
    <monster name="Dragon Hatchling" x="0" y="-3" z="6" spawntime="60"/>
    <monster name="frost dragon hatchling" x="1" y="-2" z="6" spawntime="60"/>
    <monster name="frost dragon hatchling" x="0" y="-1" z="6" spawntime="60"/>
    <monster name="Dragon Lord Hatchling" x="-3" y="1" z="6" spawntime="60"/>
    <monster name="Dragon Hatchling" x="3" y="1" z="6" spawntime="60"/>
    <monster name="Dragon Hatchling" x="0" y="2" z="6" spawntime="60"/>
    <monster name="Dragon Lord Hatchling" x="2" y="2" z="6" spawntime="60"/>
  </spawn>
  <spawn centerx="3" centery="77" centerz="6" radius="5">
    <npc name="Don Zafrada" x="3" y="1" z="6" spawntime="60"/>
  </spawn>
  <spawn centerx="201" centery="77" centerz="6" radius="5">
    <monster name="Undead Dragon" x="0" y="-4" z="6" spawntime="60"/>
    <monster name="Undead Dragon" x="3" y="-3" z="6" spawntime="60"/>
    <monster name="Undead Dragon" x="2" y="1" z="6" spawntime="60"/>
    <monster name="Undead Dragon" x="0" y="4" z="6" spawntime="60"/>
  </spawn>
  <spawn centerx="123" centery="78" centerz="6" radius="5">
    <monster name="Cyclops" x="2" y="1" z="6" spawntime="60"/>
    <monster name="Cyclops Drone" x="0" y="2" z="6" spawntime="60"/>
  </spawn>
  <spawn centerx="155" centery="78" centerz="6" radius="5">
    <monster name="Witch" x="1" y="-1" z="6" spawntime="60"/>
    <monster name="Valkyrie" x="-3" y="0" z="6" spawntime="60"/>
    <monster name="Valkyrie" x="1" y="0" z="6" spawntime="60"/>
  </spawn>
  <spawn centerx="165" centery="83" centerz="6" radius="5">
    <monster name="Valkyrie" x="3" y="-1" z="6" spawntime="60"/>
    <monster name="Valkyrie" x="-1" y="0" z="6" spawntime="60"/>
    <monster name="Witch" x="0" y="2" z="6" spawntime="60"/>
    <monster name="Valkyrie" x="-1" y="4" z="6" spawntime="60"/>
  </spawn>
  <spawn centerx="3" centery="88" centerz="6" radius="5">
    <npc name="Don Zafrada" x="3" y="-5" z="6" spawntime="60"/>
    <npc name="Don Zafrada" x="4" y="1" z="6" spawntime="60"/>
  </spawn>
  <spawn centerx="110" centery="92" centerz="6" radius="5">
    <monster name="Cyclops Drone" x="-1" y="-2" z="6" spawntime="60"/>
    <monster name="Cyclops" x="2" y="-2" z="6" spawntime="60"/>
    <monster name="Cyclops" x="-2" y="3" z="6" spawntime="60"/>
    <monster name="Cyclops" x="5" y="5" z="6" spawntime="60"/>
  </spawn>
  <spawn centerx="156" centery="92" centerz="6" radius="5">
    <monster name="Valkyrie" x="-2" y="-2" z="6" spawntime="60"/>
    <monster name="Valkyrie" x="2" y="-2" z="6" spawntime="60"/>
    <monster name="Valkyrie" x="0" y="-1" z="6" spawntime="60"/>
  </spawn>
  <spawn centerx="129" centery="93" centerz="6" radius="5">
    <monster name="Cyclops" x="-5" y="0" z="6" spawntime="60"/>
    <monster name="Witch" x="1" y="0" z="6" spawntime="60"/>
  </spawn>
  <spawn centerx="139" centery="93" centerz="6" radius="5">
    <monster name="Witch" x="4" y="-5" z="6" spawntime="60"/>
    <monster name="Witch" x="-3" y="-1" z="6" spawntime="60"/>
    <monster name="Witch" x="2" y="0" z="6" spawntime="60"/>
    <monster name="Witch" x="-2" y="5" z="6" spawntime="60"/>
    <monster name="Witch" x="3" y="5" z="6" spawntime="60"/>
  </spawn>
  <spawn centerx="121" centery="94" centerz="6" radius="5">
    <monster name="Cyclops" x="0" y="-5" z="6" spawntime="60"/>
    <monster name="Cyclops Drone" x="2" y="-1" z="6" spawntime="60"/>
    <monster name="Cyclops" x="-1" y="5" z="6" spawntime="60"/>
  </spawn>
  <spawn centerx="78" centery="95" centerz="6" radius="5">
    <monster name="Giant Spider" x="-1" y="-1" z="6" spawntime="60"/>
    <monster name="Giant Spider" x="-2" y="2" z="6" spawntime="60"/>
  </spawn>
  <spawn centerx="128" centery="104" centerz="6" radius="5">
    <monster name="Dwarf Geomancer" x="0" y="-4" z="6" spawntime="60"/>
    <monster name="Vampire" x="-2" y="-3" z="6" spawntime="60"/>
    <monster name="Dwarf Geomancer" x="0" y="-1" z="6" spawntime="60"/>
    <monster name="Dwarf Geomancer" x="-4" y="0" z="6" spawntime="60"/>
    <monster name="Dwarf Geomancer" x="0" y="2" z="6" spawntime="60"/>
  </spawn>
  <spawn centerx="104" centery="109" centerz="6" radius="5">
    <monster name="Cyclops Drone" x="3" y="-5" z="6" spawntime="60"/>
    <monster name="Cyclops" x="5" y="-5" z="6" spawntime="60"/>
    <monster name="Cyclops" x="-3" y="0" z="6" spawntime="60"/>
    <monster name="Cyclops Drone" x="-1" y="2" z="6" spawntime="60"/>
    <monster name="Cyclops" x="-3" y="4" z="6" spawntime="60"/>
  </spawn>
  <spawn centerx="169" centery="117" centerz="6" radius="5">
    <monster name="Behemoth" x="-3" y="-3" z="6" spawntime="60"/>
    <monster name="Behemoth" x="1" y="-3" z="6" spawntime="60"/>
    <monster name="Behemoth" x="-4" y="2" z="6" spawntime="60"/>
    <monster name="Behemoth" x="1" y="2" z="6" spawntime="60"/>
  </spawn>
  <spawn centerx="157" centery="123" centerz="6" radius="5">
    <monster name="Behemoth" x="-1" y="0" z="6" spawntime="60"/>
    <monster name="Behemoth" x="-3" y="1" z="6" spawntime="60"/>
    <monster name="Behemoth" x="3" y="1" z="6" spawntime="60"/>
  </spawn>
  <spawn centerx="165" centery="124" centerz="6" radius="5">
    <monster name="Behemoth" x="4" y="-1" z="6" spawntime="60"/>
    <monster name="Behemoth" x="-1" y="0" z="6" spawntime="60"/>
    <monster name="Behemoth" x="3" y="2" z="6" spawntime="60"/>
  </spawn>
  <spawn centerx="189" centery="126" centerz="6" radius="5">
    <monster name="Juggernaut" x="-2" y="-1" z="6" spawntime="60"/>
    <monster name="Plaguesmith" x="-1" y="1" z="6" spawntime="60"/>
  </spawn>
  <spawn centerx="207" centery="127" centerz="6" radius="5">
    <monster name="Morgaroth" x="5" y="-1" z="6" spawntime="60"/>
  </spawn>
  <spawn centerx="178" centery="136" centerz="6" radius="5">
    <monster name="Juggernaut" x="-5" y="-3" z="6" spawntime="60"/>
    <monster name="Plaguesmith" x="3" y="-2" z="6" spawntime="60"/>
    <monster name="Phantasm" x="2" y="2" z="6" spawntime="60"/>
    <monster name="Plaguesmith" x="-3" y="3" z="6" spawntime="60"/>
  </spawn>
  <spawn centerx="122" centery="137" centerz="6" radius="5">
    <monster name="Orc Leader" x="-5" y="-1" z="6" spawntime="60"/>
    <monster name="Orc Leader" x="5" y="-1" z="6" spawntime="60"/>
    <monster name="Orc Shaman" x="-5" y="0" z="6" spawntime="60"/>
    <monster name="Orc Shaman" x="2" y="0" z="6" spawntime="60"/>
    <monster name="Orc Leader" x="-4" y="2" z="6" spawntime="60"/>
    <monster name="Orc Leader" x="3" y="4" z="6" spawntime="60"/>
    <monster name="Orc Shaman" x="-1" y="5" z="6" spawntime="60"/>
  </spawn>
  <spawn centerx="134" centery="137" centerz="6" radius="5">
    <monster name="Orc Leader" x="4" y="0" z="6" spawntime="60"/>
    <monster name="Orc Shaman" x="-1" y="1" z="6" spawntime="60"/>
    <monster name="Orc Leader" x="-3" y="3" z="6" spawntime="60"/>
    <monster name="Orc Leader" x="4" y="5" z="6" spawntime="60"/>
  </spawn>
  <spawn centerx="146" centery="139" centerz="6" radius="5">
    <monster name="Orc Leader" x="-2" y="-4" z="6" spawntime="60"/>
    <monster name="Orc Leader" x="1" y="-3" z="6" spawntime="60"/>
    <monster name="Orc Shaman" x="2" y="-3" z="6" spawntime="60"/>
    <monster name="Orc Shaman" x="3" y="0" z="6" spawntime="60"/>
    <monster name="Orc Leader" x="2" y="2" z="6" spawntime="60"/>
    <monster name="Orc Shaman" x="-4" y="3" z="6" spawntime="60"/>
    <monster name="Orc Leader" x="-3" y="5" z="6" spawntime="60"/>
  </spawn>
  <spawn centerx="191" centery="139" centerz="6" radius="5">
    <monster name="Phantasm" x="1" y="-2" z="6" spawntime="60"/>
  </spawn>
  <spawn centerx="204" centery="139" centerz="6" radius="5">
    <monster name="Orshabaal" x="-3" y="-5" z="6" spawntime="60"/>
  </spawn>
  <spawn centerx="84" centery="149" centerz="6" radius="5">
    <monster name="Dragon Lord" x="2" y="1" z="6" spawntime="60"/>
    <monster name="Dragon Lord Hatchling" x="4" y="1" z="6" spawntime="60"/>
  </spawn>
  <spawn centerx="129" centery="150" centerz="6" radius="5">
    <monster name="Orc Leader" x="-4" y="-5" z="6" spawntime="60"/>
    <monster name="Orc Shaman" x="-2" y="-5" z="6" spawntime="60"/>
    <monster name="Orc Shaman" x="5" y="-2" z="6" spawntime="60"/>
    <monster name="Orc Leader" x="-5" y="-1" z="6" spawntime="60"/>
    <monster name="Orc Shaman" x="-4" y="-1" z="6" spawntime="60"/>
    <monster name="Orc Leader" x="3" y="2" z="6" spawntime="60"/>
    <monster name="Orc Leader" x="-4" y="5" z="6" spawntime="60"/>
  </spawn>
  <spawn centerx="118" centery="151" centerz="6" radius="5">
    <monster name="Orc Shaman" x="-3" y="-4" z="6" spawntime="60"/>
    <monster name="Orc Leader" x="-3" y="-3" z="6" spawntime="60"/>
    <monster name="Orc Shaman" x="-1" y="3" z="6" spawntime="60"/>
    <monster name="Orc Leader" x="-1" y="4" z="6" spawntime="60"/>
  </spawn>
  <spawn centerx="144" centery="151" centerz="6" radius="5">
    <monster name="Orc Shaman" x="4" y="-5" z="6" spawntime="60"/>
    <monster name="Orc Leader" x="5" y="-4" z="6" spawntime="60"/>
    <monster name="Orc Leader" x="1" y="-3" z="6" spawntime="60"/>
    <monster name="Orc Shaman" x="-4" y="0" z="6" spawntime="60"/>
    <monster name="Orc Leader" x="-3" y="0" z="6" spawntime="60"/>
    <monster name="Orc Shaman" x="4" y="2" z="6" spawntime="60"/>
    <monster name="Orc Leader" x="-4" y="4" z="6" spawntime="60"/>
    <monster name="Orc Leader" x="4" y="4" z="6" spawntime="60"/>
  </spawn>
  <spawn centerx="431" centery="152" centerz="6" radius="5">
    <npc name="Aol Seller" x="-1" y="0" z="6" spawntime="60"/>
  </spawn>
  <spawn centerx="186" centery="154" centerz="6" radius="5">
    <monster name="Hydra" x="4" y="-5" z="6" spawntime="60"/>
    <monster name="Hydra" x="2" y="-2" z="6" spawntime="60"/>
    <monster name="Hydra" x="0" y="1" z="6" spawntime="60"/>
    <monster name="Hydra" x="2" y="4" z="6" spawntime="60"/>
  </spawn>
  <spawn centerx="81" centery="160" centerz="6" radius="5">
    <monster name="Shaka" x="1" y="-1" z="6" spawntime="60"/>
  </spawn>
  <spawn centerx="197" centery="161" centerz="6" radius="5">
    <monster name="Hydra" x="-3" y="-1" z="6" spawntime="60"/>
    <monster name="Hydra" x="2" y="1" z="6" spawntime="60"/>
  </spawn>
  <spawn centerx="205" centery="171" centerz="6" radius="5">
    <monster name="Hydra" x="0" y="-2" z="6" spawntime="60"/>
    <monster name="Hydra" x="3" y="0" z="6" spawntime="60"/>
  </spawn>
  <spawn centerx="197" centery="173" centerz="6" radius="5">
    <monster name="Hydra" x="1" y="-1" z="6" spawntime="60"/>
    <monster name="Hydra" x="-1" y="1" z="6" spawntime="60"/>
    <monster name="Hydra" x="2" y="5" z="6" spawntime="60"/>
  </spawn>
  <spawn centerx="230" centery="177" centerz="6" radius="5">
    <monster name="Hydra" x="-2" y="-3" z="6" spawntime="60"/>
    <monster name="Hydra" x="-5" y="0" z="6" spawntime="60"/>
    <monster name="Hydra" x="3" y="1" z="6" spawntime="60"/>
    <monster name="Hydra" x="0" y="2" z="6" spawntime="60"/>
    <monster name="Hydra" x="-3" y="3" z="6" spawntime="60"/>
  </spawn>
  <spawn centerx="209" centery="181" centerz="6" radius="5">
    <monster name="Hydra" x="1" y="-4" z="6" spawntime="60"/>
    <monster name="Hydra" x="-2" y="-1" z="6" spawntime="60"/>
    <monster name="Hydra" x="-1" y="3" z="6" spawntime="60"/>
  </spawn>
  <spawn centerx="440" centery="182" centerz="6" radius="5">
    <npc name="Soft Boots Seller" x="-1" y="0" z="6" spawntime="60"/>
  </spawn>
  <spawn centerx="418" centery="183" centerz="6" radius="1">
    <npc name="Mage Seller" x="-1" y="0" z="6" spawntime="60"/>
  </spawn>
  <spawn centerx="507" centery="199" centerz="6" radius="6"/>
  <spawn centerx="258" centery="212" centerz="6" radius="5">
    <monster name="Morgaroth" x="0" y="1" z="6" spawntime="60"/>
  </spawn>
  <spawn centerx="248" centery="217" centerz="6" radius="5">
    <monster name="Morgaroth" x="0" y="2" z="6" spawntime="60"/>
  </spawn>
  <spawn centerx="267" centery="223" centerz="6" radius="5">
    <monster name="Morgaroth" x="1" y="0" z="6" spawntime="60"/>
  </spawn>
  <spawn centerx="491" centery="224" centerz="6" radius="5"/>
  <spawn centerx="252" centery="232" centerz="6" radius="5">
    <monster name="Morgaroth" x="0" y="2" z="6" spawntime="60"/>
  </spawn>
  <spawn centerx="61" centery="234" centerz="6" radius="1">
    <npc name="Ring Seller" x="1" y="-1" z="6" spawntime="60"/>
  </spawn>
  <spawn centerx="62" centery="243" centerz="6" radius="1">
    <npc name="Promotion Seller" x="0" y="-1" z="6" spawntime="60"/>
  </spawn>
  <spawn centerx="152" centery="243" centerz="6" radius="5">
    <monster name="Serpent Spawn" x="1" y="-1" z="6" spawntime="60"/>
    <monster name="Serpent Spawn" x="-2" y="0" z="6" spawntime="60"/>
  </spawn>
  <spawn centerx="478" centery="249" centerz="6" radius="5">
    <monster name="Blade" x="0" y="0" z="6" spawntime="16"/>
  </spawn>
  <spawn centerx="83" centery="252" centerz="6" radius="1">
    <npc name="Vip Seller" x="-1" y="-1" z="6" spawntime="60"/>
  </spawn>
  <spawn centerx="71" centery="257" centerz="6" radius="1">
    <npc name="Teletransportador" x="-1" y="0" z="6" spawntime="60"/>
  </spawn>
  <spawn centerx="257" centery="257" centerz="6" radius="5">
    <monster name="Morgaroth" x="-1" y="-1" z="6" spawntime="60"/>
  </spawn>
  <spawn centerx="278" centery="257" centerz="6" radius="5">
    <monster name="Morgaroth" x="2" y="0" z="6" spawntime="60"/>
  </spawn>
  <spawn centerx="147" centery="264" centerz="6" radius="5">
    <monster name="Hydra" x="-2" y="-1" z="6" spawntime="60"/>
    <monster name="Hydra" x="-2" y="1" z="6" spawntime="60"/>
    <monster name="Hydra" x="2" y="1" z="6" spawntime="60"/>
    <monster name="Hydra" x="-1" y="2" z="6" spawntime="60"/>
  </spawn>
  <spawn centerx="235" centery="284" centerz="6" radius="5">
    <monster name="Morgaroth" x="0" y="1" z="6" spawntime="60"/>
  </spawn>
  <spawn centerx="76" centery="304" centerz="6" radius="1">
    <monster name="Elite Hero" x="-1" y="0" z="6" spawntime="60"/>
    <monster name="Elite Hero" x="0" y="1" z="6" spawntime="60"/>
  </spawn>
  <spawn centerx="80" centery="304" centerz="6" radius="1">
    <monster name="Elite Hero" x="0" y="-1" z="6" spawntime="60"/>
    <monster name="Elite Hero" x="1" y="1" z="6" spawntime="60"/>
  </spawn>
  <spawn centerx="85" centery="304" centerz="6" radius="1">
    <monster name="Elite Hero" x="-1" y="-1" z="6" spawntime="60"/>
    <monster name="Elite Hero" x="1" y="1" z="6" spawntime="60"/>
  </spawn>
  <spawn centerx="90" centery="304" centerz="6" radius="1">
    <monster name="Elite Hero" x="-1" y="-1" z="6" spawntime="60"/>
    <monster name="Elite Hero" x="0" y="1" z="6" spawntime="60"/>
  </spawn>
  <spawn centerx="93" centery="304" centerz="6" radius="1">
    <monster name="Elite Hero" x="1" y="0" z="6" spawntime="60"/>
    <monster name="Elite Hero" x="1" y="1" z="6" spawntime="60"/>
  </spawn>
  <spawn centerx="97" centery="304" centerz="6" radius="1">
    <monster name="Elite Hero" x="0" y="1" z="6" spawntime="60"/>
    <monster name="Elite Hero" x="1" y="1" z="6" spawntime="60"/>
  </spawn>
  <spawn centerx="101" centery="304" centerz="6" radius="1">
    <monster name="Elite Hero" x="1" y="0" z="6" spawntime="60"/>
    <monster name="Elite Hero" x="1" y="1" z="6" spawntime="60"/>
  </spawn>
  <spawn centerx="104" centery="304" centerz="6" radius="1">
    <monster name="Elite Hero" x="1" y="0" z="6" spawntime="60"/>
    <monster name="Elite Hero" x="1" y="1" z="6" spawntime="60"/>
  </spawn>
  <spawn centerx="108" centery="305" centerz="6" radius="1">
    <monster name="Elite Hero" x="0" y="-1" z="6" spawntime="60"/>
    <monster name="Elite Hero" x="1" y="0" z="6" spawntime="60"/>
  </spawn>
  <spawn centerx="55" centery="306" centerz="6" radius="5">
    <monster name="Elite Hero" x="-5" y="-1" z="6" spawntime="60"/>
    <monster name="Elite Hero" x="4" y="-1" z="6" spawntime="60"/>
    <monster name="Elite Hero" x="-5" y="1" z="6" spawntime="60"/>
    <monster name="Elite Hero" x="-1" y="1" z="6" spawntime="60"/>
    <monster name="Elite Hero" x="-1" y="2" z="6" spawntime="60"/>
    <monster name="Elite Hero" x="-4" y="3" z="6" spawntime="60"/>
  </spawn>
  <spawn centerx="109" centery="311" centerz="6" radius="1">
    <monster name="Elite Hero" x="1" y="-1" z="6" spawntime="60"/>
    <monster name="Elite Hero" x="-1" y="1" z="6" spawntime="60"/>
  </spawn>
  <spawn centerx="79" centery="312" centerz="6" radius="4">
    <monster name="Elite Hero" x="-2" y="0" z="6" spawntime="60"/>
    <monster name="Elite Hero" x="4" y="0" z="6" spawntime="60"/>
  </spawn>
  <spawn centerx="93" centery="312" centerz="6" radius="4">
    <monster name="Elite Hero" x="-2" y="0" z="6" spawntime="60"/>
    <monster name="Elite Hero" x="2" y="0" z="6" spawntime="60"/>
  </spawn>
  <spawn centerx="104" centery="312" centerz="6" radius="3">
    <monster name="Elite Hero" x="0" y="1" z="6" spawntime="60"/>
  </spawn>
  <spawn centerx="74" centery="319" centerz="6" radius="2">
    <monster name="Elite Hero" x="1" y="-1" z="6" spawntime="60"/>
    <monster name="Elite Hero" x="2" y="0" z="6" spawntime="60"/>
  </spawn>
  <spawn centerx="85" centery="320" centerz="6" radius="2">
    <monster name="Elite Hero" x="-2" y="0" z="6" spawntime="60"/>
    <monster name="Elite Hero" x="0" y="1" z="6" spawntime="60"/>
  </spawn>
  <spawn centerx="92" centery="320" centerz="6" radius="1">
    <monster name="Elite Hero" x="1" y="-1" z="6" spawntime="60"/>
    <monster name="Elite Hero" x="1" y="1" z="6" spawntime="60"/>
  </spawn>
  <spawn centerx="107" centery="321" centerz="6" radius="1">
    <monster name="Elite Hero" x="-1" y="0" z="6" spawntime="60"/>
    <monster name="Elite Hero" x="1" y="1" z="6" spawntime="60"/>
  </spawn>
  <spawn centerx="61" centery="332" centerz="6" radius="5">
    <monster name="Elite Hero" x="-1" y="-2" z="6" spawntime="60"/>
    <monster name="Elite Hero" x="0" y="3" z="6" spawntime="60"/>
  </spawn>
  <spawn centerx="94" centery="335" centerz="6" radius="5">
    <monster name="Elite Hero" x="1" y="-1" z="6" spawntime="60"/>
    <monster name="Elite Hero" x="-4" y="0" z="6" spawntime="60"/>
    <monster name="Elite Hero" x="-1" y="2" z="6" spawntime="60"/>
  </spawn>
  <spawn centerx="73" centery="336" centerz="6" radius="5">
    <monster name="Elite Hero" x="2" y="0" z="6" spawntime="60"/>
    <monster name="Elite Hero" x="5" y="0" z="6" spawntime="60"/>
    <monster name="Elite Hero" x="-4" y="1" z="6" spawntime="60"/>
  </spawn>
  <spawn centerx="528" centery="347" centerz="6" radius="5">
    <monster name="Training Monk" x="-4" y="-5" z="6" spawntime="60"/>
    <monster name="Training Monk" x="-2" y="-5" z="6" spawntime="60"/>
    <monster name="Training Monk" x="0" y="-5" z="6" spawntime="60"/>
    <monster name="Training Monk" x="2" y="-5" z="6" spawntime="60"/>
    <monster name="Training Monk" x="4" y="-5" z="6" spawntime="60"/>
    <monster name="Training Monk" x="-4" y="5" z="6" spawntime="60"/>
    <monster name="Training Monk" x="-2" y="5" z="6" spawntime="60"/>
    <monster name="Training Monk" x="0" y="5" z="6" spawntime="60"/>
    <monster name="Training Monk" x="2" y="5" z="6" spawntime="60"/>
    <monster name="Training Monk" x="4" y="5" z="6" spawntime="60"/>
  </spawn>
  <spawn centerx="535" centery="347" centerz="6" radius="5">
    <monster name="Training Monk" x="-1" y="-5" z="6" spawntime="60"/>
    <monster name="Training Monk" x="1" y="-5" z="6" spawntime="60"/>
    <monster name="Training Monk" x="3" y="-5" z="6" spawntime="60"/>
    <monster name="Training Monk" x="5" y="-5" z="6" spawntime="60"/>
    <monster name="Training Monk" x="-1" y="5" z="6" spawntime="60"/>
    <monster name="Training Monk" x="1" y="5" z="6" spawntime="60"/>
    <monster name="Training Monk" x="3" y="5" z="6" spawntime="60"/>
    <monster name="Training Monk" x="5" y="5" z="6" spawntime="60"/>
  </spawn>
  <spawn centerx="543" centery="347" centerz="6" radius="5">
    <monster name="Training Monk" x="-1" y="-5" z="6" spawntime="60"/>
    <monster name="Training Monk" x="1" y="-5" z="6" spawntime="60"/>
    <monster name="Training Monk" x="3" y="-5" z="6" spawntime="60"/>
    <monster name="Training Monk" x="5" y="-5" z="6" spawntime="60"/>
    <monster name="Training Monk" x="-1" y="5" z="6" spawntime="60"/>
    <monster name="Training Monk" x="1" y="5" z="6" spawntime="60"/>
    <monster name="Training Monk" x="3" y="5" z="6" spawntime="60"/>
    <monster name="Training Monk" x="5" y="5" z="6" spawntime="60"/>
  </spawn>
  <spawn centerx="551" centery="347" centerz="6" radius="5">
    <monster name="Training Monk" x="-1" y="-5" z="6" spawntime="60"/>
    <monster name="Training Monk" x="1" y="-5" z="6" spawntime="60"/>
    <monster name="Training Monk" x="3" y="-5" z="6" spawntime="60"/>
    <monster name="Training Monk" x="5" y="-5" z="6" spawntime="60"/>
    <monster name="Training Monk" x="-1" y="5" z="6" spawntime="60"/>
    <monster name="Training Monk" x="1" y="5" z="6" spawntime="60"/>
    <monster name="Training Monk" x="3" y="5" z="6" spawntime="60"/>
    <monster name="Training Monk" x="5" y="5" z="6" spawntime="60"/>
  </spawn>
  <spawn centerx="557" centery="347" centerz="6" radius="5">
    <monster name="Training Monk" x="1" y="5" z="6" spawntime="60"/>
  </spawn>
  <spawn centerx="86" centery="382" centerz="6" radius="5">
    <npc name="Addon Seller" x="-1" y="0" z="6" spawntime="60"/>
  </spawn>
  <spawn centerx="106" centery="382" centerz="6" radius="5">
    <npc name="Soft Boots Seller" x="1" y="0" z="6" spawntime="60"/>
  </spawn>
  <spawn centerx="425" centery="405" centerz="6" radius="1">
    <monster name="Ferumbras" x="0" y="1" z="6" spawntime="60"/>
  </spawn>
  <spawn centerx="428" centery="405" centerz="6" radius="1">
    <monster name="Monster Of Anihilator" x="-1" y="1" z="6" spawntime="60"/>
    <monster name="Morgaroth" x="1" y="1" z="6" spawntime="60"/>
  </spawn>
  <spawn centerx="431" centery="405" centerz="6" radius="1">
    <monster name="Ferumbras" x="0" y="1" z="6" spawntime="60"/>
  </spawn>
  <spawn centerx="434" centery="405" centerz="6" radius="1">
    <monster name="Grim Reaper" x="-1" y="1" z="6" spawntime="60"/>
    <monster name="Ghazbaran" x="1" y="1" z="6" spawntime="60"/>
  </spawn>
  <spawn centerx="437" centery="405" centerz="6" radius="1">
    <monster name="Apocalypse" x="0" y="1" z="6" spawntime="60"/>
  </spawn>
  <spawn centerx="440" centery="405" centerz="6" radius="1">
    <monster name="Orshabaal" x="-1" y="1" z="6" spawntime="60"/>
    <monster name="Grorlam" x="1" y="1" z="6" spawntime="60"/>
  </spawn>
  <spawn centerx="443" centery="405" centerz="6" radius="1">
    <monster name="Hand of Cursed Fate" x="0" y="1" z="6" spawntime="60"/>
  </spawn>
  <spawn centerx="445" centery="405" centerz="6" radius="1">
    <monster name="Demon" x="0" y="1" z="6" spawntime="60"/>
  </spawn>
  <spawn centerx="448" centery="405" centerz="6" radius="1">
    <monster name="Warlock" x="-1" y="1" z="6" spawntime="60"/>
  </spawn>
  <spawn centerx="87" centery="406" centerz="6" radius="1">
    <monster name="Morgaroth" x="0" y="1" z="6" spawntime="60"/>
  </spawn>
  <spawn centerx="74" centery="407" centerz="6" radius="1">
    <monster name="Ghazbaran" x="0" y="1" z="6" spawntime="60"/>
  </spawn>
  <spawn centerx="100" centery="407" centerz="6" radius="1">
    <monster name="Ghazbaran" x="0" y="-1" z="6" spawntime="60"/>
  </spawn>
  <spawn centerx="88" centery="412" centerz="6" radius="3">
    <monster name="Ghazbaran" x="0" y="-1" z="6" spawntime="60"/>
    <npc name="Paco qliao" x="1" y="2" z="6" spawntime="60"/>
  </spawn>
  <spawn centerx="75" centery="418" centerz="6" radius="1">
    <monster name="Morgaroth" x="0" y="1" z="6" spawntime="60"/>
  </spawn>
  <spawn centerx="100" centery="422" centerz="6" radius="1">
    <monster name="Morgaroth" x="0" y="1" z="6" spawntime="60"/>
  </spawn>
  <spawn centerx="87" centery="431" centerz="6" radius="1">
    <npc name="Paco qliao" x="-1" y="-1" z="6" spawntime="60"/>
    <monster name="Ghazbaran" x="0" y="1" z="6" spawntime="60"/>
  </spawn>
  <spawn centerx="74" centery="435" centerz="6" radius="1">
    <monster name="Ghazbaran" x="1" y="1" z="6" spawntime="60"/>
  </spawn>
  <spawn centerx="87" centery="435" centerz="6" radius="1">
    <monster name="Morgaroth" x="-1" y="-1" z="6" spawntime="60"/>
  </spawn>
  <spawn centerx="100" centery="435" centerz="6" radius="1">
    <monster name="Ghazbaran" x="-1" y="0" z="6" spawntime="60"/>
  </spawn>
  <spawn centerx="706" centery="461" centerz="6" radius="3">
    <monster name="Itachi" x="-1" y="-1" z="6" spawntime="60"/>
    <monster name="Itachi" x="2" y="-1" z="6" spawntime="60"/>
    <monster name="Itachi" x="-2" y="2" z="6" spawntime="60"/>
  </spawn>
  <spawn centerx="749" centery="462" centerz="6" radius="4">
    <monster name="Itachi" x="-2" y="-1" z="6" spawntime="60"/>
    <monster name="Itachi" x="1" y="1" z="6" spawntime="60"/>
  </spawn>
  <spawn centerx="718" centery="471" centerz="6" radius="4">
    <monster name="Itachi" x="0" y="-2" z="6" spawntime="60"/>
    <monster name="Itachi" x="2" y="0" z="6" spawntime="60"/>
    <monster name="Itachi" x="0" y="2" z="6" spawntime="60"/>
  </spawn>
  <spawn centerx="736" centery="471" centerz="6" radius="4">
    <monster name="Itachi" x="-2" y="-2" z="6" spawntime="60"/>
    <monster name="Itachi" x="2" y="1" z="6" spawntime="60"/>
    <monster name="Itachi" x="0" y="2" z="6" spawntime="60"/>
  </spawn>
  <spawn centerx="706" centery="473" centerz="6" radius="3">
    <monster name="Itachi" x="-1" y="-3" z="6" spawntime="60"/>
    <monster name="Itachi" x="-3" y="0" z="6" spawntime="60"/>
    <monster name="Itachi" x="1" y="1" z="6" spawntime="60"/>
  </spawn>
  <spawn centerx="727" centery="473" centerz="6" radius="4">
    <monster name="Itachi" x="0" y="-3" z="6" spawntime="60"/>
    <monster name="Itachi" x="-1" y="3" z="6" spawntime="60"/>
    <monster name="Itachi" x="2" y="3" z="6" spawntime="60"/>
  </spawn>
  <spawn centerx="749" centery="474" centerz="6" radius="4">
    <monster name="Itachi" x="-1" y="0" z="6" spawntime="60"/>
    <monster name="Itachi" x="2" y="0" z="6" spawntime="60"/>
    <monster name="Itachi" x="3" y="3" z="6" spawntime="60"/>
  </spawn>
  <spawn centerx="758" centery="474" centerz="6" radius="4">
    <monster name="Itachi" x="-2" y="1" z="6" spawntime="60"/>
    <monster name="Itachi" x="0" y="1" z="6" spawntime="60"/>
  </spawn>
  <spawn centerx="727" centery="483" centerz="6" radius="4">
    <monster name="Itachi" x="1" y="-3" z="6" spawntime="512"/>
    <monster name="Itachi" x="-2" y="-2" z="6" spawntime="60"/>
    <monster name="Itachi" x="1" y="-2" z="6" spawntime="60"/>
    <monster name="Itachi" x="-1" y="3" z="6" spawntime="60"/>
  </spawn>
  <spawn centerx="707" centery="485" centerz="6" radius="4">
    <monster name="Itachi" x="0" y="-2" z="6" spawntime="60"/>
    <monster name="Itachi" x="-3" y="2" z="6" spawntime="60"/>
    <monster name="Itachi" x="2" y="2" z="6" spawntime="60"/>
  </spawn>
  <spawn centerx="754" centery="489" centerz="6" radius="4">
    <monster name="Itachi" x="3" y="-3" z="6" spawntime="60"/>
    <monster name="Itachi" x="-3" y="-1" z="6" spawntime="60"/>
    <monster name="Itachi" x="3" y="1" z="6" spawntime="60"/>
  </spawn>
  <spawn centerx="740" centery="494" centerz="6" radius="5">
    <monster name="Itachi" x="-1" y="0" z="6" spawntime="60"/>
    <monster name="Itachi" x="1" y="0" z="6" spawntime="60"/>
  </spawn>
  <spawn centerx="757" centery="495" centerz="6" radius="1">
    <monster name="Wyrm" x="0" y="-1" z="6" spawntime="60"/>
    <monster name="Wyrm" x="-1" y="1" z="6" spawntime="60"/>
  </spawn>
  <spawn centerx="709" centery="498" centerz="6" radius="4">
    <monster name="Itachi" x="0" y="-1" z="6" spawntime="60"/>
    <monster name="Itachi" x="0" y="2" z="6" spawntime="60"/>
    <monster name="Itachi" x="2" y="2" z="6" spawntime="60"/>
  </spawn>
  <spawn centerx="723" centery="499" centerz="6" radius="4">
    <monster name="Itachi" x="-2" y="0" z="6" spawntime="60"/>
    <monster name="Itachi" x="3" y="0" z="6" spawntime="60"/>
  </spawn>
  <spawn centerx="732" centery="499" centerz="6" radius="4">
    <monster name="Itachi" x="-2" y="0" z="6" spawntime="60"/>
  </spawn>
  <spawn centerx="754" centery="502" centerz="6" radius="4">
    <monster name="Itachi" x="-1" y="-2" z="6" spawntime="60"/>
    <monster name="Itachi" x="-2" y="-1" z="6" spawntime="60"/>
    <monster name="Itachi" x="2" y="0" z="6" spawntime="60"/>
  </spawn>
  <spawn centerx="56" centery="514" centerz="6" radius="5">
    <monster name="yalaharian" x="-3" y="-3" z="6" spawntime="60"/>
    <monster name="yalaharian" x="1" y="-2" z="6" spawntime="60"/>
    <monster name="yalaharian" x="-3" y="2" z="6" spawntime="60"/>
  </spawn>
  <spawn centerx="211" centery="540" centerz="6" radius="5">
    <monster name="Piton" x="-3" y="-2" z="6" spawntime="512"/>
    <monster name="Piton" x="-2" y="-2" z="6" spawntime="19"/>
    <monster name="Piton" x="2" y="-1" z="6" spawntime="19"/>
    <monster name="Piton" x="-4" y="2" z="6" spawntime="19"/>
  </spawn>
  <spawn centerx="168" centery="546" centerz="6" radius="5">
    <monster name="Piton" x="-1" y="-3" z="6" spawntime="19"/>
    <monster name="Piton" x="2" y="-3" z="6" spawntime="19"/>
    <monster name="Piton" x="-1" y="-2" z="6" spawntime="19"/>
    <monster name="Piton" x="1" y="-1" z="6" spawntime="19"/>
    <monster name="Piton" x="-1" y="1" z="6" spawntime="19"/>
    <monster name="Piton" x="2" y="1" z="6" spawntime="19"/>
  </spawn>
  <spawn centerx="232" centery="551" centerz="6" radius="5">
    <monster name="Piton" x="0" y="-2" z="6" spawntime="19"/>
    <monster name="Piton" x="4" y="-2" z="6" spawntime="19"/>
    <monster name="Piton" x="-1" y="2" z="6" spawntime="19"/>
    <monster name="Piton" x="4" y="2" z="6" spawntime="19"/>
  </spawn>
  <spawn centerx="210" centery="566" centerz="6" radius="5">
    <monster name="Piton" x="2" y="-2" z="6" spawntime="19"/>
    <monster name="Piton" x="-4" y="-1" z="6" spawntime="19"/>
    <monster name="Piton" x="0" y="0" z="6" spawntime="19"/>
    <monster name="Piton" x="4" y="0" z="6" spawntime="19"/>
    <monster name="Piton" x="-2" y="4" z="6" spawntime="19"/>
    <monster name="Piton" x="3" y="4" z="6" spawntime="19"/>
  </spawn>
  <spawn centerx="49" centery="574" centerz="6" radius="5">
    <monster name="Checopete" x="1" y="-3" z="6" spawntime="60"/>
    <monster name="Checopete" x="4" y="-2" z="6" spawntime="60"/>
    <monster name="Checopete" x="5" y="0" z="6" spawntime="60"/>
    <monster name="Checopete" x="-3" y="1" z="6" spawntime="60"/>
    <monster name="Checopete" x="2" y="2" z="6" spawntime="60"/>
    <monster name="Checopete" x="5" y="3" z="6" spawntime="60"/>
    <monster name="Checopete" x="2" y="4" z="6" spawntime="60"/>
  </spawn>
  <spawn centerx="58" centery="574" centerz="6" radius="5">
    <monster name="Checopete" x="1" y="-4" z="6" spawntime="60"/>
    <monster name="Checopete" x="5" y="-4" z="6" spawntime="60"/>
    <monster name="Checopete" x="-2" y="-3" z="6" spawntime="60"/>
    <monster name="Checopete" x="4" y="-2" z="6" spawntime="60"/>
    <monster name="Checopete" x="5" y="2" z="6" spawntime="60"/>
    <monster name="Checopete" x="0" y="3" z="6" spawntime="60"/>
  </spawn>
  <spawn centerx="55" centery="584" centerz="6" radius="5">
    <monster name="Checopete" x="0" y="-3" z="6" spawntime="60"/>
    <monster name="Checopete" x="-1" y="2" z="6" spawntime="60"/>
  </spawn>
  <spawn centerx="656" centery="650" centerz="6" radius="2">
    <monster name="Aggrox Constrictor" x="0" y="0" z="6" spawntime="20"/>
  </spawn>
  <spawn centerx="655" centery="652" centerz="6" radius="2"/>
  <spawn centerx="654" centery="654" centerz="6" radius="5"/>
  <spawn centerx="656" centery="654" centerz="6" radius="2"/>
  <spawn centerx="446" centery="672" centerz="6" radius="5">
    <monster name="Tarzan" x="4" y="-2" z="6" spawntime="19"/>
    <monster name="Tarzan" x="-2" y="2" z="6" spawntime="19"/>
  </spawn>
  <spawn centerx="194" centery="673" centerz="6" radius="5">
    <monster name="Sweet Girl" x="0" y="-1" z="6" spawntime="19"/>
    <monster name="Sweet Girl" x="5" y="1" z="6" spawntime="19"/>
    <monster name="Sweet Girl" x="-2" y="3" z="6" spawntime="19"/>
  </spawn>
  <spawn centerx="205" centery="673" centerz="6" radius="5">
    <monster name="Sweet Girl" x="5" y="-1" z="6" spawntime="19"/>
    <monster name="Sweet Girl" x="-1" y="2" z="6" spawntime="19"/>
  </spawn>
  <spawn centerx="250" centery="676" centerz="6" radius="5">
    <monster name="Sweet Girl" x="-3" y="-1" z="6" spawntime="19"/>
    <monster name="Sweet Girl" x="3" y="1" z="6" spawntime="19"/>
    <monster name="Sweet Girl" x="-5" y="5" z="6" spawntime="19"/>
  </spawn>
  <spawn centerx="536" centery="678" centerz="6" radius="5">
    <monster name="Tarzan" x="-1" y="-2" z="6" spawntime="19"/>
    <monster name="Tarzan" x="-5" y="2" z="6" spawntime="19"/>
  </spawn>
  <spawn centerx="251" centery="682" centerz="6" radius="5">
    <monster name="Sweet Girl" x="-1" y="1" z="6" spawntime="19"/>
    <monster name="Sweet Girl" x="-3" y="5" z="6" spawntime="19"/>
    <monster name="Sweet Girl" x="2" y="5" z="6" spawntime="19"/>
  </spawn>
  <spawn centerx="528" centery="682" centerz="6" radius="5">
    <monster name="Tarzan" x="-2" y="-3" z="6" spawntime="19"/>
    <monster name="Tarzan" x="-4" y="5" z="6" spawntime="19"/>
  </spawn>
  <spawn centerx="489" centery="684" centerz="6" radius="5">
    <monster name="Tarzan" x="1" y="-3" z="6" spawntime="19"/>
    <monster name="Tarzan" x="4" y="3" z="6" spawntime="19"/>
    <monster name="Tarzan" x="-4" y="4" z="6" spawntime="19"/>
  </spawn>
  <spawn centerx="204" centery="685" centerz="6" radius="5">
    <monster name="Sweet Girl" x="2" y="-3" z="6" spawntime="19"/>
    <monster name="Sweet Girl" x="-5" y="-2" z="6" spawntime="19"/>
    <monster name="Sweet Girl" x="-3" y="1" z="6" spawntime="19"/>
    <monster name="Sweet Girl" x="1" y="1" z="6" spawntime="19"/>
  </spawn>
  <spawn centerx="209" centery="685" centerz="6" radius="5">
    <monster name="Sweet Girl" x="2" y="-2" z="6" spawntime="19"/>
    <monster name="Sweet Girl" x="1" y="2" z="6" spawntime="19"/>
  </spawn>
  <spawn centerx="193" centery="686" centerz="6" radius="5">
    <monster name="Sweet Girl" x="0" y="-2" z="6" spawntime="19"/>
    <monster name="Sweet Girl" x="-2" y="1" z="6" spawntime="19"/>
    <monster name="Sweet Girl" x="3" y="1" z="6" spawntime="19"/>
  </spawn>
  <spawn centerx="481" centery="690" centerz="6" radius="5">
    <monster name="Tarzan" x="-2" y="0" z="6" spawntime="19"/>
    <monster name="Tarzan" x="3" y="5" z="6" spawntime="19"/>
  </spawn>
  <spawn centerx="438" centery="702" centerz="6" radius="5">
    <monster name="Tarzan" x="-4" y="-2" z="6" spawntime="19"/>
    <monster name="Tarzan" x="0" y="-2" z="6" spawntime="19"/>
  </spawn>
  <spawn centerx="426" centery="708" centerz="6" radius="5">
    <monster name="Tarzan" x="-2" y="2" z="6" spawntime="19"/>
    <monster name="Tarzan" x="5" y="5" z="6" spawntime="19"/>
  </spawn>
  <spawn centerx="569" centery="716" centerz="6" radius="5">
    <monster name="Tarzan" x="-3" y="-4" z="6" spawntime="19"/>
    <monster name="Tarzan" x="3" y="-2" z="6" spawntime="19"/>
    <monster name="Tarzan" x="-5" y="4" z="6" spawntime="19"/>
  </spawn>
  <spawn centerx="251" centery="717" centerz="6" radius="5">
    <monster name="Demon" x="0" y="-1" z="6" spawntime="60"/>
    <monster name="Dark Torturer" x="3" y="-1" z="6" spawntime="60"/>
    <monster name="Demon" x="-3" y="1" z="6" spawntime="60"/>
  </spawn>
  <spawn centerx="488" centery="722" centerz="6" radius="5">
    <monster name="Tarzan" x="-2" y="-4" z="6" spawntime="19"/>
    <monster name="Tarzan" x="4" y="-3" z="6" spawntime="19"/>
    <monster name="Tarzan" x="0" y="0" z="6" spawntime="19"/>
  </spawn>
  <spawn centerx="558" centery="724" centerz="6" radius="5">
    <monster name="Tarzan" x="-3" y="-4" z="6" spawntime="19"/>
    <monster name="Tarzan" x="3" y="-1" z="6" spawntime="19"/>
    <monster name="Tarzan" x="-1" y="3" z="6" spawntime="19"/>
  </spawn>
  <spawn centerx="485" centery="732" centerz="6" radius="5">
    <monster name="Tarzan" x="3" y="-4" z="6" spawntime="19"/>
    <monster name="Tarzan" x="-4" y="-3" z="6" spawntime="19"/>
    <monster name="Tarzan" x="-1" y="3" z="6" spawntime="19"/>
  </spawn>
  <spawn centerx="562" centery="734" centerz="6" radius="5">
    <monster name="Tarzan" x="3" y="-2" z="6" spawntime="19"/>
    <monster name="Tarzan" x="-3" y="0" z="6" spawntime="19"/>
    <monster name="Tarzan" x="-1" y="2" z="6" spawntime="19"/>
    <monster name="Tarzan" x="4" y="3" z="6" spawntime="19"/>
  </spawn>
  <spawn centerx="481" centery="740" centerz="6" radius="5">
    <monster name="Tarzan" x="-4" y="1" z="6" spawntime="19"/>
  </spawn>
  <spawn centerx="195" centery="741" centerz="6" radius="5">
    <monster name="Morgaroth" x="1" y="0" z="6" spawntime="300"/>
  </spawn>
  <spawn centerx="549" centery="742" centerz="6" radius="5">
    <monster name="Tarzan" x="3" y="-2" z="6" spawntime="19"/>
    <monster name="Tarzan" x="-2" y="3" z="6" spawntime="19"/>
  </spawn>
  <spawn centerx="208" centery="743" centerz="6" radius="5">
    <monster name="Ferumbras" x="-1" y="-2" z="6" spawntime="300"/>
    <monster name="Ferumbras" x="-2" y="1" z="6" spawntime="300"/>
    <monster name="Morgaroth" x="1" y="4" z="6" spawntime="300"/>
  </spawn>
  <spawn centerx="541" centery="772" centerz="6" radius="5">
    <monster name="Papa Piton" x="0" y="-2" z="6" spawntime="19"/>
    <monster name="Papa Piton" x="2" y="3" z="6" spawntime="19"/>
  </spawn>
  <spawn centerx="544" centery="782" centerz="6" radius="5">
    <monster name="Papa Piton" x="-5" y="-3" z="6" spawntime="19"/>
    <monster name="Papa Piton" x="1" y="-1" z="6" spawntime="19"/>
    <monster name="Papa Piton" x="-3" y="4" z="6" spawntime="19"/>
  </spawn>
  <spawn centerx="810" centery="833" centerz="6" radius="5"/>
  <spawn centerx="525" centery="850" centerz="6" radius="5">
    <monster name="Papa Piton" x="0" y="0" z="6" spawntime="19"/>
    <monster name="Papa Piton" x="1" y="0" z="6" spawntime="19"/>
    <monster name="Papa Piton" x="-1" y="1" z="6" spawntime="19"/>
  </spawn>
  <spawn centerx="482" centery="900" centerz="6" radius="5">
    <monster name="Bicho" x="-1" y="-2" z="6" spawntime="19"/>
    <monster name="Bicho" x="2" y="-1" z="6" spawntime="19"/>
    <monster name="Bicho" x="-2" y="3" z="6" spawntime="19"/>
    <monster name="Bicho" x="3" y="4" z="6" spawntime="19"/>
  </spawn>
  <spawn centerx="482" centery="905" centerz="6" radius="5">
    <monster name="Bicho" x="-3" y="4" z="6" spawntime="19"/>
  </spawn>
  <spawn centerx="494" centery="907" centerz="6" radius="5">
    <monster name="Bicho" x="2" y="-1" z="6" spawntime="19"/>
    <monster name="Bicho" x="-2" y="0" z="6" spawntime="19"/>
  </spawn>
  <spawn centerx="482" centery="911" centerz="6" radius="5">
    <monster name="Bicho" x="1" y="0" z="6" spawntime="19"/>
    <monster name="Bicho" x="-2" y="3" z="6" spawntime="19"/>
  </spawn>
  <spawn centerx="823" centery="21" centerz="7" radius="5">
    <monster name="Hitler" x="-4" y="-4" z="7" spawntime="60"/>
    <monster name="Hitler" x="-2" y="-4" z="7" spawntime="60"/>
    <monster name="Hitler" x="0" y="-4" z="7" spawntime="60"/>
    <monster name="Hitler" x="2" y="-4" z="7" spawntime="60"/>
    <monster name="Hitler" x="4" y="-4" z="7" spawntime="60"/>
    <monster name="Hitler" x="3" y="-3" z="7" spawntime="60"/>
    <monster name="Hitler" x="-4" y="-2" z="7" spawntime="60"/>
    <monster name="Hitler" x="4" y="-2" z="7" spawntime="60"/>
    <monster name="Judio" x="0" y="-1" z="7" spawntime="60"/>
    <monster name="Judio" x="1" y="-1" z="7" spawntime="60"/>
    <monster name="Judio" x="-2" y="0" z="7" spawntime="60"/>
    <monster name="Judio" x="-1" y="0" z="7" spawntime="60"/>
    <monster name="Hitler" x="2" y="0" z="7" spawntime="60"/>
    <monster name="Hitler" x="-1" y="1" z="7" spawntime="60"/>
    <monster name="Hitler" x="1" y="1" z="7" spawntime="60"/>
    <monster name="Judio" x="2" y="1" z="7" spawntime="60"/>
    <monster name="Judio" x="5" y="1" z="7" spawntime="60"/>
    <monster name="Hitler" x="-4" y="2" z="7" spawntime="60"/>
    <monster name="Judio" x="-2" y="2" z="7" spawntime="60"/>
    <monster name="Hitler" x="-1" y="2" z="7" spawntime="60"/>
    <monster name="Judio" x="0" y="2" z="7" spawntime="60"/>
    <monster name="Hitler" x="2" y="2" z="7" spawntime="60"/>
    <monster name="Hitler" x="-5" y="5" z="7" spawntime="60"/>
    <monster name="Hitler" x="-3" y="5" z="7" spawntime="60"/>
  </spawn>
  <spawn centerx="871" centery="21" centerz="7" radius="5">
    <monster name="Hitler" x="-1" y="-5" z="7" spawntime="60"/>
    <monster name="Hitler" x="-4" y="-3" z="7" spawntime="60"/>
    <monster name="Hitler" x="-1" y="-3" z="7" spawntime="60"/>
    <monster name="Hitler" x="2" y="-3" z="7" spawntime="60"/>
    <monster name="Hitler" x="4" y="-3" z="7" spawntime="60"/>
    <monster name="Hitler" x="-3" y="-2" z="7" spawntime="60"/>
    <monster name="Hitler" x="4" y="-2" z="7" spawntime="60"/>
    <monster name="Hitler" x="-1" y="-1" z="7" spawntime="60"/>
    <monster name="Judio" x="-3" y="1" z="7" spawntime="60"/>
    <monster name="Judio" x="0" y="1" z="7" spawntime="60"/>
    <monster name="Judio" x="2" y="1" z="7" spawntime="60"/>
    <monster name="Judio" x="5" y="1" z="7" spawntime="60"/>
  </spawn>
  <spawn centerx="839" centery="22" centerz="7" radius="5">
    <monster name="Hitler" x="1" y="-5" z="7" spawntime="60"/>
    <monster name="Hitler" x="-4" y="-4" z="7" spawntime="60"/>
    <monster name="Hitler" x="-2" y="-4" z="7" spawntime="60"/>
    <monster name="Hitler" x="-5" y="-3" z="7" spawntime="60"/>
    <monster name="Hitler" x="-3" y="-3" z="7" spawntime="60"/>
    <monster name="Hitler" x="0" y="-3" z="7" spawntime="60"/>
    <monster name="Hitler" x="3" y="-3" z="7" spawntime="60"/>
    <monster name="Hitler" x="5" y="-3" z="7" spawntime="60"/>
    <monster name="Judio" x="-4" y="0" z="7" spawntime="60"/>
    <monster name="Judio" x="-3" y="0" z="7" spawntime="60"/>
    <monster name="Judio" x="-2" y="0" z="7" spawntime="60"/>
    <monster name="Judio" x="1" y="0" z="7" spawntime="60"/>
    <monster name="Judio" x="3" y="0" z="7" spawntime="60"/>
  </spawn>
  <spawn centerx="859" centery="22" centerz="7" radius="5">
    <monster name="Hitler" x="-3" y="-4" z="7" spawntime="60"/>
    <monster name="Hitler" x="-1" y="-4" z="7" spawntime="60"/>
    <monster name="Hitler" x="2" y="-4" z="7" spawntime="60"/>
    <monster name="Hitler" x="5" y="-4" z="7" spawntime="60"/>
    <monster name="Hitler" x="-4" y="-3" z="7" spawntime="60"/>
    <monster name="Hitler" x="-3" y="-3" z="7" spawntime="60"/>
    <monster name="Hitler" x="1" y="-3" z="7" spawntime="60"/>
    <monster name="Hitler" x="3" y="-3" z="7" spawntime="60"/>
    <monster name="Hitler" x="5" y="-3" z="7" spawntime="60"/>
    <monster name="Hitler" x="0" y="-2" z="7" spawntime="60"/>
    <monster name="Judio" x="-5" y="0" z="7" spawntime="60"/>
    <monster name="Judio" x="-3" y="0" z="7" spawntime="60"/>
    <monster name="Judio" x="-1" y="0" z="7" spawntime="60"/>
    <monster name="Judio" x="2" y="0" z="7" spawntime="60"/>
    <monster name="Judio" x="4" y="0" z="7" spawntime="60"/>
  </spawn>
  <spawn centerx="885" centery="22" centerz="7" radius="5">
    <monster name="Hitler" x="-4" y="-4" z="7" spawntime="60"/>
    <monster name="Hitler" x="-1" y="-4" z="7" spawntime="60"/>
    <monster name="Hitler" x="4" y="-4" z="7" spawntime="60"/>
    <monster name="Hitler" x="-4" y="-3" z="7" spawntime="60"/>
    <monster name="Hitler" x="0" y="-2" z="7" spawntime="60"/>
    <monster name="Judio" x="1" y="-2" z="7" spawntime="60"/>
    <monster name="Hitler" x="2" y="-2" z="7" spawntime="60"/>
    <monster name="Hitler" x="5" y="-2" z="7" spawntime="60"/>
    <monster name="Judio" x="-1" y="-1" z="7" spawntime="60"/>
    <monster name="Hitler" x="3" y="-1" z="7" spawntime="60"/>
    <monster name="Hitler" x="1" y="0" z="7" spawntime="60"/>
    <monster name="Judio" x="2" y="0" z="7" spawntime="60"/>
    <monster name="Judio" x="-1" y="1" z="7" spawntime="60"/>
    <monster name="Judio" x="1" y="1" z="7" spawntime="60"/>
    <monster name="Hitler" x="2" y="2" z="7" spawntime="60"/>
    <monster name="Hitler" x="5" y="2" z="7" spawntime="60"/>
    <monster name="Hitler" x="4" y="4" z="7" spawntime="60"/>
  </spawn>
  <spawn centerx="217" centery="25" centerz="7" radius="5">
    <monster name="Ferumbras" x="-2" y="-1" z="7" spawntime="60"/>
  </spawn>
  <spawn centerx="228" centery="26" centerz="7" radius="5">
    <monster name="Ferumbras" x="3" y="-1" z="7" spawntime="60"/>
    <monster name="Ferumbras" x="-5" y="4" z="7" spawntime="60"/>
  </spawn>
  <spawn centerx="752" centery="26" centerz="7" radius="10">
    <monster name="Espanta pajaros" x="-9" y="-8" z="7" spawntime="60"/>
    <monster name="Espanta pajaros" x="-6" y="-8" z="7" spawntime="60"/>
    <monster name="Espanta pajaros" x="-2" y="-8" z="7" spawntime="60"/>
    <monster name="Espanta pajaros" x="-7" y="-6" z="7" spawntime="60"/>
    <monster name="Espanta pajaros" x="-1" y="-6" z="7" spawntime="60"/>
    <monster name="Espanta pajaros" x="-9" y="-4" z="7" spawntime="60"/>
    <monster name="Espanta pajaros" x="-3" y="-4" z="7" spawntime="60"/>
    <monster name="Espanta pajaros" x="-9" y="-2" z="7" spawntime="60"/>
    <monster name="Espanta pajaros" x="-6" y="-2" z="7" spawntime="60"/>
    <monster name="Espanta pajaros" x="-2" y="-2" z="7" spawntime="60"/>
    <monster name="Espanta pajaros" x="3" y="-2" z="7" spawntime="60"/>
    <npc name="Paco qliao" x="5" y="-2" z="7" spawntime="60"/>
    <monster name="Espanta pajaros" x="10" y="-2" z="7" spawntime="60"/>
    <monster name="Espanta pajaros" x="-5" y="0" z="7" spawntime="60"/>
    <monster name="Espanta pajaros" x="2" y="0" z="7" spawntime="60"/>
    <monster name="Espanta pajaros" x="9" y="0" z="7" spawntime="60"/>
    <monster name="Espanta pajaros" x="7" y="1" z="7" spawntime="60"/>
    <monster name="Espanta pajaros" x="-9" y="2" z="7" spawntime="60"/>
    <monster name="Espanta pajaros" x="-5" y="2" z="7" spawntime="60"/>
    <monster name="Espanta pajaros" x="-1" y="2" z="7" spawntime="60"/>
    <monster name="Espanta pajaros" x="3" y="2" z="7" spawntime="60"/>
    <monster name="Espanta pajaros" x="8" y="2" z="7" spawntime="60"/>
    <monster name="Espanta pajaros" x="-6" y="4" z="7" spawntime="60"/>
    <monster name="Espanta pajaros" x="-2" y="4" z="7" spawntime="60"/>
    <npc name="Paco qliao" x="2" y="4" z="7" spawntime="60"/>
    <monster name="Espanta pajaros" x="4" y="4" z="7" spawntime="512"/>
    <monster name="Espanta pajaros" x="5" y="4" z="7" spawntime="60"/>
    <monster name="Espanta pajaros" x="9" y="4" z="7" spawntime="60"/>
    <monster name="Espanta pajaros" x="-9" y="6" z="7" spawntime="60"/>
    <monster name="Espanta pajaros" x="-5" y="6" z="7" spawntime="60"/>
    <monster name="Espanta pajaros" x="0" y="6" z="7" spawntime="60"/>
    <monster name="Espanta pajaros" x="4" y="6" z="7" spawntime="60"/>
    <monster name="Espanta pajaros" x="9" y="6" z="7" spawntime="60"/>
    <monster name="Espanta pajaros" x="-7" y="8" z="7" spawntime="60"/>
    <monster name="Espanta pajaros" x="-1" y="8" z="7" spawntime="60"/>
    <monster name="Espanta pajaros" x="6" y="8" z="7" spawntime="60"/>
    <monster name="Espanta pajaros" x="-9" y="10" z="7" spawntime="60"/>
    <monster name="Espanta pajaros" x="-6" y="10" z="7" spawntime="60"/>
    <monster name="Espanta pajaros" x="-3" y="10" z="7" spawntime="60"/>
    <monster name="Espanta pajaros" x="1" y="10" z="7" spawntime="60"/>
    <monster name="Espanta pajaros" x="5" y="10" z="7" spawntime="60"/>
    <monster name="Espanta pajaros" x="9" y="10" z="7" spawntime="60"/>
  </spawn>
  <spawn centerx="774" centery="26" centerz="7" radius="10">
    <monster name="Espanta pajaros" x="-5" y="-8" z="7" spawntime="60"/>
    <monster name="Espanta pajaros" x="0" y="-8" z="7" spawntime="60"/>
    <monster name="Espanta pajaros" x="4" y="-8" z="7" spawntime="60"/>
    <monster name="Espanta pajaros" x="9" y="-8" z="7" spawntime="60"/>
    <monster name="Espanta pajaros" x="-5" y="-6" z="7" spawntime="60"/>
    <monster name="Espanta pajaros" x="0" y="-6" z="7" spawntime="60"/>
    <monster name="Espanta pajaros" x="4" y="-6" z="7" spawntime="60"/>
    <monster name="Espanta pajaros" x="9" y="-6" z="7" spawntime="60"/>
    <monster name="Espanta pajaros" x="-7" y="-4" z="7" spawntime="60"/>
    <monster name="Espanta pajaros" x="-2" y="-4" z="7" spawntime="60"/>
    <monster name="Espanta pajaros" x="2" y="-4" z="7" spawntime="60"/>
    <monster name="Espanta pajaros" x="9" y="-4" z="7" spawntime="60"/>
    <monster name="Espanta pajaros" x="-9" y="-2" z="7" spawntime="60"/>
    <monster name="Espanta pajaros" x="-4" y="-2" z="7" spawntime="60"/>
    <monster name="Espanta pajaros" x="1" y="-2" z="7" spawntime="60"/>
    <monster name="Espanta pajaros" x="8" y="-2" z="7" spawntime="60"/>
    <monster name="Espanta pajaros" x="-9" y="0" z="7" spawntime="60"/>
    <monster name="Espanta pajaros" x="-4" y="0" z="7" spawntime="60"/>
    <monster name="Espanta pajaros" x="4" y="0" z="7" spawntime="60"/>
    <monster name="Espanta pajaros" x="8" y="0" z="7" spawntime="60"/>
    <monster name="Espanta pajaros" x="-9" y="2" z="7" spawntime="60"/>
    <monster name="Espanta pajaros" x="-6" y="2" z="7" spawntime="60"/>
    <npc name="Paco qliao" x="-2" y="2" z="7" spawntime="60"/>
    <monster name="Espanta pajaros" x="0" y="2" z="7" spawntime="60"/>
    <monster name="Espanta pajaros" x="8" y="2" z="7" spawntime="60"/>
    <monster name="Espanta pajaros" x="-9" y="4" z="7" spawntime="60"/>
    <monster name="Espanta pajaros" x="-3" y="4" z="7" spawntime="60"/>
    <monster name="Espanta pajaros" x="3" y="4" z="7" spawntime="60"/>
    <monster name="Espanta pajaros" x="9" y="4" z="7" spawntime="60"/>
    <monster name="Espanta pajaros" x="-9" y="6" z="7" spawntime="60"/>
    <monster name="Espanta pajaros" x="-3" y="6" z="7" spawntime="60"/>
    <monster name="Espanta pajaros" x="5" y="6" z="7" spawntime="60"/>
    <monster name="Espanta pajaros" x="9" y="6" z="7" spawntime="60"/>
    <monster name="Espanta pajaros" x="-6" y="8" z="7" spawntime="60"/>
    <monster name="Espanta pajaros" x="-2" y="8" z="7" spawntime="60"/>
    <monster name="Espanta pajaros" x="4" y="8" z="7" spawntime="60"/>
    <monster name="Espanta pajaros" x="9" y="8" z="7" spawntime="60"/>
    <monster name="Espanta pajaros" x="-8" y="10" z="7" spawntime="60"/>
    <monster name="Espanta pajaros" x="-3" y="10" z="7" spawntime="60"/>
    <monster name="Espanta pajaros" x="2" y="10" z="7" spawntime="60"/>
    <monster name="Espanta pajaros" x="9" y="10" z="7" spawntime="60"/>
  </spawn>
  <spawn centerx="292" centery="28" centerz="7" radius="2">
    <monster name="Orshabaal" x="2" y="1" z="7" spawntime="60"/>
  </spawn>
  <spawn centerx="300" centery="28" centerz="7" radius="2">
    <monster name="Orshabaal" x="0" y="1" z="7" spawntime="60"/>
  </spawn>
  <spawn centerx="56" centery="30" centerz="7" radius="5">
    <monster name="Demon Skeleton" x="-4" y="1" z="7" spawntime="60"/>
    <monster name="Rotworm Queen" x="1" y="1" z="7" spawntime="60"/>
    <monster name="Rotworm Queen" x="5" y="3" z="7" spawntime="60"/>
  </spawn>
  <spawn centerx="246" centery="30" centerz="7" radius="5">
    <monster name="Ferumbras" x="3" y="-1" z="7" spawntime="60"/>
  </spawn>
  <spawn centerx="258" centery="31" centerz="7" radius="5">
    <monster name="Ferumbras" x="2" y="-5" z="7" spawntime="60"/>
    <npc name="Paco qliao" x="-2" y="-2" z="7" spawntime="60"/>
    <monster name="Ferumbras" x="-3" y="4" z="7" spawntime="60"/>
  </spawn>
  <spawn centerx="838" centery="31" centerz="7" radius="5">
    <monster name="Hitler" x="-1" y="-3" z="7" spawntime="60"/>
    <monster name="Hitler" x="4" y="-3" z="7" spawntime="60"/>
    <monster name="Hitler" x="-5" y="-2" z="7" spawntime="60"/>
    <monster name="Hitler" x="-4" y="-2" z="7" spawntime="60"/>
    <monster name="Judio" x="-3" y="-2" z="7" spawntime="60"/>
    <monster name="Judio" x="0" y="-2" z="7" spawntime="60"/>
    <monster name="Hitler" x="2" y="-2" z="7" spawntime="60"/>
    <monster name="Judio" x="3" y="-2" z="7" spawntime="60"/>
    <monster name="Hitler" x="-2" y="-1" z="7" spawntime="60"/>
    <monster name="Hitler" x="-1" y="-1" z="7" spawntime="60"/>
    <monster name="Hitler" x="-5" y="0" z="7" spawntime="60"/>
    <monster name="Judio" x="-4" y="0" z="7" spawntime="60"/>
    <monster name="Judio" x="2" y="0" z="7" spawntime="60"/>
    <monster name="Judio" x="4" y="0" z="7" spawntime="60"/>
    <monster name="Judio" x="-3" y="1" z="7" spawntime="60"/>
    <monster name="Hitler" x="-2" y="1" z="7" spawntime="60"/>
    <monster name="Hitler" x="4" y="1" z="7" spawntime="60"/>
    <monster name="Hitler" x="-4" y="2" z="7" spawntime="60"/>
    <monster name="Judio" x="-1" y="2" z="7" spawntime="60"/>
    <monster name="Hitler" x="2" y="2" z="7" spawntime="60"/>
    <monster name="Judio" x="4" y="2" z="7" spawntime="60"/>
    <monster name="Hitler" x="-5" y="3" z="7" spawntime="60"/>
    <monster name="Judio" x="-3" y="3" z="7" spawntime="60"/>
    <monster name="Judio" x="0" y="3" z="7" spawntime="768"/>
    <monster name="Judio" x="1" y="3" z="7" spawntime="60"/>
    <monster name="Hitler" x="4" y="3" z="7" spawntime="60"/>
    <monster name="Hitler" x="-4" y="4" z="7" spawntime="60"/>
    <monster name="Judio" x="-1" y="4" z="7" spawntime="60"/>
  </spawn>
  <spawn centerx="301" centery="32" centerz="7" radius="2">
    <monster name="Orshabaal" x="2" y="2" z="7" spawntime="60"/>
  </spawn>
  <spawn centerx="693" centery="32" centerz="7" radius="5">
    <npc name="Paco qliao" x="3" y="-3" z="7" spawntime="60"/>
    <monster name="Aggrox Earth Elemental" x="-2" y="2" z="7" spawntime="60"/>
  </spawn>
  <spawn centerx="871" centery="32" centerz="7" radius="5">
    <monster name="Hitler" x="-4" y="-4" z="7" spawntime="60"/>
    <monster name="Judio" x="-2" y="-3" z="7" spawntime="60"/>
    <monster name="Judio" x="1" y="-3" z="7" spawntime="60"/>
    <monster name="Hitler" x="4" y="-3" z="7" spawntime="60"/>
    <monster name="Hitler" x="0" y="-2" z="7" spawntime="60"/>
    <monster name="Judio" x="3" y="-2" z="7" spawntime="60"/>
    <monster name="Hitler" x="-5" y="-1" z="7" spawntime="60"/>
    <monster name="Judio" x="-3" y="-1" z="7" spawntime="60"/>
    <monster name="Hitler" x="-1" y="0" z="7" spawntime="60"/>
    <monster name="Hitler" x="2" y="0" z="7" spawntime="60"/>
    <monster name="Judio" x="4" y="0" z="7" spawntime="60"/>
    <monster name="Judio" x="-3" y="1" z="7" spawntime="60"/>
    <monster name="Hitler" x="-5" y="2" z="7" spawntime="60"/>
    <monster name="Judio" x="-1" y="2" z="7" spawntime="60"/>
    <monster name="Judio" x="1" y="2" z="7" spawntime="60"/>
    <monster name="Hitler" x="3" y="2" z="7" spawntime="60"/>
    <monster name="Hitler" x="4" y="2" z="7" spawntime="60"/>
    <monster name="Judio" x="4" y="3" z="7" spawntime="60"/>
  </spawn>
  <spawn centerx="68" centery="33" centerz="7" radius="5">
    <monster name="Demon Skeleton" x="-2" y="-2" z="7" spawntime="60"/>
    <monster name="Rotworm Queen" x="1" y="-1" z="7" spawntime="60"/>
    <monster name="Rotworm Queen" x="3" y="2" z="7" spawntime="60"/>
  </spawn>
  <spawn centerx="105" centery="33" centerz="7" radius="5">
    <monster name="Wolf" x="-3" y="-1" z="7" spawntime="60"/>
  </spawn>
  <spawn centerx="80" centery="34" centerz="7" radius="2"/>
  <spawn centerx="293" centery="34" centerz="7" radius="2">
    <monster name="Orshabaal" x="1" y="1" z="7" spawntime="60"/>
  </spawn>
  <spawn centerx="370" centery="34" centerz="7" radius="5">
    <monster name="Demon" x="2" y="-4" z="7" spawntime="60"/>
    <monster name="Demon" x="-2" y="-1" z="7" spawntime="60"/>
    <monster name="Demon" x="4" y="1" z="7" spawntime="60"/>
    <monster name="Demon" x="-4" y="4" z="7" spawntime="60"/>
    <monster name="Demon" x="3" y="4" z="7" spawntime="60"/>
  </spawn>
  <spawn centerx="854" centery="34" centerz="7" radius="5">
    <monster name="Judio" x="-4" y="-5" z="7" spawntime="60"/>
    <monster name="Hitler" x="-1" y="-5" z="7" spawntime="60"/>
    <monster name="Hitler" x="1" y="-5" z="7" spawntime="60"/>
    <monster name="Hitler" x="5" y="-5" z="7" spawntime="60"/>
    <monster name="Judio" x="0" y="-4" z="7" spawntime="60"/>
    <monster name="Judio" x="3" y="-4" z="7" spawntime="60"/>
    <monster name="Hitler" x="-4" y="-3" z="7" spawntime="60"/>
    <monster name="Hitler" x="-2" y="-3" z="7" spawntime="60"/>
    <monster name="Judio" x="0" y="-3" z="7" spawntime="60"/>
    <monster name="Hitler" x="2" y="-3" z="7" spawntime="60"/>
    <monster name="Hitler" x="5" y="-3" z="7" spawntime="60"/>
    <monster name="Hitler" x="3" y="-2" z="7" spawntime="60"/>
    <monster name="Judio" x="-4" y="-1" z="7" spawntime="60"/>
    <monster name="Hitler" x="-2" y="-1" z="7" spawntime="60"/>
    <monster name="Judio" x="-1" y="-1" z="7" spawntime="60"/>
    <monster name="Judio" x="2" y="-1" z="7" spawntime="60"/>
    <monster name="Judio" x="5" y="-1" z="7" spawntime="60"/>
    <monster name="Hitler" x="-4" y="0" z="7" spawntime="60"/>
    <monster name="Judio" x="-2" y="1" z="7" spawntime="60"/>
    <monster name="Hitler" x="1" y="1" z="7" spawntime="60"/>
    <monster name="Hitler" x="4" y="1" z="7" spawntime="60"/>
    <monster name="Judio" x="-4" y="2" z="7" spawntime="60"/>
    <monster name="Hitler" x="-2" y="2" z="7" spawntime="60"/>
    <monster name="Hitler" x="0" y="2" z="7" spawntime="60"/>
    <monster name="Judio" x="3" y="2" z="7" spawntime="60"/>
    <monster name="Judio" x="-1" y="3" z="7" spawntime="60"/>
    <monster name="Hitler" x="0" y="3" z="7" spawntime="60"/>
    <monster name="Hitler" x="3" y="3" z="7" spawntime="768"/>
    <monster name="Hitler" x="4" y="3" z="7" spawntime="60"/>
    <monster name="Hitler" x="-4" y="4" z="7" spawntime="60"/>
    <monster name="Hitler" x="-2" y="4" z="7" spawntime="60"/>
    <monster name="Hitler" x="2" y="4" z="7" spawntime="60"/>
  </spawn>
  <spawn centerx="217" centery="35" centerz="7" radius="5">
    <monster name="Ferumbras" x="-2" y="-1" z="7" spawntime="60"/>
    <npc name="Paco qliao" x="4" y="0" z="7" spawntime="60"/>
  </spawn>
  <spawn centerx="398" centery="35" centerz="7" radius="5">
    <monster name="Demon" x="3" y="-3" z="7" spawntime="60"/>
    <monster name="Demon" x="-2" y="1" z="7" spawntime="60"/>
    <monster name="Demon" x="3" y="3" z="7" spawntime="60"/>
  </spawn>
  <spawn centerx="657" centery="35" centerz="7" radius="5">
    <npc name="Paco qliao" x="-3" y="-4" z="7" spawntime="60"/>
    <monster name="Aggrox Giant" x="2" y="3" z="7" spawntime="60"/>
  </spawn>
  <spawn centerx="819" centery="36" centerz="7" radius="5">
    <monster name="Judio" x="4" y="-4" z="7" spawntime="60"/>
    <monster name="Hitler" x="-5" y="-3" z="7" spawntime="60"/>
    <monster name="Hitler" x="-2" y="-3" z="7" spawntime="60"/>
    <monster name="Hitler" x="0" y="-3" z="7" spawntime="60"/>
    <monster name="Hitler" x="-3" y="-2" z="7" spawntime="60"/>
    <monster name="Judio" x="4" y="-1" z="7" spawntime="60"/>
    <monster name="Hitler" x="-5" y="1" z="7" spawntime="60"/>
    <monster name="Hitler" x="-2" y="1" z="7" spawntime="60"/>
    <monster name="Hitler" x="1" y="2" z="7" spawntime="60"/>
    <monster name="Judio" x="4" y="2" z="7" spawntime="60"/>
    <monster name="Judio" x="4" y="3" z="7" spawntime="60"/>
    <monster name="Hitler" x="-3" y="4" z="7" spawntime="60"/>
    <monster name="Hitler" x="0" y="4" z="7" spawntime="60"/>
  </spawn>
  <spawn centerx="229" centery="37" centerz="7" radius="5">
    <monster name="Ferumbras" x="0" y="-5" z="7" spawntime="60"/>
    <monster name="Ferumbras" x="0" y="2" z="7" spawntime="60"/>
  </spawn>
  <spawn centerx="385" centery="37" centerz="7" radius="5">
    <monster name="Demon" x="2" y="-1" z="7" spawntime="60"/>
    <monster name="Demon" x="-2" y="3" z="7" spawntime="60"/>
  </spawn>
  <spawn centerx="885" centery="37" centerz="7" radius="5">
    <monster name="Judio" x="1" y="-4" z="7" spawntime="60"/>
    <monster name="Hitler" x="4" y="-4" z="7" spawntime="60"/>
    <monster name="Hitler" x="3" y="-2" z="7" spawntime="60"/>
    <monster name="Judio" x="1" y="0" z="7" spawntime="60"/>
    <monster name="Hitler" x="4" y="0" z="7" spawntime="60"/>
    <monster name="Judio" x="1" y="2" z="7" spawntime="60"/>
    <monster name="Hitler" x="3" y="2" z="7" spawntime="60"/>
    <monster name="Judio" x="-5" y="3" z="7" spawntime="60"/>
    <monster name="Hitler" x="4" y="3" z="7" spawntime="60"/>
    <monster name="Judio" x="1" y="4" z="7" spawntime="60"/>
    <monster name="Hitler" x="3" y="4" z="7" spawntime="60"/>
    <monster name="Hitler" x="-5" y="5" z="7" spawntime="60"/>
  </spawn>
  <spawn centerx="452" centery="38" centerz="7" radius="5">
    <monster name="Training Monk" x="-1" y="0" z="7" spawntime="60"/>
    <monster name="Training Monk" x="1" y="0" z="7" spawntime="60"/>
  </spawn>
  <spawn centerx="464" centery="38" centerz="7" radius="5">
    <monster name="Training Monk" x="-1" y="0" z="7" spawntime="60"/>
    <monster name="Training Monk" x="1" y="0" z="7" spawntime="60"/>
  </spawn>
  <spawn centerx="292" centery="39" centerz="7" radius="2">
    <monster name="Orshabaal" x="-2" y="2" z="7" spawntime="60"/>
  </spawn>
  <spawn centerx="37" centery="40" centerz="7" radius="5">
    <monster name="Rotworm Queen" x="-2" y="-3" z="7" spawntime="60"/>
    <monster name="Rotworm Queen" x="2" y="-3" z="7" spawntime="60"/>
    <monster name="Demon Skeleton" x="2" y="-1" z="7" spawntime="60"/>
    <monster name="Rotworm Queen" x="0" y="2" z="7" spawntime="60"/>
  </spawn>
  <spawn centerx="88" centery="41" centerz="7" radius="5">
    <monster name="Wolf" x="3" y="-2" z="7" spawntime="60"/>
  </spawn>
  <spawn centerx="247" centery="41" centerz="7" radius="5">
    <monster name="Ferumbras" x="-1" y="-4" z="7" spawntime="60"/>
    <npc name="Paco qliao" x="1" y="-4" z="7" spawntime="60"/>
    <monster name="Ferumbras" x="-1" y="3" z="7" spawntime="60"/>
  </spawn>
  <spawn centerx="257" centery="41" centerz="7" radius="5">
    <monster name="Ferumbras" x="4" y="-4" z="7" spawntime="60"/>
    <monster name="Ferumbras" x="-3" y="1" z="7" spawntime="60"/>
    <monster name="Ferumbras" x="2" y="3" z="7" spawntime="60"/>
  </spawn>
  <spawn centerx="57" centery="44" centerz="7" radius="5">
    <monster name="Rotworm Queen" x="2" y="-4" z="7" spawntime="60"/>
    <monster name="Demon Skeleton" x="2" y="-3" z="7" spawntime="60"/>
    <monster name="Rotworm Queen" x="-1" y="0" z="7" spawntime="60"/>
    <monster name="Rotworm Queen" x="3" y="5" z="7" spawntime="60"/>
  </spawn>
  <spawn centerx="104" centery="44" centerz="7" radius="5">
    <monster name="Wolf" x="2" y="1" z="7" spawntime="60"/>
  </spawn>
  <spawn centerx="138" centery="44" centerz="7" radius="5">
    <monster name="Rotworm" x="-1" y="1" z="7" spawntime="60"/>
    <npc name="Mage Seller" x="4" y="3" z="7" spawntime="60"/>
  </spawn>
  <spawn centerx="875" centery="44" centerz="7" radius="5">
    <monster name="Judio" x="-4" y="-4" z="7" spawntime="60"/>
    <monster name="Hitler" x="1" y="-4" z="7" spawntime="60"/>
    <monster name="Judio" x="3" y="-4" z="7" spawntime="60"/>
    <monster name="Judio" x="-2" y="-3" z="7" spawntime="60"/>
    <monster name="Judio" x="0" y="-3" z="7" spawntime="60"/>
    <monster name="Judio" x="-3" y="-2" z="7" spawntime="60"/>
    <monster name="Hitler" x="-1" y="-2" z="7" spawntime="60"/>
    <monster name="Hitler" x="1" y="-2" z="7" spawntime="60"/>
    <monster name="Judio" x="2" y="-2" z="7" spawntime="60"/>
    <monster name="Judio" x="3" y="-2" z="7" spawntime="60"/>
    <monster name="Hitler" x="1" y="-1" z="7" spawntime="60"/>
    <monster name="Hitler" x="4" y="-1" z="7" spawntime="60"/>
    <monster name="Judio" x="-4" y="0" z="7" spawntime="60"/>
    <monster name="Hitler" x="-3" y="0" z="7" spawntime="60"/>
    <monster name="Judio" x="-2" y="0" z="7" spawntime="60"/>
    <monster name="Judio" x="3" y="0" z="7" spawntime="60"/>
    <monster name="Judio" x="5" y="0" z="7" spawntime="60"/>
    <monster name="Hitler" x="-2" y="1" z="7" spawntime="60"/>
    <monster name="Hitler" x="1" y="1" z="7" spawntime="60"/>
    <monster name="Judio" x="2" y="1" z="7" spawntime="60"/>
    <monster name="Judio" x="-4" y="2" z="7" spawntime="60"/>
    <monster name="Hitler" x="-1" y="2" z="7" spawntime="60"/>
    <monster name="Judio" x="4" y="2" z="7" spawntime="60"/>
    <monster name="Judio" x="-2" y="3" z="7" spawntime="60"/>
    <monster name="Judio" x="0" y="3" z="7" spawntime="60"/>
    <monster name="Judio" x="2" y="3" z="7" spawntime="60"/>
    <monster name="Judio" x="-3" y="4" z="7" spawntime="60"/>
    <monster name="Hitler" x="-1" y="4" z="7" spawntime="60"/>
    <monster name="Hitler" x="3" y="4" z="7" spawntime="60"/>
  </spawn>
  <spawn centerx="152" centery="45" centerz="7" radius="1">
    <npc name="Addoner quest" x="1" y="0" z="7" spawntime="60"/>
  </spawn>
  <spawn centerx="165" centery="45" centerz="7" radius="1">
    <npc name="Decoration Seller" x="-1" y="-1" z="7" spawntime="60"/>
  </spawn>
  <spawn centerx="835" centery="45" centerz="7" radius="5">
    <monster name="Hitler" x="-2" y="-5" z="7" spawntime="60"/>
    <monster name="Judio" x="2" y="-5" z="7" spawntime="60"/>
    <monster name="Hitler" x="4" y="-5" z="7" spawntime="60"/>
    <monster name="Judio" x="-3" y="-4" z="7" spawntime="60"/>
    <monster name="Judio" x="0" y="-3" z="7" spawntime="60"/>
    <monster name="Hitler" x="2" y="-3" z="7" spawntime="60"/>
    <monster name="Judio" x="4" y="-3" z="7" spawntime="60"/>
    <monster name="Hitler" x="-4" y="-2" z="7" spawntime="60"/>
    <monster name="Judio" x="-2" y="-2" z="7" spawntime="60"/>
    <monster name="Hitler" x="2" y="-2" z="7" spawntime="60"/>
    <monster name="Hitler" x="4" y="-2" z="7" spawntime="60"/>
    <monster name="Hitler" x="0" y="-1" z="7" spawntime="60"/>
    <monster name="Judio" x="-3" y="0" z="7" spawntime="60"/>
    <monster name="Judio" x="2" y="0" z="7" spawntime="60"/>
    <monster name="Judio" x="4" y="0" z="7" spawntime="60"/>
    <monster name="Hitler" x="-2" y="1" z="7" spawntime="768"/>
    <monster name="Hitler" x="-1" y="1" z="7" spawntime="60"/>
    <monster name="Hitler" x="1" y="1" z="7" spawntime="768"/>
    <monster name="Hitler" x="3" y="1" z="7" spawntime="60"/>
    <monster name="Hitler" x="-4" y="2" z="7" spawntime="60"/>
    <monster name="Hitler" x="1" y="2" z="7" spawntime="60"/>
    <monster name="Judio" x="3" y="2" z="7" spawntime="60"/>
    <monster name="Judio" x="-3" y="3" z="7" spawntime="60"/>
    <monster name="Judio" x="-1" y="3" z="7" spawntime="60"/>
    <monster name="Judio" x="1" y="3" z="7" spawntime="60"/>
    <monster name="Judio" x="4" y="3" z="7" spawntime="60"/>
  </spawn>
  <spawn centerx="180" centery="47" centerz="7" radius="2"/>
  <spawn centerx="219" centery="47" centerz="7" radius="5">
    <monster name="Ferumbras" x="-1" y="-5" z="7" spawntime="60"/>
    <monster name="Ferumbras" x="0" y="1" z="7" spawntime="60"/>
  </spawn>
  <spawn centerx="404" centery="47" centerz="7" radius="5">
    <monster name="Demon" x="3" y="-4" z="7" spawntime="60"/>
    <monster name="Demon" x="-3" y="3" z="7" spawntime="60"/>
    <monster name="Demon" x="2" y="3" z="7" spawntime="60"/>
  </spawn>
  <spawn centerx="753" centery="47" centerz="7" radius="10">
    <monster name="Espanta pajaros" x="-9" y="-9" z="7" spawntime="60"/>
    <monster name="Espanta pajaros" x="-4" y="-9" z="7" spawntime="60"/>
    <monster name="Espanta pajaros" x="1" y="-9" z="7" spawntime="60"/>
    <monster name="Espanta pajaros" x="5" y="-9" z="7" spawntime="60"/>
    <monster name="Espanta pajaros" x="9" y="-9" z="7" spawntime="60"/>
    <monster name="Espanta pajaros" x="-9" y="-7" z="7" spawntime="60"/>
    <monster name="Espanta pajaros" x="-2" y="-7" z="7" spawntime="60"/>
    <monster name="Espanta pajaros" x="6" y="-7" z="7" spawntime="60"/>
    <monster name="Espanta pajaros" x="-9" y="-5" z="7" spawntime="60"/>
    <monster name="Espanta pajaros" x="-3" y="-5" z="7" spawntime="60"/>
    <monster name="Espanta pajaros" x="4" y="-5" z="7" spawntime="60"/>
    <monster name="Espanta pajaros" x="8" y="-5" z="7" spawntime="60"/>
    <monster name="Espanta pajaros" x="-9" y="-3" z="7" spawntime="60"/>
    <monster name="Espanta pajaros" x="-6" y="-3" z="7" spawntime="60"/>
    <monster name="Espanta pajaros" x="-2" y="-3" z="7" spawntime="60"/>
    <monster name="Espanta pajaros" x="1" y="-3" z="7" spawntime="60"/>
    <monster name="Espanta pajaros" x="6" y="-3" z="7" spawntime="60"/>
    <monster name="Espanta pajaros" x="10" y="-3" z="7" spawntime="60"/>
    <monster name="Espanta pajaros" x="-10" y="-1" z="7" spawntime="60"/>
    <monster name="Espanta pajaros" x="-6" y="-1" z="7" spawntime="60"/>
    <monster name="Espanta pajaros" x="3" y="-1" z="7" spawntime="60"/>
    <monster name="Espanta pajaros" x="9" y="-1" z="7" spawntime="60"/>
  </spawn>
  <spawn centerx="105" centery="48" centerz="7" radius="2"/>
  <spawn centerx="325" centery="48" centerz="7" radius="5"/>
  <spawn centerx="330" centery="48" centerz="7" radius="5"/>
  <spawn centerx="452" centery="48" centerz="7" radius="5">
    <monster name="Training Monk" x="-1" y="0" z="7" spawntime="60"/>
    <monster name="Training Monk" x="1" y="0" z="7" spawntime="60"/>
  </spawn>
  <spawn centerx="464" centery="48" centerz="7" radius="5">
    <monster name="Training Monk" x="-1" y="0" z="7" spawntime="60"/>
    <monster name="Training Monk" x="1" y="0" z="7" spawntime="60"/>
  </spawn>
  <spawn centerx="775" centery="48" centerz="7" radius="10">
    <monster name="Espanta pajaros" x="-9" y="-10" z="7" spawntime="60"/>
    <monster name="Espanta pajaros" x="-4" y="-10" z="7" spawntime="60"/>
    <npc name="Paco qliao" x="0" y="-10" z="7" spawntime="60"/>
    <monster name="Espanta pajaros" x="2" y="-10" z="7" spawntime="60"/>
    <monster name="Espanta pajaros" x="7" y="-10" z="7" spawntime="60"/>
    <monster name="Espanta pajaros" x="-9" y="-8" z="7" spawntime="60"/>
    <monster name="Espanta pajaros" x="-5" y="-8" z="7" spawntime="60"/>
    <monster name="Espanta pajaros" x="1" y="-8" z="7" spawntime="60"/>
    <monster name="Espanta pajaros" x="6" y="-8" z="7" spawntime="60"/>
    <monster name="Espanta pajaros" x="-8" y="-6" z="7" spawntime="60"/>
    <monster name="Espanta pajaros" x="-1" y="-6" z="7" spawntime="60"/>
    <monster name="Espanta pajaros" x="4" y="-6" z="7" spawntime="60"/>
    <monster name="Espanta pajaros" x="8" y="-6" z="7" spawntime="60"/>
    <monster name="Espanta pajaros" x="-8" y="-4" z="7" spawntime="60"/>
    <monster name="Espanta pajaros" x="-5" y="-4" z="7" spawntime="60"/>
    <monster name="Espanta pajaros" x="0" y="-4" z="7" spawntime="60"/>
    <monster name="Espanta pajaros" x="5" y="-4" z="7" spawntime="60"/>
    <monster name="Espanta pajaros" x="9" y="-4" z="7" spawntime="60"/>
    <monster name="Espanta pajaros" x="-8" y="-2" z="7" spawntime="60"/>
    <monster name="Espanta pajaros" x="-4" y="-2" z="7" spawntime="60"/>
    <monster name="Espanta pajaros" x="2" y="-2" z="7" spawntime="60"/>
    <monster name="Espanta pajaros" x="9" y="-2" z="7" spawntime="60"/>
  </spawn>
  <spawn centerx="819" centery="48" centerz="7" radius="5">
    <monster name="Hitler" x="1" y="-5" z="7" spawntime="60"/>
    <monster name="Judio" x="4" y="-4" z="7" spawntime="60"/>
    <monster name="Hitler" x="-2" y="-3" z="7" spawntime="60"/>
    <monster name="Hitler" x="-1" y="-3" z="7" spawntime="768"/>
    <monster name="Hitler" x="-4" y="-2" z="7" spawntime="60"/>
    <monster name="Judio" x="4" y="-2" z="7" spawntime="60"/>
    <monster name="Hitler" x="0" y="-1" z="7" spawntime="60"/>
    <monster name="Hitler" x="-4" y="0" z="7" spawntime="60"/>
    <monster name="Judio" x="4" y="0" z="7" spawntime="60"/>
    <monster name="Hitler" x="-2" y="2" z="7" spawntime="60"/>
    <monster name="Hitler" x="1" y="2" z="7" spawntime="60"/>
    <monster name="Hitler" x="-5" y="3" z="7" spawntime="60"/>
    <monster name="Hitler" x="-1" y="3" z="7" spawntime="60"/>
    <monster name="Judio" x="4" y="3" z="7" spawntime="60"/>
  </spawn>
  <spawn centerx="156" centery="49" centerz="7" radius="1">
    <monster name="Training Monk" x="0" y="0" z="7" spawntime="60"/>
  </spawn>
  <spawn centerx="160" centery="49" centerz="7" radius="5">
    <npc name="Promotion Seller" x="0" y="0" z="7" spawntime="60"/>
  </spawn>
  <spawn centerx="576" centery="49" centerz="7" radius="5">
    <monster name="Ushuriel" x="-3" y="-2" z="7" spawntime="60"/>
    <monster name="Ushuriel" x="-1" y="-2" z="7" spawntime="60"/>
    <monster name="Ushuriel" x="1" y="0" z="7" spawntime="60"/>
    <monster name="Ushuriel" x="2" y="0" z="7" spawntime="60"/>
    <monster name="Ushuriel" x="-2" y="2" z="7" spawntime="60"/>
    <monster name="Ushuriel" x="0" y="2" z="7" spawntime="60"/>
  </spawn>
  <spawn centerx="114" centery="50" centerz="7" radius="1">
    <monster name="Bandit" x="-1" y="-1" z="7" spawntime="60"/>
    <monster name="Nomad" x="0" y="-1" z="7" spawntime="60"/>
    <monster name="Bandit" x="1" y="0" z="7" spawntime="60"/>
  </spawn>
  <spawn centerx="231" centery="50" centerz="7" radius="5">
    <monster name="Ferumbras" x="-1" y="0" z="7" spawntime="60"/>
  </spawn>
  <spawn centerx="366" centery="50" centerz="7" radius="5">
    <monster name="Demon" x="-3" y="-4" z="7" spawntime="60"/>
    <monster name="Demon" x="4" y="-2" z="7" spawntime="60"/>
    <monster name="Demon" x="-2" y="3" z="7" spawntime="60"/>
  </spawn>
  <spawn centerx="258" centery="51" centerz="7" radius="5">
    <monster name="Ferumbras" x="-1" y="2" z="7" spawntime="60"/>
  </spawn>
  <spawn centerx="380" centery="51" centerz="7" radius="5">
    <monster name="Demon" x="2" y="-2" z="7" spawntime="60"/>
    <monster name="Demon" x="-4" y="0" z="7" spawntime="60"/>
  </spawn>
  <spawn centerx="127" centery="52" centerz="7" radius="5">
    <npc name="Vip Seller" x="0" y="-3" z="7" spawntime="60"/>
    <npc name="Banker" x="1" y="4" z="7" spawntime="60"/>
  </spawn>
  <spawn centerx="390" centery="52" centerz="7" radius="5">
    <monster name="Demon" x="-2" y="2" z="7" spawntime="60"/>
  </spawn>
  <spawn centerx="856" centery="52" centerz="7" radius="5">
    <monster name="Hitler" x="-4" y="-4" z="7" spawntime="60"/>
    <monster name="Judio" x="-2" y="-4" z="7" spawntime="60"/>
    <monster name="Hitler" x="0" y="-4" z="7" spawntime="60"/>
    <monster name="Hitler" x="2" y="-4" z="7" spawntime="60"/>
    <monster name="Judio" x="1" y="-3" z="7" spawntime="60"/>
    <monster name="Hitler" x="3" y="-3" z="7" spawntime="60"/>
    <monster name="Judio" x="-4" y="-2" z="7" spawntime="60"/>
    <monster name="Hitler" x="-1" y="-2" z="7" spawntime="60"/>
    <monster name="Judio" x="-2" y="-1" z="7" spawntime="60"/>
    <monster name="Judio" x="2" y="-1" z="7" spawntime="60"/>
    <monster name="Hitler" x="-4" y="0" z="7" spawntime="60"/>
    <npc name="Paco qliao" x="1" y="0" z="7" spawntime="60"/>
    <monster name="Hitler" x="3" y="0" z="7" spawntime="60"/>
    <monster name="Judio" x="-4" y="2" z="7" spawntime="60"/>
    <monster name="Judio" x="-2" y="2" z="7" spawntime="60"/>
    <monster name="Judio" x="0" y="2" z="7" spawntime="60"/>
    <monster name="Judio" x="2" y="2" z="7" spawntime="60"/>
    <monster name="Hitler" x="-4" y="4" z="7" spawntime="60"/>
    <monster name="Judio" x="0" y="4" z="7" spawntime="60"/>
    <monster name="Hitler" x="2" y="4" z="7" spawntime="60"/>
  </spawn>
  <spawn centerx="115" centery="53" centerz="7" radius="1">
    <monster name="Mama esta presa" x="-1" y="0" z="7" spawntime="60"/>
  </spawn>
  <spawn centerx="121" centery="53" centerz="7" radius="1">
    <monster name="Black Knight" x="-1" y="0" z="7" spawntime="60"/>
    <monster name="Warlock" x="0" y="0" z="7" spawntime="60"/>
  </spawn>
  <spawn centerx="248" centery="53" centerz="7" radius="5">
    <monster name="Ferumbras" x="3" y="-4" z="7" spawntime="60"/>
    <monster name="Ferumbras" x="-5" y="-2" z="7" spawntime="60"/>
    <monster name="Ferumbras" x="-1" y="3" z="7" spawntime="60"/>
  </spawn>
  <spawn centerx="845" centery="53" centerz="7" radius="5">
    <monster name="Hitler" x="0" y="-5" z="7" spawntime="60"/>
    <monster name="Hitler" x="3" y="-4" z="7" spawntime="60"/>
    <monster name="Judio" x="4" y="-3" z="7" spawntime="60"/>
    <monster name="Judio" x="0" y="-2" z="7" spawntime="60"/>
    <monster name="Hitler" x="-4" y="-1" z="7" spawntime="60"/>
    <monster name="Hitler" x="-2" y="-1" z="7" spawntime="60"/>
    <monster name="Hitler" x="3" y="0" z="7" spawntime="60"/>
    <monster name="Judio" x="0" y="3" z="7" spawntime="60"/>
    <monster name="Judio" x="3" y="3" z="7" spawntime="60"/>
    <monster name="Hitler" x="4" y="4" z="7" spawntime="60"/>
    <monster name="Hitler" x="0" y="5" z="7" spawntime="60"/>
  </spawn>
  <spawn centerx="867" centery="53" centerz="7" radius="5">
    <monster name="Hitler" x="-4" y="-5" z="7" spawntime="60"/>
    <monster name="Hitler" x="-1" y="-5" z="7" spawntime="60"/>
    <monster name="Judio" x="-5" y="-3" z="7" spawntime="60"/>
    <monster name="Hitler" x="-2" y="-3" z="7" spawntime="60"/>
    <monster name="Judio" x="-1" y="-3" z="7" spawntime="60"/>
    <monster name="Hitler" x="-4" y="-2" z="7" spawntime="60"/>
    <monster name="Hitler" x="0" y="-2" z="7" spawntime="60"/>
    <monster name="Hitler" x="2" y="-2" z="7" spawntime="60"/>
    <monster name="Hitler" x="4" y="-1" z="7" spawntime="60"/>
    <monster name="Hitler" x="-5" y="0" z="7" spawntime="60"/>
    <monster name="Hitler" x="-4" y="0" z="7" spawntime="60"/>
    <monster name="Hitler" x="-2" y="0" z="7" spawntime="60"/>
    <monster name="Hitler" x="2" y="0" z="7" spawntime="60"/>
    <monster name="Hitler" x="4" y="2" z="7" spawntime="60"/>
    <monster name="Judio" x="-5" y="3" z="7" spawntime="60"/>
    <monster name="Judio" x="-1" y="3" z="7" spawntime="60"/>
    <monster name="Hitler" x="-4" y="5" z="7" spawntime="60"/>
    <monster name="Judio" x="4" y="5" z="7" spawntime="60"/>
    <monster name="Hitler" x="5" y="5" z="7" spawntime="60"/>
  </spawn>
  <spawn centerx="105" centery="54" centerz="7" radius="5">
    <monster name="Wolf" x="-5" y="2" z="7" spawntime="60"/>
  </spawn>
  <spawn centerx="169" centery="54" centerz="7" radius="5">
    <npc name="Loot Buyer" x="0" y="-2" z="7" spawntime="60"/>
    <monster name="Wolf" x="-2" y="4" z="7" spawntime="60"/>
  </spawn>
  <spawn centerx="128" centery="55" centerz="7" radius="1"/>
  <spawn centerx="221" centery="57" centerz="7" radius="5">
    <monster name="Ferumbras" x="1" y="-4" z="7" spawntime="60"/>
    <monster name="Ferumbras" x="-5" y="0" z="7" spawntime="60"/>
  </spawn>
  <spawn centerx="886" centery="57" centerz="7" radius="5">
    <monster name="Judio" x="0" y="-5" z="7" spawntime="60"/>
    <monster name="Hitler" x="4" y="-4" z="7" spawntime="60"/>
    <monster name="Judio" x="0" y="-3" z="7" spawntime="60"/>
    <monster name="Hitler" x="2" y="-3" z="7" spawntime="60"/>
    <monster name="Judio" x="0" y="-2" z="7" spawntime="60"/>
    <monster name="Hitler" x="4" y="-2" z="7" spawntime="60"/>
    <monster name="Hitler" x="3" y="0" z="7" spawntime="60"/>
    <monster name="Hitler" x="2" y="1" z="7" spawntime="60"/>
    <monster name="Hitler" x="3" y="1" z="7" spawntime="768"/>
    <monster name="Hitler" x="4" y="1" z="7" spawntime="768"/>
    <monster name="Judio" x="0" y="2" z="7" spawntime="60"/>
    <monster name="Hitler" x="4" y="2" z="7" spawntime="768"/>
    <monster name="Judio" x="0" y="3" z="7" spawntime="60"/>
    <monster name="Hitler" x="4" y="3" z="7" spawntime="60"/>
    <monster name="Hitler" x="3" y="4" z="7" spawntime="60"/>
    <monster name="Judio" x="0" y="5" z="7" spawntime="60"/>
    <monster name="Hitler" x="2" y="5" z="7" spawntime="60"/>
  </spawn>
  <spawn centerx="230" centery="58" centerz="7" radius="5">
    <monster name="Ferumbras" x="3" y="0" z="7" spawntime="60"/>
  </spawn>
  <spawn centerx="400" centery="59" centerz="7" radius="5">
    <monster name="Demon" x="2" y="-4" z="7" spawntime="60"/>
    <monster name="Demon" x="-4" y="-3" z="7" spawntime="60"/>
    <monster name="Demon" x="0" y="3" z="7" spawntime="60"/>
  </spawn>
  <spawn centerx="835" centery="59" centerz="7" radius="5">
    <monster name="Hitler" x="-2" y="-4" z="7" spawntime="60"/>
    <monster name="Hitler" x="4" y="-4" z="7" spawntime="60"/>
    <monster name="Judio" x="-4" y="-3" z="7" spawntime="60"/>
    <monster name="Judio" x="1" y="-3" z="7" spawntime="60"/>
    <monster name="Judio" x="4" y="-3" z="7" spawntime="60"/>
    <monster name="Judio" x="-1" y="-2" z="7" spawntime="60"/>
    <monster name="Hitler" x="1" y="-1" z="7" spawntime="60"/>
    <monster name="Judio" x="3" y="-1" z="7" spawntime="60"/>
    <monster name="Hitler" x="4" y="-1" z="7" spawntime="60"/>
    <monster name="Judio" x="-3" y="0" z="7" spawntime="60"/>
    <monster name="Hitler" x="-2" y="0" z="7" spawntime="60"/>
    <monster name="Judio" x="2" y="1" z="7" spawntime="60"/>
    <monster name="Judio" x="4" y="1" z="7" spawntime="60"/>
    <monster name="Judio" x="-4" y="2" z="7" spawntime="60"/>
    <monster name="Judio" x="-1" y="2" z="7" spawntime="60"/>
    <monster name="Hitler" x="1" y="2" z="7" spawntime="60"/>
    <monster name="Judio" x="2" y="3" z="7" spawntime="60"/>
    <monster name="Judio" x="3" y="3" z="7" spawntime="768"/>
    <npc name="Paco qliao" x="4" y="3" z="7" spawntime="60"/>
    <monster name="Judio" x="-2" y="4" z="7" spawntime="60"/>
    <monster name="Judio" x="1" y="4" z="7" spawntime="60"/>
  </spawn>
  <spawn centerx="61" centery="60" centerz="7" radius="5">
    <monster name="Demodras" x="0" y="0" z="7" spawntime="60"/>
    <monster name="Azerus" x="1" y="2" z="7" spawntime="60"/>
  </spawn>
  <spawn centerx="184" centery="60" centerz="7" radius="5">
    <monster name="Rotworm" x="0" y="1" z="7" spawntime="60"/>
  </spawn>
  <spawn centerx="72" centery="61" centerz="7" radius="5">
    <monster name="Demon Skeleton" x="-4" y="-5" z="7" spawntime="60"/>
    <monster name="Wyrm" x="3" y="0" z="7" spawntime="60"/>
    <monster name="Demon Skeleton" x="-2" y="3" z="7" spawntime="60"/>
    <monster name="Wyrm" x="0" y="4" z="7" spawntime="60"/>
  </spawn>
  <spawn centerx="817" centery="61" centerz="7" radius="5">
    <monster name="Hitler" x="0" y="-5" z="7" spawntime="60"/>
    <monster name="Hitler" x="1" y="-3" z="7" spawntime="768"/>
    <monster name="Hitler" x="2" y="-3" z="7" spawntime="60"/>
    <monster name="Hitler" x="-3" y="-1" z="7" spawntime="60"/>
    <monster name="Hitler" x="-2" y="-1" z="7" spawntime="768"/>
    <monster name="Hitler" x="2" y="0" z="7" spawntime="768"/>
    <monster name="Hitler" x="3" y="0" z="7" spawntime="60"/>
    <monster name="Hitler" x="-3" y="2" z="7" spawntime="60"/>
    <monster name="Hitler" x="0" y="3" z="7" spawntime="60"/>
    <monster name="Hitler" x="2" y="4" z="7" spawntime="60"/>
  </spawn>
  <spawn centerx="875" centery="61" centerz="7" radius="5">
    <monster name="Judio" x="-2" y="-4" z="7" spawntime="60"/>
    <monster name="Judio" x="0" y="-4" z="7" spawntime="60"/>
    <monster name="Judio" x="4" y="-4" z="7" spawntime="60"/>
    <monster name="Hitler" x="0" y="-3" z="7" spawntime="60"/>
    <monster name="Hitler" x="1" y="-3" z="7" spawntime="60"/>
    <monster name="Judio" x="2" y="-3" z="7" spawntime="60"/>
    <monster name="Judio" x="-1" y="-2" z="7" spawntime="60"/>
    <monster name="Hitler" x="0" y="-2" z="7" spawntime="60"/>
    <monster name="Hitler" x="2" y="-2" z="7" spawntime="60"/>
    <monster name="Hitler" x="4" y="-2" z="7" spawntime="60"/>
    <monster name="Judio" x="-3" y="-1" z="7" spawntime="60"/>
    <monster name="Judio" x="1" y="-1" z="7" spawntime="60"/>
    <monster name="Judio" x="3" y="-1" z="7" spawntime="60"/>
    <monster name="Judio" x="-4" y="0" z="7" spawntime="60"/>
    <monster name="Hitler" x="-2" y="0" z="7" spawntime="60"/>
    <monster name="Hitler" x="5" y="0" z="7" spawntime="60"/>
    <monster name="Hitler" x="-3" y="1" z="7" spawntime="60"/>
    <monster name="Judio" x="-1" y="1" z="7" spawntime="60"/>
    <monster name="Judio" x="2" y="1" z="7" spawntime="60"/>
    <monster name="Judio" x="4" y="1" z="7" spawntime="60"/>
    <monster name="Hitler" x="-4" y="2" z="7" spawntime="60"/>
    <monster name="Judio" x="-2" y="2" z="7" spawntime="60"/>
    <monster name="Judio" x="0" y="2" z="7" spawntime="60"/>
    <npc name="Paco qliao" x="1" y="2" z="7" spawntime="60"/>
    <monster name="Hitler" x="4" y="2" z="7" spawntime="60"/>
  </spawn>
  <spawn centerx="45" centery="62" centerz="7" radius="5">
    <monster name="Demon Skeleton" x="-4" y="-2" z="7" spawntime="60"/>
    <monster name="Wyrm" x="-4" y="0" z="7" spawntime="60"/>
    <monster name="Demon Skeleton" x="3" y="1" z="7" spawntime="60"/>
    <monster name="Wyrm" x="5" y="5" z="7" spawntime="60"/>
  </spawn>
  <spawn centerx="826" centery="62" centerz="7" radius="4">
    <monster name="Judio" x="-3" y="-2" z="7" spawntime="60"/>
    <monster name="Judio" x="-3" y="0" z="7" spawntime="60"/>
    <monster name="Judio" x="-3" y="2" z="7" spawntime="60"/>
    <monster name="Judio" x="-3" y="4" z="7" spawntime="60"/>
  </spawn>
  <spawn centerx="140" centery="63" centerz="7" radius="5">
    <monster name="Dog" x="-2" y="-4" z="7" spawntime="60"/>
    <npc name="Equipaments Seller" x="-2" y="0" z="7" spawntime="60"/>
    <monster name="Flamingo" x="0" y="1" z="7" spawntime="60"/>
  </spawn>
  <spawn centerx="248" centery="63" centerz="7" radius="5">
    <monster name="Ferumbras" x="-3" y="-1" z="7" spawntime="60"/>
    <monster name="Ferumbras" x="4" y="-1" z="7" spawntime="60"/>
  </spawn>
  <spawn centerx="659" centery="64" centerz="7" radius="5">
    <npc name="Paco qliao" x="4" y="-4" z="7" spawntime="60"/>
    <monster name="Aggrox Demon" x="-2" y="0" z="7" spawntime="60"/>
  </spawn>
  <spawn centerx="108" centery="67" centerz="7" radius="5">
    <monster name="Wolf" x="-1" y="-3" z="7" spawntime="60"/>
  </spawn>
  <spawn centerx="408" centery="67" centerz="7" radius="5">
    <monster name="Demon" x="2" y="-1" z="7" spawntime="60"/>
    <monster name="Demon" x="-1" y="1" z="7" spawntime="60"/>
  </spawn>
  <spawn centerx="853" centery="67" centerz="7" radius="5">
    <monster name="Hitler" x="-3" y="-3" z="7" spawntime="60"/>
    <monster name="Hitler" x="4" y="-3" z="7" spawntime="60"/>
    <monster name="Hitler" x="-4" y="-2" z="7" spawntime="60"/>
    <monster name="Hitler" x="-1" y="-2" z="7" spawntime="60"/>
    <monster name="Hitler" x="2" y="-2" z="7" spawntime="60"/>
    <monster name="Hitler" x="2" y="-1" z="7" spawntime="60"/>
    <monster name="Hitler" x="4" y="-1" z="7" spawntime="60"/>
    <monster name="Hitler" x="-4" y="1" z="7" spawntime="60"/>
    <monster name="Hitler" x="-3" y="1" z="7" spawntime="60"/>
    <monster name="Hitler" x="-2" y="1" z="7" spawntime="768"/>
    <monster name="Hitler" x="2" y="1" z="7" spawntime="60"/>
    <monster name="Hitler" x="3" y="1" z="7" spawntime="60"/>
    <monster name="Hitler" x="0" y="2" z="7" spawntime="60"/>
    <npc name="Paco qliao" x="-3" y="3" z="7" spawntime="60"/>
    <monster name="Hitler" x="3" y="3" z="7" spawntime="768"/>
    <monster name="Hitler" x="4" y="3" z="7" spawntime="60"/>
    <monster name="Hitler" x="-4" y="4" z="7" spawntime="60"/>
    <monster name="Hitler" x="-2" y="4" z="7" spawntime="60"/>
    <monster name="Hitler" x="1" y="4" z="7" spawntime="60"/>
  </spawn>
  <spawn centerx="835" centery="71" centerz="7" radius="5">
    <monster name="Hitler" x="-2" y="-5" z="7" spawntime="60"/>
    <monster name="Hitler" x="3" y="-4" z="7" spawntime="60"/>
    <monster name="Hitler" x="-3" y="-3" z="7" spawntime="60"/>
    <monster name="Hitler" x="0" y="-3" z="7" spawntime="60"/>
    <monster name="Hitler" x="-5" y="-2" z="7" spawntime="60"/>
    <monster name="Hitler" x="2" y="-1" z="7" spawntime="60"/>
    <monster name="Hitler" x="4" y="-1" z="7" spawntime="60"/>
    <monster name="Hitler" x="-3" y="0" z="7" spawntime="60"/>
    <monster name="Hitler" x="3" y="1" z="7" spawntime="60"/>
    <monster name="Hitler" x="-3" y="2" z="7" spawntime="60"/>
    <monster name="Hitler" x="0" y="2" z="7" spawntime="60"/>
  </spawn>
  <spawn centerx="872" centery="72" centerz="7" radius="5">
    <monster name="Hitler" x="-2" y="-5" z="7" spawntime="60"/>
    <monster name="Hitler" x="3" y="-5" z="7" spawntime="60"/>
    <monster name="Hitler" x="2" y="-4" z="7" spawntime="60"/>
    <monster name="Hitler" x="-4" y="-3" z="7" spawntime="60"/>
    <monster name="Hitler" x="4" y="-3" z="7" spawntime="60"/>
    <monster name="Hitler" x="-1" y="-2" z="7" spawntime="60"/>
    <monster name="Hitler" x="3" y="-1" z="7" spawntime="60"/>
    <monster name="Hitler" x="4" y="0" z="7" spawntime="60"/>
    <monster name="Hitler" x="-4" y="1" z="7" spawntime="60"/>
    <monster name="Hitler" x="-1" y="1" z="7" spawntime="60"/>
    <monster name="Hitler" x="2" y="1" z="7" spawntime="60"/>
  </spawn>
  <spawn centerx="57" centery="73" centerz="7" radius="5">
    <monster name="Demon Skeleton" x="1" y="-3" z="7" spawntime="60"/>
    <monster name="Wyrm" x="0" y="-1" z="7" spawntime="60"/>
    <monster name="Wyrm" x="3" y="0" z="7" spawntime="60"/>
  </spawn>
  <spawn centerx="75" centery="73" centerz="7" radius="5">
    <monster name="Wyrm" x="3" y="-3" z="7" spawntime="60"/>
    <monster name="Wyrm" x="-5" y="0" z="7" spawntime="60"/>
    <monster name="Wyrm" x="2" y="1" z="7" spawntime="60"/>
  </spawn>
  <spawn centerx="699" centery="73" centerz="7" radius="5">
    <monster name="Aggrox Constrictor" x="0" y="-3" z="7" spawntime="60"/>
    <npc name="Paco qliao" x="2" y="1" z="7" spawntime="60"/>
  </spawn>
  <spawn centerx="192" centery="75" centerz="7" radius="2">
    <npc name="Paco qliao" x="1" y="1" z="7" spawntime="60"/>
  </spawn>
  <spawn centerx="154" centery="76" centerz="7" radius="5">
    <monster name="Hunter" x="0" y="-1" z="7" spawntime="60"/>
    <monster name="Tarantula" x="4" y="1" z="7" spawntime="60"/>
    <monster name="Tarantula" x="0" y="2" z="7" spawntime="60"/>
  </spawn>
  <spawn centerx="202" centery="76" centerz="7" radius="5">
    <monster name="Morgaroth" x="0" y="2" z="7" spawntime="60"/>
  </spawn>
  <spawn centerx="3" centery="78" centerz="7" radius="5">
    <npc name="Don Zafrada" x="4" y="0" z="7" spawntime="60"/>
    <npc name="Don Zafrada" x="2" y="4" z="7" spawntime="60"/>
  </spawn>
  <spawn centerx="885" centery="78" centerz="7" radius="5">
    <monster name="Hitler" x="4" y="-5" z="7" spawntime="60"/>
    <monster name="Judio" x="1" y="-4" z="7" spawntime="60"/>
    <monster name="Hitler" x="5" y="-3" z="7" spawntime="60"/>
    <npc name="Paco qliao" x="-1" y="-2" z="7" spawntime="60"/>
    <monster name="Hitler" x="0" y="-2" z="7" spawntime="60"/>
    <monster name="Judio" x="-1" y="-1" z="7" spawntime="60"/>
    <monster name="Judio" x="1" y="-1" z="7" spawntime="60"/>
    <monster name="Judio" x="2" y="-1" z="7" spawntime="60"/>
    <monster name="Judio" x="3" y="0" z="7" spawntime="60"/>
    <monster name="Hitler" x="5" y="0" z="7" spawntime="60"/>
    <monster name="Judio" x="-1" y="1" z="7" spawntime="60"/>
    <monster name="Hitler" x="2" y="1" z="7" spawntime="60"/>
    <monster name="Judio" x="-4" y="2" z="7" spawntime="60"/>
    <monster name="Hitler" x="1" y="2" z="7" spawntime="60"/>
    <monster name="Judio" x="3" y="2" z="7" spawntime="60"/>
    <monster name="Judio" x="0" y="3" z="7" spawntime="60"/>
    <monster name="Hitler" x="5" y="3" z="7" spawntime="60"/>
    <monster name="Judio" x="-1" y="4" z="7" spawntime="60"/>
    <monster name="Hitler" x="1" y="4" z="7" spawntime="60"/>
  </spawn>
  <spawn centerx="823" centery="79" centerz="7" radius="5">
    <monster name="Hitler" x="-5" y="-4" z="7" spawntime="60"/>
    <monster name="Judio" x="0" y="-3" z="7" spawntime="60"/>
    <monster name="Judio" x="2" y="-3" z="7" spawntime="60"/>
    <monster name="Judio" x="-2" y="-2" z="7" spawntime="60"/>
    <monster name="Judio" x="-1" y="-2" z="7" spawntime="60"/>
    <monster name="Judio" x="0" y="-2" z="7" spawntime="60"/>
    <monster name="Judio" x="1" y="-2" z="7" spawntime="60"/>
    <monster name="Hitler" x="-5" y="-1" z="7" spawntime="60"/>
    <monster name="Judio" x="-2" y="-1" z="7" spawntime="60"/>
    <monster name="Judio" x="1" y="-1" z="7" spawntime="60"/>
    <monster name="Judio" x="4" y="-1" z="7" spawntime="60"/>
    <monster name="Judio" x="0" y="0" z="7" spawntime="60"/>
    <monster name="Judio" x="2" y="0" z="7" spawntime="60"/>
    <monster name="Hitler" x="-2" y="1" z="7" spawntime="768"/>
    <monster name="Hitler" x="-1" y="1" z="7" spawntime="60"/>
    <monster name="Judio" x="4" y="1" z="7" spawntime="60"/>
    <monster name="Judio" x="-2" y="2" z="7" spawntime="60"/>
    <monster name="Judio" x="1" y="2" z="7" spawntime="60"/>
    <monster name="Hitler" x="-5" y="3" z="7" spawntime="60"/>
    <monster name="Judio" x="-1" y="3" z="7" spawntime="60"/>
    <monster name="Judio" x="0" y="3" z="7" spawntime="60"/>
    <monster name="Judio" x="2" y="3" z="7" spawntime="60"/>
    <monster name="Hitler" x="0" y="5" z="7" spawntime="60"/>
  </spawn>
  <spawn centerx="844" centery="79" centerz="7" radius="5">
    <monster name="Judio" x="-4" y="-1" z="7" spawntime="60"/>
    <monster name="Judio" x="-2" y="-1" z="7" spawntime="60"/>
    <monster name="Judio" x="2" y="-1" z="7" spawntime="60"/>
    <monster name="Judio" x="4" y="-1" z="7" spawntime="60"/>
    <monster name="Judio" x="-4" y="1" z="7" spawntime="60"/>
    <monster name="Judio" x="-1" y="1" z="7" spawntime="60"/>
    <monster name="Judio" x="2" y="1" z="7" spawntime="60"/>
    <monster name="Judio" x="5" y="1" z="7" spawntime="60"/>
  </spawn>
  <spawn centerx="871" centery="79" centerz="7" radius="5">
    <monster name="Judio" x="-5" y="-1" z="7" spawntime="60"/>
    <monster name="Judio" x="-2" y="-1" z="7" spawntime="60"/>
    <monster name="Judio" x="1" y="-1" z="7" spawntime="60"/>
    <monster name="Judio" x="4" y="-1" z="7" spawntime="60"/>
    <monster name="Judio" x="-5" y="1" z="7" spawntime="60"/>
    <monster name="Judio" x="-3" y="1" z="7" spawntime="60"/>
    <monster name="Judio" x="-1" y="1" z="7" spawntime="60"/>
    <monster name="Judio" x="1" y="1" z="7" spawntime="60"/>
    <monster name="Judio" x="4" y="1" z="7" spawntime="60"/>
  </spawn>
  <spawn centerx="134" centery="80" centerz="7" radius="5">
    <monster name="Hunter" x="4" y="-3" z="7" spawntime="60"/>
    <monster name="Tarantula" x="-3" y="0" z="7" spawntime="60"/>
    <monster name="Tarantula" x="3" y="0" z="7" spawntime="60"/>
    <monster name="Tarantula" x="-2" y="4" z="7" spawntime="60"/>
  </spawn>
  <spawn centerx="103" centery="81" centerz="7" radius="5">
    <monster name="Stone Golem" x="-1" y="2" z="7" spawntime="60"/>
    <monster name="Cyclops Smith" x="-1" y="3" z="7" spawntime="60"/>
    <monster name="Cyclops Drone" x="4" y="3" z="7" spawntime="60"/>
  </spawn>
  <spawn centerx="167" centery="81" centerz="7" radius="5">
    <monster name="Tarantula" x="0" y="-4" z="7" spawntime="60"/>
    <monster name="Tarantula" x="1" y="1" z="7" spawntime="60"/>
    <monster name="Tarantula" x="0" y="2" z="7" spawntime="60"/>
    <monster name="Hunter" x="2" y="2" z="7" spawntime="60"/>
    <monster name="Tarantula" x="-3" y="4" z="7" spawntime="60"/>
  </spawn>
  <spawn centerx="118" centery="82" centerz="7" radius="5">
    <monster name="Stone Golem" x="0" y="-3" z="7" spawntime="60"/>
    <monster name="Cyclops Smith" x="-4" y="1" z="7" spawntime="60"/>
    <monster name="Cyclops Drone" x="3" y="2" z="7" spawntime="60"/>
  </spawn>
  <spawn centerx="3" centery="88" centerz="7" radius="5">
    <npc name="Don Zafrada" x="2" y="0" z="7" spawntime="60"/>
  </spawn>
  <spawn centerx="155" centery="90" centerz="7" radius="5">
    <monster name="Tarantula" x="2" y="-4" z="7" spawntime="60"/>
    <monster name="Tarantula" x="-3" y="4" z="7" spawntime="60"/>
    <npc name="Paco qliao" x="0" y="5" z="7" spawntime="60"/>
  </spawn>
  <spawn centerx="363" centery="92" centerz="7" radius="8">
    <monster name="Medusa" x="-8" y="-4" z="7" spawntime="60"/>
    <monster name="Medusa" x="0" y="-4" z="7" spawntime="60"/>
    <monster name="Medusa" x="2" y="-2" z="7" spawntime="60"/>
    <monster name="Medusa" x="-8" y="0" z="7" spawntime="60"/>
    <monster name="Medusa" x="-2" y="2" z="7" spawntime="60"/>
    <monster name="Medusa" x="3" y="3" z="7" spawntime="60"/>
    <monster name="Medusa" x="-5" y="4" z="7" spawntime="60"/>
    <monster name="Medusa" x="0" y="5" z="7" spawntime="60"/>
  </spawn>
  <spawn centerx="97" centery="94" centerz="7" radius="5">
    <monster name="Giant Spider" x="2" y="0" z="7" spawntime="60"/>
    <monster name="Earth Elemental" x="0" y="1" z="7" spawntime="60"/>
  </spawn>
  <spawn centerx="349" centery="94" centerz="7" radius="8">
    <monster name="Medusa" x="4" y="-2" z="7" spawntime="60"/>
    <monster name="Medusa" x="0" y="3" z="7" spawntime="60"/>
    <monster name="Medusa" x="-1" y="5" z="7" spawntime="60"/>
  </spawn>
  <spawn centerx="142" centery="95" centerz="7" radius="5">
    <monster name="Thornback Tortoise" x="-4" y="-3" z="7" spawntime="60"/>
    <monster name="Tarantula" x="-2" y="-2" z="7" spawntime="60"/>
    <monster name="Tarantula" x="2" y="-1" z="7" spawntime="60"/>
    <monster name="Hunter" x="-2" y="0" z="7" spawntime="60"/>
    <monster name="Hunter" x="4" y="1" z="7" spawntime="60"/>
    <monster name="Tarantula" x="-2" y="2" z="7" spawntime="60"/>
    <monster name="Thornback Tortoise" x="0" y="2" z="7" spawntime="60"/>
  </spawn>
  <spawn centerx="78" centery="96" centerz="7" radius="5">
    <monster name="Giant Spider" x="-1" y="0" z="7" spawntime="60"/>
  </spawn>
  <spawn centerx="112" centery="96" centerz="7" radius="5">
    <monster name="Cyclops Drone" x="1" y="-3" z="7" spawntime="60"/>
    <monster name="Stone Golem" x="-4" y="2" z="7" spawntime="60"/>
  </spawn>
  <spawn centerx="176" centery="99" centerz="7" radius="2">
    <npc name="Paco qliao" x="-1" y="2" z="7" spawntime="60"/>
  </spawn>
  <spawn centerx="128" centery="100" centerz="7" radius="5">
    <monster name="Tarantula" x="1" y="-5" z="7" spawntime="60"/>
    <monster name="Thornback Tortoise" x="-1" y="0" z="7" spawntime="60"/>
    <monster name="Hunter" x="-2" y="2" z="7" spawntime="60"/>
    <monster name="Tarantula" x="5" y="3" z="7" spawntime="60"/>
  </spawn>
  <spawn centerx="95" centery="103" centerz="7" radius="5">
    <monster name="Bog Raider" x="2" y="-2" z="7" spawntime="60"/>
    <monster name="Giant Spider" x="-2" y="-1" z="7" spawntime="60"/>
    <monster name="Earth Elemental" x="0" y="-1" z="7" spawntime="60"/>
    <monster name="Dragon" x="3" y="5" z="7" spawntime="60"/>
  </spawn>
  <spawn centerx="80" centery="104" centerz="7" radius="5">
    <monster name="Giant Spider" x="-3" y="0" z="7" spawntime="60"/>
    <monster name="Earth Elemental" x="-2" y="1" z="7" spawntime="60"/>
    <monster name="Bog Raider" x="-1" y="2" z="7" spawntime="60"/>
  </spawn>
  <spawn centerx="361" centery="105" centerz="7" radius="8">
    <monster name="Medusa" x="-2" y="-3" z="7" spawntime="60"/>
    <monster name="Medusa" x="-3" y="5" z="7" spawntime="60"/>
    <monster name="Medusa" x="5" y="6" z="7" spawntime="60"/>
  </spawn>
  <spawn centerx="105" centery="106" centerz="7" radius="5">
    <monster name="Dragon Hatchling" x="-3" y="2" z="7" spawntime="60"/>
    <monster name="Dragon Hatchling" x="5" y="5" z="7" spawntime="60"/>
  </spawn>
  <spawn centerx="391" centery="107" centerz="7" radius="1">
    <npc name="Soft Boots Seller" x="1" y="1" z="7" spawntime="60"/>
  </spawn>
  <spawn centerx="32" centery="108" centerz="7" radius="5">
    <monster name="Earth Elemental" x="-1" y="0" z="7" spawntime="60"/>
    <monster name="Giant Spider" x="-2" y="1" z="7" spawntime="60"/>
    <monster name="Bog Raider" x="-2" y="2" z="7" spawntime="60"/>
  </spawn>
  <spawn centerx="350" centery="108" centerz="7" radius="8">
    <monster name="Medusa" x="-6" y="0" z="7" spawntime="60"/>
  </spawn>
  <spawn centerx="528" centery="108" centerz="7" radius="5">
    <monster name="Whatafuck" x="-2" y="-1" z="7" spawntime="60"/>
    <monster name="Whatafuck" x="3" y="0" z="7" spawntime="60"/>
    <monster name="Whatafuck" x="-3" y="1" z="7" spawntime="60"/>
    <monster name="Whatafuck" x="5" y="1" z="7" spawntime="60"/>
    <monster name="Whatafuck" x="-3" y="3" z="7" spawntime="60"/>
    <monster name="Whatafuck" x="1" y="3" z="7" spawntime="60"/>
    <monster name="Whatafuck" x="0" y="5" z="7" spawntime="60"/>
  </spawn>
  <spawn centerx="335" centery="109" centerz="7" radius="8">
    <monster name="Medusa" x="-1" y="2" z="7" spawntime="60"/>
  </spawn>
  <spawn centerx="544" centery="110" centerz="7" radius="5">
    <monster name="Whatafuck" x="-3" y="-3" z="7" spawntime="60"/>
    <monster name="Whatafuck" x="-2" y="1" z="7" spawntime="60"/>
    <monster name="Whatafuck" x="2" y="2" z="7" spawntime="60"/>
    <monster name="Whatafuck" x="0" y="4" z="7" spawntime="60"/>
    <monster name="Whatafuck" x="4" y="4" z="7" spawntime="60"/>
  </spawn>
  <spawn centerx="155" centery="112" centerz="7" radius="5">
    <monster name="Minotaur archer" x="4" y="0" z="7" spawntime="60"/>
    <monster name="Minotaur archer" x="-3" y="2" z="7" spawntime="60"/>
    <monster name="Minotaur archer" x="4" y="4" z="7" spawntime="60"/>
  </spawn>
  <spawn centerx="74" centery="117" centerz="7" radius="5">
    <monster name="Giant Spider" x="1" y="-1" z="7" spawntime="60"/>
    <monster name="Bog Raider" x="1" y="1" z="7" spawntime="60"/>
    <monster name="Earth Elemental" x="3" y="1" z="7" spawntime="60"/>
  </spawn>
  <spawn centerx="111" centery="117" centerz="7" radius="5">
    <monster name="Dragon" x="2" y="-3" z="7" spawntime="60"/>
    <monster name="Dragon" x="-1" y="0" z="7" spawntime="60"/>
    <monster name="Dragon Hatchling" x="-4" y="3" z="7" spawntime="60"/>
    <monster name="Dragon" x="-5" y="5" z="7" spawntime="60"/>
  </spawn>
  <spawn centerx="168" centery="117" centerz="7" radius="5">
    <monster name="Behemoth" x="0" y="-3" z="7" spawntime="60"/>
    <monster name="Behemoth" x="-3" y="0" z="7" spawntime="60"/>
    <monster name="Behemoth" x="2" y="0" z="7" spawntime="60"/>
    <monster name="Behemoth" x="-2" y="5" z="7" spawntime="60"/>
    <monster name="Behemoth" x="3" y="5" z="7" spawntime="60"/>
  </spawn>
  <spawn centerx="362" centery="117" centerz="7" radius="8">
    <monster name="Medusa" x="-2" y="-3" z="7" spawntime="60"/>
    <monster name="Medusa" x="-3" y="2" z="7" spawntime="60"/>
  </spawn>
  <spawn centerx="30" centery="118" centerz="7" radius="5">
    <monster name="Bog Raider" x="0" y="-1" z="7" spawntime="60"/>
    <monster name="Earth Elemental" x="2" y="-1" z="7" spawntime="60"/>
    <monster name="Earth Elemental" x="1" y="1" z="7" spawntime="60"/>
    <monster name="Giant Spider" x="2" y="2" z="7" spawntime="60"/>
  </spawn>
  <spawn centerx="91" centery="118" centerz="7" radius="5">
    <monster name="Earth Elemental" x="-1" y="-2" z="7" spawntime="60"/>
    <monster name="Giant Spider" x="0" y="0" z="7" spawntime="60"/>
    <monster name="Bog Raider" x="-3" y="2" z="7" spawntime="60"/>
  </spawn>
  <spawn centerx="348" centery="119" centerz="7" radius="8">
    <monster name="Medusa" x="-3" y="-1" z="7" spawntime="60"/>
    <monster name="Medusa" x="-3" y="2" z="7" spawntime="60"/>
    <monster name="Medusa" x="4" y="4" z="7" spawntime="60"/>
  </spawn>
  <spawn centerx="486" centery="119" centerz="7" radius="1">
    <npc name="señorito cizarro" x="-1" y="0" z="7" spawntime="60"/>
  </spawn>
  <spawn centerx="56" centery="120" centerz="7" radius="5">
    <monster name="Earth Elemental" x="2" y="1" z="7" spawntime="60"/>
    <monster name="Giant Spider" x="-3" y="2" z="7" spawntime="60"/>
    <monster name="Bog Raider" x="1" y="2" z="7" spawntime="60"/>
  </spawn>
  <spawn centerx="335" centery="120" centerz="7" radius="8"/>
  <spawn centerx="522" centery="120" centerz="7" radius="5">
    <monster name="Whatafuck" x="0" y="-4" z="7" spawntime="60"/>
    <monster name="Whatafuck" x="-3" y="-2" z="7" spawntime="60"/>
    <monster name="Whatafuck" x="3" y="-2" z="7" spawntime="60"/>
    <monster name="Whatafuck" x="-2" y="0" z="7" spawntime="60"/>
    <monster name="Whatafuck" x="0" y="0" z="7" spawntime="60"/>
    <monster name="Whatafuck" x="3" y="1" z="7" spawntime="60"/>
    <monster name="Whatafuck" x="-3" y="3" z="7" spawntime="60"/>
    <monster name="Whatafuck" x="1" y="3" z="7" spawntime="60"/>
    <monster name="Whatafuck" x="3" y="4" z="7" spawntime="60"/>
  </spawn>
  <spawn centerx="374" centery="121" centerz="7" radius="8">
    <monster name="Medusa" x="-3" y="4" z="7" spawntime="60"/>
  </spawn>
  <spawn centerx="44" centery="122" centerz="7" radius="5">
    <monster name="Giant Spider" x="0" y="1" z="7" spawntime="60"/>
    <monster name="Bog Raider" x="-1" y="2" z="7" spawntime="60"/>
    <monster name="Earth Elemental" x="3" y="2" z="7" spawntime="60"/>
  </spawn>
  <spawn centerx="159" centery="122" centerz="7" radius="5">
    <monster name="Behemoth" x="-3" y="-1" z="7" spawntime="60"/>
    <monster name="Behemoth" x="1" y="-1" z="7" spawntime="60"/>
    <monster name="Behemoth" x="-4" y="2" z="7" spawntime="60"/>
    <monster name="Behemoth" x="1" y="2" z="7" spawntime="60"/>
    <monster name="Behemoth" x="5" y="2" z="7" spawntime="60"/>
    <monster name="Minotaur archer" x="-5" y="4" z="7" spawntime="60"/>
  </spawn>
  <spawn centerx="140" centery="123" centerz="7" radius="5">
    <monster name="Minotaur archer" x="1" y="-2" z="7" spawntime="60"/>
    <monster name="Minotaur archer" x="4" y="1" z="7" spawntime="60"/>
    <monster name="Minotaur archer" x="-1" y="2" z="7" spawntime="60"/>
  </spawn>
  <spawn centerx="533" centery="125" centerz="7" radius="5">
    <monster name="Whatafuck" x="2" y="-2" z="7" spawntime="60"/>
    <monster name="Whatafuck" x="-2" y="-1" z="7" spawntime="60"/>
    <monster name="Whatafuck" x="2" y="0" z="7" spawntime="60"/>
    <monster name="Whatafuck" x="0" y="3" z="7" spawntime="60"/>
    <monster name="Whatafuck" x="4" y="3" z="7" spawntime="60"/>
  </spawn>
  <spawn centerx="544" centery="127" centerz="7" radius="5">
    <monster name="Whatafuck" x="-1" y="-4" z="7" spawntime="60"/>
    <monster name="Whatafuck" x="2" y="-3" z="7" spawntime="60"/>
    <monster name="Whatafuck" x="-5" y="-2" z="7" spawntime="60"/>
    <monster name="Whatafuck" x="-2" y="-1" z="7" spawntime="60"/>
    <monster name="Whatafuck" x="2" y="1" z="7" spawntime="60"/>
    <monster name="Whatafuck" x="-2" y="2" z="7" spawntime="60"/>
  </spawn>
  <spawn centerx="82" centery="128" centerz="7" radius="5">
    <monster name="Bog Raider" x="-2" y="-1" z="7" spawntime="60"/>
    <monster name="Earth Elemental" x="2" y="-1" z="7" spawntime="60"/>
    <monster name="Giant Spider" x="-1" y="2" z="7" spawntime="60"/>
  </spawn>
  <spawn centerx="375" centery="128" centerz="7" radius="8"/>
  <spawn centerx="1050" centery="128" centerz="7" radius="5">
    <monster name="Mafiry" x="0" y="-5" z="7" spawntime="60"/>
    <monster name="Mafiry" x="1" y="-3" z="7" spawntime="60"/>
    <monster name="Mafiry" x="0" y="-2" z="7" spawntime="60"/>
    <monster name="Mafiry" x="-1" y="-1" z="7" spawntime="60"/>
    <monster name="Mafiry" x="1" y="1" z="7" spawntime="60"/>
    <monster name="Mafiry" x="-2" y="2" z="7" spawntime="60"/>
    <monster name="Mafiry" x="0" y="2" z="7" spawntime="60"/>
    <monster name="Mafiry" x="-1" y="4" z="7" spawntime="60"/>
    <monster name="Mafiry" x="-3" y="5" z="7" spawntime="60"/>
  </spawn>
  <spawn centerx="36" centery="130" centerz="7" radius="5">
    <monster name="Giant Spider" x="-1" y="-1" z="7" spawntime="60"/>
    <monster name="Bog Raider" x="2" y="-1" z="7" spawntime="60"/>
    <monster name="Earth Elemental" x="-2" y="0" z="7" spawntime="60"/>
  </spawn>
  <spawn centerx="1035" centery="130" centerz="7" radius="5">
    <monster name="Mafiry" x="-1" y="-3" z="7" spawntime="60"/>
    <monster name="Mafiry" x="-3" y="-1" z="7" spawntime="60"/>
    <monster name="Mafiry" x="-1" y="-1" z="7" spawntime="60"/>
    <monster name="Mafiry" x="1" y="0" z="7" spawntime="60"/>
    <monster name="Mafiry" x="-4" y="1" z="7" spawntime="60"/>
    <monster name="Mafiry" x="-5" y="2" z="7" spawntime="60"/>
    <monster name="Mafiry" x="1" y="2" z="7" spawntime="60"/>
    <monster name="Mafiry" x="1" y="4" z="7" spawntime="60"/>
    <monster name="Mafiry" x="4" y="4" z="7" spawntime="60"/>
    <monster name="Mafiry" x="2" y="5" z="7" spawntime="60"/>
    <monster name="Mafiry" x="5" y="5" z="7" spawntime="60"/>
  </spawn>
  <spawn centerx="67" centery="131" centerz="7" radius="5">
    <monster name="Giant Spider" x="-1" y="-1" z="7" spawntime="60"/>
    <monster name="Bog Raider" x="0" y="1" z="7" spawntime="60"/>
    <monster name="Earth Elemental" x="1" y="2" z="7" spawntime="60"/>
  </spawn>
  <spawn centerx="107" centery="131" centerz="7" radius="5">
    <monster name="Dragon" x="0" y="-2" z="7" spawntime="60"/>
    <monster name="Dragon Hatchling" x="-2" y="2" z="7" spawntime="60"/>
    <monster name="Dragon" x="-4" y="4" z="7" spawntime="60"/>
  </spawn>
  <spawn centerx="358" centery="132" centerz="7" radius="8">
    <monster name="Medusa" x="5" y="-5" z="7" spawntime="60"/>
    <monster name="Medusa" x="-3" y="-3" z="7" spawntime="60"/>
    <monster name="Medusa" x="8" y="5" z="7" spawntime="60"/>
  </spawn>
  <spawn centerx="52" centery="133" centerz="7" radius="5">
    <monster name="Bog Raider" x="2" y="0" z="7" spawntime="60"/>
    <monster name="Earth Elemental" x="-1" y="1" z="7" spawntime="60"/>
    <monster name="Giant Spider" x="1" y="3" z="7" spawntime="60"/>
  </spawn>
  <spawn centerx="524" centery="133" centerz="7" radius="5">
    <monster name="Whatafuck" x="-3" y="-5" z="7" spawntime="60"/>
    <monster name="Whatafuck" x="1" y="-4" z="7" spawntime="60"/>
    <monster name="Whatafuck" x="-2" y="-2" z="7" spawntime="60"/>
    <monster name="Whatafuck" x="2" y="0" z="7" spawntime="60"/>
    <monster name="Whatafuck" x="-3" y="2" z="7" spawntime="60"/>
    <monster name="Whatafuck" x="2" y="4" z="7" spawntime="60"/>
    <monster name="Whatafuck" x="5" y="4" z="7" spawntime="60"/>
    <monster name="Whatafuck" x="-3" y="5" z="7" spawntime="60"/>
  </spawn>
  <spawn centerx="96" centery="137" centerz="7" radius="5">
    <monster name="Dragon" x="3" y="-5" z="7" spawntime="60"/>
    <monster name="Dragon" x="-1" y="0" z="7" spawntime="60"/>
    <monster name="Dragon Hatchling" x="3" y="0" z="7" spawntime="60"/>
    <monster name="Dragon Hatchling" x="-4" y="2" z="7" spawntime="60"/>
    <monster name="Dragon" x="1" y="3" z="7" spawntime="60"/>
  </spawn>
  <spawn centerx="1027" centery="137" centerz="7" radius="5">
    <monster name="Mafiry" x="2" y="-3" z="7" spawntime="60"/>
    <monster name="Mafiry" x="1" y="-2" z="7" spawntime="60"/>
    <monster name="Mafiry" x="2" y="0" z="7" spawntime="60"/>
    <monster name="Mafiry" x="-1" y="1" z="7" spawntime="60"/>
    <monster name="Mafiry" x="-3" y="2" z="7" spawntime="60"/>
    <monster name="Mafiry" x="0" y="2" z="7" spawntime="60"/>
    <monster name="Mafiry" x="-4" y="3" z="7" spawntime="60"/>
  </spawn>
  <spawn centerx="1043" centery="137" centerz="7" radius="5">
    <monster name="Mafiry" x="5" y="-3" z="7" spawntime="60"/>
    <monster name="Mafiry" x="2" y="-2" z="7" spawntime="60"/>
    <monster name="Mafiry" x="0" y="-1" z="7" spawntime="60"/>
    <monster name="Mafiry" x="1" y="-1" z="7" spawntime="60"/>
    <monster name="Mafiry" x="4" y="-1" z="7" spawntime="60"/>
    <monster name="Mafiry" x="-2" y="0" z="7" spawntime="60"/>
    <monster name="Mafiry" x="0" y="1" z="7" spawntime="60"/>
    <monster name="Mafiry" x="2" y="1" z="7" spawntime="60"/>
    <monster name="Mafiry" x="2" y="4" z="7" spawntime="60"/>
  </spawn>
  <spawn centerx="390" centery="138" centerz="7" radius="1">
    <npc name="Addoner quest" x="0" y="-1" z="7" spawntime="60"/>
  </spawn>
  <spawn centerx="1009" centery="138" centerz="7" radius="5">
    <monster name="Mafiry" x="-1" y="-1" z="7" spawntime="60"/>
    <monster name="Mafiry" x="2" y="0" z="7" spawntime="60"/>
    <monster name="Mafiry" x="4" y="2" z="7" spawntime="60"/>
    <monster name="Mafiry" x="2" y="3" z="7" spawntime="60"/>
    <monster name="Mafiry" x="4" y="4" z="7" spawntime="60"/>
  </spawn>
  <spawn centerx="510" centery="139" centerz="7" radius="5">
    <monster name="Whatafuck" x="-1" y="-3" z="7" spawntime="60"/>
    <monster name="Whatafuck" x="-4" y="-2" z="7" spawntime="60"/>
    <monster name="Whatafuck" x="4" y="-1" z="7" spawntime="60"/>
    <monster name="Whatafuck" x="-2" y="1" z="7" spawntime="60"/>
    <monster name="Whatafuck" x="-4" y="2" z="7" spawntime="60"/>
    <monster name="Whatafuck" x="-1" y="5" z="7" spawntime="60"/>
  </spawn>
  <spawn centerx="1019" centery="141" centerz="7" radius="5">
    <monster name="Mafiry" x="-2" y="-1" z="7" spawntime="60"/>
    <monster name="Mafiry" x="2" y="-1" z="7" spawntime="60"/>
    <monster name="Mafiry" x="-4" y="0" z="7" spawntime="60"/>
    <monster name="Mafiry" x="-5" y="5" z="7" spawntime="60"/>
    <monster name="Mafiry" x="-3" y="5" z="7" spawntime="60"/>
  </spawn>
  <spawn centerx="348" centery="143" centerz="7" radius="8">
    <monster name="Medusa" x="-1" y="-5" z="7" spawntime="60"/>
  </spawn>
  <spawn centerx="367" centery="143" centerz="7" radius="8">
    <monster name="Medusa" x="1" y="-1" z="7" spawntime="60"/>
    <monster name="Medusa" x="2" y="0" z="7" spawntime="60"/>
  </spawn>
  <spawn centerx="131" centery="145" centerz="7" radius="5">
    <monster name="Orc Shaman" x="-4" y="-4" z="7" spawntime="60"/>
    <monster name="Orc Berserker" x="-2" y="-4" z="7" spawntime="60"/>
    <monster name="Orc Warrior" x="-1" y="-4" z="7" spawntime="60"/>
    <monster name="Orc Berserker" x="3" y="-4" z="7" spawntime="60"/>
    <monster name="Orc Leader" x="-4" y="1" z="7" spawntime="60"/>
    <monster name="Orc Warrior" x="3" y="1" z="7" spawntime="60"/>
    <monster name="Orc Warrior" x="-4" y="2" z="7" spawntime="60"/>
    <monster name="Orc Shaman" x="4" y="2" z="7" spawntime="60"/>
    <monster name="Orc Berserker" x="3" y="3" z="7" spawntime="60"/>
    <monster name="Orc Shaman" x="-2" y="4" z="7" spawntime="60"/>
  </spawn>
  <spawn centerx="532" centery="145" centerz="7" radius="5">
    <monster name="Whatafuck" x="-3" y="-5" z="7" spawntime="60"/>
    <monster name="Whatafuck" x="-4" y="-2" z="7" spawntime="60"/>
    <monster name="Whatafuck" x="-1" y="-1" z="7" spawntime="60"/>
    <monster name="Whatafuck" x="-4" y="1" z="7" spawntime="60"/>
    <monster name="Whatafuck" x="3" y="1" z="7" spawntime="60"/>
    <monster name="Whatafuck" x="-2" y="3" z="7" spawntime="60"/>
    <monster name="Whatafuck" x="3" y="3" z="7" spawntime="60"/>
    <monster name="Whatafuck" x="1" y="4" z="7" spawntime="60"/>
  </spawn>
  <spawn centerx="921" centery="145" centerz="7" radius="5">
    <monster name="The Punisher" x="-5" y="0" z="7" spawntime="60"/>
    <monster name="The Punisher" x="-1" y="0" z="7" spawntime="60"/>
    <monster name="The Punisher" x="3" y="0" z="7" spawntime="60"/>
    <monster name="The Punisher" x="5" y="1" z="7" spawntime="60"/>
    <monster name="The Punisher" x="-5" y="2" z="7" spawntime="60"/>
    <monster name="The Punisher" x="-3" y="2" z="7" spawntime="60"/>
    <monster name="The Punisher" x="0" y="2" z="7" spawntime="60"/>
    <monster name="The Punisher" x="3" y="2" z="7" spawntime="60"/>
    <monster name="The Punisher" x="-5" y="3" z="7" spawntime="60"/>
    <monster name="The Punisher" x="-3" y="3" z="7" spawntime="60"/>
    <monster name="The Punisher" x="-4" y="5" z="7" spawntime="60"/>
  </spawn>
  <spawn centerx="89" centery="146" centerz="7" radius="5">
    <monster name="Dragon" x="0" y="-5" z="7" spawntime="60"/>
    <monster name="Dragon" x="3" y="-3" z="7" spawntime="60"/>
    <monster name="Dragon Hatchling" x="0" y="-2" z="7" spawntime="60"/>
    <monster name="Dragon" x="-4" y="0" z="7" spawntime="60"/>
    <monster name="Dragon Hatchling" x="-4" y="3" z="7" spawntime="60"/>
    <monster name="Dragon" x="-5" y="4" z="7" spawntime="60"/>
    <monster name="Dragon" x="2" y="4" z="7" spawntime="60"/>
  </spawn>
  <spawn centerx="912" centery="146" centerz="7" radius="5">
    <monster name="The Punisher" x="-1" y="-1" z="7" spawntime="60"/>
    <monster name="The Punisher" x="-3" y="0" z="7" spawntime="60"/>
    <monster name="The Punisher" x="-1" y="1" z="7" spawntime="60"/>
    <monster name="The Punisher" x="1" y="1" z="7" spawntime="60"/>
    <monster name="The Punisher" x="-4" y="2" z="7" spawntime="60"/>
    <monster name="The Punisher" x="-2" y="2" z="7" spawntime="60"/>
    <monster name="The Punisher" x="0" y="2" z="7" spawntime="60"/>
    <monster name="The Punisher" x="2" y="3" z="7" spawntime="60"/>
    <monster name="The Punisher" x="-3" y="4" z="7" spawntime="60"/>
    <monster name="The Punisher" x="0" y="4" z="7" spawntime="60"/>
    <monster name="The Punisher" x="-1" y="5" z="7" spawntime="60"/>
    <monster name="The Punisher" x="4" y="5" z="7" spawntime="60"/>
  </spawn>
  <spawn centerx="931" centery="146" centerz="7" radius="5">
    <monster name="The Punisher" x="-3" y="-1" z="7" spawntime="60"/>
    <monster name="The Punisher" x="2" y="-1" z="7" spawntime="60"/>
    <monster name="The Punisher" x="-2" y="0" z="7" spawntime="60"/>
    <monster name="The Punisher" x="1" y="1" z="7" spawntime="60"/>
    <monster name="The Punisher" x="2" y="2" z="7" spawntime="60"/>
    <monster name="The Punisher" x="3" y="5" z="7" spawntime="60"/>
  </spawn>
  <spawn centerx="1049" centery="146" centerz="7" radius="5">
    <monster name="Mafiry" x="-1" y="-2" z="7" spawntime="60"/>
    <monster name="Mafiry" x="-1" y="0" z="7" spawntime="60"/>
    <monster name="Mafiry" x="0" y="2" z="7" spawntime="60"/>
    <monster name="Mafiry" x="-1" y="3" z="7" spawntime="60"/>
    <monster name="Mafiry" x="-2" y="5" z="7" spawntime="60"/>
  </spawn>
  <spawn centerx="1016" centery="147" centerz="7" radius="5">
    <monster name="Mafiry" x="-3" y="-3" z="7" spawntime="60"/>
    <monster name="Mafiry" x="0" y="2" z="7" spawntime="60"/>
    <monster name="Mafiry" x="1" y="2" z="7" spawntime="60"/>
    <monster name="Mafiry" x="2" y="3" z="7" spawntime="60"/>
    <monster name="Mafiry" x="4" y="3" z="7" spawntime="60"/>
  </spawn>
  <spawn centerx="258" centery="148" centerz="7" radius="20">
    <monster name="Grim Reaper" x="-13" y="-15" z="7" spawntime="60"/>
    <monster name="Grim Reaper" x="-5" y="-15" z="7" spawntime="60"/>
    <monster name="Grim Reaper" x="4" y="-15" z="7" spawntime="60"/>
    <monster name="Grim Reaper" x="13" y="-15" z="7" spawntime="60"/>
    <monster name="Grim Reaper" x="-9" y="-11" z="7" spawntime="60"/>
    <monster name="Grim Reaper" x="4" y="-11" z="7" spawntime="60"/>
    <monster name="Grim Reaper" x="13" y="-11" z="7" spawntime="60"/>
    <monster name="Grim Reaper" x="16" y="-11" z="7" spawntime="60"/>
    <monster name="Grim Reaper" x="-16" y="-10" z="7" spawntime="60"/>
    <monster name="Grim Reaper" x="-13" y="-8" z="7" spawntime="60"/>
    <monster name="Grim Reaper" x="17" y="-8" z="7" spawntime="60"/>
    <monster name="Grim Reaper" x="1" y="-7" z="7" spawntime="60"/>
    <monster name="Grim Reaper" x="13" y="-5" z="7" spawntime="60"/>
    <monster name="Grim Reaper" x="-18" y="-4" z="7" spawntime="60"/>
    <monster name="Grim Reaper" x="4" y="-4" z="7" spawntime="60"/>
    <monster name="Grim Reaper" x="-9" y="-3" z="7" spawntime="60"/>
    <monster name="Grim Reaper" x="-5" y="-3" z="7" spawntime="60"/>
    <monster name="Grim Reaper" x="-13" y="-2" z="7" spawntime="60"/>
    <monster name="Grim Reaper" x="8" y="-2" z="7" spawntime="60"/>
    <monster name="Grim Reaper" x="20" y="-2" z="7" spawntime="60"/>
    <monster name="Grim Reaper" x="3" y="1" z="7" spawntime="60"/>
    <monster name="Grim Reaper" x="12" y="1" z="7" spawntime="60"/>
    <monster name="Grim Reaper" x="20" y="2" z="7" spawntime="60"/>
    <monster name="Grim Reaper" x="-16" y="3" z="7" spawntime="60"/>
    <monster name="Grim Reaper" x="-13" y="4" z="7" spawntime="60"/>
    <monster name="Grim Reaper" x="-9" y="4" z="7" spawntime="60"/>
    <monster name="Grim Reaper" x="0" y="4" z="7" spawntime="60"/>
    <monster name="Grim Reaper" x="8" y="6" z="7" spawntime="60"/>
    <monster name="Grim Reaper" x="20" y="6" z="7" spawntime="60"/>
    <monster name="Grim Reaper" x="-18" y="8" z="7" spawntime="60"/>
    <monster name="Grim Reaper" x="4" y="8" z="7" spawntime="60"/>
    <monster name="Grim Reaper" x="-11" y="9" z="7" spawntime="60"/>
    <monster name="Grim Reaper" x="-3" y="9" z="7" spawntime="60"/>
    <monster name="Grim Reaper" x="8" y="10" z="7" spawntime="60"/>
    <monster name="Grim Reaper" x="20" y="10" z="7" spawntime="60"/>
    <monster name="Grim Reaper" x="0" y="12" z="7" spawntime="60"/>
    <monster name="Grim Reaper" x="-16" y="13" z="7" spawntime="60"/>
    <monster name="Grim Reaper" x="-8" y="13" z="7" spawntime="60"/>
    <monster name="Grim Reaper" x="-4" y="16" z="7" spawntime="60"/>
    <monster name="Grim Reaper" x="4" y="16" z="7" spawntime="60"/>
    <monster name="Grim Reaper" x="8" y="16" z="7" spawntime="60"/>
    <monster name="Grim Reaper" x="-8" y="17" z="7" spawntime="60"/>
    <monster name="Grim Reaper" x="15" y="17" z="7" spawntime="60"/>
    <monster name="Grim Reaper" x="0" y="19" z="7" spawntime="60"/>
  </spawn>
  <spawn centerx="430" centery="148" centerz="7" radius="5">
    <npc name="Promotion Seller" x="0" y="2" z="7" spawntime="60"/>
  </spawn>
  <spawn centerx="594" centery="148" centerz="7" radius="5">
    <monster name="Whatafuck" x="-5" y="0" z="7" spawntime="60"/>
  </spawn>
  <spawn centerx="512" centery="150" centerz="7" radius="5">
    <monster name="Whatafuck" x="-4" y="-2" z="7" spawntime="60"/>
    <monster name="Whatafuck" x="-1" y="-2" z="7" spawntime="60"/>
    <monster name="Whatafuck" x="-4" y="0" z="7" spawntime="60"/>
    <monster name="Whatafuck" x="-1" y="3" z="7" spawntime="60"/>
    <monster name="Whatafuck" x="2" y="3" z="7" spawntime="60"/>
    <monster name="Whatafuck" x="5" y="4" z="7" spawntime="60"/>
  </spawn>
  <spawn centerx="619" centery="150" centerz="7" radius="5">
    <monster name="Whatafuck" x="-1" y="0" z="7" spawntime="60"/>
  </spawn>
  <spawn centerx="1025" centery="150" centerz="7" radius="5">
    <monster name="Mafiry" x="-3" y="-1" z="7" spawntime="60"/>
    <monster name="Mafiry" x="-1" y="-1" z="7" spawntime="60"/>
    <monster name="Mafiry" x="-3" y="1" z="7" spawntime="60"/>
    <monster name="Mafiry" x="1" y="1" z="7" spawntime="60"/>
    <monster name="Mafiry" x="0" y="2" z="7" spawntime="60"/>
    <monster name="Mafiry" x="2" y="3" z="7" spawntime="60"/>
    <monster name="Mafiry" x="3" y="4" z="7" spawntime="60"/>
    <monster name="Mafiry" x="3" y="5" z="7" spawntime="60"/>
    <monster name="Mafiry" x="5" y="5" z="7" spawntime="60"/>
  </spawn>
  <spawn centerx="1037" centery="151" centerz="7" radius="5">
    <monster name="Mafiry" x="2" y="-5" z="7" spawntime="60"/>
    <monster name="Mafiry" x="0" y="-4" z="7" spawntime="60"/>
    <monster name="Mafiry" x="1" y="-3" z="7" spawntime="60"/>
    <monster name="Mafiry" x="0" y="-2" z="7" spawntime="60"/>
    <monster name="Mafiry" x="2" y="-1" z="7" spawntime="60"/>
    <monster name="Mafiry" x="1" y="0" z="7" spawntime="60"/>
    <monster name="Mafiry" x="0" y="1" z="7" spawntime="1024"/>
    <monster name="Mafiry" x="-2" y="2" z="7" spawntime="60"/>
    <monster name="Mafiry" x="0" y="2" z="7" spawntime="60"/>
    <monster name="Mafiry" x="-5" y="4" z="7" spawntime="60"/>
    <monster name="Mafiry" x="-3" y="4" z="7" spawntime="60"/>
  </spawn>
  <spawn centerx="835" centery="152" centerz="7" radius="5">
    <monster name="Saddam Hussein" x="-3" y="-1" z="7" spawntime="60"/>
    <monster name="Saddam Hussein" x="-1" y="-1" z="7" spawntime="60"/>
    <monster name="Saddam Hussein" x="2" y="-1" z="7" spawntime="60"/>
    <monster name="Saddam Hussein" x="5" y="-1" z="7" spawntime="60"/>
    <monster name="Saddam Hussein" x="-5" y="0" z="7" spawntime="60"/>
    <monster name="Saddam Hussein" x="0" y="1" z="7" spawntime="60"/>
    <monster name="Saddam Hussein" x="2" y="1" z="7" spawntime="60"/>
    <monster name="Saddam Hussein" x="4" y="1" z="7" spawntime="60"/>
    <monster name="Saddam Hussein" x="-3" y="2" z="7" spawntime="60"/>
    <monster name="Saddam Hussein" x="-1" y="3" z="7" spawntime="60"/>
    <monster name="Saddam Hussein" x="-5" y="4" z="7" spawntime="60"/>
  </spawn>
  <spawn centerx="809" centery="153" centerz="7" radius="5">
    <monster name="Saddam Hussein" x="-1" y="-4" z="7" spawntime="60"/>
    <monster name="Saddam Hussein" x="-2" y="-2" z="7" spawntime="60"/>
    <monster name="Saddam Hussein" x="1" y="-2" z="7" spawntime="60"/>
    <monster name="Saddam Hussein" x="4" y="-2" z="7" spawntime="60"/>
    <monster name="Saddam Hussein" x="-2" y="0" z="7" spawntime="60"/>
    <monster name="Saddam Hussein" x="1" y="0" z="7" spawntime="60"/>
    <monster name="Saddam Hussein" x="2" y="1" z="7" spawntime="60"/>
    <monster name="Saddam Hussein" x="0" y="2" z="7" spawntime="60"/>
    <monster name="Saddam Hussein" x="0" y="4" z="7" spawntime="60"/>
  </spawn>
  <spawn centerx="124" centery="154" centerz="7" radius="5">
    <monster name="Orc Leader" x="5" y="-2" z="7" spawntime="60"/>
    <monster name="Orc Warlord" x="-2" y="-1" z="7" spawntime="60"/>
    <monster name="Orc Warrior" x="-2" y="0" z="7" spawntime="60"/>
    <monster name="Orc Shaman" x="-1" y="0" z="7" spawntime="60"/>
    <monster name="Orc Shaman" x="3" y="0" z="7" spawntime="60"/>
    <monster name="Orc Warlord" x="-3" y="1" z="7" spawntime="60"/>
    <monster name="Orc Leader" x="1" y="1" z="7" spawntime="60"/>
    <monster name="Orc Warrior" x="4" y="1" z="7" spawntime="60"/>
  </spawn>
  <spawn centerx="948" centery="155" centerz="7" radius="5">
    <monster name="The Punisher" x="-2" y="-3" z="7" spawntime="60"/>
    <monster name="The Punisher" x="0" y="-3" z="7" spawntime="768"/>
    <monster name="The Punisher" x="2" y="-3" z="7" spawntime="60"/>
    <monster name="The Punisher" x="0" y="-2" z="7" spawntime="60"/>
    <monster name="The Punisher" x="4" y="-1" z="7" spawntime="60"/>
    <monster name="The Punisher" x="-3" y="0" z="7" spawntime="60"/>
    <monster name="The Punisher" x="1" y="0" z="7" spawntime="60"/>
    <monster name="The Punisher" x="-1" y="1" z="7" spawntime="768"/>
    <monster name="The Punisher" x="2" y="1" z="7" spawntime="60"/>
    <monster name="The Punisher" x="-3" y="2" z="7" spawntime="768"/>
    <monster name="The Punisher" x="-1" y="2" z="7" spawntime="60"/>
    <monster name="The Punisher" x="3" y="2" z="7" spawntime="60"/>
    <monster name="The Punisher" x="-3" y="3" z="7" spawntime="60"/>
    <monster name="The Punisher" x="4" y="3" z="7" spawntime="60"/>
    <monster name="The Punisher" x="0" y="4" z="7" spawntime="60"/>
    <monster name="The Punisher" x="3" y="4" z="7" spawntime="60"/>
  </spawn>
  <spawn centerx="962" centery="155" centerz="7" radius="5">
    <monster name="The Punisher" x="3" y="-4" z="7" spawntime="60"/>
    <monster name="The Punisher" x="1" y="-3" z="7" spawntime="60"/>
    <monster name="The Punisher" x="-3" y="-2" z="7" spawntime="60"/>
    <monster name="The Punisher" x="-1" y="-2" z="7" spawntime="60"/>
    <monster name="The Punisher" x="5" y="-2" z="7" spawntime="60"/>
    <monster name="The Punisher" x="-4" y="0" z="7" spawntime="60"/>
    <monster name="The Punisher" x="-2" y="0" z="7" spawntime="60"/>
    <monster name="The Punisher" x="3" y="0" z="7" spawntime="60"/>
    <monster name="The Punisher" x="1" y="1" z="7" spawntime="60"/>
    <monster name="The Punisher" x="-2" y="2" z="7" spawntime="60"/>
    <monster name="The Punisher" x="-4" y="3" z="7" spawntime="60"/>
    <monster name="The Punisher" x="0" y="3" z="7" spawntime="60"/>
    <monster name="The Punisher" x="3" y="3" z="7" spawntime="60"/>
  </spawn>
  <spawn centerx="922" centery="156" centerz="7" radius="5">
    <monster name="The Punisher" x="-2" y="0" z="7" spawntime="60"/>
    <monster name="The Punisher" x="4" y="0" z="7" spawntime="60"/>
    <monster name="The Punisher" x="-4" y="1" z="7" spawntime="60"/>
    <monster name="The Punisher" x="-1" y="2" z="7" spawntime="60"/>
  </spawn>
  <spawn centerx="1044" centery="156" centerz="7" radius="5">
    <monster name="Mafiry" x="2" y="-4" z="7" spawntime="60"/>
    <monster name="Mafiry" x="0" y="-3" z="7" spawntime="60"/>
    <monster name="Mafiry" x="2" y="-3" z="7" spawntime="60"/>
    <monster name="Mafiry" x="4" y="-3" z="7" spawntime="60"/>
    <monster name="Mafiry" x="1" y="-2" z="7" spawntime="60"/>
    <monster name="Mafiry" x="-1" y="-1" z="7" spawntime="60"/>
    <monster name="Mafiry" x="2" y="-1" z="7" spawntime="60"/>
  </spawn>
  <spawn centerx="195" centery="157" centerz="7" radius="5">
    <monster name="Hydra" x="1" y="-3" z="7" spawntime="60"/>
    <monster name="Bog Raider" x="2" y="-2" z="7" spawntime="60"/>
    <monster name="Haunted Treeling" x="-2" y="0" z="7" spawntime="60"/>
    <monster name="Hydra" x="-2" y="3" z="7" spawntime="60"/>
  </spawn>
  <spawn centerx="729" centery="157" centerz="7" radius="5">
    <monster name="Gorg Bosh" x="-4" y="-1" z="7" spawntime="60"/>
    <monster name="Gorg Bosh" x="-1" y="-1" z="7" spawntime="60"/>
    <monster name="Gorg Bosh" x="2" y="-1" z="7" spawntime="60"/>
    <monster name="Gorg Bosh" x="-5" y="0" z="7" spawntime="60"/>
    <monster name="Gorg Bosh" x="-2" y="0" z="7" spawntime="60"/>
    <monster name="Gorg Bosh" x="-5" y="2" z="7" spawntime="60"/>
  </spawn>
  <spawn centerx="934" centery="157" centerz="7" radius="5">
    <monster name="The Punisher" x="0" y="-4" z="7" spawntime="60"/>
    <monster name="The Punisher" x="0" y="-2" z="7" spawntime="60"/>
    <monster name="The Punisher" x="-1" y="0" z="7" spawntime="60"/>
    <monster name="The Punisher" x="0" y="2" z="7" spawntime="60"/>
    <monster name="The Punisher" x="-1" y="4" z="7" spawntime="60"/>
  </spawn>
  <spawn centerx="71" centery="158" centerz="7" radius="5">
    <npc name="Paco qliao" x="4" y="-4" z="7" spawntime="60"/>
    <monster name="Aioria" x="-1" y="-1" z="7" spawntime="60"/>
  </spawn>
  <spawn centerx="531" centery="159" centerz="7" radius="5">
    <monster name="Whatafuck" x="0" y="-4" z="7" spawntime="60"/>
    <monster name="Whatafuck" x="3" y="-3" z="7" spawntime="60"/>
    <monster name="Whatafuck" x="-2" y="-2" z="7" spawntime="60"/>
    <monster name="Whatafuck" x="4" y="-1" z="7" spawntime="60"/>
    <monster name="Whatafuck" x="-2" y="2" z="7" spawntime="60"/>
    <monster name="Whatafuck" x="3" y="2" z="7" spawntime="60"/>
  </spawn>
  <spawn centerx="1031" centery="159" centerz="7" radius="5">
    <monster name="Mafiry" x="-2" y="-2" z="7" spawntime="60"/>
    <monster name="Mafiry" x="0" y="-2" z="7" spawntime="60"/>
    <monster name="Mafiry" x="0" y="0" z="7" spawntime="60"/>
    <monster name="Mafiry" x="-1" y="2" z="7" spawntime="60"/>
    <monster name="Mafiry" x="1" y="2" z="7" spawntime="60"/>
    <monster name="Mafiry" x="0" y="4" z="7" spawntime="60"/>
  </spawn>
  <spawn centerx="521" centery="160" centerz="7" radius="5">
    <monster name="Whatafuck" x="2" y="-4" z="7" spawntime="60"/>
    <monster name="Whatafuck" x="-4" y="-3" z="7" spawntime="60"/>
    <monster name="Whatafuck" x="-1" y="-2" z="7" spawntime="60"/>
    <monster name="Whatafuck" x="4" y="-1" z="7" spawntime="60"/>
  </spawn>
  <spawn centerx="545" centery="160" centerz="7" radius="5">
    <monster name="Whatafuck" x="-4" y="-4" z="7" spawntime="60"/>
    <monster name="Whatafuck" x="-1" y="-2" z="7" spawntime="60"/>
    <monster name="Whatafuck" x="-3" y="0" z="7" spawntime="60"/>
    <monster name="Whatafuck" x="-4" y="3" z="7" spawntime="60"/>
    <monster name="Whatafuck" x="-1" y="5" z="7" spawntime="60"/>
  </spawn>
  <spawn centerx="725" centery="160" centerz="7" radius="5">
    <monster name="Gorg Bosh" x="-1" y="4" z="7" spawntime="60"/>
    <monster name="Gorg Bosh" x="-4" y="5" z="7" spawntime="60"/>
  </spawn>
  <spawn centerx="911" centery="160" centerz="7" radius="5">
    <monster name="The Punisher" x="3" y="-4" z="7" spawntime="60"/>
    <monster name="The Punisher" x="3" y="-2" z="7" spawntime="60"/>
    <monster name="The Punisher" x="5" y="-2" z="7" spawntime="60"/>
    <monster name="The Punisher" x="-3" y="-1" z="7" spawntime="60"/>
    <monster name="The Punisher" x="1" y="-1" z="7" spawntime="60"/>
    <monster name="The Punisher" x="-2" y="1" z="7" spawntime="60"/>
    <monster name="The Punisher" x="-1" y="2" z="7" spawntime="60"/>
    <monster name="The Punisher" x="-3" y="3" z="7" spawntime="60"/>
    <monster name="The Punisher" x="0" y="4" z="7" spawntime="60"/>
  </spawn>
  <spawn centerx="178" centery="161" centerz="7" radius="5">
    <monster name="Bog Raider" x="2" y="-4" z="7" spawntime="60"/>
    <monster name="Hydra" x="2" y="0" z="7" spawntime="60"/>
    <monster name="Haunted Treeling" x="3" y="0" z="7" spawntime="60"/>
    <monster name="Bog Raider" x="-2" y="5" z="7" spawntime="60"/>
  </spawn>
  <spawn centerx="808" centery="162" centerz="7" radius="5">
    <monster name="Saddam Hussein" x="0" y="-2" z="7" spawntime="60"/>
    <monster name="Saddam Hussein" x="-1" y="1" z="7" spawntime="60"/>
    <monster name="Saddam Hussein" x="-2" y="4" z="7" spawntime="60"/>
  </spawn>
  <spawn centerx="828" centery="163" centerz="7" radius="5">
    <monster name="Saddam Hussein" x="0" y="-5" z="7" spawntime="60"/>
    <monster name="Saddam Hussein" x="2" y="-5" z="7" spawntime="60"/>
    <monster name="Saddam Hussein" x="0" y="-2" z="7" spawntime="60"/>
    <monster name="Saddam Hussein" x="-1" y="1" z="7" spawntime="60"/>
    <monster name="Saddam Hussein" x="-2" y="2" z="7" spawntime="60"/>
    <monster name="Saddam Hussein" x="-4" y="3" z="7" spawntime="60"/>
    <monster name="Saddam Hussein" x="0" y="3" z="7" spawntime="60"/>
    <monster name="Saddam Hussein" x="-2" y="4" z="7" spawntime="60"/>
  </spawn>
  <spawn centerx="229" centery="165" centerz="7" radius="5">
    <monster name="Hydra" x="-3" y="1" z="7" spawntime="60"/>
    <monster name="Hydra" x="3" y="1" z="7" spawntime="60"/>
    <monster name="Bog Raider" x="0" y="3" z="7" spawntime="60"/>
    <monster name="Hydra" x="1" y="3" z="7" spawntime="60"/>
  </spawn>
  <spawn centerx="283" centery="165" centerz="7" radius="5">
    <monster name="Grim Reaper" x="-1" y="0" z="7" spawntime="60"/>
  </spawn>
  <spawn centerx="704" centery="165" centerz="7" radius="5">
    <monster name="Gorg Bosh" x="1" y="-2" z="7" spawntime="60"/>
    <monster name="Gorg Bosh" x="-4" y="-1" z="7" spawntime="60"/>
    <monster name="Gorg Bosh" x="-2" y="-1" z="7" spawntime="60"/>
    <monster name="Gorg Bosh" x="2" y="-1" z="7" spawntime="60"/>
    <monster name="Gorg Bosh" x="-4" y="0" z="7" spawntime="60"/>
    <monster name="Gorg Bosh" x="0" y="0" z="7" spawntime="60"/>
    <monster name="Gorg Bosh" x="4" y="1" z="7" spawntime="60"/>
    <monster name="Gorg Bosh" x="-1" y="3" z="7" spawntime="60"/>
    <monster name="Gorg Bosh" x="1" y="3" z="7" spawntime="60"/>
  </spawn>
  <spawn centerx="312" centery="167" centerz="7" radius="23">
    <monster name="Grim Reaper" x="-23" y="-21" z="7" spawntime="60"/>
    <monster name="Grim Reaper" x="-18" y="-21" z="7" spawntime="60"/>
    <monster name="Grim Reaper" x="-10" y="-21" z="7" spawntime="60"/>
    <monster name="Grim Reaper" x="-3" y="-21" z="7" spawntime="60"/>
    <monster name="Grim Reaper" x="7" y="-21" z="7" spawntime="60"/>
    <monster name="Grim Reaper" x="14" y="-21" z="7" spawntime="60"/>
    <monster name="Grim Reaper" x="-20" y="-17" z="7" spawntime="60"/>
    <monster name="Grim Reaper" x="-12" y="-17" z="7" spawntime="60"/>
    <monster name="Grim Reaper" x="-2" y="-17" z="7" spawntime="60"/>
    <monster name="Grim Reaper" x="8" y="-17" z="7" spawntime="60"/>
    <monster name="Grim Reaper" x="21" y="-17" z="7" spawntime="60"/>
    <monster name="Grim Reaper" x="17" y="-16" z="7" spawntime="60"/>
    <monster name="Grim Reaper" x="-23" y="-13" z="7" spawntime="60"/>
    <monster name="Grim Reaper" x="-12" y="-13" z="7" spawntime="60"/>
    <monster name="Grim Reaper" x="-3" y="-13" z="7" spawntime="60"/>
    <monster name="Grim Reaper" x="6" y="-13" z="7" spawntime="60"/>
    <monster name="Grim Reaper" x="21" y="-11" z="7" spawntime="60"/>
    <monster name="Grim Reaper" x="14" y="-10" z="7" spawntime="60"/>
    <monster name="Grim Reaper" x="-18" y="-9" z="7" spawntime="60"/>
    <monster name="Grim Reaper" x="-8" y="-9" z="7" spawntime="60"/>
    <monster name="Grim Reaper" x="1" y="-9" z="7" spawntime="60"/>
    <monster name="Grim Reaper" x="17" y="-9" z="7" spawntime="60"/>
    <monster name="Grim Reaper" x="9" y="-5" z="7" spawntime="60"/>
    <monster name="Grim Reaper" x="21" y="-4" z="7" spawntime="60"/>
    <monster name="Grim Reaper" x="-2" y="-3" z="7" spawntime="60"/>
    <monster name="Grim Reaper" x="17" y="-3" z="7" spawntime="60"/>
    <monster name="Grim Reaper" x="-21" y="-2" z="7" spawntime="60"/>
    <monster name="Grim Reaper" x="-11" y="-2" z="7" spawntime="60"/>
    <monster name="Grim Reaper" x="6" y="-1" z="7" spawntime="60"/>
    <monster name="Grim Reaper" x="13" y="-1" z="7" spawntime="60"/>
    <monster name="Grim Reaper" x="9" y="2" z="7" spawntime="60"/>
    <monster name="Grim Reaper" x="17" y="3" z="7" spawntime="60"/>
    <monster name="Grim Reaper" x="4" y="4" z="7" spawntime="60"/>
    <monster name="Grim Reaper" x="-17" y="5" z="7" spawntime="60"/>
    <monster name="Grim Reaper" x="-5" y="5" z="7" spawntime="60"/>
    <monster name="Grim Reaper" x="14" y="6" z="7" spawntime="60"/>
    <monster name="Grim Reaper" x="21" y="6" z="7" spawntime="60"/>
    <monster name="Grim Reaper" x="-20" y="8" z="7" spawntime="60"/>
    <monster name="Grim Reaper" x="-10" y="8" z="7" spawntime="60"/>
    <monster name="Grim Reaper" x="-2" y="8" z="7" spawntime="60"/>
    <monster name="Grim Reaper" x="9" y="8" z="7" spawntime="60"/>
    <monster name="Grim Reaper" x="17" y="9" z="7" spawntime="60"/>
    <monster name="Grim Reaper" x="-18" y="12" z="7" spawntime="60"/>
    <monster name="Grim Reaper" x="-9" y="12" z="7" spawntime="60"/>
    <monster name="Grim Reaper" x="0" y="12" z="7" spawntime="60"/>
    <monster name="Grim Reaper" x="9" y="12" z="7" spawntime="60"/>
    <monster name="Grim Reaper" x="21" y="14" z="7" spawntime="60"/>
    <monster name="Grim Reaper" x="-21" y="16" z="7" spawntime="60"/>
    <monster name="Grim Reaper" x="-14" y="16" z="7" spawntime="60"/>
    <monster name="Grim Reaper" x="-7" y="16" z="7" spawntime="60"/>
    <monster name="Grim Reaper" x="2" y="16" z="7" spawntime="60"/>
    <monster name="Grim Reaper" x="9" y="16" z="7" spawntime="60"/>
    <monster name="Grim Reaper" x="17" y="16" z="7" spawntime="60"/>
    <monster name="Grim Reaper" x="-21" y="20" z="7" spawntime="60"/>
    <monster name="Grim Reaper" x="-13" y="20" z="7" spawntime="60"/>
    <monster name="Grim Reaper" x="-5" y="20" z="7" spawntime="60"/>
    <monster name="Grim Reaper" x="3" y="20" z="7" spawntime="60"/>
    <monster name="Grim Reaper" x="10" y="20" z="7" spawntime="60"/>
    <monster name="Grim Reaper" x="17" y="20" z="7" spawntime="60"/>
  </spawn>
  <spawn centerx="1032" centery="167" centerz="7" radius="5">
    <monster name="Mafiry" x="0" y="-2" z="7" spawntime="60"/>
    <monster name="Mafiry" x="-2" y="-1" z="7" spawntime="60"/>
    <monster name="Mafiry" x="-4" y="0" z="7" spawntime="60"/>
    <monster name="Mafiry" x="-2" y="1" z="7" spawntime="60"/>
    <monster name="Mafiry" x="1" y="1" z="7" spawntime="60"/>
    <monster name="Mafiry" x="-5" y="2" z="7" spawntime="60"/>
    <monster name="Mafiry" x="3" y="3" z="7" spawntime="60"/>
    <monster name="Mafiry" x="5" y="3" z="7" spawntime="60"/>
    <monster name="Mafiry" x="4" y="4" z="7" spawntime="60"/>
  </spawn>
  <spawn centerx="691" centery="168" centerz="7" radius="5">
    <monster name="Gorg Bosh" x="-1" y="-5" z="7" spawntime="60"/>
    <monster name="Gorg Bosh" x="5" y="-4" z="7" spawntime="60"/>
    <monster name="Gorg Bosh" x="2" y="-3" z="7" spawntime="60"/>
    <monster name="Gorg Bosh" x="4" y="-3" z="7" spawntime="60"/>
    <monster name="Gorg Bosh" x="-2" y="-2" z="7" spawntime="60"/>
    <monster name="Gorg Bosh" x="0" y="-2" z="7" spawntime="60"/>
    <monster name="Gorg Bosh" x="-2" y="1" z="7" spawntime="60"/>
    <monster name="Gorg Bosh" x="-1" y="3" z="7" spawntime="60"/>
    <monster name="Gorg Bosh" x="1" y="4" z="7" spawntime="60"/>
  </spawn>
  <spawn centerx="717" centery="168" centerz="7" radius="5">
    <monster name="Gorg Bosh" x="-3" y="-5" z="7" spawntime="60"/>
    <monster name="Gorg Bosh" x="1" y="-5" z="7" spawntime="60"/>
    <monster name="Gorg Bosh" x="-5" y="-3" z="7" spawntime="60"/>
    <monster name="Gorg Bosh" x="-3" y="-3" z="7" spawntime="60"/>
    <monster name="Gorg Bosh" x="-1" y="-3" z="7" spawntime="60"/>
    <monster name="Gorg Bosh" x="1" y="-3" z="7" spawntime="60"/>
    <monster name="Gorg Bosh" x="-1" y="0" z="7" spawntime="60"/>
    <monster name="Gorg Bosh" x="-2" y="2" z="7" spawntime="60"/>
    <monster name="Gorg Bosh" x="0" y="3" z="7" spawntime="60"/>
  </spawn>
  <spawn centerx="800" centery="168" centerz="7" radius="5">
    <monster name="Saddam Hussein" x="-5" y="-3" z="7" spawntime="60"/>
    <monster name="Saddam Hussein" x="-3" y="-2" z="7" spawntime="60"/>
    <monster name="Saddam Hussein" x="1" y="-2" z="7" spawntime="60"/>
    <monster name="Saddam Hussein" x="-2" y="-1" z="7" spawntime="60"/>
    <monster name="Saddam Hussein" x="-4" y="0" z="7" spawntime="60"/>
    <monster name="Saddam Hussein" x="4" y="0" z="7" spawntime="60"/>
    <monster name="Saddam Hussein" x="2" y="2" z="7" spawntime="60"/>
  </spawn>
  <spawn centerx="468" centery="169" centerz="7" radius="1">
    <npc name="Decoration Seller" x="0" y="1" z="7" spawntime="60"/>
  </spawn>
  <spawn centerx="192" centery="170" centerz="7" radius="5">
    <monster name="Hydra" x="0" y="-3" z="7" spawntime="60"/>
    <monster name="Bog Raider" x="3" y="-3" z="7" spawntime="60"/>
  </spawn>
  <spawn centerx="615" centery="170" centerz="7" radius="5">
    <monster name="Whatafuck" x="2" y="-1" z="7" spawntime="60"/>
  </spawn>
  <spawn centerx="810" centery="170" centerz="7" radius="5">
    <monster name="Saddam Hussein" x="0" y="-2" z="7" spawntime="60"/>
    <monster name="Saddam Hussein" x="-3" y="-1" z="7" spawntime="60"/>
    <monster name="Saddam Hussein" x="2" y="0" z="7" spawntime="60"/>
    <monster name="Saddam Hussein" x="3" y="2" z="7" spawntime="60"/>
    <monster name="Saddam Hussein" x="5" y="2" z="7" spawntime="60"/>
  </spawn>
  <spawn centerx="850" centery="170" centerz="7" radius="5">
    <monster name="Saddam Hussein" x="-2" y="-5" z="7" spawntime="60"/>
    <monster name="Saddam Hussein" x="2" y="-5" z="7" spawntime="60"/>
    <monster name="Saddam Hussein" x="1" y="-3" z="7" spawntime="60"/>
    <monster name="Saddam Hussein" x="-1" y="-2" z="7" spawntime="60"/>
    <monster name="Saddam Hussein" x="2" y="-1" z="7" spawntime="60"/>
    <monster name="Saddam Hussein" x="-2" y="1" z="7" spawntime="60"/>
    <monster name="Saddam Hussein" x="1" y="2" z="7" spawntime="60"/>
    <monster name="Saddam Hussein" x="-1" y="3" z="7" spawntime="60"/>
    <monster name="Saddam Hussein" x="-3" y="5" z="7" spawntime="60"/>
  </spawn>
  <spawn centerx="241" centery="171" centerz="7" radius="5">
    <monster name="Bog Raider" x="1" y="-1" z="7" spawntime="60"/>
    <monster name="Hydra" x="-2" y="4" z="7" spawntime="60"/>
    <monster name="Hydra" x="3" y="4" z="7" spawntime="60"/>
  </spawn>
  <spawn centerx="788" centery="172" centerz="7" radius="5">
    <monster name="Saddam Hussein" x="1" y="-4" z="7" spawntime="60"/>
    <monster name="Saddam Hussein" x="3" y="-4" z="7" spawntime="60"/>
    <monster name="Saddam Hussein" x="-1" y="-3" z="7" spawntime="60"/>
    <monster name="Saddam Hussein" x="1" y="-2" z="7" spawntime="60"/>
    <monster name="Saddam Hussein" x="-1" y="0" z="7" spawntime="60"/>
    <monster name="Saddam Hussein" x="0" y="2" z="7" spawntime="60"/>
    <monster name="Saddam Hussein" x="-1" y="4" z="7" spawntime="60"/>
    <monster name="Saddam Hussein" x="2" y="4" z="7" spawntime="60"/>
  </spawn>
  <spawn centerx="834" centery="172" centerz="7" radius="5">
    <monster name="Saddam Hussein" x="-4" y="-3" z="7" spawntime="60"/>
    <monster name="Saddam Hussein" x="-2" y="-3" z="7" spawntime="60"/>
    <monster name="Saddam Hussein" x="-4" y="-1" z="7" spawntime="60"/>
    <monster name="Saddam Hussein" x="-3" y="0" z="7" spawntime="60"/>
    <monster name="Saddam Hussein" x="-1" y="0" z="7" spawntime="60"/>
    <monster name="Saddam Hussein" x="2" y="0" z="7" spawntime="60"/>
    <monster name="Saddam Hussein" x="1" y="2" z="7" spawntime="768"/>
    <monster name="Saddam Hussein" x="1" y="3" z="7" spawntime="60"/>
    <monster name="Saddam Hussein" x="3" y="3" z="7" spawntime="60"/>
    <monster name="Saddam Hussein" x="4" y="5" z="7" spawntime="60"/>
  </spawn>
  <spawn centerx="912" centery="172" centerz="7" radius="5">
    <monster name="The Punisher" x="-4" y="-3" z="7" spawntime="60"/>
    <monster name="The Punisher" x="2" y="-3" z="7" spawntime="60"/>
    <monster name="The Punisher" x="-3" y="-2" z="7" spawntime="60"/>
    <monster name="The Punisher" x="-1" y="-2" z="7" spawntime="60"/>
    <monster name="The Punisher" x="-5" y="0" z="7" spawntime="60"/>
    <monster name="The Punisher" x="2" y="0" z="7" spawntime="60"/>
    <monster name="The Punisher" x="-3" y="1" z="7" spawntime="60"/>
    <monster name="The Punisher" x="-4" y="2" z="7" spawntime="768"/>
    <monster name="The Punisher" x="3" y="2" z="7" spawntime="60"/>
    <monster name="The Punisher" x="-4" y="3" z="7" spawntime="60"/>
    <monster name="The Punisher" x="-2" y="3" z="7" spawntime="60"/>
    <monster name="The Punisher" x="0" y="3" z="7" spawntime="60"/>
  </spawn>
  <spawn centerx="1020" centery="172" centerz="7" radius="5">
    <monster name="Mafiry" x="3" y="-2" z="7" spawntime="60"/>
    <monster name="Mafiry" x="-2" y="-1" z="7" spawntime="60"/>
    <monster name="Mafiry" x="2" y="-1" z="7" spawntime="60"/>
    <monster name="Mafiry" x="5" y="-1" z="7" spawntime="60"/>
    <monster name="Mafiry" x="-4" y="0" z="7" spawntime="60"/>
    <monster name="Mafiry" x="-5" y="1" z="7" spawntime="60"/>
    <monster name="Mafiry" x="-3" y="1" z="7" spawntime="60"/>
    <monster name="Mafiry" x="-1" y="1" z="7" spawntime="60"/>
    <monster name="Mafiry" x="-5" y="3" z="7" spawntime="60"/>
  </spawn>
  <spawn centerx="253" centery="173" centerz="7" radius="5">
    <monster name="Grim Reaper" x="-3" y="-3" z="7" spawntime="60"/>
    <monster name="Grim Reaper" x="2" y="-3" z="7" spawntime="60"/>
    <monster name="Grim Reaper" x="5" y="2" z="7" spawntime="60"/>
    <monster name="Grim Reaper" x="-3" y="4" z="7" spawntime="60"/>
    <monster name="Grim Reaper" x="1" y="4" z="7" spawntime="60"/>
  </spawn>
  <spawn centerx="268" centery="174" centerz="7" radius="5">
    <monster name="Grim Reaper" x="3" y="-3" z="7" spawntime="60"/>
    <monster name="Grim Reaper" x="-5" y="0" z="7" spawntime="60"/>
    <monster name="Grim Reaper" x="4" y="0" z="7" spawntime="60"/>
    <monster name="Grim Reaper" x="5" y="4" z="7" spawntime="60"/>
    <monster name="Grim Reaper" x="-3" y="5" z="7" spawntime="60"/>
  </spawn>
  <spawn centerx="281" centery="174" centerz="7" radius="5">
    <monster name="Grim Reaper" x="-3" y="-3" z="7" spawntime="60"/>
    <monster name="Grim Reaper" x="4" y="-2" z="7" spawntime="60"/>
    <monster name="Grim Reaper" x="0" y="1" z="7" spawntime="60"/>
    <monster name="Grim Reaper" x="1" y="4" z="7" spawntime="60"/>
  </spawn>
  <spawn centerx="934" centery="174" centerz="7" radius="5">
    <monster name="The Punisher" x="-4" y="-4" z="7" spawntime="60"/>
    <monster name="The Punisher" x="-3" y="-4" z="7" spawntime="60"/>
    <monster name="The Punisher" x="4" y="-4" z="7" spawntime="60"/>
    <monster name="The Punisher" x="-1" y="-3" z="7" spawntime="60"/>
    <monster name="The Punisher" x="1" y="-3" z="7" spawntime="60"/>
    <monster name="The Punisher" x="3" y="-2" z="7" spawntime="60"/>
    <monster name="The Punisher" x="-3" y="-1" z="7" spawntime="60"/>
    <monster name="The Punisher" x="1" y="-1" z="7" spawntime="60"/>
    <monster name="The Punisher" x="-5" y="0" z="7" spawntime="60"/>
    <monster name="The Punisher" x="-2" y="0" z="7" spawntime="60"/>
    <monster name="The Punisher" x="4" y="0" z="7" spawntime="60"/>
    <monster name="The Punisher" x="-1" y="1" z="7" spawntime="60"/>
    <monster name="The Punisher" x="0" y="2" z="7" spawntime="60"/>
    <monster name="The Punisher" x="3" y="2" z="7" spawntime="60"/>
    <monster name="The Punisher" x="-4" y="3" z="7" spawntime="60"/>
    <monster name="The Punisher" x="-2" y="3" z="7" spawntime="60"/>
    <monster name="The Punisher" x="0" y="3" z="7" spawntime="60"/>
    <monster name="The Punisher" x="2" y="4" z="7" spawntime="60"/>
    <monster name="The Punisher" x="4" y="4" z="7" spawntime="60"/>
    <monster name="The Punisher" x="-4" y="5" z="7" spawntime="60"/>
    <monster name="The Punisher" x="-3" y="5" z="7" spawntime="768"/>
    <monster name="The Punisher" x="-2" y="5" z="7" spawntime="768"/>
    <monster name="The Punisher" x="-1" y="5" z="7" spawntime="768"/>
  </spawn>
  <spawn centerx="704" centery="175" centerz="7" radius="5">
    <monster name="Gorg Bosh" x="2" y="-4" z="7" spawntime="60"/>
    <monster name="Gorg Bosh" x="-2" y="-3" z="7" spawntime="60"/>
    <monster name="Gorg Bosh" x="0" y="-3" z="7" spawntime="60"/>
    <monster name="Gorg Bosh" x="-1" y="-1" z="7" spawntime="60"/>
    <monster name="Gorg Bosh" x="1" y="-1" z="7" spawntime="60"/>
    <monster name="Gorg Bosh" x="-1" y="1" z="7" spawntime="60"/>
    <monster name="Gorg Bosh" x="1" y="2" z="7" spawntime="60"/>
  </spawn>
  <spawn centerx="818" centery="175" centerz="7" radius="5">
    <monster name="Saddam Hussein" x="1" y="-2" z="7" spawntime="60"/>
    <monster name="Saddam Hussein" x="3" y="-2" z="7" spawntime="60"/>
    <monster name="Saddam Hussein" x="-2" y="-1" z="7" spawntime="60"/>
    <monster name="Saddam Hussein" x="2" y="1" z="7" spawntime="60"/>
    <monster name="Saddam Hussein" x="-1" y="2" z="7" spawntime="60"/>
    <monster name="Saddam Hussein" x="1" y="2" z="7" spawntime="60"/>
    <monster name="Saddam Hussein" x="3" y="2" z="7" spawntime="60"/>
    <monster name="Saddam Hussein" x="-2" y="4" z="7" spawntime="60"/>
    <monster name="Saddam Hussein" x="2" y="4" z="7" spawntime="60"/>
    <monster name="Saddam Hussein" x="0" y="5" z="7" spawntime="60"/>
  </spawn>
  <spawn centerx="1042" centery="176" centerz="7" radius="5">
    <monster name="Mafiry" x="-4" y="-4" z="7" spawntime="60"/>
    <monster name="Mafiry" x="-2" y="-2" z="7" spawntime="60"/>
    <monster name="Mafiry" x="0" y="-2" z="7" spawntime="60"/>
    <monster name="Mafiry" x="-1" y="-1" z="7" spawntime="60"/>
    <monster name="Mafiry" x="2" y="2" z="7" spawntime="60"/>
    <monster name="Mafiry" x="3" y="2" z="7" spawntime="60"/>
    <monster name="Mafiry" x="4" y="2" z="7" spawntime="60"/>
    <monster name="Mafiry" x="4" y="4" z="7" spawntime="60"/>
    <monster name="Mafiry" x="4" y="5" z="7" spawntime="60"/>
  </spawn>
  <spawn centerx="227" centery="177" centerz="7" radius="5">
    <monster name="Hydra" x="2" y="-2" z="7" spawntime="60"/>
    <monster name="Hydra" x="-2" y="-1" z="7" spawntime="60"/>
    <monster name="Bog Raider" x="1" y="1" z="7" spawntime="60"/>
    <monster name="Hydra" x="-1" y="2" z="7" spawntime="60"/>
    <monster name="Haunted Treeling" x="1" y="2" z="7" spawntime="60"/>
  </spawn>
  <spawn centerx="403" centery="179" centerz="7" radius="1">
    <npc name="Paladin Seller" x="1" y="1" z="7" spawntime="60"/>
  </spawn>
  <spawn centerx="65" centery="180" centerz="7" radius="5">
    <npc name="Paco qliao" x="3" y="-5" z="7" spawntime="60"/>
    <monster name="Ghazbaran" x="-1" y="0" z="7" spawntime="60"/>
  </spawn>
  <spawn centerx="432" centery="180" centerz="7" radius="1">
    <npc name="Ring Seller" x="-1" y="0" z="7" spawntime="60"/>
  </spawn>
  <spawn centerx="844" centery="180" centerz="7" radius="5">
    <monster name="Saddam Hussein" x="1" y="-4" z="7" spawntime="60"/>
    <monster name="Saddam Hussein" x="-3" y="-3" z="7" spawntime="60"/>
    <monster name="Saddam Hussein" x="-1" y="-2" z="7" spawntime="60"/>
    <monster name="Saddam Hussein" x="2" y="-2" z="7" spawntime="60"/>
    <monster name="Saddam Hussein" x="-5" y="-1" z="7" spawntime="60"/>
    <monster name="Saddam Hussein" x="-3" y="-1" z="7" spawntime="60"/>
    <monster name="Saddam Hussein" x="1" y="-1" z="7" spawntime="60"/>
    <monster name="Saddam Hussein" x="2" y="-1" z="7" spawntime="60"/>
    <monster name="Saddam Hussein" x="-2" y="0" z="7" spawntime="60"/>
    <monster name="Saddam Hussein" x="3" y="1" z="7" spawntime="60"/>
    <monster name="Saddam Hussein" x="2" y="2" z="7" spawntime="60"/>
    <monster name="Saddam Hussein" x="0" y="3" z="7" spawntime="60"/>
    <monster name="Saddam Hussein" x="2" y="4" z="7" spawntime="60"/>
    <monster name="Saddam Hussein" x="4" y="4" z="7" spawntime="60"/>
    <monster name="Saddam Hussein" x="1" y="5" z="7" spawntime="60"/>
  </spawn>
  <spawn centerx="456" centery="181" centerz="7" radius="1">
    <npc name="Aol Seller" x="-1" y="0" z="7" spawntime="60"/>
  </spawn>
  <spawn centerx="442" centery="182" centerz="7" radius="1">
    <npc name="Equipaments Seller" x="-1" y="0" z="7" spawntime="60"/>
  </spawn>
  <spawn centerx="583" centery="182" centerz="7" radius="5">
    <monster name="Whatafuck" x="-1" y="1" z="7" spawntime="60"/>
  </spawn>
  <spawn centerx="185" centery="183" centerz="7" radius="5">
    <monster name="Hydra" x="3" y="-1" z="7" spawntime="60"/>
    <monster name="Bog Raider" x="0" y="3" z="7" spawntime="60"/>
  </spawn>
  <spawn centerx="416" centery="183" centerz="7" radius="1">
    <npc name="Loot Buyer" x="-1" y="0" z="7" spawntime="60"/>
  </spawn>
  <spawn centerx="917" centery="183" centerz="7" radius="15">
    <monster name="The Punisher" x="-6" y="-5" z="7" spawntime="60"/>
    <monster name="The Punisher" x="-10" y="-2" z="7" spawntime="60"/>
    <monster name="The Punisher" x="-4" y="-2" z="7" spawntime="60"/>
    <monster name="The Punisher" x="1" y="-2" z="7" spawntime="60"/>
    <monster name="The Punisher" x="-7" y="-1" z="7" spawntime="60"/>
    <monster name="The Punisher" x="4" y="-1" z="7" spawntime="60"/>
    <monster name="The Punisher" x="-10" y="0" z="7" spawntime="60"/>
    <monster name="The Punisher" x="-5" y="0" z="7" spawntime="60"/>
    <monster name="The Punisher" x="-3" y="0" z="7" spawntime="60"/>
    <monster name="The Punisher" x="-7" y="1" z="7" spawntime="60"/>
    <monster name="The Punisher" x="1" y="1" z="7" spawntime="60"/>
    <monster name="The Punisher" x="6" y="1" z="7" spawntime="60"/>
    <monster name="The Punisher" x="-10" y="2" z="7" spawntime="60"/>
    <monster name="The Punisher" x="-3" y="2" z="7" spawntime="60"/>
    <monster name="The Punisher" x="3" y="2" z="7" spawntime="60"/>
    <monster name="The Punisher" x="5" y="3" z="7" spawntime="60"/>
    <monster name="The Punisher" x="3" y="4" z="7" spawntime="60"/>
    <monster name="The Punisher" x="5" y="5" z="7" spawntime="60"/>
  </spawn>
  <spawn centerx="241" centery="185" centerz="7" radius="5">
    <monster name="Hydra" x="-2" y="-4" z="7" spawntime="60"/>
    <monster name="Hydra" x="1" y="-2" z="7" spawntime="60"/>
    <monster name="Bog Raider" x="-1" y="1" z="7" spawntime="60"/>
    <monster name="Hydra" x="1" y="2" z="7" spawntime="60"/>
  </spawn>
  <spawn centerx="253" centery="185" centerz="7" radius="5">
    <monster name="Grim Reaper" x="1" y="-2" z="7" spawntime="60"/>
    <monster name="Grim Reaper" x="-3" y="-1" z="7" spawntime="60"/>
    <monster name="Grim Reaper" x="4" y="2" z="7" spawntime="60"/>
  </spawn>
  <spawn centerx="267" centery="185" centerz="7" radius="5">
    <monster name="Grim Reaper" x="-5" y="-2" z="7" spawntime="60"/>
    <monster name="Grim Reaper" x="3" y="-2" z="7" spawntime="60"/>
    <monster name="Grim Reaper" x="-2" y="2" z="7" spawntime="60"/>
    <monster name="Grim Reaper" x="4" y="2" z="7" spawntime="60"/>
  </spawn>
  <spawn centerx="280" centery="185" centerz="7" radius="5">
    <monster name="Grim Reaper" x="-3" y="-2" z="7" spawntime="60"/>
    <monster name="Grim Reaper" x="1" y="-2" z="7" spawntime="60"/>
    <monster name="Grim Reaper" x="3" y="-2" z="7" spawntime="60"/>
    <monster name="Grim Reaper" x="-2" y="2" z="7" spawntime="60"/>
    <monster name="Grim Reaper" x="4" y="2" z="7" spawntime="60"/>
  </spawn>
  <spawn centerx="713" centery="186" centerz="7" radius="5">
    <monster name="Gorg Bosh" x="-1" y="-4" z="7" spawntime="60"/>
    <monster name="Gorg Bosh" x="-5" y="-3" z="7" spawntime="60"/>
    <monster name="Gorg Bosh" x="-3" y="-2" z="7" spawntime="60"/>
    <monster name="Gorg Bosh" x="-4" y="-1" z="7" spawntime="60"/>
    <monster name="Gorg Bosh" x="0" y="-1" z="7" spawntime="60"/>
    <monster name="Gorg Bosh" x="-2" y="0" z="7" spawntime="60"/>
    <monster name="Gorg Bosh" x="0" y="2" z="7" spawntime="60"/>
    <monster name="Gorg Bosh" x="2" y="2" z="7" spawntime="60"/>
    <monster name="Gorg Bosh" x="4" y="2" z="7" spawntime="60"/>
    <monster name="Gorg Bosh" x="-1" y="4" z="7" spawntime="60"/>
  </spawn>
  <spawn centerx="695" centery="187" centerz="7" radius="5">
    <monster name="Gorg Bosh" x="-2" y="-5" z="7" spawntime="60"/>
    <monster name="Gorg Bosh" x="4" y="-4" z="7" spawntime="60"/>
    <monster name="Gorg Bosh" x="-1" y="-3" z="7" spawntime="60"/>
    <monster name="Gorg Bosh" x="1" y="-3" z="7" spawntime="60"/>
    <monster name="Gorg Bosh" x="5" y="-2" z="7" spawntime="60"/>
    <monster name="Gorg Bosh" x="-2" y="-1" z="7" spawntime="60"/>
    <monster name="Gorg Bosh" x="1" y="-1" z="7" spawntime="60"/>
    <monster name="Gorg Bosh" x="-2" y="1" z="7" spawntime="60"/>
    <monster name="Gorg Bosh" x="1" y="3" z="7" spawntime="60"/>
    <monster name="Gorg Bosh" x="0" y="4" z="7" spawntime="60"/>
    <monster name="Gorg Bosh" x="-2" y="5" z="7" spawntime="60"/>
  </spawn>
  <spawn centerx="939" centery="187" centerz="7" radius="5">
    <monster name="The Punisher" x="-1" y="-4" z="7" spawntime="60"/>
    <monster name="The Punisher" x="0" y="-3" z="7" spawntime="60"/>
    <monster name="The Punisher" x="-2" y="-1" z="7" spawntime="60"/>
    <monster name="The Punisher" x="2" y="0" z="7" spawntime="60"/>
    <monster name="The Punisher" x="0" y="2" z="7" spawntime="60"/>
    <monster name="The Punisher" x="2" y="2" z="7" spawntime="60"/>
    <monster name="The Punisher" x="4" y="2" z="7" spawntime="60"/>
    <monster name="The Punisher" x="-2" y="3" z="7" spawntime="60"/>
  </spawn>
  <spawn centerx="560" centery="188" centerz="7" radius="5"/>
  <spawn centerx="953" centery="188" centerz="7" radius="5">
    <monster name="The Punisher" x="4" y="-5" z="7" spawntime="60"/>
    <monster name="The Punisher" x="5" y="-5" z="7" spawntime="60"/>
    <monster name="The Punisher" x="1" y="-4" z="7" spawntime="60"/>
    <monster name="The Punisher" x="3" y="-3" z="7" spawntime="60"/>
    <monster name="The Punisher" x="-1" y="-2" z="7" spawntime="60"/>
    <monster name="The Punisher" x="1" y="-1" z="7" spawntime="60"/>
    <monster name="The Punisher" x="4" y="-1" z="7" spawntime="60"/>
    <monster name="The Punisher" x="-4" y="1" z="7" spawntime="60"/>
    <monster name="The Punisher" x="-2" y="1" z="7" spawntime="60"/>
    <monster name="The Punisher" x="2" y="1" z="7" spawntime="60"/>
    <monster name="The Punisher" x="5" y="2" z="7" spawntime="60"/>
    <monster name="The Punisher" x="1" y="3" z="7" spawntime="60"/>
    <monster name="The Punisher" x="3" y="4" z="7" spawntime="60"/>
    <monster name="The Punisher" x="-1" y="5" z="7" spawntime="60"/>
    <monster name="The Punisher" x="5" y="5" z="7" spawntime="60"/>
  </spawn>
  <spawn centerx="964" centery="188" centerz="7" radius="5">
    <monster name="The Punisher" x="-3" y="-5" z="7" spawntime="60"/>
    <monster name="The Punisher" x="-4" y="-4" z="7" spawntime="60"/>
    <monster name="The Punisher" x="1" y="-4" z="7" spawntime="60"/>
    <monster name="The Punisher" x="-2" y="-3" z="7" spawntime="60"/>
    <monster name="The Punisher" x="-4" y="-2" z="7" spawntime="60"/>
    <monster name="The Punisher" x="0" y="-2" z="7" spawntime="60"/>
    <monster name="The Punisher" x="-5" y="-1" z="7" spawntime="60"/>
    <monster name="The Punisher" x="-2" y="0" z="7" spawntime="60"/>
    <monster name="The Punisher" x="-4" y="1" z="7" spawntime="60"/>
    <monster name="The Punisher" x="-4" y="2" z="7" spawntime="60"/>
    <monster name="The Punisher" x="-2" y="2" z="7" spawntime="60"/>
    <monster name="The Punisher" x="1" y="2" z="7" spawntime="60"/>
    <monster name="The Punisher" x="-3" y="4" z="7" spawntime="60"/>
    <monster name="The Punisher" x="0" y="4" z="7" spawntime="60"/>
  </spawn>
  <spawn centerx="198" centery="189" centerz="7" radius="5">
    <monster name="Bog Raider" x="-3" y="-1" z="7" spawntime="60"/>
    <monster name="Haunted Treeling" x="-2" y="-1" z="7" spawntime="60"/>
    <monster name="Bog Raider" x="1" y="-1" z="7" spawntime="60"/>
    <monster name="Hydra" x="-1" y="1" z="7" spawntime="60"/>
    <monster name="Hydra" x="2" y="2" z="7" spawntime="60"/>
  </spawn>
  <spawn centerx="217" centery="190" centerz="7" radius="5">
    <monster name="Hydra" x="1" y="-3" z="7" spawntime="60"/>
    <monster name="Haunted Treeling" x="4" y="-2" z="7" spawntime="60"/>
    <monster name="Hydra" x="1" y="1" z="7" spawntime="60"/>
    <monster name="Bog Raider" x="-1" y="4" z="7" spawntime="60"/>
  </spawn>
  <spawn centerx="575" centery="191" centerz="7" radius="5">
    <monster name="Whatafuck" x="1" y="0" z="7" spawntime="60"/>
  </spawn>
  <spawn centerx="711" centery="193" centerz="7" radius="5">
    <monster name="Gorg Bosh" x="2" y="-1" z="7" spawntime="60"/>
    <monster name="Gorg Bosh" x="3" y="0" z="7" spawntime="60"/>
    <monster name="Gorg Bosh" x="-2" y="1" z="7" spawntime="60"/>
  </spawn>
  <spawn centerx="845" centery="193" centerz="7" radius="5">
    <monster name="Saddam Hussein" x="1" y="-5" z="7" spawntime="60"/>
    <monster name="Saddam Hussein" x="2" y="-3" z="7" spawntime="60"/>
    <monster name="Saddam Hussein" x="0" y="-2" z="7" spawntime="60"/>
    <monster name="Saddam Hussein" x="1" y="-2" z="7" spawntime="60"/>
    <monster name="Saddam Hussein" x="2" y="-1" z="7" spawntime="60"/>
    <monster name="Black Knight" x="0" y="0" z="7" spawntime="60"/>
    <monster name="Saddam Hussein" x="-1" y="1" z="7" spawntime="60"/>
    <monster name="Saddam Hussein" x="1" y="1" z="7" spawntime="60"/>
    <monster name="Saddam Hussein" x="3" y="1" z="7" spawntime="60"/>
    <monster name="Saddam Hussein" x="0" y="2" z="7" spawntime="60"/>
    <monster name="Saddam Hussein" x="-1" y="3" z="7" spawntime="60"/>
    <monster name="Saddam Hussein" x="3" y="3" z="7" spawntime="60"/>
    <monster name="Saddam Hussein" x="-2" y="4" z="7" spawntime="60"/>
    <monster name="Saddam Hussein" x="1" y="4" z="7" spawntime="60"/>
  </spawn>
  <spawn centerx="694" centery="194" centerz="7" radius="5">
    <monster name="Gorg Bosh" x="2" y="-1" z="7" spawntime="60"/>
    <monster name="Gorg Bosh" x="5" y="-1" z="7" spawntime="60"/>
    <monster name="Gorg Bosh" x="1" y="3" z="7" spawntime="60"/>
    <monster name="Hero" x="0" y="5" z="7" spawntime="60"/>
    <monster name="Gorg Bosh" x="1" y="5" z="7" spawntime="60"/>
  </spawn>
  <spawn centerx="630" centery="195" centerz="7" radius="5">
    <monster name="Whatafuck" x="-2" y="2" z="7" spawntime="60"/>
  </spawn>
  <spawn centerx="311" centery="201" centerz="7" radius="1">
    <monster name="Evil Tree" x="0" y="1" z="7" spawntime="60"/>
  </spawn>
  <spawn centerx="469" centery="203" centerz="7" radius="5">
    <npc name="Loot Buyer" x="-1" y="0" z="7" spawntime="60"/>
    <npc name="Addon Seller" x="4" y="5" z="7" spawntime="60"/>
  </spawn>
  <spawn centerx="455" centery="204" centerz="7" radius="5">
    <npc name="Soft Boots Seller" x="-1" y="0" z="7" spawntime="60"/>
  </spawn>
  <spawn centerx="605" centery="205" centerz="7" radius="5">
    <monster name="Whatafuck" x="-4" y="1" z="7" spawntime="60"/>
  </spawn>
  <spawn centerx="689" centery="205" centerz="7" radius="15">
    <monster name="Gorg Bosh" x="14" y="-12" z="7" spawntime="60"/>
    <monster name="Gorg Bosh" x="14" y="-11" z="7" spawntime="60"/>
    <monster name="Hero" x="-7" y="-5" z="7" spawntime="60"/>
    <monster name="Gorg Bosh" x="6" y="-3" z="7" spawntime="60"/>
    <monster name="Gorg Bosh" x="5" y="-2" z="7" spawntime="60"/>
    <monster name="Gorg Bosh" x="-3" y="0" z="7" spawntime="60"/>
    <monster name="Hero" x="5" y="0" z="7" spawntime="60"/>
    <monster name="Gorg Bosh" x="6" y="1" z="7" spawntime="60"/>
    <monster name="Gorg Bosh" x="-4" y="2" z="7" spawntime="60"/>
    <monster name="Gorg Bosh" x="5" y="2" z="7" spawntime="60"/>
    <monster name="Gorg Bosh" x="-4" y="3" z="7" spawntime="60"/>
    <monster name="Gorg Bosh" x="5" y="4" z="7" spawntime="512"/>
    <monster name="Gorg Bosh" x="6" y="4" z="7" spawntime="60"/>
    <monster name="Gorg Bosh" x="-4" y="5" z="7" spawntime="60"/>
    <monster name="Gorg Bosh" x="5" y="5" z="7" spawntime="60"/>
    <monster name="Gorg Bosh" x="-13" y="7" z="7" spawntime="60"/>
    <monster name="Gorg Bosh" x="-4" y="7" z="7" spawntime="60"/>
    <monster name="Hero" x="-3" y="7" z="7" spawntime="60"/>
    <monster name="Gorg Bosh" x="6" y="7" z="7" spawntime="60"/>
    <monster name="Gorg Bosh" x="-11" y="8" z="7" spawntime="60"/>
    <monster name="Gorg Bosh" x="-8" y="8" z="7" spawntime="60"/>
    <monster name="Hero" x="5" y="8" z="7" spawntime="60"/>
    <monster name="Gorg Bosh" x="-12" y="9" z="7" spawntime="60"/>
    <monster name="Gorg Bosh" x="-13" y="10" z="7" spawntime="60"/>
    <monster name="Hero" x="-13" y="11" z="7" spawntime="60"/>
    <monster name="Gorg Bosh" x="-12" y="11" z="7" spawntime="60"/>
    <monster name="Gorg Bosh" x="6" y="11" z="7" spawntime="60"/>
    <monster name="Gorg Bosh" x="-13" y="13" z="7" spawntime="60"/>
    <monster name="Gorg Bosh" x="6" y="13" z="7" spawntime="60"/>
    <monster name="Gorg Bosh" x="-10" y="14" z="7" spawntime="60"/>
    <monster name="Gorg Bosh" x="-5" y="14" z="7" spawntime="60"/>
    <monster name="Gorg Bosh" x="-3" y="14" z="7" spawntime="60"/>
    <monster name="Gorg Bosh" x="0" y="14" z="7" spawntime="60"/>
    <monster name="Gorg Bosh" x="4" y="14" z="7" spawntime="60"/>
    <monster name="Gorg Bosh" x="-12" y="15" z="7" spawntime="60"/>
    <monster name="Gorg Bosh" x="-10" y="15" z="7" spawntime="512"/>
    <monster name="Hero" x="-8" y="15" z="7" spawntime="60"/>
    <monster name="Gorg Bosh" x="-1" y="15" z="7" spawntime="60"/>
    <monster name="Hero" x="2" y="15" z="7" spawntime="60"/>
    <monster name="Gorg Bosh" x="3" y="15" z="7" spawntime="60"/>
  </spawn>
  <spawn centerx="304" centery="206" centerz="7" radius="5">
    <monster name="Mafiry" x="-3" y="-3" z="7" spawntime="60"/>
    <monster name="Mafiry" x="3" y="-2" z="7" spawntime="60"/>
    <monster name="Mafiry" x="-3" y="0" z="7" spawntime="60"/>
    <monster name="Mafiry" x="2" y="3" z="7" spawntime="60"/>
  </spawn>
  <spawn centerx="571" centery="207" centerz="7" radius="5">
    <monster name="Whatafuck" x="0" y="2" z="7" spawntime="60"/>
  </spawn>
  <spawn centerx="677" centery="207" centerz="7" radius="15">
    <monster name="Gorg Bosh" x="2" y="14" z="7" spawntime="60"/>
    <monster name="Gorg Bosh" x="7" y="14" z="7" spawntime="60"/>
    <monster name="Gorg Bosh" x="10" y="14" z="7" spawntime="60"/>
  </spawn>
  <spawn centerx="594" centery="212" centerz="7" radius="5">
    <monster name="Whatafuck" x="0" y="1" z="7" spawntime="60"/>
  </spawn>
  <spawn centerx="438" centery="213" centerz="7" radius="5">
    <npc name="Food Seller" x="0" y="2" z="7" spawntime="60"/>
  </spawn>
  <spawn centerx="143" centery="218" centerz="7" radius="5">
    <monster name="Hydra" x="0" y="5" z="7" spawntime="60"/>
    <monster name="Gozzler" x="3" y="5" z="7" spawntime="60"/>
  </spawn>
  <spawn centerx="156" centery="219" centerz="7" radius="5">
    <monster name="Hydra" x="-2" y="-1" z="7" spawntime="60"/>
    <monster name="Hydra" x="2" y="1" z="7" spawntime="60"/>
  </spawn>
  <spawn centerx="618" centery="221" centerz="7" radius="5">
    <monster name="Ghazbaran" x="0" y="0" z="7" spawntime="60"/>
  </spawn>
  <spawn centerx="344" centery="222" centerz="7" radius="2">
    <monster name="Juggernaut" x="0" y="-1" z="7" spawntime="60"/>
    <monster name="Hellfire Fighter" x="2" y="0" z="7" spawntime="60"/>
    <monster name="Hellhound" x="1" y="1" z="7" spawntime="60"/>
  </spawn>
  <spawn centerx="349" centery="222" centerz="7" radius="2">
    <monster name="Juggernaut" x="0" y="-1" z="7" spawntime="60"/>
    <monster name="Hellfire Fighter" x="1" y="0" z="7" spawntime="60"/>
    <monster name="Hellhound" x="0" y="1" z="7" spawntime="60"/>
  </spawn>
  <spawn centerx="375" centery="222" centerz="7" radius="6">
    <monster name="Crystal Spider" x="-5" y="-5" z="7" spawntime="60"/>
    <monster name="Crystal Spider" x="-4" y="-5" z="7" spawntime="60"/>
    <monster name="Crystal Spider" x="-3" y="-5" z="7" spawntime="60"/>
    <monster name="frost dragon hatchling" x="-2" y="-5" z="7" spawntime="60"/>
    <monster name="frost dragon hatchling" x="-1" y="-5" z="7" spawntime="60"/>
    <monster name="frost dragon hatchling" x="0" y="-5" z="7" spawntime="60"/>
    <monster name="frost dragon hatchling" x="1" y="-5" z="7" spawntime="60"/>
    <monster name="Cyclops Smith" x="2" y="-5" z="7" spawntime="60"/>
    <monster name="Cyclops Smith" x="3" y="-5" z="7" spawntime="60"/>
    <monster name="Cyclops Smith" x="4" y="-5" z="7" spawntime="60"/>
    <monster name="Cyclops Smith" x="5" y="-5" z="7" spawntime="60"/>
    <monster name="Crystal Spider" x="-5" y="-4" z="7" spawntime="60"/>
    <monster name="Crystal Spider" x="-4" y="-4" z="7" spawntime="60"/>
    <monster name="Crystal Spider" x="-3" y="-4" z="7" spawntime="60"/>
    <monster name="frost dragon hatchling" x="-2" y="-4" z="7" spawntime="60"/>
    <monster name="frost dragon hatchling" x="-1" y="-4" z="7" spawntime="60"/>
    <monster name="frost dragon hatchling" x="0" y="-4" z="7" spawntime="60"/>
    <monster name="frost dragon hatchling" x="1" y="-4" z="7" spawntime="60"/>
    <monster name="Cyclops Smith" x="2" y="-4" z="7" spawntime="60"/>
    <monster name="Cyclops Smith" x="3" y="-4" z="7" spawntime="60"/>
    <monster name="Cyclops Smith" x="4" y="-4" z="7" spawntime="60"/>
    <monster name="Cyclops Smith" x="5" y="-4" z="7" spawntime="60"/>
    <monster name="Crystal Spider" x="-6" y="-3" z="7" spawntime="60"/>
    <monster name="Crystal Spider" x="-5" y="-3" z="7" spawntime="60"/>
    <monster name="Crystal Spider" x="-4" y="-3" z="7" spawntime="60"/>
    <monster name="frost dragon hatchling" x="-2" y="-3" z="7" spawntime="60"/>
    <monster name="frost dragon hatchling" x="-1" y="-3" z="7" spawntime="60"/>
    <monster name="frost dragon hatchling" x="0" y="-3" z="7" spawntime="60"/>
    <monster name="frost dragon hatchling" x="1" y="-3" z="7" spawntime="60"/>
    <monster name="Cyclops Smith" x="2" y="-3" z="7" spawntime="60"/>
    <monster name="Cyclops Smith" x="3" y="-3" z="7" spawntime="60"/>
    <monster name="Cyclops Smith" x="4" y="-3" z="7" spawntime="60"/>
    <monster name="Cyclops Smith" x="5" y="-3" z="7" spawntime="60"/>
    <monster name="Crystal Spider" x="-6" y="-2" z="7" spawntime="60"/>
    <monster name="Crystal Spider" x="-5" y="-2" z="7" spawntime="60"/>
    <monster name="Crystal Spider" x="-4" y="-2" z="7" spawntime="60"/>
    <monster name="Crystal Spider" x="-3" y="-2" z="7" spawntime="60"/>
    <monster name="frost dragon hatchling" x="-2" y="-2" z="7" spawntime="60"/>
    <monster name="frost dragon hatchling" x="-1" y="-2" z="7" spawntime="60"/>
    <monster name="frost dragon hatchling" x="0" y="-2" z="7" spawntime="60"/>
    <monster name="frost dragon hatchling" x="1" y="-2" z="7" spawntime="60"/>
    <monster name="Yeti" x="2" y="-2" z="7" spawntime="60"/>
    <monster name="Yeti" x="3" y="-2" z="7" spawntime="60"/>
    <monster name="Yeti" x="4" y="-2" z="7" spawntime="60"/>
    <monster name="Yeti" x="5" y="-2" z="7" spawntime="60"/>
    <monster name="Yeti" x="6" y="-2" z="7" spawntime="60"/>
    <monster name="Crystal Spider" x="-6" y="-1" z="7" spawntime="60"/>
    <monster name="Crystal Spider" x="-5" y="-1" z="7" spawntime="60"/>
    <monster name="Crystal Spider" x="-4" y="-1" z="7" spawntime="60"/>
    <monster name="Crystal Spider" x="-3" y="-1" z="7" spawntime="60"/>
    <monster name="frost dragon hatchling" x="-2" y="-1" z="7" spawntime="60"/>
    <monster name="frost dragon hatchling" x="-1" y="-1" z="7" spawntime="60"/>
    <monster name="frost dragon hatchling" x="0" y="-1" z="7" spawntime="60"/>
    <monster name="frost dragon hatchling" x="1" y="-1" z="7" spawntime="60"/>
    <monster name="Yeti" x="2" y="-1" z="7" spawntime="60"/>
    <monster name="Yeti" x="3" y="-1" z="7" spawntime="60"/>
    <monster name="Yeti" x="4" y="-1" z="7" spawntime="60"/>
    <monster name="Yeti" x="5" y="-1" z="7" spawntime="60"/>
    <monster name="Yeti" x="6" y="-1" z="7" spawntime="60"/>
    <monster name="Crystal Spider" x="-6" y="0" z="7" spawntime="60"/>
    <monster name="Crystal Spider" x="-5" y="0" z="7" spawntime="60"/>
    <monster name="Crystal Spider" x="-4" y="0" z="7" spawntime="60"/>
    <monster name="Crystal Spider" x="-3" y="0" z="7" spawntime="60"/>
    <monster name="frost dragon hatchling" x="-2" y="0" z="7" spawntime="60"/>
    <monster name="frost dragon hatchling" x="-1" y="0" z="7" spawntime="60"/>
    <monster name="frost dragon hatchling" x="0" y="0" z="7" spawntime="60"/>
    <monster name="frost dragon hatchling" x="1" y="0" z="7" spawntime="60"/>
    <monster name="Yeti" x="2" y="0" z="7" spawntime="60"/>
    <monster name="Yeti" x="3" y="0" z="7" spawntime="60"/>
    <monster name="Yeti" x="4" y="0" z="7" spawntime="60"/>
    <monster name="Yeti" x="5" y="0" z="7" spawntime="60"/>
    <monster name="Yeti" x="6" y="0" z="7" spawntime="60"/>
    <monster name="Frost Dragon" x="-6" y="1" z="7" spawntime="60"/>
    <monster name="Frost Dragon" x="-5" y="1" z="7" spawntime="60"/>
    <monster name="Frost Dragon" x="-4" y="1" z="7" spawntime="60"/>
    <monster name="Frost Dragon" x="-3" y="1" z="7" spawntime="60"/>
    <monster name="frost dragon hatchling" x="-2" y="1" z="7" spawntime="60"/>
    <monster name="frost dragon hatchling" x="-1" y="1" z="7" spawntime="60"/>
    <monster name="frost dragon hatchling" x="0" y="1" z="7" spawntime="60"/>
    <monster name="frost dragon hatchling" x="1" y="1" z="7" spawntime="60"/>
    <monster name="Yeti" x="2" y="1" z="7" spawntime="60"/>
    <monster name="Yeti" x="3" y="1" z="7" spawntime="60"/>
    <monster name="Yeti" x="4" y="1" z="7" spawntime="60"/>
    <monster name="Yeti" x="5" y="1" z="7" spawntime="60"/>
    <monster name="Yeti" x="6" y="1" z="7" spawntime="60"/>
    <monster name="Frost Dragon" x="-6" y="2" z="7" spawntime="60"/>
    <monster name="Frost Dragon" x="-5" y="2" z="7" spawntime="60"/>
    <monster name="Frost Dragon" x="-4" y="2" z="7" spawntime="60"/>
    <monster name="Frost Dragon" x="-3" y="2" z="7" spawntime="60"/>
    <monster name="Yeti" x="2" y="2" z="7" spawntime="60"/>
    <monster name="Yeti" x="3" y="2" z="7" spawntime="60"/>
    <monster name="Yeti" x="4" y="2" z="7" spawntime="60"/>
    <monster name="Yeti" x="5" y="2" z="7" spawntime="60"/>
    <monster name="Yeti" x="6" y="2" z="7" spawntime="60"/>
    <monster name="Frost Dragon" x="-6" y="3" z="7" spawntime="60"/>
    <monster name="Frost Dragon" x="-5" y="3" z="7" spawntime="60"/>
    <monster name="Frost Dragon" x="-4" y="3" z="7" spawntime="60"/>
    <monster name="Frost Dragon" x="-3" y="3" z="7" spawntime="60"/>
    <monster name="Frost Dragon" x="-6" y="4" z="7" spawntime="60"/>
    <monster name="Frost Dragon" x="-5" y="4" z="7" spawntime="60"/>
    <monster name="Frost Dragon" x="-4" y="4" z="7" spawntime="60"/>
    <monster name="Frost Dragon" x="-3" y="4" z="7" spawntime="60"/>
    <monster name="Frost Dragon" x="-6" y="5" z="7" spawntime="60"/>
    <monster name="Frost Dragon" x="-5" y="5" z="7" spawntime="60"/>
    <monster name="Frost Dragon" x="-4" y="5" z="7" spawntime="60"/>
    <monster name="Frost Dragon" x="-3" y="5" z="7" spawntime="60"/>
    <monster name="Frost Dragon" x="-5" y="6" z="7" spawntime="60"/>
    <monster name="Frost Dragon" x="-4" y="6" z="7" spawntime="60"/>
    <monster name="Frost Dragon" x="-3" y="6" z="7" spawntime="60"/>
  </spawn>
  <spawn centerx="112" centery="224" centerz="7" radius="5">
    <monster name="Hydra" x="-3" y="-4" z="7" spawntime="60"/>
    <monster name="Gozzler" x="-3" y="0" z="7" spawntime="60"/>
    <monster name="Hydra" x="2" y="1" z="7" spawntime="60"/>
    <monster name="Hydra" x="-4" y="4" z="7" spawntime="60"/>
  </spawn>
  <spawn centerx="281" centery="225" centerz="7" radius="5">
    <monster name="Morgaroth" x="4" y="4" z="7" spawntime="60"/>
  </spawn>
  <spawn centerx="439" centery="225" centerz="7" radius="5">
    <npc name="Decoration Seller" x="-1" y="-4" z="7" spawntime="60"/>
    <npc name="Vip Seller" x="0" y="2" z="7" spawntime="60"/>
  </spawn>
  <spawn centerx="594" centery="227" centerz="7" radius="5">
    <monster name="Whatafuck" x="1" y="1" z="7" spawntime="60"/>
  </spawn>
  <spawn centerx="344" centery="229" centerz="7" radius="2">
    <monster name="Juggernaut" x="1" y="1" z="7" spawntime="60"/>
    <monster name="Hellhound" x="0" y="2" z="7" spawntime="60"/>
  </spawn>
  <spawn centerx="349" centery="229" centerz="7" radius="2">
    <monster name="Hellhound" x="1" y="-1" z="7" spawntime="60"/>
    <monster name="Juggernaut" x="0" y="1" z="7" spawntime="60"/>
  </spawn>
  <spawn centerx="555" centery="229" centerz="7" radius="5">
    <monster name="Whatafuck" x="-1" y="0" z="7" spawntime="60"/>
  </spawn>
  <spawn centerx="409" centery="230" centerz="7" radius="1">
    <monster name="Apocalypse" x="-1" y="1" z="7" spawntime="60"/>
  </spawn>
  <spawn centerx="59" centery="232" centerz="7" radius="1">
    <npc name="Addoner quest" x="1" y="0" z="7" spawntime="60"/>
  </spawn>
  <spawn centerx="126" centery="232" centerz="7" radius="5">
    <monster name="Hydra" x="-2" y="0" z="7" spawntime="60"/>
    <monster name="Hydra" x="3" y="2" z="7" spawntime="60"/>
  </spawn>
  <spawn centerx="152" centery="232" centerz="7" radius="5">
    <monster name="Hydra" x="0" y="-2" z="7" spawntime="60"/>
    <monster name="Hydra" x="-1" y="2" z="7" spawntime="60"/>
  </spawn>
  <spawn centerx="141" centery="233" centerz="7" radius="5">
    <monster name="Hydra" x="0" y="0" z="7" spawntime="60"/>
    <monster name="Hydra" x="-3" y="3" z="7" spawntime="60"/>
  </spawn>
  <spawn centerx="374" centery="234" centerz="7" radius="5">
    <monster name="Yeti" x="-1" y="1" z="7" spawntime="60"/>
    <monster name="Frost Dragon" x="0" y="3" z="7" spawntime="60"/>
    <monster name="frost dragon hatchling" x="-1" y="4" z="7" spawntime="60"/>
    <monster name="Crystal Spider" x="2" y="4" z="7" spawntime="60"/>
    <monster name="Cyclops Smith" x="4" y="4" z="7" spawntime="60"/>
  </spawn>
  <spawn centerx="344" centery="236" centerz="7" radius="2">
    <monster name="Juggernaut" x="1" y="0" z="7" spawntime="60"/>
    <monster name="Hellhound" x="1" y="1" z="7" spawntime="60"/>
  </spawn>
  <spawn centerx="350" centery="236" centerz="7" radius="2">
    <monster name="Juggernaut" x="-1" y="0" z="7" spawntime="60"/>
    <monster name="Hellhound" x="0" y="1" z="7" spawntime="60"/>
  </spawn>
  <spawn centerx="112" centery="237" centerz="7" radius="5">
    <monster name="Hydra" x="-3" y="-4" z="7" spawntime="60"/>
    <monster name="Hydra" x="3" y="-2" z="7" spawntime="60"/>
    <monster name="Hydra" x="-1" y="0" z="7" spawntime="60"/>
    <monster name="Hydra" x="-3" y="2" z="7" spawntime="60"/>
    <monster name="Gozzler" x="-4" y="4" z="7" spawntime="60"/>
    <monster name="Hydra" x="0" y="5" z="7" spawntime="60"/>
  </spawn>
  <spawn centerx="437" centery="237" centerz="7" radius="5">
    <npc name="Treiner Manager" x="1" y="-3" z="7" spawntime="60"/>
    <npc name="Catapult Manager" x="-3" y="2" z="7" spawntime="60"/>
  </spawn>
  <spawn centerx="59" centery="242" centerz="7" radius="1">
    <npc name="Aol Seller" x="0" y="-1" z="7" spawntime="60"/>
  </spawn>
  <spawn centerx="81" centery="242" centerz="7" radius="1">
    <npc name="Loot Buyer" x="-1" y="-1" z="7" spawntime="60"/>
  </spawn>
  <spawn centerx="126" centery="243" centerz="7" radius="5">
    <monster name="Hydra" x="3" y="-4" z="7" spawntime="60"/>
    <monster name="Hydra" x="-2" y="-3" z="7" spawntime="60"/>
    <monster name="Gozzler" x="3" y="1" z="7" spawntime="60"/>
    <monster name="Hydra" x="1" y="2" z="7" spawntime="60"/>
  </spawn>
  <spawn centerx="141" centery="244" centerz="7" radius="5">
    <monster name="Hydra" x="2" y="-3" z="7" spawntime="60"/>
    <monster name="Gozzler" x="3" y="0" z="7" spawntime="60"/>
    <monster name="Hydra" x="-1" y="3" z="7" spawntime="60"/>
  </spawn>
  <spawn centerx="374" centery="246" centerz="7" radius="5">
    <monster name="frost dragon hatchling" x="-3" y="0" z="7" spawntime="60"/>
    <monster name="Yeti" x="-1" y="2" z="7" spawntime="60"/>
    <monster name="Frost Dragon" x="3" y="3" z="7" spawntime="60"/>
    <monster name="Crystal Spider" x="-2" y="4" z="7" spawntime="60"/>
    <monster name="Cyclops Smith" x="5" y="4" z="7" spawntime="60"/>
  </spawn>
  <spawn centerx="153" centery="247" centerz="7" radius="5">
    <monster name="Hydra" x="-1" y="-2" z="7" spawntime="60"/>
    <monster name="Hydra" x="-2" y="2" z="7" spawntime="60"/>
    <monster name="Gozzler" x="-2" y="4" z="7" spawntime="60"/>
  </spawn>
  <spawn centerx="428" centery="248" centerz="7" radius="5">
    <npc name="Ring Seller" x="0" y="1" z="7" spawntime="60"/>
  </spawn>
  <spawn centerx="59" centery="251" centerz="7" radius="1">
    <npc name="Mage Seller" x="0" y="-1" z="7" spawntime="60"/>
  </spawn>
  <spawn centerx="80" centery="251" centerz="7" radius="1">
    <npc name="Paladin Seller" x="-1" y="-1" z="7" spawntime="60"/>
  </spawn>
  <spawn centerx="111" centery="251" centerz="7" radius="5">
    <monster name="Gozzler" x="-4" y="-3" z="7" spawntime="60"/>
    <monster name="Hydra" x="3" y="-3" z="7" spawntime="60"/>
    <monster name="Hydra" x="-4" y="-1" z="7" spawntime="60"/>
    <monster name="Hydra" x="-3" y="2" z="7" spawntime="60"/>
    <monster name="Hydra" x="4" y="2" z="7" spawntime="60"/>
    <monster name="Hydra" x="-2" y="5" z="7" spawntime="60"/>
  </spawn>
  <spawn centerx="391" centery="254" centerz="7" radius="5">
    <monster name="Crystal Spider" x="-2" y="2" z="7" spawntime="60"/>
  </spawn>
  <spawn centerx="126" centery="255" centerz="7" radius="5">
    <monster name="Hydra" x="1" y="-4" z="7" spawntime="60"/>
    <monster name="Hydra" x="-3" y="0" z="7" spawntime="60"/>
    <monster name="Hydra" x="3" y="2" z="7" spawntime="60"/>
  </spawn>
  <spawn centerx="140" centery="255" centerz="7" radius="5">
    <monster name="Hydra" x="3" y="-5" z="7" spawntime="60"/>
    <monster name="Hydra" x="0" y="2" z="7" spawntime="60"/>
    <monster name="Hydra" x="-2" y="4" z="7" spawntime="60"/>
  </spawn>
  <spawn centerx="70" centery="256" centerz="7" radius="1">
    <npc name="Narco traficante" x="-1" y="0" z="7" spawntime="60"/>
  </spawn>
  <spawn centerx="151" centery="258" centerz="7" radius="5">
    <monster name="Hydra" x="0" y="-3" z="7" spawntime="60"/>
    <monster name="Hydra" x="-2" y="1" z="7" spawntime="60"/>
  </spawn>
  <spawn centerx="111" centery="264" centerz="7" radius="5">
    <monster name="Hydra" x="1" y="-5" z="7" spawntime="60"/>
    <monster name="Hydra" x="-2" y="-1" z="7" spawntime="60"/>
    <monster name="Hydra" x="0" y="0" z="7" spawntime="60"/>
    <monster name="Hydra" x="3" y="1" z="7" spawntime="60"/>
    <monster name="Gozzler" x="4" y="2" z="7" spawntime="60"/>
    <monster name="Hydra" x="-2" y="3" z="7" spawntime="60"/>
  </spawn>
  <spawn centerx="405" centery="265" centerz="7" radius="5">
    <monster name="Crystal Spider" x="-2" y="-1" z="7" spawntime="60"/>
  </spawn>
  <spawn centerx="126" centery="266" centerz="7" radius="5">
    <monster name="Hydra" x="4" y="-4" z="7" spawntime="60"/>
    <monster name="Hydra" x="-2" y="-2" z="7" spawntime="60"/>
    <monster name="Gozzler" x="-4" y="-1" z="7" spawntime="60"/>
    <monster name="Hydra" x="1" y="4" z="7" spawntime="60"/>
  </spawn>
  <spawn centerx="140" centery="269" centerz="7" radius="5">
    <monster name="Hydra" x="-1" y="-3" z="7" spawntime="60"/>
    <monster name="Hydra" x="-2" y="-1" z="7" spawntime="60"/>
  </spawn>
  <spawn centerx="594" centery="269" centerz="7" radius="5">
    <monster name="La momia" x="1" y="-3" z="7" spawntime="60"/>
    <monster name="La momia" x="3" y="-1" z="7" spawntime="60"/>
    <monster name="La momia" x="-5" y="0" z="7" spawntime="60"/>
    <monster name="La momia" x="-2" y="5" z="7" spawntime="60"/>
  </spawn>
  <spawn centerx="429" centery="270" centerz="7" radius="5">
    <monster name="Crystal Spider" x="-2" y="-2" z="7" spawntime="60"/>
  </spawn>
  <spawn centerx="542" centery="270" centerz="7" radius="5">
    <monster name="La momia" x="-2" y="0" z="7" spawntime="60"/>
  </spawn>
  <spawn centerx="558" centery="270" centerz="7" radius="5">
    <monster name="La momia" x="-2" y="-4" z="7" spawntime="60"/>
    <monster name="La momia" x="-2" y="2" z="7" spawntime="60"/>
  </spawn>
  <spawn centerx="576" centery="270" centerz="7" radius="5">
    <monster name="La momia" x="3" y="-5" z="7" spawntime="60"/>
    <monster name="La momia" x="-2" y="2" z="7" spawntime="60"/>
    <monster name="La momia" x="4" y="4" z="7" spawntime="60"/>
  </spawn>
  <spawn centerx="367" centery="272" centerz="7" radius="5">
    <npc name="Soft Boots Seller" x="3" y="1" z="7" spawntime="60"/>
  </spawn>
  <spawn centerx="444" centery="273" centerz="7" radius="5">
    <monster name="Crystal Spider" x="2" y="-1" z="7" spawntime="60"/>
  </spawn>
  <spawn centerx="459" centery="273" centerz="7" radius="5">
    <monster name="Crystal Spider" x="2" y="-1" z="7" spawntime="60"/>
  </spawn>
  <spawn centerx="43" centery="274" centerz="7" radius="5">
    <monster name="Snow Soul" x="-4" y="-5" z="7" spawntime="60"/>
    <monster name="Snow Soul" x="-1" y="-5" z="7" spawntime="60"/>
    <monster name="Snow Soul" x="-4" y="-3" z="7" spawntime="60"/>
    <monster name="Snow Soul" x="-1" y="-3" z="7" spawntime="60"/>
    <monster name="Snow Soul" x="-2" y="-1" z="7" spawntime="60"/>
    <monster name="Snow Soul" x="1" y="-1" z="7" spawntime="60"/>
    <monster name="Snow Soul" x="1" y="0" z="7" spawntime="60"/>
    <monster name="Snow Soul" x="-3" y="1" z="7" spawntime="60"/>
    <monster name="Snow Soul" x="4" y="2" z="7" spawntime="60"/>
    <monster name="Snow Soul" x="-1" y="3" z="7" spawntime="60"/>
    <monster name="Snow Soul" x="2" y="3" z="7" spawntime="60"/>
  </spawn>
  <spawn centerx="50" centery="275" centerz="7" radius="5">
    <monster name="Snow Soul" x="4" y="-4" z="7" spawntime="60"/>
    <monster name="Snow Soul" x="0" y="-3" z="7" spawntime="60"/>
    <monster name="Snow Soul" x="0" y="3" z="7" spawntime="60"/>
    <monster name="Snow Soul" x="1" y="3" z="7" spawntime="60"/>
    <monster name="Snow Soul" x="2" y="3" z="7" spawntime="60"/>
    <monster name="Snow Soul" x="3" y="5" z="7" spawntime="60"/>
    <monster name="Snow Soul" x="5" y="5" z="7" spawntime="60"/>
  </spawn>
  <spawn centerx="276" centery="275" centerz="7" radius="5">
    <monster name="Morgaroth" x="-1" y="-1" z="7" spawntime="60"/>
  </spawn>
  <spawn centerx="412" centery="276" centerz="7" radius="5">
    <monster name="Crystal Spider" x="4" y="1" z="7" spawntime="60"/>
  </spawn>
  <spawn centerx="254" centery="281" centerz="7" radius="5">
    <monster name="Morgaroth" x="1" y="1" z="7" spawntime="60"/>
  </spawn>
  <spawn centerx="348" centery="281" centerz="7" radius="5">
    <npc name="Aol Seller" x="-1" y="3" z="7" spawntime="60"/>
  </spawn>
  <spawn centerx="358" centery="286" centerz="7" radius="5">
    <npc name="Equipaments Seller" x="1" y="3" z="7" spawntime="60"/>
  </spawn>
  <spawn centerx="467" centery="286" centerz="7" radius="5">
    <monster name="Yeti" x="2" y="-1" z="7" spawntime="60"/>
    <monster name="Crystal Spider" x="-2" y="0" z="7" spawntime="60"/>
    <monster name="Crystal Spider" x="3" y="4" z="7" spawntime="60"/>
  </spawn>
  <spawn centerx="443" centery="288" centerz="7" radius="5">
    <monster name="Frost Dragon" x="4" y="-5" z="7" spawntime="60"/>
    <monster name="frost dragon hatchling" x="-4" y="-4" z="7" spawntime="60"/>
    <monster name="Frost Dragon" x="-5" y="0" z="7" spawntime="60"/>
    <monster name="Frost Dragon" x="2" y="3" z="7" spawntime="60"/>
    <monster name="frost dragon hatchling" x="-3" y="4" z="7" spawntime="60"/>
  </spawn>
  <spawn centerx="372" centery="289" centerz="7" radius="5">
    <npc name="Mage Seller" x="1" y="1" z="7" spawntime="60"/>
  </spawn>
  <spawn centerx="430" centery="289" centerz="7" radius="5">
    <monster name="Frost Dragon" x="3" y="-3" z="7" spawntime="60"/>
    <monster name="frost dragon hatchling" x="-4" y="-2" z="7" spawntime="60"/>
    <monster name="Frost Dragon" x="-3" y="3" z="7" spawntime="60"/>
    <monster name="frost dragon hatchling" x="3" y="3" z="7" spawntime="60"/>
  </spawn>
  <spawn centerx="418" centery="290" centerz="7" radius="5">
    <monster name="Frost Dragon" x="5" y="-5" z="7" spawntime="60"/>
    <monster name="Frost Dragon" x="-5" y="-2" z="7" spawntime="60"/>
    <monster name="frost dragon hatchling" x="-3" y="1" z="7" spawntime="60"/>
    <monster name="frost dragon hatchling" x="3" y="3" z="7" spawntime="60"/>
  </spawn>
  <spawn centerx="401" centery="291" centerz="7" radius="5">
    <monster name="Frost Dragon" x="-5" y="-5" z="7" spawntime="60"/>
    <monster name="Frost Dragon" x="2" y="-3" z="7" spawntime="60"/>
    <monster name="frost dragon hatchling" x="0" y="-1" z="7" spawntime="60"/>
    <monster name="Frost Dragon" x="5" y="1" z="7" spawntime="60"/>
    <monster name="Frost Dragon" x="-5" y="4" z="7" spawntime="60"/>
  </spawn>
  <spawn centerx="453" centery="291" centerz="7" radius="5">
    <monster name="Yeti" x="0" y="-2" z="7" spawntime="60"/>
    <monster name="Crystal Spider" x="3" y="-1" z="7" spawntime="60"/>
  </spawn>
  <spawn centerx="220" centery="298" centerz="7" radius="5">
    <monster name="Ghazbaran" x="0" y="0" z="7" spawntime="60"/>
  </spawn>
  <spawn centerx="471" centery="299" centerz="7" radius="5">
    <monster name="Yeti" x="-3" y="-1" z="7" spawntime="60"/>
    <monster name="Crystal Spider" x="-1" y="0" z="7" spawntime="60"/>
    <monster name="Crystal Spider" x="0" y="4" z="7" spawntime="60"/>
  </spawn>
  <spawn centerx="815" centery="299" centerz="7" radius="1">
    <monster name="Evil Tree" x="0" y="0" z="7" spawntime="4"/>
  </spawn>
  <spawn centerx="458" centery="300" centerz="7" radius="5">
    <monster name="Crystal Spider" x="1" y="-2" z="7" spawntime="60"/>
    <monster name="Yeti" x="-3" y="0" z="7" spawntime="60"/>
    <monster name="Crystal Spider" x="-1" y="3" z="7" spawntime="60"/>
  </spawn>
  <spawn centerx="373" centery="302" centerz="7" radius="5">
    <npc name="Paladin Seller" x="-1" y="1" z="7" spawntime="60"/>
  </spawn>
  <spawn centerx="443" centery="302" centerz="7" radius="5">
    <monster name="Frost Dragon" x="-2" y="-4" z="7" spawntime="60"/>
    <monster name="Frost Dragon" x="5" y="-2" z="7" spawntime="60"/>
    <monster name="frost dragon hatchling" x="-2" y="0" z="7" spawntime="60"/>
    <monster name="Frost Dragon" x="-2" y="1" z="7" spawntime="60"/>
    <monster name="frost dragon hatchling" x="-4" y="3" z="7" spawntime="60"/>
    <monster name="Frost Dragon" x="3" y="4" z="7" spawntime="60"/>
  </spawn>
  <spawn centerx="404" centery="303" centerz="7" radius="5">
    <monster name="Frost Dragon" x="-1" y="-2" z="7" spawntime="60"/>
    <monster name="frost dragon hatchling" x="0" y="-2" z="7" spawntime="60"/>
    <monster name="frost dragon hatchling" x="1" y="3" z="7" spawntime="60"/>
  </spawn>
  <spawn centerx="420" centery="303" centerz="7" radius="5">
    <monster name="Frost Dragon" x="5" y="-5" z="7" spawntime="60"/>
    <monster name="frost dragon hatchling" x="-4" y="-3" z="7" spawntime="60"/>
    <monster name="Frost Dragon" x="-5" y="-2" z="7" spawntime="60"/>
    <monster name="frost dragon hatchling" x="5" y="-2" z="7" spawntime="60"/>
    <monster name="Frost Dragon" x="4" y="0" z="7" spawntime="60"/>
    <monster name="frost dragon hatchling" x="2" y="3" z="7" spawntime="60"/>
    <monster name="Frost Dragon" x="-4" y="4" z="7" spawntime="60"/>
  </spawn>
  <spawn centerx="55" centery="306" centerz="7" radius="5">
    <monster name="Hero" x="4" y="-2" z="7" spawntime="60"/>
    <monster name="Hero" x="-3" y="0" z="7" spawntime="60"/>
    <monster name="Black Knight" x="0" y="1" z="7" spawntime="60"/>
  </spawn>
  <spawn centerx="68" centery="306" centerz="7" radius="5">
    <monster name="Hero" x="3" y="-1" z="7" spawntime="60"/>
    <monster name="Black Knight" x="0" y="1" z="7" spawntime="60"/>
    <monster name="Hero" x="-3" y="4" z="7" spawntime="60"/>
  </spawn>
  <spawn centerx="94" centery="306" centerz="7" radius="5">
    <monster name="Hero" x="4" y="-4" z="7" spawntime="60"/>
    <monster name="Hero" x="-2" y="-1" z="7" spawntime="60"/>
    <monster name="Black Knight" x="0" y="2" z="7" spawntime="60"/>
  </spawn>
  <spawn centerx="82" centery="310" centerz="7" radius="5">
    <monster name="Black Knight" x="-1" y="-2" z="7" spawntime="60"/>
    <monster name="Hero" x="-2" y="1" z="7" spawntime="60"/>
  </spawn>
  <spawn centerx="347" centery="312" centerz="7" radius="5">
    <npc name="Food Seller" x="-1" y="2" z="7" spawntime="60"/>
  </spawn>
  <spawn centerx="456" centery="312" centerz="7" radius="5">
    <monster name="Crystal Spider" x="0" y="-2" z="7" spawntime="60"/>
    <monster name="Yeti" x="2" y="-1" z="7" spawntime="60"/>
    <monster name="Crystal Spider" x="-1" y="2" z="7" spawntime="60"/>
  </spawn>
  <spawn centerx="468" centery="312" centerz="7" radius="5">
    <monster name="Yeti" x="-1" y="-3" z="7" spawntime="60"/>
    <monster name="Crystal Spider" x="1" y="-2" z="7" spawntime="60"/>
    <monster name="Crystal Spider" x="3" y="2" z="7" spawntime="60"/>
  </spawn>
  <spawn centerx="409" centery="313" centerz="7" radius="5">
    <monster name="Frost Dragon" x="5" y="-5" z="7" spawntime="60"/>
    <monster name="Frost Dragon" x="-3" y="-2" z="7" spawntime="60"/>
    <monster name="Frost Dragon" x="-3" y="2" z="7" spawntime="60"/>
    <monster name="frost dragon hatchling" x="-2" y="2" z="7" spawntime="60"/>
    <monster name="Frost Dragon" x="4" y="4" z="7" spawntime="60"/>
  </spawn>
  <spawn centerx="362" centery="315" centerz="7" radius="5">
    <npc name="Loot Buyer" x="3" y="1" z="7" spawntime="60"/>
  </spawn>
  <spawn centerx="49" centery="316" centerz="7" radius="5">
    <monster name="Black Knight" x="2" y="-2" z="7" spawntime="60"/>
    <monster name="Hero" x="-1" y="1" z="7" spawntime="60"/>
  </spawn>
  <spawn centerx="104" centery="316" centerz="7" radius="5">
    <monster name="Hero" x="-1" y="-3" z="7" spawntime="60"/>
    <monster name="Black Knight" x="2" y="1" z="7" spawntime="60"/>
    <monster name="Hero" x="0" y="4" z="7" spawntime="60"/>
  </spawn>
  <spawn centerx="64" centery="317" centerz="7" radius="5">
    <monster name="Hero" x="-4" y="-5" z="7" spawntime="60"/>
    <monster name="Black Knight" x="2" y="1" z="7" spawntime="60"/>
    <monster name="Hero" x="-3" y="3" z="7" spawntime="60"/>
  </spawn>
  <spawn centerx="428" centery="317" centerz="7" radius="5">
    <monster name="Frost Dragon" x="-4" y="-4" z="7" spawntime="60"/>
    <monster name="Frost Dragon" x="5" y="-4" z="7" spawntime="60"/>
    <monster name="frost dragon hatchling" x="3" y="-3" z="7" spawntime="60"/>
    <monster name="Frost Dragon" x="0" y="1" z="7" spawntime="60"/>
    <monster name="frost dragon hatchling" x="-3" y="2" z="7" spawntime="60"/>
    <monster name="Frost Dragon" x="1" y="5" z="7" spawntime="60"/>
  </spawn>
  <spawn centerx="444" centery="319" centerz="7" radius="5">
    <monster name="Frost Dragon" x="3" y="-4" z="7" spawntime="60"/>
    <monster name="frost dragon hatchling" x="-3" y="-2" z="7" spawntime="60"/>
    <monster name="Frost Dragon" x="-5" y="3" z="7" spawntime="60"/>
    <monster name="Frost Dragon" x="-2" y="3" z="7" spawntime="60"/>
  </spawn>
  <spawn centerx="86" centery="320" centerz="7" radius="5">
    <monster name="Black Knight" x="5" y="-3" z="7" spawntime="60"/>
    <monster name="Hero" x="-4" y="-1" z="7" spawntime="60"/>
    <monster name="Hero" x="4" y="-1" z="7" spawntime="60"/>
    <monster name="Black Knight" x="-5" y="0" z="7" spawntime="60"/>
  </spawn>
  <spawn centerx="401" centery="324" centerz="7" radius="5">
    <monster name="Frost Dragon" x="-1" y="-3" z="7" spawntime="60"/>
    <monster name="frost dragon hatchling" x="3" y="-3" z="7" spawntime="60"/>
    <monster name="Frost Dragon" x="-2" y="3" z="7" spawntime="60"/>
  </spawn>
  <spawn centerx="416" centery="324" centerz="7" radius="5">
    <monster name="frost dragon hatchling" x="3" y="-4" z="7" spawntime="60"/>
    <monster name="Frost Dragon" x="4" y="-3" z="7" spawntime="60"/>
    <monster name="Frost Dragon" x="-1" y="2" z="7" spawntime="60"/>
  </spawn>
  <spawn centerx="463" centery="324" centerz="7" radius="5">
    <monster name="Crystal Spider" x="-3" y="-3" z="7" spawntime="60"/>
    <monster name="Yeti" x="0" y="-1" z="7" spawntime="60"/>
    <monster name="Crystal Spider" x="3" y="-1" z="7" spawntime="60"/>
    <monster name="Crystal Spider" x="3" y="1" z="7" spawntime="60"/>
    <monster name="Crystal Spider" x="-2" y="2" z="7" spawntime="60"/>
  </spawn>
  <spawn centerx="98" centery="326" centerz="7" radius="5">
    <monster name="Hero" x="-3" y="-2" z="7" spawntime="60"/>
    <monster name="Hero" x="2" y="1" z="7" spawntime="60"/>
    <monster name="Black Knight" x="-2" y="3" z="7" spawntime="60"/>
  </spawn>
  <spawn centerx="52" centery="327" centerz="7" radius="5">
    <monster name="Hero" x="3" y="-5" z="7" spawntime="60"/>
    <monster name="Hero" x="-2" y="-2" z="7" spawntime="60"/>
    <monster name="Black Knight" x="0" y="2" z="7" spawntime="60"/>
  </spawn>
  <spawn centerx="76" centery="329" centerz="7" radius="5">
    <monster name="Hero" x="-5" y="-5" z="7" spawntime="60"/>
    <monster name="Hero" x="-4" y="0" z="7" spawntime="60"/>
    <monster name="Black Knight" x="2" y="1" z="7" spawntime="60"/>
  </spawn>
  <spawn centerx="63" centery="330" centerz="7" radius="5">
    <monster name="Hero" x="-2" y="-2" z="7" spawntime="60"/>
    <monster name="Black Knight" x="-1" y="1" z="7" spawntime="60"/>
  </spawn>
  <spawn centerx="107" centery="333" centerz="7" radius="5">
    <monster name="Black Knight" x="0" y="-5" z="7" spawntime="60"/>
    <monster name="Hero" x="-1" y="1" z="7" spawntime="60"/>
    <monster name="Black Knight" x="2" y="2" z="7" spawntime="60"/>
  </spawn>
  <spawn centerx="87" centery="334" centerz="7" radius="5">
    <monster name="Hero" x="-4" y="1" z="7" spawntime="60"/>
    <monster name="Black Knight" x="-2" y="1" z="7" spawntime="60"/>
    <monster name="Hero" x="4" y="1" z="7" spawntime="60"/>
  </spawn>
  <spawn centerx="99" centery="341" centerz="7" radius="5">
    <monster name="Black Knight" x="-2" y="-5" z="7" spawntime="60"/>
    <monster name="Hero" x="-1" y="-4" z="7" spawntime="60"/>
    <monster name="Hero" x="2" y="-2" z="7" spawntime="60"/>
    <monster name="Hero" x="3" y="-2" z="7" spawntime="60"/>
    <monster name="Black Knight" x="3" y="2" z="7" spawntime="60"/>
    <monster name="Hero" x="-3" y="3" z="7" spawntime="60"/>
  </spawn>
  <spawn centerx="52" centery="342" centerz="7" radius="5">
    <monster name="Hero" x="-1" y="-4" z="7" spawntime="60"/>
    <monster name="Black Knight" x="2" y="0" z="7" spawntime="60"/>
    <monster name="Hero" x="-3" y="1" z="7" spawntime="60"/>
  </spawn>
  <spawn centerx="63" centery="342" centerz="7" radius="5">
    <monster name="Hero" x="4" y="-1" z="7" spawntime="60"/>
    <monster name="Hero" x="-4" y="2" z="7" spawntime="60"/>
    <monster name="Hero" x="-3" y="2" z="7" spawntime="60"/>
    <monster name="Black Knight" x="3" y="2" z="7" spawntime="60"/>
  </spawn>
  <spawn centerx="73" centery="342" centerz="7" radius="5">
    <monster name="Hero" x="-3" y="-5" z="7" spawntime="60"/>
    <monster name="Hero" x="4" y="0" z="7" spawntime="60"/>
    <monster name="Black Knight" x="3" y="1" z="7" spawntime="60"/>
  </spawn>
  <spawn centerx="528" centery="347" centerz="7" radius="5">
    <monster name="Training Monk" x="-4" y="-5" z="7" spawntime="60"/>
    <monster name="Training Monk" x="-2" y="-5" z="7" spawntime="60"/>
    <monster name="Training Monk" x="0" y="-5" z="7" spawntime="60"/>
    <monster name="Training Monk" x="2" y="-5" z="7" spawntime="60"/>
    <monster name="Training Monk" x="4" y="-5" z="7" spawntime="60"/>
    <monster name="Training Monk" x="-4" y="5" z="7" spawntime="60"/>
    <monster name="Training Monk" x="-2" y="5" z="7" spawntime="60"/>
    <monster name="Training Monk" x="0" y="5" z="7" spawntime="60"/>
    <monster name="Training Monk" x="2" y="5" z="7" spawntime="60"/>
    <monster name="Training Monk" x="4" y="5" z="7" spawntime="60"/>
  </spawn>
  <spawn centerx="535" centery="347" centerz="7" radius="5">
    <monster name="Training Monk" x="-1" y="-5" z="7" spawntime="60"/>
    <monster name="Training Monk" x="1" y="-5" z="7" spawntime="60"/>
    <monster name="Training Monk" x="3" y="-5" z="7" spawntime="60"/>
    <monster name="Training Monk" x="5" y="-5" z="7" spawntime="60"/>
    <monster name="Training Monk" x="-1" y="5" z="7" spawntime="60"/>
    <monster name="Training Monk" x="1" y="5" z="7" spawntime="60"/>
    <monster name="Training Monk" x="3" y="5" z="7" spawntime="60"/>
    <monster name="Training Monk" x="5" y="5" z="7" spawntime="60"/>
  </spawn>
  <spawn centerx="543" centery="347" centerz="7" radius="5">
    <monster name="Training Monk" x="-1" y="-5" z="7" spawntime="60"/>
    <monster name="Training Monk" x="1" y="-5" z="7" spawntime="60"/>
    <monster name="Training Monk" x="3" y="-5" z="7" spawntime="60"/>
    <monster name="Training Monk" x="5" y="-5" z="7" spawntime="60"/>
    <monster name="Training Monk" x="-1" y="5" z="7" spawntime="60"/>
    <monster name="Training Monk" x="1" y="5" z="7" spawntime="60"/>
    <monster name="Training Monk" x="3" y="5" z="7" spawntime="60"/>
    <monster name="Training Monk" x="5" y="5" z="7" spawntime="60"/>
  </spawn>
  <spawn centerx="551" centery="347" centerz="7" radius="5">
    <monster name="Training Monk" x="-1" y="-5" z="7" spawntime="60"/>
    <monster name="Training Monk" x="1" y="-5" z="7" spawntime="60"/>
    <monster name="Training Monk" x="3" y="-5" z="7" spawntime="60"/>
    <monster name="Training Monk" x="5" y="-5" z="7" spawntime="60"/>
    <monster name="Training Monk" x="-1" y="5" z="7" spawntime="60"/>
    <monster name="Training Monk" x="1" y="5" z="7" spawntime="60"/>
    <monster name="Training Monk" x="3" y="5" z="7" spawntime="60"/>
    <monster name="Training Monk" x="5" y="5" z="7" spawntime="60"/>
  </spawn>
  <spawn centerx="557" centery="347" centerz="7" radius="5">
    <monster name="Training Monk" x="1" y="5" z="7" spawntime="60"/>
  </spawn>
  <spawn centerx="50" centery="356" centerz="7" radius="2">
    <npc name="priest" x="-1" y="0" z="7" spawntime="60"/>
  </spawn>
  <spawn centerx="426" centery="359" centerz="7" radius="1">
    <monster name="Devil Flamebeast" x="-1" y="0" z="7" spawntime="60"/>
  </spawn>
  <spawn centerx="315" centery="360" centerz="7" radius="5"/>
  <spawn centerx="319" centery="361" centerz="7" radius="5">
    <monster name="Whatafuck" x="5" y="-5" z="7" spawntime="60"/>
    <monster name="Whatafuck" x="4" y="2" z="7" spawntime="60"/>
  </spawn>
  <spawn centerx="432" centery="362" centerz="7" radius="1"/>
  <spawn centerx="310" centery="364" centerz="7" radius="5">
    <monster name="Whatafuck" x="-1" y="-2" z="7" spawntime="60"/>
  </spawn>
  <spawn centerx="320" centery="364" centerz="7" radius="5"/>
  <spawn centerx="311" centery="365" centerz="7" radius="5"/>
  <spawn centerx="427" centery="369" centerz="7" radius="1">
    <monster name="Fire Devil" x="0" y="0" z="7" spawntime="60"/>
  </spawn>
  <spawn centerx="266" centery="372" centerz="7" radius="5">
    <monster name="Sea Serpent" x="2" y="-3" z="7" spawntime="60"/>
    <monster name="Sea Serpent" x="2" y="-2" z="7" spawntime="60"/>
    <monster name="Wyrm" x="-2" y="1" z="7" spawntime="60"/>
    <monster name="Sea Serpent" x="0" y="2" z="7" spawntime="60"/>
    <monster name="Wyrm" x="3" y="2" z="7" spawntime="60"/>
    <monster name="Sea Serpent" x="-1" y="3" z="7" spawntime="60"/>
  </spawn>
  <spawn centerx="199" centery="374" centerz="7" radius="5">
    <monster name="Sea Serpent" x="-5" y="-5" z="7" spawntime="60"/>
    <monster name="Sea Serpent" x="3" y="-3" z="7" spawntime="60"/>
    <monster name="Wyrm" x="-1" y="-2" z="7" spawntime="60"/>
    <monster name="Wyrm" x="2" y="1" z="7" spawntime="60"/>
    <monster name="Sea Serpent" x="-1" y="4" z="7" spawntime="60"/>
  </spawn>
  <spawn centerx="234" centery="374" centerz="7" radius="5">
    <monster name="Sea Serpent" x="-1" y="-3" z="7" spawntime="60"/>
    <monster name="Sea Serpent" x="0" y="-2" z="7" spawntime="60"/>
    <monster name="Wyrm" x="2" y="0" z="7" spawntime="60"/>
    <monster name="Wyrm" x="-2" y="2" z="7" spawntime="60"/>
    <monster name="Sea Serpent" x="-3" y="3" z="7" spawntime="60"/>
    <monster name="Sea Serpent" x="4" y="3" z="7" spawntime="60"/>
  </spawn>
  <spawn centerx="250" centery="374" centerz="7" radius="5">
    <monster name="Sea Serpent" x="1" y="-3" z="7" spawntime="60"/>
    <monster name="Sea Serpent" x="0" y="-2" z="7" spawntime="60"/>
    <monster name="Wyrm" x="-2" y="-1" z="7" spawntime="60"/>
    <monster name="Sea Serpent" x="-2" y="2" z="7" spawntime="60"/>
    <monster name="Wyrm" x="3" y="3" z="7" spawntime="60"/>
    <monster name="Sea Serpent" x="-3" y="4" z="7" spawntime="60"/>
  </spawn>
  <spawn centerx="70" centery="375" centerz="7" radius="5">
    <npc name="Aol Seller" x="-1" y="-1" z="7" spawntime="60"/>
  </spawn>
  <spawn centerx="217" centery="375" centerz="7" radius="5">
    <monster name="Sea Serpent" x="0" y="-3" z="7" spawntime="60"/>
    <monster name="Wyrm" x="2" y="-1" z="7" spawntime="60"/>
    <monster name="Wyrm" x="-1" y="3" z="7" spawntime="60"/>
    <monster name="Sea Serpent" x="3" y="3" z="7" spawntime="60"/>
    <monster name="Sea Serpent" x="-2" y="4" z="7" spawntime="60"/>
  </spawn>
  <spawn centerx="448" centery="376" centerz="7" radius="1"/>
  <spawn centerx="278" centery="377" centerz="7" radius="5">
    <monster name="Sea Serpent" x="-3" y="-2" z="7" spawntime="60"/>
    <monster name="Sea Serpent" x="-3" y="-1" z="7" spawntime="60"/>
    <monster name="Sea Serpent" x="-1" y="1" z="7" spawntime="60"/>
    <monster name="Wyrm" x="2" y="1" z="7" spawntime="60"/>
    <monster name="Sea Serpent" x="1" y="2" z="7" spawntime="60"/>
  </spawn>
  <spawn centerx="456" centery="386" centerz="7" radius="5"/>
  <spawn centerx="444" centery="387" centerz="7" radius="30">
    <monster name="Devil Flamebeast" x="7" y="-10" z="7" spawntime="60"/>
    <monster name="Devil Flamebeast" x="-14" y="-4" z="7" spawntime="60"/>
    <monster name="Devil Flamebeast" x="21" y="4" z="7" spawntime="60"/>
    <monster name="Devil Flamebeast" x="-3" y="8" z="7" spawntime="60"/>
    <monster name="Devil Flamebeast" x="4" y="22" z="7" spawntime="60"/>
    <monster name="Devil Flamebeast" x="-21" y="26" z="7" spawntime="60"/>
  </spawn>
  <spawn centerx="206" centery="388" centerz="7" radius="5">
    <monster name="Sea Serpent" x="0" y="-2" z="7" spawntime="60"/>
    <monster name="Wyrm" x="3" y="3" z="7" spawntime="60"/>
  </spawn>
  <spawn centerx="282" centery="388" centerz="7" radius="5">
    <monster name="Sea Serpent" x="0" y="-5" z="7" spawntime="60"/>
    <monster name="Sea Serpent" x="0" y="-3" z="7" spawntime="60"/>
    <monster name="Wyrm" x="3" y="0" z="7" spawntime="60"/>
    <monster name="Sea Serpent" x="-2" y="2" z="7" spawntime="60"/>
    <monster name="Sea Serpent" x="-2" y="3" z="7" spawntime="60"/>
    <monster name="Sea Serpent" x="2" y="3" z="7" spawntime="60"/>
  </spawn>
  <spawn centerx="432" centery="390" centerz="7" radius="5"/>
  <spawn centerx="221" centery="391" centerz="7" radius="5">
    <monster name="Sea Serpent" x="5" y="-1" z="7" spawntime="60"/>
    <monster name="Wyrm" x="2" y="0" z="7" spawntime="60"/>
    <monster name="Sea Serpent" x="1" y="1" z="7" spawntime="60"/>
  </spawn>
  <spawn centerx="232" centery="391" centerz="7" radius="5">
    <monster name="Sea Serpent" x="1" y="-2" z="7" spawntime="60"/>
    <monster name="Wyrm" x="0" y="3" z="7" spawntime="60"/>
    <monster name="Wyrm" x="1" y="3" z="7" spawntime="60"/>
  </spawn>
  <spawn centerx="248" centery="392" centerz="7" radius="5">
    <monster name="Wyrm" x="3" y="0" z="7" spawntime="60"/>
    <monster name="Wyrm" x="-2" y="3" z="7" spawntime="60"/>
  </spawn>
  <spawn centerx="264" centery="392" centerz="7" radius="5">
    <monster name="Sea Serpent" x="-1" y="-3" z="7" spawntime="60"/>
    <monster name="Sea Serpent" x="2" y="-1" z="7" spawntime="60"/>
    <monster name="Sea Serpent" x="3" y="0" z="7" spawntime="60"/>
    <monster name="Wyrm" x="-1" y="1" z="7" spawntime="60"/>
  </spawn>
  <spawn centerx="447" centery="394" centerz="7" radius="5"/>
  <spawn centerx="51" centery="402" centerz="7" radius="5">
    <monster name="Training Monk" x="0" y="-1" z="7" spawntime="60"/>
    <monster name="Training Monk" x="0" y="1" z="7" spawntime="60"/>
  </spawn>
  <spawn centerx="285" centery="403" centerz="7" radius="5">
    <monster name="Sea Serpent" x="2" y="-2" z="7" spawntime="60"/>
    <monster name="Sea Serpent" x="3" y="-2" z="7" spawntime="60"/>
    <monster name="Wyrm" x="-1" y="-1" z="7" spawntime="60"/>
    <monster name="Sea Serpent" x="1" y="2" z="7" spawntime="60"/>
    <monster name="Sea Serpent" x="-1" y="3" z="7" spawntime="60"/>
  </spawn>
  <spawn centerx="462" centery="403" centerz="7" radius="5"/>
  <spawn centerx="233" centery="405" centerz="7" radius="5">
    <monster name="Wyrm" x="-1" y="-1" z="7" spawntime="60"/>
    <monster name="Sea Serpent" x="0" y="-1" z="7" spawntime="60"/>
    <monster name="Sea Serpent" x="-2" y="2" z="7" spawntime="60"/>
  </spawn>
  <spawn centerx="206" centery="406" centerz="7" radius="5">
    <monster name="Sea Serpent" x="4" y="1" z="7" spawntime="60"/>
    <monster name="Wyrm" x="-1" y="2" z="7" spawntime="60"/>
  </spawn>
  <spawn centerx="215" centery="406" centerz="7" radius="5">
    <monster name="Sea Serpent" x="3" y="-3" z="7" spawntime="60"/>
    <monster name="Sea Serpent" x="0" y="-2" z="7" spawntime="60"/>
    <monster name="Wyrm" x="3" y="1" z="7" spawntime="60"/>
  </spawn>
  <spawn centerx="251" centery="406" centerz="7" radius="5">
    <monster name="Wyrm" x="1" y="-1" z="7" spawntime="60"/>
    <monster name="Wyrm" x="-3" y="0" z="7" spawntime="60"/>
  </spawn>
  <spawn centerx="268" centery="406" centerz="7" radius="5">
    <monster name="Sea Serpent" x="3" y="-4" z="7" spawntime="60"/>
    <monster name="Wyrm" x="-1" y="-1" z="7" spawntime="60"/>
    <monster name="Sea Serpent" x="4" y="-1" z="7" spawntime="60"/>
    <monster name="Sea Serpent" x="1" y="2" z="7" spawntime="60"/>
    <monster name="Wyrm" x="4" y="2" z="7" spawntime="60"/>
    <monster name="Sea Serpent" x="-2" y="3" z="7" spawntime="60"/>
  </spawn>
  <spawn centerx="74" centery="407" centerz="7" radius="1">
    <monster name="Apocalypse" x="1" y="1" z="7" spawntime="60"/>
  </spawn>
  <spawn centerx="100" centery="407" centerz="7" radius="1">
    <monster name="Apocalypse" x="1" y="-1" z="7" spawntime="60"/>
  </spawn>
  <spawn centerx="426" centery="408" centerz="7" radius="5"/>
  <spawn centerx="441" centery="411" centerz="7" radius="5"/>
  <spawn centerx="296" centery="413" centerz="7" radius="5">
    <monster name="Sea Serpent" x="-2" y="-2" z="7" spawntime="60"/>
    <monster name="Wyrm" x="2" y="-2" z="7" spawntime="60"/>
    <monster name="Sea Serpent" x="-1" y="-1" z="7" spawntime="60"/>
    <monster name="Sea Serpent" x="2" y="1" z="7" spawntime="60"/>
    <monster name="Sea Serpent" x="3" y="3" z="7" spawntime="60"/>
  </spawn>
  <spawn centerx="51" centery="414" centerz="7" radius="5">
    <monster name="Training Monk" x="0" y="-1" z="7" spawntime="60"/>
    <monster name="Training Monk" x="0" y="1" z="7" spawntime="60"/>
  </spawn>
  <spawn centerx="207" centery="420" centerz="7" radius="5">
    <monster name="Wyrm" x="-4" y="-2" z="7" spawntime="60"/>
    <monster name="Sea Serpent" x="1" y="1" z="7" spawntime="60"/>
    <monster name="Sea Serpent" x="5" y="1" z="7" spawntime="60"/>
    <monster name="Sea Serpent" x="-1" y="2" z="7" spawntime="60"/>
  </spawn>
  <spawn centerx="223" centery="420" centerz="7" radius="5">
    <monster name="Sea Serpent" x="-3" y="0" z="7" spawntime="60"/>
    <monster name="Sea Serpent" x="-4" y="2" z="7" spawntime="60"/>
    <monster name="Wyrm" x="0" y="2" z="7" spawntime="60"/>
  </spawn>
  <spawn centerx="242" centery="420" centerz="7" radius="5">
    <monster name="Wyrm" x="3" y="-1" z="7" spawntime="60"/>
    <monster name="Wyrm" x="-2" y="2" z="7" spawntime="60"/>
  </spawn>
  <spawn centerx="263" centery="420" centerz="7" radius="5">
    <monster name="Wyrm" x="-2" y="-2" z="7" spawntime="60"/>
    <monster name="Wyrm" x="2" y="-2" z="7" spawntime="60"/>
  </spawn>
  <spawn centerx="87" centery="421" centerz="7" radius="5">
    <monster name="Ghazbaran" x="1" y="2" z="7" spawntime="60"/>
    <npc name="Paco qliao" x="4" y="3" z="7" spawntime="60"/>
  </spawn>
  <spawn centerx="51" centery="426" centerz="7" radius="5">
    <monster name="Training Monk" x="0" y="-1" z="7" spawntime="60"/>
    <monster name="Training Monk" x="0" y="1" z="7" spawntime="60"/>
  </spawn>
  <spawn centerx="297" centery="426" centerz="7" radius="5">
    <monster name="Wyrm" x="1" y="-1" z="7" spawntime="60"/>
    <monster name="Sea Serpent" x="3" y="-1" z="7" spawntime="60"/>
    <monster name="Sea Serpent" x="1" y="1" z="7" spawntime="60"/>
    <monster name="Sea Serpent" x="-3" y="3" z="7" spawntime="60"/>
    <monster name="Sea Serpent" x="-2" y="3" z="7" spawntime="60"/>
  </spawn>
  <spawn centerx="393" centery="432" centerz="7" radius="5">
    <monster name="Dragon Hatchling" x="0" y="0" z="7" spawntime="19"/>
    <monster name="Orc Berserker" x="2" y="0" z="7" spawntime="19"/>
    <monster name="Demon" x="4" y="0" z="7" spawntime="19"/>
    <monster name="Lizard Templar" x="0" y="5" z="7" spawntime="19"/>
    <monster name="Dragon" x="4" y="5" z="7" spawntime="19"/>
  </spawn>
  <spawn centerx="395" centery="432" centerz="7" radius="5">
    <monster name="Demon" x="4" y="0" z="7" spawntime="19"/>
    <monster name="Hydra" x="4" y="5" z="7" spawntime="19"/>
  </spawn>
  <spawn centerx="397" centery="432" centerz="7" radius="5">
    <monster name="Dragon Lord" x="4" y="0" z="7" spawntime="19"/>
    <monster name="Hydra" x="4" y="5" z="7" spawntime="19"/>
  </spawn>
  <spawn centerx="399" centery="432" centerz="7" radius="5">
    <monster name="Rahemos" x="4" y="0" z="7" spawntime="19"/>
    <monster name="Medusa" x="4" y="5" z="7" spawntime="19"/>
  </spawn>
  <spawn centerx="401" centery="432" centerz="7" radius="5">
    <monster name="Sea Serpent" x="4" y="0" z="7" spawntime="19"/>
    <monster name="Frost Dragon" x="4" y="5" z="7" spawntime="19"/>
  </spawn>
  <spawn centerx="403" centery="432" centerz="7" radius="5">
    <monster name="Hero" x="4" y="0" z="7" spawntime="19"/>
    <monster name="Behemoth" x="4" y="5" z="7" spawntime="19"/>
  </spawn>
  <spawn centerx="405" centery="432" centerz="7" radius="5">
    <monster name="Tarantula" x="4" y="0" z="7" spawntime="19"/>
    <monster name="Orshabaal" x="4" y="5" z="7" spawntime="19"/>
  </spawn>
  <spawn centerx="407" centery="432" centerz="7" radius="5">
    <monster name="Tarantula" x="4" y="0" z="7" spawntime="19"/>
    <monster name="Ferumbras" x="4" y="5" z="7" spawntime="19"/>
  </spawn>
  <spawn centerx="409" centery="432" centerz="7" radius="5">
    <monster name="Giant Spider" x="4" y="5" z="7" spawntime="19"/>
  </spawn>
  <spawn centerx="411" centery="432" centerz="7" radius="5">
    <monster name="Cyclops" x="4" y="0" z="7" spawntime="19"/>
    <monster name="Ferumbras" x="4" y="5" z="7" spawntime="19"/>
  </spawn>
  <spawn centerx="413" centery="432" centerz="7" radius="5">
    <monster name="Crystal Spider" x="4" y="0" z="7" spawntime="19"/>
  </spawn>
  <spawn centerx="415" centery="432" centerz="7" radius="5"/>
  <spawn centerx="417" centery="432" centerz="7" radius="5">
    <monster name="Nightmare" x="4" y="0" z="7" spawntime="19"/>
  </spawn>
  <spawn centerx="419" centery="432" centerz="7" radius="5"/>
  <spawn centerx="421" centery="432" centerz="7" radius="5"/>
  <spawn centerx="205" centery="433" centerz="7" radius="5">
    <monster name="Wyrm" x="-4" y="-3" z="7" spawntime="60"/>
    <monster name="Sea Serpent" x="1" y="-1" z="7" spawntime="60"/>
    <monster name="Sea Serpent" x="0" y="1" z="7" spawntime="60"/>
  </spawn>
  <spawn centerx="75" centery="434" centerz="7" radius="1">
    <monster name="Apocalypse" x="1" y="1" z="7" spawntime="60"/>
  </spawn>
  <spawn centerx="221" centery="434" centerz="7" radius="5">
    <monster name="Wyrm" x="-1" y="-4" z="7" spawntime="60"/>
    <monster name="Sea Serpent" x="-1" y="-1" z="7" spawntime="60"/>
    <monster name="Sea Serpent" x="1" y="1" z="7" spawntime="60"/>
  </spawn>
  <spawn centerx="239" centery="434" centerz="7" radius="5">
    <monster name="Wyrm" x="-1" y="-5" z="7" spawntime="60"/>
    <monster name="Wyrm" x="2" y="-3" z="7" spawntime="60"/>
    <monster name="Wyrm" x="-2" y="-2" z="7" spawntime="60"/>
    <monster name="Sea Serpent" x="0" y="1" z="7" spawntime="60"/>
    <monster name="Sea Serpent" x="0" y="2" z="7" spawntime="60"/>
  </spawn>
  <spawn centerx="100" centery="435" centerz="7" radius="1">
    <monster name="Apocalypse" x="1" y="0" z="7" spawntime="60"/>
  </spawn>
  <spawn centerx="258" centery="435" centerz="7" radius="5">
    <monster name="Wyrm" x="-1" y="-3" z="7" spawntime="60"/>
  </spawn>
  <spawn centerx="275" centery="435" centerz="7" radius="5">
    <monster name="Wyrm" x="-1" y="-4" z="7" spawntime="60"/>
  </spawn>
  <spawn centerx="306" centery="437" centerz="7" radius="5">
    <monster name="Sea Serpent" x="2" y="-3" z="7" spawntime="60"/>
    <monster name="Sea Serpent" x="1" y="1" z="7" spawntime="60"/>
    <monster name="Sea Serpent" x="-2" y="3" z="7" spawntime="60"/>
  </spawn>
  <spawn centerx="393" centery="437" centerz="7" radius="5"/>
  <spawn centerx="395" centery="437" centerz="7" radius="5"/>
  <spawn centerx="397" centery="437" centerz="7" radius="5"/>
  <spawn centerx="399" centery="437" centerz="7" radius="5"/>
  <spawn centerx="401" centery="437" centerz="7" radius="5"/>
  <spawn centerx="403" centery="437" centerz="7" radius="5"/>
  <spawn centerx="405" centery="437" centerz="7" radius="5"/>
  <spawn centerx="407" centery="437" centerz="7" radius="5"/>
  <spawn centerx="409" centery="437" centerz="7" radius="5"/>
  <spawn centerx="411" centery="437" centerz="7" radius="5"/>
  <spawn centerx="413" centery="437" centerz="7" radius="5"/>
  <spawn centerx="415" centery="437" centerz="7" radius="5"/>
  <spawn centerx="417" centery="437" centerz="7" radius="5"/>
  <spawn centerx="51" centery="438" centerz="7" radius="5">
    <monster name="Training Monk" x="0" y="-1" z="7" spawntime="60"/>
    <monster name="Training Monk" x="0" y="1" z="7" spawntime="60"/>
  </spawn>
  <spawn centerx="217" centery="446" centerz="7" radius="5">
    <monster name="Sea Serpent" x="1" y="-3" z="7" spawntime="60"/>
    <monster name="Sea Serpent" x="1" y="-2" z="7" spawntime="60"/>
    <monster name="Sea Serpent" x="-2" y="2" z="7" spawntime="60"/>
    <monster name="Wyrm" x="2" y="2" z="7" spawntime="60"/>
  </spawn>
  <spawn centerx="271" centery="446" centerz="7" radius="5">
    <monster name="Wyrm" x="0" y="-3" z="7" spawntime="60"/>
    <monster name="Wyrm" x="1" y="-3" z="7" spawntime="60"/>
    <monster name="Wyrm" x="4" y="-2" z="7" spawntime="60"/>
    <monster name="Wyrm" x="-1" y="0" z="7" spawntime="60"/>
  </spawn>
  <spawn centerx="235" centery="447" centerz="7" radius="5">
    <monster name="Sea Serpent" x="1" y="-3" z="7" spawntime="60"/>
    <monster name="Sea Serpent" x="0" y="-1" z="7" spawntime="60"/>
    <monster name="Sea Serpent" x="-3" y="0" z="7" spawntime="60"/>
    <monster name="Wyrm" x="3" y="0" z="7" spawntime="60"/>
  </spawn>
  <spawn centerx="253" centery="447" centerz="7" radius="5">
    <monster name="Wyrm" x="-1" y="-1" z="7" spawntime="60"/>
    <monster name="Wyrm" x="4" y="-1" z="7" spawntime="60"/>
    <monster name="Wyrm" x="2" y="3" z="7" spawntime="60"/>
  </spawn>
  <spawn centerx="287" centery="447" centerz="7" radius="5">
    <monster name="Wyrm" x="-1" y="-3" z="7" spawntime="60"/>
    <monster name="Wyrm" x="0" y="-3" z="7" spawntime="60"/>
    <monster name="Wyrm" x="3" y="-2" z="7" spawntime="60"/>
    <monster name="Wyrm" x="-2" y="1" z="7" spawntime="60"/>
  </spawn>
  <spawn centerx="310" centery="449" centerz="7" radius="5">
    <monster name="Sea Serpent" x="2" y="-2" z="7" spawntime="60"/>
    <monster name="Sea Serpent" x="0" y="0" z="7" spawntime="60"/>
    <monster name="Sea Serpent" x="1" y="2" z="7" spawntime="60"/>
    <monster name="Sea Serpent" x="-1" y="3" z="7" spawntime="60"/>
    <monster name="Wyrm" x="4" y="3" z="7" spawntime="60"/>
  </spawn>
  <spawn centerx="51" centery="450" centerz="7" radius="5">
    <monster name="Training Monk" x="0" y="-1" z="7" spawntime="60"/>
    <monster name="Training Monk" x="0" y="1" z="7" spawntime="60"/>
  </spawn>
  <spawn centerx="76" centery="452" centerz="7" radius="5">
    <npc name="Equipaments Seller" x="-1" y="0" z="7" spawntime="60"/>
  </spawn>
  <spawn centerx="84" centery="452" centerz="7" radius="5">
    <npc name="Loot Buyer" x="-1" y="0" z="7" spawntime="60"/>
  </spawn>
  <spawn centerx="92" centery="452" centerz="7" radius="5">
    <npc name="Catapult Manager" x="1" y="0" z="7" spawntime="60"/>
  </spawn>
  <spawn centerx="207" centery="458" centerz="7" radius="5">
    <monster name="Sea Serpent" x="2" y="-1" z="7" spawntime="60"/>
    <monster name="Wyrm" x="3" y="1" z="7" spawntime="60"/>
    <monster name="Sea Serpent" x="-1" y="2" z="7" spawntime="60"/>
  </spawn>
  <spawn centerx="222" centery="458" centerz="7" radius="5">
    <monster name="Wyrm" x="-1" y="-3" z="7" spawntime="60"/>
    <monster name="Sea Serpent" x="1" y="-1" z="7" spawntime="60"/>
    <monster name="Sea Serpent" x="-1" y="2" z="7" spawntime="60"/>
  </spawn>
  <spawn centerx="273" centery="458" centerz="7" radius="5">
    <monster name="Wyrm" x="-1" y="-2" z="7" spawntime="60"/>
    <monster name="Sea Serpent" x="2" y="-2" z="7" spawntime="60"/>
    <monster name="Sea Serpent" x="2" y="1" z="7" spawntime="60"/>
    <monster name="Sea Serpent" x="2" y="3" z="7" spawntime="60"/>
  </spawn>
  <spawn centerx="288" centery="458" centerz="7" radius="5">
    <monster name="Sea Serpent" x="1" y="-3" z="7" spawntime="60"/>
    <monster name="Wyrm" x="4" y="-1" z="7" spawntime="60"/>
    <monster name="Sea Serpent" x="2" y="0" z="7" spawntime="60"/>
  </spawn>
  <spawn centerx="303" centery="458" centerz="7" radius="5">
    <monster name="Sea Serpent" x="1" y="-3" z="7" spawntime="60"/>
    <monster name="Sea Serpent" x="3" y="-1" z="7" spawntime="60"/>
    <monster name="Sea Serpent" x="-3" y="0" z="7" spawntime="60"/>
    <monster name="Wyrm" x="2" y="2" z="7" spawntime="60"/>
  </spawn>
  <spawn centerx="243" centery="459" centerz="7" radius="5">
    <monster name="Wyrm" x="5" y="0" z="7" spawntime="60"/>
    <monster name="Sea Serpent" x="3" y="1" z="7" spawntime="60"/>
    <monster name="Sea Serpent" x="1" y="4" z="7" spawntime="60"/>
    <monster name="Sea Serpent" x="1" y="5" z="7" spawntime="60"/>
  </spawn>
  <spawn centerx="259" centery="459" centerz="7" radius="5">
    <monster name="Sea Serpent" x="-5" y="-2" z="7" spawntime="60"/>
    <monster name="Sea Serpent" x="-2" y="-2" z="7" spawntime="60"/>
    <monster name="Wyrm" x="0" y="-1" z="7" spawntime="60"/>
    <monster name="Sea Serpent" x="0" y="1" z="7" spawntime="60"/>
    <monster name="Sea Serpent" x="0" y="5" z="7" spawntime="60"/>
  </spawn>
  <spawn centerx="316" centery="461" centerz="7" radius="5">
    <monster name="Wyrm" x="1" y="-3" z="7" spawntime="60"/>
    <monster name="Sea Serpent" x="-2" y="1" z="7" spawntime="60"/>
    <monster name="Sea Serpent" x="-1" y="2" z="7" spawntime="60"/>
  </spawn>
  <spawn centerx="749" centery="461" centerz="7" radius="4">
    <monster name="Itachi" x="3" y="-1" z="7" spawntime="60"/>
    <monster name="Itachi" x="-2" y="1" z="7" spawntime="60"/>
  </spawn>
  <spawn centerx="51" centery="462" centerz="7" radius="5">
    <monster name="Training Monk" x="0" y="-1" z="7" spawntime="60"/>
    <monster name="Training Monk" x="0" y="1" z="7" spawntime="60"/>
  </spawn>
  <spawn centerx="706" centery="462" centerz="7" radius="3">
    <monster name="Itachi" x="-2" y="-1" z="7" spawntime="60"/>
    <npc name="Paco qliao" x="2" y="-1" z="7" spawntime="60"/>
    <monster name="Itachi" x="2" y="0" z="7" spawntime="60"/>
  </spawn>
  <spawn centerx="69" centery="463" centerz="7" radius="5">
    <npc name="Ring Seller" x="1" y="0" z="7" spawntime="60"/>
  </spawn>
  <spawn centerx="76" centery="463" centerz="7" radius="5">
    <npc name="Paladin Seller" x="1" y="0" z="7" spawntime="60"/>
  </spawn>
  <spawn centerx="84" centery="463" centerz="7" radius="5">
    <npc name="Decoration Seller" x="0" y="0" z="7" spawntime="60"/>
  </spawn>
  <spawn centerx="96" centery="463" centerz="7" radius="5">
    <npc name="Mage Seller" x="-1" y="0" z="7" spawntime="60"/>
  </spawn>
  <spawn centerx="387" centery="465" centerz="7" radius="5"/>
  <spawn centerx="319" centery="469" centerz="7" radius="5">
    <monster name="Sea Serpent" x="2" y="-2" z="7" spawntime="60"/>
    <monster name="Sea Serpent" x="3" y="-1" z="7" spawntime="60"/>
    <monster name="Wyrm" x="-3" y="1" z="7" spawntime="60"/>
    <monster name="Sea Serpent" x="-2" y="2" z="7" spawntime="60"/>
  </spawn>
  <spawn centerx="305" centery="470" centerz="7" radius="5">
    <monster name="Sea Serpent" x="1" y="-3" z="7" spawntime="60"/>
    <monster name="Sea Serpent" x="1" y="-2" z="7" spawntime="60"/>
    <monster name="Wyrm" x="-2" y="0" z="7" spawntime="60"/>
    <monster name="Sea Serpent" x="0" y="1" z="7" spawntime="60"/>
  </spawn>
  <spawn centerx="727" centery="470" centerz="7" radius="4">
    <monster name="Itachi" x="-1" y="-4" z="7" spawntime="60"/>
    <npc name="Paco qliao" x="-3" y="-1" z="7" spawntime="60"/>
  </spawn>
  <spawn centerx="191" centery="471" centerz="7" radius="5">
    <monster name="Sea Serpent" x="2" y="-3" z="7" spawntime="60"/>
    <monster name="Wyrm" x="-2" y="0" z="7" spawntime="60"/>
    <monster name="Wyrm" x="-1" y="1" z="7" spawntime="60"/>
    <monster name="Sea Serpent" x="1" y="2" z="7" spawntime="60"/>
  </spawn>
  <spawn centerx="718" centery="471" centerz="7" radius="4">
    <monster name="Itachi" x="-2" y="0" z="7" spawntime="60"/>
    <monster name="Itachi" x="2" y="0" z="7" spawntime="60"/>
  </spawn>
  <spawn centerx="736" centery="471" centerz="7" radius="4">
    <monster name="Itachi" x="-2" y="0" z="7" spawntime="60"/>
    <monster name="Itachi" x="2" y="0" z="7" spawntime="60"/>
  </spawn>
  <spawn centerx="222" centery="472" centerz="7" radius="5">
    <monster name="Sea Serpent" x="0" y="-3" z="7" spawntime="60"/>
    <monster name="Sea Serpent" x="2" y="-1" z="7" spawntime="60"/>
    <monster name="Wyrm" x="-3" y="0" z="7" spawntime="60"/>
  </spawn>
  <spawn centerx="240" centery="472" centerz="7" radius="5">
    <monster name="Sea Serpent" x="0" y="-2" z="7" spawntime="60"/>
    <monster name="Sea Serpent" x="2" y="-1" z="7" spawntime="60"/>
    <monster name="Wyrm" x="-3" y="0" z="7" spawntime="60"/>
  </spawn>
  <spawn centerx="257" centery="472" centerz="7" radius="5">
    <monster name="Sea Serpent" x="1" y="-4" z="7" spawntime="60"/>
    <monster name="Wyrm" x="-3" y="-2" z="7" spawntime="60"/>
    <monster name="Sea Serpent" x="-1" y="-1" z="7" spawntime="60"/>
  </spawn>
  <spawn centerx="273" centery="472" centerz="7" radius="5">
    <monster name="Sea Serpent" x="3" y="-3" z="7" spawntime="60"/>
    <monster name="Wyrm" x="-3" y="-2" z="7" spawntime="60"/>
    <monster name="Sea Serpent" x="1" y="-1" z="7" spawntime="60"/>
  </spawn>
  <spawn centerx="289" centery="472" centerz="7" radius="5">
    <monster name="Sea Serpent" x="-3" y="-3" z="7" spawntime="60"/>
    <monster name="Sea Serpent" x="-3" y="-2" z="7" spawntime="60"/>
    <monster name="Wyrm" x="-4" y="-1" z="7" spawntime="60"/>
    <monster name="Sea Serpent" x="0" y="1" z="7" spawntime="60"/>
  </spawn>
  <spawn centerx="207" centery="473" centerz="7" radius="5">
    <monster name="Sea Serpent" x="0" y="-3" z="7" spawntime="60"/>
    <monster name="Wyrm" x="-5" y="-2" z="7" spawntime="60"/>
    <monster name="Sea Serpent" x="-3" y="0" z="7" spawntime="60"/>
  </spawn>
  <spawn centerx="706" centery="473" centerz="7" radius="3">
    <monster name="Itachi" x="1" y="-2" z="7" spawntime="60"/>
    <monster name="Itachi" x="-2" y="1" z="7" spawntime="60"/>
  </spawn>
  <spawn centerx="365" centery="474" centerz="7" radius="6">
    <monster name="Death Demon" x="-4" y="-5" z="7" spawntime="60"/>
    <monster name="Death Demon" x="-2" y="-5" z="7" spawntime="60"/>
    <monster name="Death Demon" x="-1" y="-5" z="7" spawntime="60"/>
    <monster name="Death Demon" x="3" y="-5" z="7" spawntime="60"/>
    <monster name="Death Demon" x="5" y="-5" z="7" spawntime="60"/>
    <monster name="Death Demon" x="-4" y="-4" z="7" spawntime="60"/>
    <monster name="Death Demon" x="-3" y="-4" z="7" spawntime="60"/>
    <monster name="Death Demon" x="-2" y="-4" z="7" spawntime="60"/>
    <monster name="Death Demon" x="-1" y="-4" z="7" spawntime="60"/>
    <monster name="Death Demon" x="-3" y="-1" z="7" spawntime="60"/>
    <monster name="Death Demon" x="-2" y="-1" z="7" spawntime="60"/>
    <monster name="Death Demon" x="2" y="-1" z="7" spawntime="60"/>
    <monster name="Death Demon" x="5" y="-1" z="7" spawntime="60"/>
    <monster name="Death Demon" x="-3" y="3" z="7" spawntime="60"/>
    <monster name="Death Demon" x="2" y="3" z="7" spawntime="60"/>
    <monster name="Death Demon" x="-2" y="4" z="7" spawntime="60"/>
    <monster name="Death Demon" x="5" y="4" z="7" spawntime="60"/>
  </spawn>
  <spawn centerx="750" centery="474" centerz="7" radius="4">
    <monster name="Itachi" x="-2" y="1" z="7" spawntime="60"/>
    <monster name="Itachi" x="2" y="1" z="7" spawntime="60"/>
  </spawn>
  <spawn centerx="822" centery="478" centerz="7" radius="3">
    <monster name="La momia" x="0" y="-2" z="7" spawntime="60"/>
  </spawn>
  <spawn centerx="829" centery="478" centerz="7" radius="3">
    <monster name="La momia" x="-1" y="-2" z="7" spawntime="60"/>
    <monster name="La momia" x="-1" y="1" z="7" spawntime="60"/>
  </spawn>
  <spawn centerx="836" centery="478" centerz="7" radius="3">
    <monster name="La momia" x="-2" y="-1" z="7" spawntime="60"/>
    <monster name="La momia" x="1" y="-1" z="7" spawntime="60"/>
    <monster name="La momia" x="-1" y="2" z="7" spawntime="60"/>
  </spawn>
  <spawn centerx="843" centery="478" centerz="7" radius="3">
    <monster name="La momia" x="0" y="-2" z="7" spawntime="60"/>
    <monster name="La momia" x="2" y="-1" z="7" spawntime="60"/>
    <monster name="La momia" x="-2" y="0" z="7" spawntime="60"/>
    <monster name="La momia" x="1" y="2" z="7" spawntime="60"/>
  </spawn>
  <spawn centerx="852" centery="478" centerz="7" radius="3">
    <monster name="La momia" x="0" y="-2" z="7" spawntime="60"/>
    <monster name="La momia" x="-2" y="-1" z="7" spawntime="60"/>
    <monster name="La momia" x="3" y="-1" z="7" spawntime="60"/>
    <monster name="La momia" x="-1" y="0" z="7" spawntime="768"/>
    <monster name="La momia" x="-2" y="2" z="7" spawntime="60"/>
    <monster name="La momia" x="0" y="2" z="7" spawntime="60"/>
    <monster name="La momia" x="3" y="2" z="7" spawntime="60"/>
  </spawn>
  <spawn centerx="859" centery="478" centerz="7" radius="3">
    <monster name="La momia" x="-3" y="-2" z="7" spawntime="60"/>
    <monster name="La momia" x="-1" y="-2" z="7" spawntime="60"/>
    <monster name="La momia" x="-2" y="0" z="7" spawntime="60"/>
    <monster name="La momia" x="-1" y="2" z="7" spawntime="60"/>
  </spawn>
  <spawn centerx="727" centery="482" centerz="7" radius="4">
    <monster name="Itachi" x="-4" y="-1" z="7" spawntime="60"/>
    <npc name="Paco qliao" x="-1" y="2" z="7" spawntime="60"/>
    <monster name="Itachi" x="1" y="3" z="7" spawntime="60"/>
  </spawn>
  <spawn centerx="1005" centery="483" centerz="7" radius="5">
    <monster name="Player Killer" x="0" y="-2" z="7" spawntime="19"/>
  </spawn>
  <spawn centerx="1021" centery="483" centerz="7" radius="5">
    <monster name="Player Killer" x="0" y="-2" z="7" spawntime="19"/>
  </spawn>
  <spawn centerx="741" centery="484" centerz="7" radius="4">
    <monster name="Itachi" x="0" y="-3" z="7" spawntime="60"/>
    <monster name="Itachi" x="-3" y="1" z="7" spawntime="60"/>
    <monster name="Itachi" x="2" y="1" z="7" spawntime="60"/>
  </spawn>
  <spawn centerx="990" centery="484" centerz="7" radius="5">
    <monster name="Player Killer" x="0" y="-2" z="7" spawntime="19"/>
  </spawn>
  <spawn centerx="706" centery="485" centerz="7" radius="4">
    <monster name="Itachi" x="3" y="-2" z="7" spawntime="60"/>
    <monster name="Itachi" x="0" y="1" z="7" spawntime="60"/>
    <npc name="Paco qliao" x="2" y="2" z="7" spawntime="60"/>
  </spawn>
  <spawn centerx="1050" centery="485" centerz="7" radius="5">
    <monster name="Player Killer" x="-4" y="0" z="7" spawntime="19"/>
  </spawn>
  <spawn centerx="754" centery="488" centerz="7" radius="4">
    <monster name="Itachi" x="2" y="-2" z="7" spawntime="60"/>
    <monster name="Itachi" x="-3" y="1" z="7" spawntime="60"/>
  </spawn>
  <spawn centerx="1034" centery="488" centerz="7" radius="5">
    <monster name="Player Killer" x="0" y="-2" z="7" spawntime="19"/>
  </spawn>
  <spawn centerx="709" centery="498" centerz="7" radius="4">
    <monster name="Itachi" x="0" y="-1" z="7" spawntime="60"/>
    <monster name="Itachi" x="1" y="2" z="7" spawntime="60"/>
  </spawn>
  <spawn centerx="594" centery="499" centerz="7" radius="3">
    <monster name="Fury" x="1" y="-1" z="7" spawntime="70"/>
    <monster name="Fury" x="0" y="2" z="7" spawntime="70"/>
  </spawn>
  <spawn centerx="741" centery="499" centerz="7" radius="4">
    <monster name="Itachi" x="3" y="-1" z="7" spawntime="60"/>
    <monster name="Itachi" x="-2" y="1" z="7" spawntime="512"/>
    <monster name="Itachi" x="-2" y="2" z="7" spawntime="60"/>
  </spawn>
  <spawn centerx="604" centery="501" centerz="7" radius="2">
    <monster name="Fury" x="-1" y="-2" z="7" spawntime="70"/>
    <monster name="Fury" x="0" y="1" z="7" spawntime="70"/>
  </spawn>
  <spawn centerx="727" centery="501" centerz="7" radius="4">
    <npc name="Paco qliao" x="-1" y="-3" z="7" spawntime="60"/>
    <monster name="Itachi" x="0" y="-2" z="7" spawntime="60"/>
    <monster name="Itachi" x="-1" y="4" z="7" spawntime="60"/>
  </spawn>
  <spawn centerx="754" centery="502" centerz="7" radius="4">
    <monster name="Itachi" x="-3" y="-3" z="7" spawntime="60"/>
    <monster name="Itachi" x="-1" y="3" z="7" spawntime="60"/>
  </spawn>
  <spawn centerx="602" centery="506" centerz="7" radius="2"/>
  <spawn centerx="607" centery="506" centerz="7" radius="2"/>
  <spawn centerx="597" centery="507" centerz="7" radius="2">
    <monster name="Fury" x="1" y="1" z="7" spawntime="70"/>
  </spawn>
  <spawn centerx="612" centery="509" centerz="7" radius="2">
    <monster name="Fury" x="2" y="-2" z="7" spawntime="70"/>
    <monster name="Fury" x="-2" y="0" z="7" spawntime="70"/>
    <monster name="Fury" x="-1" y="2" z="7" spawntime="70"/>
  </spawn>
  <spawn centerx="598" centery="511" centerz="7" radius="2"/>
  <spawn centerx="603" centery="512" centerz="7" radius="2"/>
  <spawn centerx="617" centery="512" centerz="7" radius="2">
    <monster name="Fury" x="-1" y="-1" z="7" spawntime="70"/>
    <monster name="Fury" x="0" y="2" z="7" spawntime="70"/>
  </spawn>
  <spawn centerx="55" centery="513" centerz="7" radius="5">
    <monster name="yalaharian" x="-1" y="-1" z="7" spawntime="60"/>
  </spawn>
  <spawn centerx="64" centery="515" centerz="7" radius="1">
    <monster name="Evil Tree" x="0" y="1" z="7" spawntime="60"/>
  </spawn>
  <spawn centerx="619" centery="517" centerz="7" radius="2">
    <monster name="Fury" x="2" y="-2" z="7" spawntime="70"/>
  </spawn>
  <spawn centerx="603" centery="518" centerz="7" radius="2">
    <monster name="Fury" x="-2" y="-1" z="7" spawntime="70"/>
    <monster name="Fury" x="1" y="2" z="7" spawntime="70"/>
  </spawn>
  <spawn centerx="608" centery="519" centerz="7" radius="2">
    <monster name="Fury" x="1" y="2" z="7" spawntime="70"/>
  </spawn>
  <spawn centerx="615" centery="520" centerz="7" radius="2">
    <monster name="Fury" x="0" y="2" z="7" spawntime="70"/>
    <monster name="Fury" x="2" y="2" z="7" spawntime="70"/>
  </spawn>
  <spawn centerx="180" centery="521" centerz="7" radius="5">
    <monster name="Piton" x="4" y="-3" z="7" spawntime="19"/>
    <monster name="Piton" x="0" y="-2" z="7" spawntime="19"/>
    <monster name="Piton" x="-3" y="0" z="7" spawntime="19"/>
    <monster name="Piton" x="-3" y="2" z="7" spawntime="19"/>
  </spawn>
  <spawn centerx="203" centery="521" centerz="7" radius="5">
    <monster name="Piton" x="-3" y="-1" z="7" spawntime="19"/>
    <monster name="Piton" x="1" y="-1" z="7" spawntime="19"/>
    <monster name="Piton" x="4" y="-1" z="7" spawntime="19"/>
  </spawn>
  <spawn centerx="221" centery="521" centerz="7" radius="5">
    <monster name="Piton" x="-3" y="-1" z="7" spawntime="512"/>
    <monster name="Piton" x="0" y="-1" z="7" spawntime="19"/>
    <monster name="Piton" x="-3" y="0" z="7" spawntime="19"/>
    <monster name="Piton" x="4" y="1" z="7" spawntime="19"/>
  </spawn>
  <spawn centerx="597" centery="521" centerz="7" radius="2">
    <monster name="Fury" x="2" y="-2" z="7" spawntime="70"/>
    <monster name="Fury" x="0" y="0" z="7" spawntime="70"/>
  </spawn>
  <spawn centerx="238" centery="527" centerz="7" radius="5">
    <monster name="Piton" x="-1" y="-4" z="7" spawntime="19"/>
    <monster name="Piton" x="-5" y="-3" z="7" spawntime="19"/>
    <monster name="Piton" x="0" y="-1" z="7" spawntime="19"/>
    <monster name="Piton" x="2" y="-1" z="7" spawntime="19"/>
    <monster name="Piton" x="1" y="4" z="7" spawntime="19"/>
    <monster name="Piton" x="4" y="4" z="7" spawntime="19"/>
  </spawn>
  <spawn centerx="278" centery="527" centerz="7" radius="5">
    <monster name="Piton" x="1" y="-3" z="7" spawntime="19"/>
    <monster name="Piton" x="4" y="-1" z="7" spawntime="19"/>
    <monster name="Piton" x="-4" y="0" z="7" spawntime="19"/>
    <monster name="Piton" x="-4" y="4" z="7" spawntime="19"/>
    <monster name="Piton" x="1" y="4" z="7" spawntime="19"/>
  </spawn>
  <spawn centerx="295" centery="527" centerz="7" radius="5">
    <monster name="Piton" x="-1" y="-3" z="7" spawntime="19"/>
    <monster name="Piton" x="3" y="-2" z="7" spawntime="19"/>
    <monster name="Piton" x="-5" y="1" z="7" spawntime="19"/>
    <monster name="Piton" x="5" y="3" z="7" spawntime="19"/>
  </spawn>
  <spawn centerx="597" centery="528" centerz="7" radius="2">
    <monster name="Fury" x="-1" y="-2" z="7" spawntime="70"/>
    <monster name="Fury" x="2" y="0" z="7" spawntime="70"/>
    <monster name="Fury" x="1" y="1" z="7" spawntime="70"/>
  </spawn>
  <spawn centerx="161" centery="530" centerz="7" radius="5">
    <monster name="Piton" x="-1" y="-3" z="7" spawntime="19"/>
    <monster name="Piton" x="5" y="-3" z="7" spawntime="19"/>
    <monster name="Piton" x="-1" y="-1" z="7" spawntime="19"/>
    <monster name="Piton" x="-4" y="1" z="7" spawntime="19"/>
    <monster name="Piton" x="2" y="2" z="7" spawntime="19"/>
    <monster name="Piton" x="-1" y="3" z="7" spawntime="19"/>
  </spawn>
  <spawn centerx="1006" centery="530" centerz="7" radius="5">
    <monster name="Player Killer" x="0" y="-4" z="7" spawntime="19"/>
    <monster name="Player Killer" x="5" y="-4" z="7" spawntime="19"/>
    <monster name="Player Killer" x="5" y="4" z="7" spawntime="19"/>
    <monster name="Player Killer" x="0" y="5" z="7" spawntime="19"/>
  </spawn>
  <spawn centerx="1018" centery="530" centerz="7" radius="5">
    <monster name="Player Killer" x="0" y="-5" z="7" spawntime="19"/>
    <monster name="Player Killer" x="5" y="-2" z="7" spawntime="19"/>
    <monster name="Player Killer" x="-1" y="5" z="7" spawntime="19"/>
  </spawn>
  <spawn centerx="1027" centery="530" centerz="7" radius="5">
    <monster name="Player Killer" x="0" y="-5" z="7" spawntime="19"/>
    <monster name="Player Killer" x="3" y="4" z="7" spawntime="19"/>
    <monster name="Player Killer" x="-1" y="5" z="7" spawntime="19"/>
  </spawn>
  <spawn centerx="1039" centery="530" centerz="7" radius="5">
    <monster name="Player Killer" x="3" y="-5" z="7" spawntime="19"/>
    <monster name="Player Killer" x="-3" y="-1" z="7" spawntime="19"/>
    <monster name="Player Killer" x="-4" y="5" z="7" spawntime="19"/>
    <monster name="Player Killer" x="2" y="5" z="7" spawntime="19"/>
  </spawn>
  <spawn centerx="1051" centery="530" centerz="7" radius="5">
    <monster name="Player Killer" x="-4" y="-4" z="7" spawntime="19"/>
    <monster name="Player Killer" x="3" y="-4" z="7" spawntime="19"/>
    <monster name="Player Killer" x="-3" y="4" z="7" spawntime="19"/>
    <monster name="Player Killer" x="3" y="4" z="7" spawntime="19"/>
  </spawn>
  <spawn centerx="1061" centery="530" centerz="7" radius="5">
    <monster name="Player Killer" x="-1" y="-3" z="7" spawntime="19"/>
    <monster name="Player Killer" x="-1" y="5" z="7" spawntime="19"/>
    <monster name="Player Killer" x="5" y="5" z="7" spawntime="19"/>
  </spawn>
  <spawn centerx="1070" centery="531" centerz="7" radius="5">
    <monster name="Player Killer" x="3" y="-5" z="7" spawntime="19"/>
    <monster name="Player Killer" x="3" y="0" z="7" spawntime="19"/>
  </spawn>
  <spawn centerx="266" centery="533" centerz="7" radius="5">
    <monster name="Piton" x="3" y="-3" z="7" spawntime="19"/>
    <monster name="Piton" x="-3" y="0" z="7" spawntime="19"/>
    <monster name="Piton" x="2" y="2" z="7" spawntime="19"/>
    <monster name="Piton" x="-4" y="4" z="7" spawntime="19"/>
  </spawn>
  <spawn centerx="187" centery="538" centerz="7" radius="5">
    <monster name="Piton" x="1" y="-4" z="7" spawntime="19"/>
    <monster name="Piton" x="-3" y="-3" z="7" spawntime="19"/>
    <monster name="Piton" x="0" y="2" z="7" spawntime="19"/>
    <monster name="Piton" x="-2" y="5" z="7" spawntime="19"/>
  </spawn>
  <spawn centerx="249" centery="538" centerz="7" radius="5">
    <monster name="Piton" x="-4" y="-4" z="7" spawntime="19"/>
    <monster name="Piton" x="1" y="-4" z="7" spawntime="19"/>
    <monster name="Piton" x="4" y="-1" z="7" spawntime="19"/>
  </spawn>
  <spawn centerx="306" centery="538" centerz="7" radius="5">
    <monster name="Piton" x="-1" y="-4" z="7" spawntime="19"/>
    <monster name="Piton" x="4" y="1" z="7" spawntime="19"/>
    <monster name="Piton" x="-1" y="3" z="7" spawntime="19"/>
    <monster name="Piton" x="1" y="4" z="7" spawntime="19"/>
  </spawn>
  <spawn centerx="149" centery="542" centerz="7" radius="5">
    <monster name="Piton" x="3" y="-5" z="7" spawntime="19"/>
    <monster name="Piton" x="-3" y="0" z="7" spawntime="19"/>
    <monster name="Piton" x="3" y="0" z="7" spawntime="19"/>
    <monster name="Piton" x="-4" y="4" z="7" spawntime="19"/>
    <monster name="Piton" x="4" y="5" z="7" spawntime="19"/>
  </spawn>
  <spawn centerx="203" centery="544" centerz="7" radius="5">
    <monster name="Piton" x="0" y="-5" z="7" spawntime="19"/>
    <monster name="Piton" x="-3" y="-2" z="7" spawntime="19"/>
    <monster name="Piton" x="2" y="2" z="7" spawntime="19"/>
    <monster name="Piton" x="-3" y="3" z="7" spawntime="19"/>
  </spawn>
  <spawn centerx="226" centery="544" centerz="7" radius="5">
    <monster name="Piton" x="-4" y="-3" z="7" spawntime="19"/>
    <monster name="Piton" x="3" y="-3" z="7" spawntime="19"/>
    <monster name="Piton" x="-1" y="1" z="7" spawntime="19"/>
    <monster name="Piton" x="-4" y="4" z="7" spawntime="19"/>
    <monster name="Piton" x="0" y="4" z="7" spawntime="19"/>
  </spawn>
  <spawn centerx="169" centery="546" centerz="7" radius="5">
    <monster name="Piton" x="3" y="-4" z="7" spawntime="19"/>
    <monster name="Piton" x="-1" y="-3" z="7" spawntime="19"/>
    <monster name="Piton" x="-3" y="0" z="7" spawntime="19"/>
    <monster name="Piton" x="3" y="2" z="7" spawntime="19"/>
    <monster name="Piton" x="0" y="4" z="7" spawntime="19"/>
  </spawn>
  <spawn centerx="215" centery="550" centerz="7" radius="5">
    <monster name="Piton" x="2" y="-3" z="7" spawntime="19"/>
    <monster name="Piton" x="0" y="-2" z="7" spawntime="19"/>
    <monster name="Piton" x="-5" y="-1" z="7" spawntime="19"/>
    <monster name="Piton" x="3" y="3" z="7" spawntime="19"/>
    <monster name="Piton" x="-3" y="5" z="7" spawntime="19"/>
  </spawn>
  <spawn centerx="295" centery="550" centerz="7" radius="5">
    <monster name="Piton" x="-1" y="-4" z="7" spawntime="19"/>
    <monster name="Piton" x="5" y="-3" z="7" spawntime="19"/>
    <monster name="Piton" x="1" y="-2" z="7" spawntime="19"/>
    <monster name="Piton" x="-4" y="-1" z="7" spawntime="19"/>
    <monster name="Piton" x="1" y="3" z="7" spawntime="19"/>
  </spawn>
  <spawn centerx="182" centery="555" centerz="7" radius="5">
    <monster name="Piton" x="3" y="-4" z="7" spawntime="19"/>
    <monster name="Piton" x="2" y="0" z="7" spawntime="19"/>
    <monster name="Piton" x="-2" y="4" z="7" spawntime="19"/>
  </spawn>
  <spawn centerx="225" centery="557" centerz="7" radius="5">
    <monster name="Piton" x="-3" y="-2" z="7" spawntime="19"/>
    <monster name="Piton" x="3" y="2" z="7" spawntime="19"/>
    <monster name="Piton" x="-3" y="5" z="7" spawntime="19"/>
  </spawn>
  <spawn centerx="154" centery="558" centerz="7" radius="5">
    <monster name="Piton" x="-2" y="-2" z="7" spawntime="19"/>
    <monster name="Piton" x="-4" y="-1" z="7" spawntime="19"/>
    <monster name="Piton" x="1" y="2" z="7" spawntime="19"/>
    <monster name="Piton" x="3" y="2" z="7" spawntime="19"/>
  </spawn>
  <spawn centerx="197" centery="561" centerz="7" radius="5">
    <monster name="Piton" x="4" y="-4" z="7" spawntime="19"/>
    <monster name="Piton" x="-1" y="-2" z="7" spawntime="19"/>
    <monster name="Piton" x="-4" y="1" z="7" spawntime="19"/>
    <monster name="Piton" x="-1" y="2" z="7" spawntime="19"/>
    <monster name="Piton" x="2" y="3" z="7" spawntime="19"/>
  </spawn>
  <spawn centerx="249" centery="561" centerz="7" radius="5">
    <monster name="Piton" x="-3" y="-4" z="7" spawntime="19"/>
    <monster name="Piton" x="1" y="-2" z="7" spawntime="19"/>
    <monster name="Piton" x="-3" y="3" z="7" spawntime="19"/>
    <monster name="Piton" x="3" y="4" z="7" spawntime="19"/>
  </spawn>
  <spawn centerx="289" centery="561" centerz="7" radius="5">
    <monster name="Piton" x="3" y="-5" z="7" spawntime="19"/>
    <monster name="Piton" x="2" y="-3" z="7" spawntime="19"/>
    <monster name="Piton" x="-3" y="0" z="7" spawntime="19"/>
    <monster name="Piton" x="-1" y="3" z="7" spawntime="19"/>
    <monster name="Piton" x="3" y="3" z="7" spawntime="19"/>
  </spawn>
  <spawn centerx="171" centery="565" centerz="7" radius="5">
    <monster name="Piton" x="5" y="-2" z="7" spawntime="19"/>
    <monster name="Piton" x="-4" y="-1" z="7" spawntime="19"/>
    <monster name="Piton" x="3" y="3" z="7" spawntime="19"/>
  </spawn>
  <spawn centerx="231" centery="567" centerz="7" radius="5">
    <monster name="Piton" x="-3" y="-4" z="7" spawntime="19"/>
    <monster name="Piton" x="3" y="-2" z="7" spawntime="19"/>
    <monster name="Piton" x="0" y="2" z="7" spawntime="19"/>
    <monster name="Piton" x="4" y="3" z="7" spawntime="19"/>
    <monster name="Piton" x="-4" y="4" z="7" spawntime="19"/>
  </spawn>
  <spawn centerx="289" centery="573" centerz="7" radius="5">
    <monster name="Piton" x="3" y="-3" z="7" spawntime="19"/>
    <monster name="Piton" x="4" y="-3" z="7" spawntime="19"/>
    <monster name="Piton" x="1" y="-1" z="7" spawntime="19"/>
    <monster name="Piton" x="-4" y="3" z="7" spawntime="19"/>
  </spawn>
  <spawn centerx="50" centery="574" centerz="7" radius="5">
    <monster name="Checopete" x="3" y="-3" z="7" spawntime="60"/>
    <monster name="Checopete" x="-2" y="0" z="7" spawntime="60"/>
    <monster name="Checopete" x="1" y="0" z="7" spawntime="60"/>
    <monster name="Checopete" x="-1" y="1" z="7" spawntime="60"/>
    <monster name="Checopete" x="2" y="3" z="7" spawntime="60"/>
  </spawn>
  <spawn centerx="59" centery="574" centerz="7" radius="5">
    <monster name="Checopete" x="2" y="-2" z="7" spawntime="60"/>
    <monster name="Checopete" x="1" y="1" z="7" spawntime="60"/>
    <monster name="Checopete" x="-3" y="3" z="7" spawntime="60"/>
    <monster name="Checopete" x="2" y="3" z="7" spawntime="60"/>
  </spawn>
  <spawn centerx="36" centery="575" centerz="7" radius="5">
    <monster name="Checopete" x="2" y="-4" z="7" spawntime="60"/>
    <monster name="Checopete" x="-2" y="-1" z="7" spawntime="60"/>
    <monster name="Checopete" x="1" y="3" z="7" spawntime="60"/>
    <monster name="Checopete" x="-4" y="4" z="7" spawntime="60"/>
  </spawn>
  <spawn centerx="188" centery="578" centerz="7" radius="5">
    <monster name="Piton" x="0" y="-3" z="7" spawntime="19"/>
    <monster name="Piton" x="4" y="-2" z="7" spawntime="19"/>
    <monster name="Piton" x="-3" y="4" z="7" spawntime="19"/>
    <monster name="Piton" x="1" y="4" z="7" spawntime="19"/>
  </spawn>
  <spawn centerx="243" centery="578" centerz="7" radius="5">
    <monster name="Piton" x="0" y="-4" z="7" spawntime="19"/>
    <monster name="Piton" x="-5" y="-3" z="7" spawntime="19"/>
    <monster name="Piton" x="4" y="-2" z="7" spawntime="19"/>
    <monster name="Piton" x="4" y="2" z="7" spawntime="19"/>
    <monster name="Piton" x="-1" y="3" z="7" spawntime="19"/>
  </spawn>
  <spawn centerx="30" centery="584" centerz="7" radius="5">
    <monster name="Checopete" x="4" y="-3" z="7" spawntime="60"/>
    <monster name="Checopete" x="-4" y="-1" z="7" spawntime="60"/>
    <monster name="Checopete" x="0" y="3" z="7" spawntime="60"/>
    <monster name="Checopete" x="4" y="4" z="7" spawntime="60"/>
  </spawn>
  <spawn centerx="278" centery="584" centerz="7" radius="5">
    <monster name="Piton" x="1" y="-4" z="7" spawntime="19"/>
    <monster name="Piton" x="2" y="-2" z="7" spawntime="19"/>
    <monster name="Piton" x="1" y="3" z="7" spawntime="19"/>
    <monster name="Piton" x="-3" y="4" z="7" spawntime="19"/>
  </spawn>
  <spawn centerx="44" centery="586" centerz="7" radius="5">
    <monster name="Checopete" x="2" y="-3" z="7" spawntime="60"/>
    <monster name="Checopete" x="-3" y="-2" z="7" spawntime="60"/>
    <monster name="Checopete" x="2" y="-1" z="7" spawntime="60"/>
    <monster name="Checopete" x="3" y="1" z="7" spawntime="60"/>
    <monster name="Checopete" x="-5" y="2" z="7" spawntime="60"/>
  </spawn>
  <spawn centerx="59" centery="590" centerz="7" radius="5">
    <monster name="Checopete" x="-1" y="-4" z="7" spawntime="60"/>
    <monster name="Checopete" x="3" y="-1" z="7" spawntime="60"/>
    <monster name="Checopete" x="-4" y="0" z="7" spawntime="60"/>
    <npc name="Paco qliao" x="-3" y="0" z="7" spawntime="60"/>
    <monster name="Checopete" x="3" y="2" z="7" spawntime="60"/>
  </spawn>
  <spawn centerx="231" centery="593" centerz="7" radius="5">
    <monster name="Piton" x="0" y="-2" z="7" spawntime="19"/>
    <monster name="Piton" x="-3" y="-1" z="7" spawntime="19"/>
    <monster name="Piton" x="4" y="-1" z="7" spawntime="19"/>
  </spawn>
  <spawn centerx="248" centery="593" centerz="7" radius="5">
    <monster name="Piton" x="-4" y="-2" z="7" spawntime="19"/>
    <monster name="Piton" x="0" y="-2" z="7" spawntime="19"/>
    <monster name="Piton" x="-3" y="-1" z="7" spawntime="19"/>
    <monster name="Piton" x="4" y="-1" z="7" spawntime="19"/>
  </spawn>
  <spawn centerx="74" centery="594" centerz="7" radius="5">
    <monster name="Checopete" x="2" y="-4" z="7" spawntime="60"/>
    <monster name="Checopete" x="-3" y="-1" z="7" spawntime="60"/>
    <monster name="Checopete" x="-1" y="1" z="7" spawntime="60"/>
    <monster name="Checopete" x="3" y="1" z="7" spawntime="60"/>
  </spawn>
  <spawn centerx="267" centery="596" centerz="7" radius="5">
    <monster name="Piton" x="4" y="-3" z="7" spawntime="19"/>
    <monster name="Piton" x="-4" y="-1" z="7" spawntime="19"/>
    <monster name="Piton" x="-2" y="1" z="7" spawntime="19"/>
    <monster name="Piton" x="0" y="2" z="7" spawntime="19"/>
  </spawn>
  <spawn centerx="186" centery="599" centerz="7" radius="5">
    <monster name="Piton" x="-4" y="-4" z="7" spawntime="19"/>
    <monster name="Piton" x="4" y="-3" z="7" spawntime="19"/>
    <monster name="Piton" x="-2" y="2" z="7" spawntime="19"/>
    <monster name="Piton" x="1" y="3" z="7" spawntime="19"/>
    <monster name="Piton" x="4" y="5" z="7" spawntime="19"/>
  </spawn>
  <spawn centerx="209" centery="599" centerz="7" radius="5">
    <monster name="Piton" x="3" y="-3" z="7" spawntime="512"/>
    <monster name="Piton" x="4" y="-3" z="7" spawntime="19"/>
    <monster name="Piton" x="-1" y="-1" z="7" spawntime="19"/>
    <monster name="Piton" x="3" y="-1" z="7" spawntime="19"/>
    <monster name="Piton" x="-4" y="0" z="7" spawntime="19"/>
  </spawn>
  <spawn centerx="294" centery="637" centerz="7" radius="5">
    <monster name="Michael Jackson" x="0" y="0" z="7" spawntime="19"/>
    <monster name="Love Demon" x="3" y="0" z="7" spawntime="19"/>
  </spawn>
  <spawn centerx="297" centery="637" centerz="7" radius="5">
    <monster name="Batman" x="3" y="0" z="7" spawntime="19"/>
  </spawn>
  <spawn centerx="300" centery="637" centerz="7" radius="5">
    <monster name="Cura tato" x="3" y="0" z="7" spawntime="19"/>
  </spawn>
  <spawn centerx="303" centery="637" centerz="7" radius="5">
    <monster name="Hell Dragon" x="3" y="0" z="7" spawntime="19"/>
  </spawn>
  <spawn centerx="306" centery="637" centerz="7" radius="5">
    <monster name="Itachi" x="3" y="0" z="7" spawntime="19"/>
  </spawn>
  <spawn centerx="309" centery="637" centerz="7" radius="5"/>
  <spawn centerx="67" centery="655" centerz="7" radius="5">
    <monster name="Fire Elemental" x="-1" y="1" z="7" spawntime="60"/>
    <monster name="Demonio" x="3" y="1" z="7" spawntime="60"/>
    <monster name="Demonio" x="1" y="4" z="7" spawntime="60"/>
    <monster name="Demonio" x="4" y="5" z="7" spawntime="60"/>
  </spawn>
  <spawn centerx="57" centery="659" centerz="7" radius="5">
    <monster name="Demonio" x="2" y="-3" z="7" spawntime="60"/>
    <monster name="Fire Elemental" x="-2" y="-2" z="7" spawntime="60"/>
    <monster name="Demonio" x="-2" y="0" z="7" spawntime="60"/>
    <monster name="Fire Elemental" x="1" y="1" z="7" spawntime="60"/>
    <monster name="Demonio" x="3" y="4" z="7" spawntime="60"/>
  </spawn>
  <spawn centerx="36" centery="660" centerz="7" radius="5">
    <monster name="Demonio" x="4" y="-1" z="7" spawntime="60"/>
    <monster name="Fire Elemental" x="1" y="0" z="7" spawntime="60"/>
    <monster name="Fire Elemental" x="-2" y="2" z="7" spawntime="60"/>
    <monster name="Demonio" x="4" y="2" z="7" spawntime="60"/>
    <monster name="Demonio" x="-2" y="3" z="7" spawntime="60"/>
    <monster name="Demonio" x="2" y="3" z="7" spawntime="60"/>
  </spawn>
  <spawn centerx="74" centery="663" centerz="7" radius="5">
    <monster name="Fire Elemental" x="0" y="-2" z="7" spawntime="60"/>
    <npc name="Paco qliao" x="3" y="-1" z="7" spawntime="60"/>
    <monster name="Fire Elemental" x="-2" y="1" z="7" spawntime="60"/>
    <monster name="Fire Elemental" x="2" y="1" z="7" spawntime="60"/>
    <monster name="Demonio" x="5" y="2" z="7" spawntime="60"/>
    <monster name="Demonio" x="2" y="5" z="7" spawntime="60"/>
    <monster name="Fire Elemental" x="4" y="5" z="7" spawntime="60"/>
  </spawn>
  <spawn centerx="61" centery="668" centerz="7" radius="5">
    <monster name="Fire Elemental" x="-2" y="-2" z="7" spawntime="60"/>
    <monster name="Demonio" x="3" y="-2" z="7" spawntime="60"/>
    <monster name="Demonio" x="-3" y="-1" z="7" spawntime="60"/>
    <monster name="Fire Elemental" x="1" y="1" z="7" spawntime="60"/>
    <monster name="Demonio" x="0" y="3" z="7" spawntime="60"/>
    <npc name="Paco qliao" x="3" y="5" z="7" spawntime="60"/>
  </spawn>
  <spawn centerx="80" centery="669" centerz="7" radius="5">
    <monster name="Demonio" x="4" y="-3" z="7" spawntime="60"/>
    <monster name="Fire Elemental" x="4" y="-2" z="7" spawntime="60"/>
    <monster name="Fire Elemental" x="-1" y="3" z="7" spawntime="60"/>
    <monster name="Demonio" x="2" y="3" z="7" spawntime="60"/>
  </spawn>
  <spawn centerx="563" centery="669" centerz="7" radius="5"/>
  <spawn centerx="43" centery="670" centerz="7" radius="5">
    <npc name="Paco qliao" x="1" y="-4" z="7" spawntime="60"/>
    <monster name="Demonio" x="-1" y="-3" z="7" spawntime="60"/>
    <monster name="Demonio" x="2" y="-2" z="7" spawntime="60"/>
    <monster name="Demonio" x="4" y="-1" z="7" spawntime="60"/>
    <monster name="Fire Elemental" x="-3" y="1" z="7" spawntime="60"/>
    <monster name="Demonio" x="-2" y="3" z="7" spawntime="60"/>
    <monster name="Demonio" x="2" y="3" z="7" spawntime="60"/>
    <monster name="Fire Elemental" x="1" y="4" z="7" spawntime="60"/>
    <monster name="Demonio" x="0" y="5" z="7" spawntime="60"/>
  </spawn>
  <spawn centerx="479" centery="670" centerz="7" radius="5">
    <monster name="king kong" x="3" y="-4" z="7" spawntime="19"/>
    <monster name="king kong" x="-3" y="-1" z="7" spawntime="19"/>
    <monster name="king kong" x="1" y="1" z="7" spawntime="19"/>
    <monster name="king kong" x="-4" y="4" z="7" spawntime="19"/>
  </spawn>
  <spawn centerx="90" centery="673" centerz="7" radius="5">
    <monster name="Demonio" x="0" y="-3" z="7" spawntime="60"/>
    <monster name="Fire Elemental" x="1" y="-3" z="7" spawntime="60"/>
    <monster name="Demonio" x="3" y="0" z="7" spawntime="60"/>
    <monster name="Fire Elemental" x="-5" y="2" z="7" spawntime="60"/>
    <monster name="Demonio" x="-3" y="2" z="7" spawntime="60"/>
  </spawn>
  <spawn centerx="198" centery="674" centerz="7" radius="5">
    <monster name="Sweet Girl" x="-5" y="-3" z="7" spawntime="19"/>
    <monster name="Sweet Girl" x="1" y="-3" z="7" spawntime="19"/>
    <monster name="Sweet Girl" x="3" y="0" z="7" spawntime="19"/>
    <monster name="Sweet Girl" x="-3" y="2" z="7" spawntime="19"/>
  </spawn>
  <spawn centerx="208" centery="674" centerz="7" radius="5">
    <monster name="Sweet Girl" x="3" y="-2" z="7" spawntime="19"/>
    <monster name="Sweet Girl" x="-2" y="-1" z="7" spawntime="19"/>
    <monster name="Sweet Girl" x="3" y="1" z="7" spawntime="19"/>
  </spawn>
  <spawn centerx="194" centery="675" centerz="7" radius="5"/>
  <spawn centerx="67" centery="677" centerz="7" radius="5">
    <monster name="Fire Elemental" x="3" y="-3" z="7" spawntime="60"/>
    <monster name="Demonio" x="0" y="-2" z="7" spawntime="60"/>
    <monster name="Demonio" x="2" y="-1" z="7" spawntime="60"/>
    <monster name="Fire Elemental" x="0" y="0" z="7" spawntime="60"/>
    <monster name="Demonio" x="0" y="3" z="7" spawntime="60"/>
    <monster name="Fire Elemental" x="-1" y="5" z="7" spawntime="60"/>
  </spawn>
  <spawn centerx="40" centery="678" centerz="7" radius="5">
    <monster name="Fire Elemental" x="-2" y="-1" z="7" spawntime="60"/>
    <monster name="Demonio" x="-2" y="1" z="7" spawntime="60"/>
    <monster name="Demonio" x="2" y="1" z="7" spawntime="60"/>
    <npc name="Paco qliao" x="3" y="1" z="7" spawntime="60"/>
    <monster name="Fire Elemental" x="1" y="2" z="7" spawntime="60"/>
  </spawn>
  <spawn centerx="83" centery="678" centerz="7" radius="5">
    <monster name="Demonio" x="-1" y="-2" z="7" spawntime="60"/>
    <monster name="Fire Elemental" x="-4" y="-1" z="7" spawntime="60"/>
    <monster name="Demonio" x="-4" y="2" z="7" spawntime="60"/>
    <monster name="Fire Elemental" x="0" y="2" z="7" spawntime="60"/>
    <monster name="Demonio" x="4" y="2" z="7" spawntime="60"/>
    <monster name="Fire Elemental" x="4" y="5" z="7" spawntime="60"/>
  </spawn>
  <spawn centerx="50" centery="679" centerz="7" radius="5">
    <monster name="Demonio" x="-1" y="0" z="7" spawntime="60"/>
    <monster name="Fire Elemental" x="2" y="1" z="7" spawntime="60"/>
    <monster name="Demonio" x="4" y="3" z="7" spawntime="60"/>
  </spawn>
  <spawn centerx="75" centery="679" centerz="7" radius="5">
    <monster name="Fire Elemental" x="-2" y="0" z="7" spawntime="60"/>
    <monster name="Demonio" x="-1" y="2" z="7" spawntime="60"/>
    <monster name="Fire Elemental" x="1" y="2" z="7" spawntime="60"/>
  </spawn>
  <spawn centerx="213" centery="679" centerz="7" radius="5">
    <monster name="Sweet Girl" x="4" y="0" z="7" spawntime="19"/>
    <monster name="Sweet Girl" x="-2" y="4" z="7" spawntime="19"/>
  </spawn>
  <spawn centerx="250" centery="679" centerz="7" radius="5">
    <monster name="Sweet Girl" x="2" y="-4" z="7" spawntime="19"/>
    <monster name="Sweet Girl" x="-2" y="-3" z="7" spawntime="19"/>
    <monster name="Sweet Girl" x="-3" y="2" z="7" spawntime="19"/>
    <monster name="Sweet Girl" x="1" y="2" z="7" spawntime="19"/>
  </spawn>
  <spawn centerx="221" centery="680" centerz="7" radius="5">
    <monster name="Sweet Girl" x="4" y="-1" z="7" spawntime="19"/>
    <monster name="Sweet Girl" x="-1" y="1" z="7" spawntime="19"/>
  </spawn>
  <spawn centerx="234" centery="680" centerz="7" radius="5">
    <monster name="Sweet Girl" x="-5" y="-2" z="7" spawntime="19"/>
    <monster name="Sweet Girl" x="3" y="0" z="7" spawntime="19"/>
  </spawn>
  <spawn centerx="464" centery="680" centerz="7" radius="5">
    <monster name="king kong" x="-1" y="-2" z="7" spawntime="19"/>
    <monster name="king kong" x="3" y="-2" z="7" spawntime="19"/>
    <monster name="king kong" x="3" y="3" z="7" spawntime="19"/>
    <monster name="king kong" x="-3" y="4" z="7" spawntime="19"/>
  </spawn>
  <spawn centerx="563" centery="682" centerz="7" radius="5">
    <monster name="king kong" x="-1" y="-4" z="7" spawntime="19"/>
    <monster name="king kong" x="3" y="-2" z="7" spawntime="19"/>
    <monster name="king kong" x="-4" y="2" z="7" spawntime="19"/>
    <monster name="king kong" x="2" y="5" z="7" spawntime="19"/>
  </spawn>
  <spawn centerx="436" centery="683" centerz="7" radius="5">
    <monster name="king kong" x="3" y="1" z="7" spawntime="19"/>
    <monster name="Tarzan" x="4" y="3" z="7" spawntime="19"/>
    <monster name="king kong" x="-3" y="4" z="7" spawntime="19"/>
  </spawn>
  <spawn centerx="67" centery="684" centerz="7" radius="5">
    <monster name="Demonio" x="-3" y="1" z="7" spawntime="60"/>
    <monster name="Fire Elemental" x="-1" y="2" z="7" spawntime="60"/>
    <monster name="Demonio" x="4" y="3" z="7" spawntime="60"/>
  </spawn>
  <spawn centerx="193" centery="685" centerz="7" radius="5">
    <monster name="Sweet Girl" x="4" y="-3" z="7" spawntime="19"/>
    <monster name="Sweet Girl" x="-2" y="-2" z="7" spawntime="19"/>
    <monster name="Sweet Girl" x="2" y="2" z="7" spawntime="19"/>
    <monster name="Sweet Girl" x="-3" y="3" z="7" spawntime="19"/>
  </spawn>
  <spawn centerx="204" centery="685" centerz="7" radius="5">
    <monster name="Sweet Girl" x="2" y="-3" z="7" spawntime="19"/>
    <monster name="Sweet Girl" x="-5" y="-1" z="7" spawntime="19"/>
    <monster name="Sweet Girl" x="-2" y="-1" z="7" spawntime="19"/>
    <monster name="Sweet Girl" x="0" y="1" z="7" spawntime="19"/>
    <monster name="Sweet Girl" x="3" y="1" z="7" spawntime="19"/>
    <monster name="Sweet Girl" x="-5" y="2" z="7" spawntime="19"/>
  </spawn>
  <spawn centerx="87" centery="686" centerz="7" radius="5">
    <monster name="Demonio" x="3" y="-1" z="7" spawntime="60"/>
    <monster name="Fire Elemental" x="-3" y="2" z="7" spawntime="60"/>
    <monster name="Fire Elemental" x="1" y="2" z="7" spawntime="60"/>
    <monster name="Fire Elemental" x="-5" y="3" z="7" spawntime="60"/>
    <monster name="Demonio" x="2" y="4" z="7" spawntime="60"/>
  </spawn>
  <spawn centerx="44" centery="687" centerz="7" radius="5">
    <monster name="Demonio" x="-1" y="-1" z="7" spawntime="60"/>
    <monster name="Demonio" x="4" y="-1" z="7" spawntime="60"/>
    <monster name="Fire Elemental" x="3" y="0" z="7" spawntime="60"/>
    <monster name="Fire Elemental" x="2" y="1" z="7" spawntime="60"/>
    <monster name="Demonio" x="4" y="3" z="7" spawntime="60"/>
  </spawn>
  <spawn centerx="57" centery="687" centerz="7" radius="5">
    <monster name="Demonio" x="3" y="-1" z="7" spawntime="60"/>
    <monster name="Demonio" x="-4" y="0" z="7" spawntime="60"/>
    <monster name="Fire Elemental" x="0" y="3" z="7" spawntime="60"/>
    <monster name="Demonio" x="-4" y="4" z="7" spawntime="60"/>
    <monster name="Demonio" x="-1" y="4" z="7" spawntime="60"/>
  </spawn>
  <spawn centerx="447" centery="691" centerz="7" radius="5">
    <monster name="king kong" x="0" y="-4" z="7" spawntime="19"/>
    <monster name="Tarzan" x="2" y="-2" z="7" spawntime="19"/>
    <monster name="king kong" x="5" y="-2" z="7" spawntime="19"/>
    <monster name="Tarzan" x="-4" y="0" z="7" spawntime="19"/>
    <monster name="king kong" x="-4" y="3" z="7" spawntime="19"/>
    <monster name="king kong" x="3" y="4" z="7" spawntime="19"/>
  </spawn>
  <spawn centerx="509" centery="692" centerz="7" radius="5">
    <monster name="king kong" x="-2" y="-4" z="7" spawntime="19"/>
    <monster name="king kong" x="4" y="-3" z="7" spawntime="19"/>
    <monster name="king kong" x="-3" y="1" z="7" spawntime="19"/>
    <monster name="king kong" x="2" y="3" z="7" spawntime="19"/>
  </spawn>
  <spawn centerx="79" centery="693" centerz="7" radius="5">
    <monster name="Demonio" x="-3" y="-4" z="7" spawntime="60"/>
    <monster name="Demonio" x="2" y="-3" z="7" spawntime="60"/>
    <npc name="Paco qliao" x="0" y="-1" z="7" spawntime="60"/>
    <monster name="Fire Elemental" x="-1" y="0" z="7" spawntime="60"/>
    <monster name="Fire Elemental" x="1" y="1" z="7" spawntime="60"/>
    <monster name="Demonio" x="4" y="1" z="7" spawntime="60"/>
    <monster name="Demonio" x="-4" y="4" z="7" spawntime="60"/>
  </spawn>
  <spawn centerx="62" centery="696" centerz="7" radius="5">
    <monster name="Demonio" x="-3" y="-3" z="7" spawntime="60"/>
    <monster name="Fire Elemental" x="-1" y="-1" z="7" spawntime="60"/>
    <monster name="Demonio" x="4" y="-1" z="7" spawntime="60"/>
    <monster name="Fire Elemental" x="-1" y="1" z="7" spawntime="60"/>
    <monster name="Demonio" x="3" y="1" z="7" spawntime="60"/>
    <monster name="Demonio" x="-2" y="2" z="7" spawntime="60"/>
    <monster name="Fire Elemental" x="5" y="4" z="7" spawntime="60"/>
  </spawn>
  <spawn centerx="523" centery="697" centerz="7" radius="5">
    <monster name="king kong" x="-3" y="-4" z="7" spawntime="19"/>
    <monster name="king kong" x="4" y="-3" z="7" spawntime="19"/>
    <monster name="king kong" x="-3" y="2" z="7" spawntime="19"/>
    <monster name="king kong" x="2" y="3" z="7" spawntime="19"/>
  </spawn>
  <spawn centerx="545" centery="697" centerz="7" radius="5">
    <monster name="king kong" x="-3" y="-4" z="7" spawntime="19"/>
    <monster name="king kong" x="2" y="-2" z="7" spawntime="19"/>
    <monster name="king kong" x="4" y="0" z="7" spawntime="19"/>
    <monster name="king kong" x="1" y="3" z="7" spawntime="19"/>
  </spawn>
  <spawn centerx="572" centery="697" centerz="7" radius="5">
    <monster name="king kong" x="-2" y="-3" z="7" spawntime="19"/>
    <monster name="king kong" x="3" y="-2" z="7" spawntime="19"/>
    <monster name="king kong" x="3" y="1" z="7" spawntime="19"/>
    <monster name="king kong" x="-3" y="5" z="7" spawntime="19"/>
  </spawn>
  <spawn centerx="560" centery="698" centerz="7" radius="5">
    <monster name="king kong" x="-2" y="-3" z="7" spawntime="19"/>
    <monster name="king kong" x="-5" y="-2" z="7" spawntime="512"/>
    <monster name="king kong" x="-4" y="-2" z="7" spawntime="512"/>
    <monster name="king kong" x="-3" y="-1" z="7" spawntime="512"/>
    <monster name="king kong" x="-2" y="0" z="7" spawntime="19"/>
    <monster name="king kong" x="1" y="0" z="7" spawntime="19"/>
    <monster name="king kong" x="4" y="4" z="7" spawntime="19"/>
  </spawn>
  <spawn centerx="499" centery="700" centerz="7" radius="5">
    <monster name="king kong" x="3" y="-4" z="7" spawntime="19"/>
    <monster name="king kong" x="-4" y="-3" z="7" spawntime="19"/>
    <monster name="king kong" x="2" y="1" z="7" spawntime="19"/>
    <monster name="king kong" x="-4" y="4" z="7" spawntime="19"/>
  </spawn>
  <spawn centerx="68" centery="702" centerz="7" radius="5">
    <monster name="Demonio" x="1" y="-5" z="7" spawntime="60"/>
    <monster name="Demonio" x="-3" y="2" z="7" spawntime="60"/>
    <monster name="Demonio" x="1" y="2" z="7" spawntime="60"/>
  </spawn>
  <spawn centerx="412" centery="705" centerz="7" radius="5">
    <monster name="king kong" x="0" y="-2" z="7" spawntime="19"/>
    <monster name="Tarzan" x="3" y="-1" z="7" spawntime="19"/>
    <monster name="Tarzan" x="-3" y="3" z="7" spawntime="19"/>
    <monster name="king kong" x="-5" y="4" z="7" spawntime="19"/>
  </spawn>
  <spawn centerx="240" centery="719" centerz="7" radius="5">
    <monster name="Demon" x="0" y="-1" z="7" spawntime="60"/>
    <monster name="Demon" x="-4" y="0" z="7" spawntime="60"/>
    <monster name="Demodras" x="2" y="0" z="7" spawntime="60"/>
    <monster name="Drasilla" x="-2" y="1" z="7" spawntime="60"/>
    <monster name="Dark Torturer" x="-5" y="3" z="7" spawntime="60"/>
  </spawn>
  <spawn centerx="412" centery="719" centerz="7" radius="5">
    <monster name="king kong" x="2" y="-3" z="7" spawntime="19"/>
    <monster name="Tarzan" x="-1" y="-2" z="7" spawntime="19"/>
    <monster name="king kong" x="-4" y="3" z="7" spawntime="19"/>
  </spawn>
  <spawn centerx="263" centery="721" centerz="7" radius="5">
    <monster name="Demon" x="1" y="-1" z="7" spawntime="60"/>
    <monster name="Dark Torturer" x="-2" y="0" z="7" spawntime="60"/>
    <monster name="Demon" x="-1" y="2" z="7" spawntime="60"/>
  </spawn>
  <spawn centerx="636" centery="721" centerz="7" radius="5">
    <monster name="Master of Evil" x="0" y="-3" z="7" spawntime="19"/>
    <monster name="Master of Evil" x="0" y="-1" z="7" spawntime="19"/>
    <monster name="Master of Evil" x="0" y="5" z="7" spawntime="19"/>
  </spawn>
  <spawn centerx="255" centery="722" centerz="7" radius="5">
    <monster name="Dark Torturer" x="-1" y="-2" z="7" spawntime="60"/>
    <monster name="Demon" x="1" y="-2" z="7" spawntime="60"/>
    <monster name="Demon" x="2" y="0" z="7" spawntime="60"/>
    <monster name="Demon" x="-1" y="2" z="7" spawntime="60"/>
  </spawn>
  <spawn centerx="622" centery="724" centerz="7" radius="5">
    <monster name="Master of Evil" x="-1" y="-5" z="7" spawntime="19"/>
    <monster name="Master of Evil" x="-3" y="-3" z="7" spawntime="19"/>
    <monster name="Master of Evil" x="2" y="-2" z="7" spawntime="19"/>
    <monster name="Master of Evil" x="-1" y="3" z="7" spawntime="19"/>
  </spawn>
  <spawn centerx="229" centery="727" centerz="7" radius="5">
    <monster name="Demon" x="3" y="-5" z="7" spawntime="60"/>
    <monster name="Dark Torturer" x="1" y="-2" z="7" spawntime="60"/>
    <monster name="Demon" x="0" y="0" z="7" spawntime="60"/>
    <monster name="Dark Torturer" x="-1" y="3" z="7" spawntime="60"/>
    <monster name="Demon" x="3" y="3" z="7" spawntime="60"/>
  </spawn>
  <spawn centerx="235" centery="729" centerz="7" radius="5">
    <monster name="Dark Torturer" x="1" y="0" z="7" spawntime="60"/>
  </spawn>
  <spawn centerx="606" centery="733" centerz="7" radius="5">
    <monster name="Master of Evil" x="1" y="-1" z="7" spawntime="19"/>
    <monster name="Master of Evil" x="-2" y="0" z="7" spawntime="19"/>
    <monster name="Master of Evil" x="-2" y="2" z="7" spawntime="19"/>
    <monster name="Master of Evil" x="2" y="2" z="7" spawntime="19"/>
  </spawn>
  <spawn centerx="609" centery="733" centerz="7" radius="5">
    <monster name="Master of Evil" x="3" y="0" z="7" spawntime="19"/>
  </spawn>
  <spawn centerx="614" centery="733" centerz="7" radius="5">
    <monster name="Master of Evil" x="3" y="1" z="7" spawntime="19"/>
  </spawn>
  <spawn centerx="624" centery="733" centerz="7" radius="5">
    <monster name="Master of Evil" x="-2" y="-2" z="7" spawntime="19"/>
    <monster name="Master of Evil" x="4" y="0" z="7" spawntime="19"/>
    <monster name="Master of Evil" x="-4" y="1" z="7" spawntime="19"/>
  </spawn>
  <spawn centerx="632" centery="733" centerz="7" radius="5">
    <monster name="Master of Evil" x="4" y="-2" z="7" spawntime="19"/>
    <monster name="Master of Evil" x="5" y="1" z="7" spawntime="19"/>
    <monster name="Master of Evil" x="-1" y="3" z="7" spawntime="19"/>
  </spawn>
  <spawn centerx="639" centery="733" centerz="7" radius="5">
    <monster name="Master of Evil" x="3" y="-3" z="7" spawntime="19"/>
    <monster name="Master of Evil" x="3" y="2" z="7" spawntime="19"/>
  </spawn>
  <spawn centerx="626" centery="742" centerz="7" radius="5">
    <monster name="Master of Evil" x="3" y="-1" z="7" spawntime="19"/>
    <monster name="Master of Evil" x="4" y="3" z="7" spawntime="19"/>
    <monster name="Master of Evil" x="1" y="4" z="7" spawntime="19"/>
  </spawn>
  <spawn centerx="58" centery="743" centerz="7" radius="10">
    <monster name="Mago merlin" x="-7" y="-6" z="7" spawntime="60"/>
    <monster name="Mago merlin" x="9" y="-3" z="7" spawntime="60"/>
    <monster name="Mago merlin" x="-9" y="-1" z="7" spawntime="60"/>
    <monster name="Mago merlin" x="7" y="0" z="7" spawntime="60"/>
    <monster name="Mago merlin" x="-8" y="2" z="7" spawntime="60"/>
    <monster name="Mago merlin" x="5" y="2" z="7" spawntime="60"/>
    <monster name="Mago merlin" x="8" y="2" z="7" spawntime="60"/>
    <monster name="Mago merlin" x="6" y="4" z="7" spawntime="60"/>
  </spawn>
  <spawn centerx="72" centery="743" centerz="7" radius="10">
    <monster name="Mago merlin" x="5" y="-8" z="7" spawntime="60"/>
    <npc name="Paco qliao" x="1" y="-4" z="7" spawntime="60"/>
    <monster name="Mago merlin" x="-1" y="-3" z="7" spawntime="60"/>
    <monster name="Mago merlin" x="1" y="1" z="7" spawntime="60"/>
    <monster name="Mago merlin" x="2" y="1" z="7" spawntime="60"/>
    <monster name="Mago merlin" x="0" y="2" z="7" spawntime="60"/>
    <monster name="Mago merlin" x="1" y="6" z="7" spawntime="60"/>
    <monster name="Mago merlin" x="2" y="7" z="7" spawntime="60"/>
  </spawn>
  <spawn centerx="94" centery="743" centerz="7" radius="10">
    <monster name="Mago merlin" x="-8" y="-9" z="7" spawntime="60"/>
    <monster name="Mago merlin" x="-3" y="-9" z="7" spawntime="60"/>
    <monster name="Mago merlin" x="1" y="-9" z="7" spawntime="60"/>
    <monster name="Mago merlin" x="5" y="-8" z="7" spawntime="60"/>
    <monster name="Mago merlin" x="-5" y="-7" z="7" spawntime="60"/>
    <monster name="Mago merlin" x="4" y="-5" z="7" spawntime="60"/>
    <monster name="Mago merlin" x="-5" y="-3" z="7" spawntime="60"/>
    <monster name="Mago merlin" x="-5" y="1" z="7" spawntime="60"/>
    <monster name="Mago merlin" x="-2" y="2" z="7" spawntime="60"/>
    <monster name="Mago merlin" x="-2" y="5" z="7" spawntime="60"/>
    <monster name="Mago merlin" x="-3" y="7" z="7" spawntime="60"/>
    <monster name="Mago merlin" x="-3" y="10" z="7" spawntime="60"/>
  </spawn>
  <spawn centerx="115" centery="743" centerz="7" radius="10">
    <monster name="Mago merlin" x="-9" y="-9" z="7" spawntime="60"/>
    <monster name="Mago merlin" x="-4" y="-9" z="7" spawntime="60"/>
    <monster name="Mago merlin" x="4" y="-9" z="7" spawntime="60"/>
    <monster name="Mago merlin" x="8" y="-7" z="7" spawntime="60"/>
    <monster name="Mago merlin" x="3" y="-6" z="7" spawntime="60"/>
    <monster name="Mago merlin" x="3" y="-1" z="7" spawntime="60"/>
    <monster name="Mago merlin" x="3" y="2" z="7" spawntime="60"/>
    <monster name="Mago merlin" x="4" y="6" z="7" spawntime="60"/>
    <monster name="Mago merlin" x="10" y="8" z="7" spawntime="60"/>
  </spawn>
  <spawn centerx="35" centery="747" centerz="7" radius="10">
    <monster name="Mago merlin" x="6" y="-4" z="7" spawntime="60"/>
    <monster name="Mago merlin" x="5" y="-2" z="7" spawntime="60"/>
    <monster name="Mago merlin" x="8" y="-2" z="7" spawntime="60"/>
    <monster name="Mago merlin" x="-2" y="-1" z="7" spawntime="60"/>
    <monster name="Mago merlin" x="-3" y="2" z="7" spawntime="60"/>
    <monster name="Mago merlin" x="1" y="2" z="7" spawntime="60"/>
    <monster name="Mago merlin" x="8" y="2" z="7" spawntime="60"/>
    <monster name="Mago merlin" x="4" y="3" z="7" spawntime="60"/>
    <monster name="Mago merlin" x="-1" y="5" z="7" spawntime="60"/>
    <monster name="Mago merlin" x="-4" y="7" z="7" spawntime="60"/>
    <monster name="Mago merlin" x="4" y="8" z="7" spawntime="60"/>
    <monster name="Mago merlin" x="-1" y="9" z="7" spawntime="60"/>
    <monster name="Mago merlin" x="8" y="9" z="7" spawntime="60"/>
  </spawn>
  <spawn centerx="869" centery="755" centerz="7" radius="5">
    <monster name="Tower of Destrucion" x="2" y="2" z="7" spawntime="19"/>
  </spawn>
  <spawn centerx="623" centery="756" centerz="7" radius="5">
    <monster name="Master of Evil" x="1" y="-5" z="7" spawntime="19"/>
    <monster name="Master of Evil" x="1" y="-2" z="7" spawntime="19"/>
    <monster name="Master of Evil" x="0" y="1" z="7" spawntime="19"/>
    <monster name="Master of Evil" x="-3" y="3" z="7" spawntime="19"/>
    <monster name="Master of Evil" x="1" y="3" z="7" spawntime="19"/>
  </spawn>
  <spawn centerx="846" centery="756" centerz="7" radius="5">
    <monster name="Tower of Destrucion" x="0" y="-1" z="7" spawntime="19"/>
    <monster name="Goblin of destrucion" x="5" y="1" z="7" spawntime="19"/>
    <monster name="Tower of Destrucion" x="0" y="4" z="7" spawntime="19"/>
    <monster name="Goblin of destrucion" x="4" y="4" z="7" spawntime="19"/>
  </spawn>
  <spawn centerx="855" centery="757" centerz="7" radius="5">
    <monster name="Tower of Destrucion" x="0" y="-1" z="7" spawntime="19"/>
    <monster name="Tower of Destrucion" x="-1" y="4" z="7" spawntime="19"/>
  </spawn>
  <spawn centerx="845" centery="761" centerz="7" radius="5">
    <monster name="Goblin of destrucion" x="5" y="3" z="7" spawntime="19"/>
    <monster name="Goblin of destrucion" x="3" y="4" z="7" spawntime="19"/>
  </spawn>
  <spawn centerx="51" centery="762" centerz="7" radius="10">
    <npc name="Paco qliao" x="-5" y="-10" z="7" spawntime="60"/>
    <monster name="Mago merlin" x="-1" y="-8" z="7" spawntime="60"/>
    <monster name="Mago merlin" x="-2" y="-5" z="7" spawntime="60"/>
    <monster name="Mago merlin" x="-7" y="-2" z="7" spawntime="60"/>
    <monster name="Mago merlin" x="-5" y="-1" z="7" spawntime="60"/>
    <monster name="Mago merlin" x="2" y="1" z="7" spawntime="60"/>
    <monster name="Mago merlin" x="-4" y="2" z="7" spawntime="60"/>
    <monster name="Mago merlin" x="-1" y="3" z="7" spawntime="60"/>
    <monster name="Mago merlin" x="7" y="3" z="7" spawntime="60"/>
    <monster name="Mago merlin" x="4" y="5" z="7" spawntime="60"/>
  </spawn>
  <spawn centerx="854" centery="762" centerz="7" radius="5"/>
  <spawn centerx="66" centery="763" centerz="7" radius="10">
    <monster name="Mago merlin" x="8" y="-7" z="7" spawntime="60"/>
    <monster name="Mago merlin" x="7" y="-3" z="7" spawntime="60"/>
    <npc name="Paco qliao" x="9" y="-2" z="7" spawntime="60"/>
    <monster name="Mago merlin" x="-3" y="-1" z="7" spawntime="60"/>
    <monster name="Mago merlin" x="4" y="-1" z="7" spawntime="60"/>
    <monster name="Mago merlin" x="6" y="1" z="7" spawntime="60"/>
    <monster name="Mago merlin" x="-3" y="2" z="7" spawntime="60"/>
    <monster name="Mago merlin" x="1" y="2" z="7" spawntime="60"/>
    <monster name="Mago merlin" x="7" y="4" z="7" spawntime="60"/>
    <monster name="Mago merlin" x="9" y="9" z="7" spawntime="60"/>
  </spawn>
  <spawn centerx="89" centery="763" centerz="7" radius="10">
    <npc name="Paco qliao" x="-3" y="-9" z="7" spawntime="60"/>
    <monster name="Mago merlin" x="-9" y="-8" z="7" spawntime="60"/>
    <monster name="Mago merlin" x="-1" y="-8" z="7" spawntime="60"/>
    <monster name="Mago merlin" x="3" y="-8" z="7" spawntime="60"/>
    <monster name="Mago merlin" x="6" y="-8" z="7" spawntime="60"/>
    <monster name="Mago merlin" x="-6" y="-7" z="7" spawntime="60"/>
    <monster name="Mago merlin" x="-5" y="-7" z="7" spawntime="60"/>
    <monster name="Mago merlin" x="-9" y="-5" z="7" spawntime="60"/>
    <monster name="Mago merlin" x="2" y="-5" z="7" spawntime="60"/>
    <monster name="Mago merlin" x="8" y="-5" z="7" spawntime="60"/>
    <monster name="Mago merlin" x="-9" y="-4" z="7" spawntime="60"/>
    <monster name="Mago merlin" x="-6" y="-4" z="7" spawntime="60"/>
    <monster name="Mago merlin" x="-2" y="-4" z="7" spawntime="60"/>
    <monster name="Mago merlin" x="1" y="-3" z="7" spawntime="60"/>
    <monster name="Mago merlin" x="4" y="-3" z="7" spawntime="60"/>
    <monster name="Mago merlin" x="8" y="-3" z="7" spawntime="60"/>
    <monster name="Mago merlin" x="-9" y="0" z="7" spawntime="60"/>
    <monster name="Mago merlin" x="-6" y="6" z="7" spawntime="60"/>
    <monster name="Mago merlin" x="-10" y="10" z="7" spawntime="60"/>
  </spawn>
  <spawn centerx="112" centery="763" centerz="7" radius="10">
    <monster name="Mago merlin" x="-2" y="-7" z="7" spawntime="60"/>
    <monster name="Mago merlin" x="7" y="-7" z="7" spawntime="60"/>
    <monster name="Mago merlin" x="-6" y="-5" z="7" spawntime="60"/>
    <monster name="Mago merlin" x="-9" y="-3" z="7" spawntime="60"/>
    <monster name="Mago merlin" x="9" y="-3" z="7" spawntime="60"/>
    <monster name="Mago merlin" x="7" y="3" z="7" spawntime="60"/>
    <monster name="Mago merlin" x="9" y="3" z="7" spawntime="60"/>
    <monster name="Mago merlin" x="-6" y="7" z="7" spawntime="60"/>
  </spawn>
  <spawn centerx="609" centery="764" centerz="7" radius="5">
    <monster name="Master of Evil" x="-4" y="-1" z="7" spawntime="19"/>
    <monster name="Master of Evil" x="-2" y="0" z="7" spawntime="19"/>
    <monster name="Master of Evil" x="2" y="0" z="7" spawntime="19"/>
    <monster name="Master of Evil" x="-4" y="3" z="7" spawntime="19"/>
  </spawn>
  <spawn centerx="620" centery="764" centerz="7" radius="5">
    <monster name="Master of Evil" x="1" y="-2" z="7" spawntime="19"/>
    <monster name="Master of Evil" x="-4" y="0" z="7" spawntime="19"/>
    <monster name="Master of Evil" x="0" y="5" z="7" spawntime="19"/>
    <monster name="Master of Evil" x="4" y="5" z="7" spawntime="19"/>
  </spawn>
  <spawn centerx="829" centery="764" centerz="7" radius="5">
    <monster name="Tower of Destrucion" x="2" y="0" z="7" spawntime="19"/>
  </spawn>
  <spawn centerx="838" centery="764" centerz="7" radius="5">
    <monster name="Tower of Destrucion" x="1" y="0" z="7" spawntime="19"/>
    <monster name="Goblin of destrucion" x="-3" y="3" z="7" spawntime="19"/>
    <monster name="Goblin of destrucion" x="1" y="4" z="7" spawntime="19"/>
    <monster name="Goblin of destrucion" x="5" y="4" z="7" spawntime="19"/>
  </spawn>
  <spawn centerx="868" centery="766" centerz="7" radius="5">
    <monster name="Tower of Destrucion" x="2" y="-1" z="7" spawntime="19"/>
    <monster name="Tower of Destrucion" x="-4" y="3" z="7" spawntime="19"/>
    <monster name="Tower of Destrucion" x="4" y="5" z="7" spawntime="19"/>
  </spawn>
  <spawn centerx="776" centery="768" centerz="7" radius="5">
    <monster name="Mystic Wolf" x="-1" y="-3" z="7" spawntime="19"/>
    <monster name="Mystic Wolf" x="1" y="-3" z="7" spawntime="19"/>
    <monster name="Mystic Wolf" x="4" y="-3" z="7" spawntime="19"/>
    <monster name="Mystic Wolf" x="3" y="0" z="7" spawntime="19"/>
    <monster name="Mystic Witch" x="3" y="1" z="7" spawntime="19"/>
    <monster name="Mystic Wolf" x="0" y="2" z="7" spawntime="19"/>
    <monster name="Mystic Wolf" x="2" y="3" z="7" spawntime="19"/>
    <monster name="Mystic Witch" x="0" y="4" z="7" spawntime="19"/>
  </spawn>
  <spawn centerx="793" centery="768" centerz="7" radius="5">
    <monster name="Mystic Witch" x="-3" y="-4" z="7" spawntime="19"/>
    <monster name="Mystic Wolf" x="-2" y="-4" z="7" spawntime="19"/>
    <monster name="Mystic Wolf" x="-4" y="-2" z="7" spawntime="19"/>
    <monster name="Mystic Witch" x="-2" y="-2" z="7" spawntime="19"/>
    <monster name="Mystic Wolf" x="-3" y="2" z="7" spawntime="19"/>
    <monster name="Mystic Wolf" x="-2" y="2" z="7" spawntime="19"/>
    <monster name="Mystic Witch" x="-4" y="3" z="7" spawntime="19"/>
    <monster name="Mystic Witch" x="-4" y="4" z="7" spawntime="19"/>
    <monster name="Mystic Witch" x="-1" y="4" z="7" spawntime="19"/>
  </spawn>
  <spawn centerx="820" centery="768" centerz="7" radius="5">
    <monster name="Statue of Destrucion" x="0" y="0" z="7" spawntime="19"/>
  </spawn>
  <spawn centerx="834" centery="768" centerz="7" radius="5">
    <monster name="Tower of Destrucion" x="-3" y="3" z="7" spawntime="19"/>
    <monster name="Tower of Destrucion" x="5" y="3" z="7" spawntime="19"/>
  </spawn>
  <spawn centerx="644" centery="769" centerz="7" radius="5">
    <monster name="Master of Evil" x="0" y="-3" z="7" spawntime="19"/>
    <monster name="Master of Evil" x="-3" y="0" z="7" spawntime="19"/>
    <monster name="Master of Evil" x="2" y="0" z="7" spawntime="19"/>
    <monster name="Master of Evil" x="4" y="0" z="7" spawntime="19"/>
    <monster name="Master of Evil" x="-2" y="3" z="7" spawntime="19"/>
    <monster name="Master of Evil" x="2" y="3" z="7" spawntime="19"/>
  </spawn>
  <spawn centerx="850" centery="769" centerz="7" radius="5">
    <monster name="Tower of Destrucion" x="0" y="-1" z="7" spawntime="19"/>
  </spawn>
  <spawn centerx="37" centery="770" centerz="7" radius="10">
    <monster name="Mago merlin" x="-6" y="-8" z="7" spawntime="60"/>
    <monster name="Mago merlin" x="-6" y="-4" z="7" spawntime="60"/>
    <monster name="Mago merlin" x="-6" y="3" z="7" spawntime="60"/>
    <monster name="Mago merlin" x="2" y="7" z="7" spawntime="60"/>
    <monster name="Mago merlin" x="-2" y="8" z="7" spawntime="60"/>
    <monster name="Mago merlin" x="7" y="8" z="7" spawntime="60"/>
  </spawn>
  <spawn centerx="622" centery="770" centerz="7" radius="5"/>
  <spawn centerx="830" centery="771" centerz="7" radius="5"/>
  <spawn centerx="838" centery="771" centerz="7" radius="5"/>
  <spawn centerx="874" centery="771" centerz="7" radius="5"/>
  <spawn centerx="629" centery="772" centerz="7" radius="5">
    <monster name="Master of Evil" x="2" y="-3" z="7" spawntime="19"/>
    <monster name="Master of Evil" x="-1" y="-2" z="7" spawntime="19"/>
    <monster name="Master of Evil" x="5" y="-2" z="7" spawntime="19"/>
    <monster name="Master of Evil" x="0" y="2" z="7" spawntime="19"/>
  </spawn>
  <spawn centerx="541" centery="774" centerz="7" radius="5">
    <monster name="Papa Piton" x="1" y="-1" z="7" spawntime="19"/>
    <monster name="Bicho" x="0" y="3" z="7" spawntime="19"/>
    <monster name="Bicho" x="1" y="4" z="7" spawntime="19"/>
  </spawn>
  <spawn centerx="783" centery="778" centerz="7" radius="5">
    <monster name="Mystic Wolf" x="-2" y="-4" z="7" spawntime="19"/>
    <monster name="Mystic Wolf" x="2" y="-4" z="7" spawntime="19"/>
    <monster name="Mystic Witch" x="0" y="-3" z="7" spawntime="19"/>
    <monster name="Mystic Wolf" x="3" y="-3" z="7" spawntime="19"/>
    <monster name="Mystic Witch" x="-3" y="-1" z="7" spawntime="19"/>
    <monster name="Mystic Wolf" x="-1" y="-1" z="7" spawntime="19"/>
    <monster name="Mystic Witch" x="4" y="-1" z="7" spawntime="19"/>
    <monster name="Mystic Wolf" x="-4" y="2" z="7" spawntime="19"/>
    <monster name="Mystic Wolf" x="2" y="2" z="7" spawntime="19"/>
    <monster name="Mystic Witch" x="-3" y="3" z="7" spawntime="19"/>
    <monster name="Mystic Wolf" x="-5" y="5" z="7" spawntime="19"/>
  </spawn>
  <spawn centerx="541" centery="782" centerz="7" radius="5">
    <monster name="Bicho" x="1" y="-2" z="7" spawntime="19"/>
    <monster name="Papa Piton" x="-3" y="1" z="7" spawntime="19"/>
    <monster name="Papa Piton" x="4" y="1" z="7" spawntime="19"/>
    <monster name="Bicho" x="0" y="2" z="7" spawntime="19"/>
    <monster name="Bicho" x="-2" y="4" z="7" spawntime="19"/>
    <monster name="Bicho" x="2" y="4" z="7" spawntime="19"/>
    <monster name="Bicho" x="0" y="5" z="7" spawntime="19"/>
  </spawn>
  <spawn centerx="628" centery="782" centerz="7" radius="5">
    <monster name="Master of Evil" x="0" y="-3" z="7" spawntime="19"/>
    <monster name="Master of Evil" x="1" y="3" z="7" spawntime="19"/>
  </spawn>
  <spawn centerx="776" centery="788" centerz="7" radius="5">
    <monster name="Mystic Witch" x="-1" y="-4" z="7" spawntime="19"/>
    <monster name="Mystic Witch" x="-4" y="-3" z="7" spawntime="19"/>
    <monster name="Mystic Witch" x="2" y="-2" z="7" spawntime="19"/>
    <monster name="Mystic Wolf" x="-3" y="-1" z="7" spawntime="19"/>
    <monster name="Mystic Wolf" x="-1" y="0" z="7" spawntime="19"/>
    <monster name="Mystic Witch" x="-4" y="1" z="7" spawntime="19"/>
    <monster name="Mystic Witch" x="-2" y="1" z="7" spawntime="19"/>
    <monster name="Mystic Wolf" x="3" y="2" z="7" spawntime="19"/>
    <monster name="Mystic Witch" x="2" y="3" z="7" spawntime="19"/>
    <monster name="Mystic Witch" x="-5" y="4" z="7" spawntime="19"/>
    <monster name="Mystic Witch" x="-1" y="4" z="7" spawntime="19"/>
  </spawn>
  <spawn centerx="542" centery="789" centerz="7" radius="5">
    <monster name="Bicho" x="5" y="4" z="7" spawntime="19"/>
    <monster name="Bicho" x="-4" y="5" z="7" spawntime="19"/>
    <monster name="Bicho" x="1" y="5" z="7" spawntime="19"/>
  </spawn>
  <spawn centerx="628" centery="791" centerz="7" radius="5">
    <monster name="Master of Evil" x="-1" y="-1" z="7" spawntime="19"/>
    <monster name="Master of Evil" x="2" y="-1" z="7" spawntime="19"/>
  </spawn>
  <spawn centerx="692" centery="792" centerz="7" radius="5"/>
  <spawn centerx="534" centery="793" centerz="7" radius="5">
    <monster name="Bicho" x="2" y="-5" z="7" spawntime="19"/>
    <monster name="Bicho" x="2" y="-4" z="7" spawntime="768"/>
    <monster name="Bicho" x="-4" y="-2" z="7" spawntime="19"/>
    <monster name="Bicho" x="-1" y="-1" z="7" spawntime="19"/>
    <monster name="Bicho" x="-3" y="4" z="7" spawntime="19"/>
  </spawn>
  <spawn centerx="548" centery="793" centerz="7" radius="5">
    <monster name="Bicho" x="0" y="-3" z="7" spawntime="19"/>
    <monster name="Bicho" x="-4" y="4" z="7" spawntime="19"/>
  </spawn>
  <spawn centerx="765" centery="797" centerz="7" radius="5">
    <monster name="Mystic Witch" x="5" y="-4" z="7" spawntime="19"/>
    <monster name="Mystic Wolf" x="-1" y="-3" z="7" spawntime="19"/>
    <monster name="Mystic Wolf" x="2" y="-3" z="7" spawntime="19"/>
    <monster name="Mystic Witch" x="1" y="-1" z="7" spawntime="19"/>
    <monster name="Mystic Witch" x="-4" y="1" z="7" spawntime="19"/>
    <monster name="Mystic Wolf" x="-2" y="1" z="7" spawntime="19"/>
    <monster name="Mystic Witch" x="5" y="1" z="7" spawntime="19"/>
    <monster name="Mystic Wolf" x="3" y="2" z="7" spawntime="19"/>
    <monster name="Mystic Wolf" x="-4" y="3" z="7" spawntime="19"/>
    <monster name="Mystic Wolf" x="-1" y="3" z="7" spawntime="19"/>
  </spawn>
  <spawn centerx="675" centery="800" centerz="7" radius="5"/>
  <spawn centerx="830" centery="801" centerz="7" radius="5"/>
  <spawn centerx="284" centery="805" centerz="7" radius="5">
    <monster name="Killer Caiman" x="5" y="-1" z="7" spawntime="60"/>
    <monster name="Killer Caiman" x="2" y="1" z="7" spawntime="60"/>
    <monster name="Killer Caiman" x="-3" y="3" z="7" spawntime="60"/>
    <monster name="Killer Caiman" x="-4" y="5" z="7" spawntime="60"/>
    <monster name="Sandcrawler" x="1" y="5" z="7" spawntime="60"/>
  </spawn>
  <spawn centerx="295" centery="806" centerz="7" radius="5">
    <monster name="Lancer Beetle" x="-4" y="-4" z="7" spawntime="60"/>
    <monster name="Wailing Widow" x="3" y="-4" z="7" spawntime="60"/>
    <monster name="Killer Caiman" x="-2" y="-3" z="7" spawntime="60"/>
    <monster name="Lancer Beetle" x="1" y="-2" z="7" spawntime="60"/>
    <monster name="Killer Caiman" x="-2" y="0" z="7" spawntime="60"/>
    <monster name="Terramite" x="-3" y="1" z="7" spawntime="60"/>
    <monster name="Wailing Widow" x="4" y="1" z="7" spawntime="60"/>
    <monster name="Sandcrawler" x="-1" y="2" z="7" spawntime="60"/>
    <monster name="Wailing Widow" x="-4" y="4" z="7" spawntime="60"/>
    <monster name="Terramite" x="3" y="4" z="7" spawntime="60"/>
    <monster name="Terramite" x="-2" y="5" z="7" spawntime="60"/>
  </spawn>
  <spawn centerx="850" centery="808" centerz="7" radius="5"/>
  <spawn centerx="47" centery="809" centerz="7" radius="5">
    <monster name="Draken Spellweaver" x="-3" y="1" z="7" spawntime="60"/>
    <monster name="Draken Warmaster" x="-5" y="3" z="7" spawntime="60"/>
    <monster name="Draken Warmaster" x="1" y="3" z="7" spawntime="60"/>
    <monster name="Draken Spellweaver" x="4" y="4" z="7" spawntime="60"/>
    <monster name="Draken Spellweaver" x="-2" y="5" z="7" spawntime="60"/>
  </spawn>
  <spawn centerx="354" centery="809" centerz="7" radius="5">
    <monster name="Draken Warmaster" x="2" y="1" z="7" spawntime="60"/>
    <monster name="Draken Spellweaver" x="2" y="2" z="7" spawntime="60"/>
    <monster name="Draken Warmaster" x="4" y="3" z="7" spawntime="60"/>
    <monster name="Draken Spellweaver" x="2" y="4" z="7" spawntime="60"/>
  </spawn>
  <spawn centerx="667" centery="809" centerz="7" radius="5"/>
  <spawn centerx="760" centery="809" centerz="7" radius="5">
    <monster name="Mystic Witch" x="-3" y="-5" z="7" spawntime="19"/>
    <monster name="Mystic Wolf" x="2" y="-4" z="7" spawntime="19"/>
    <monster name="Mystic Wolf" x="-1" y="-3" z="7" spawntime="19"/>
    <monster name="Mystic Witch" x="2" y="-3" z="7" spawntime="19"/>
    <monster name="Mystic Wolf" x="-3" y="-2" z="7" spawntime="19"/>
    <monster name="Mystic Wolf" x="3" y="1" z="7" spawntime="19"/>
    <monster name="Mystic Wolf" x="-1" y="2" z="7" spawntime="19"/>
    <monster name="Mystic Witch" x="-4" y="4" z="7" spawntime="19"/>
    <monster name="Mystic Witch" x="3" y="5" z="7" spawntime="19"/>
  </spawn>
  <spawn centerx="231" centery="812" centerz="7" radius="5">
    <monster name="Lizard Dragon Priest" x="5" y="1" z="7" spawntime="60"/>
    <monster name="Lizard Legionnaire" x="1" y="2" z="7" spawntime="60"/>
    <monster name="Lizard High Guard" x="5" y="3" z="7" spawntime="60"/>
    <monster name="Lizard Dragon Priest" x="0" y="4" z="7" spawntime="60"/>
    <monster name="Lizard High Guard" x="-3" y="5" z="7" spawntime="60"/>
  </spawn>
  <spawn centerx="240" centery="812" centerz="7" radius="5">
    <monster name="Lizard Legionnaire" x="1" y="2" z="7" spawntime="60"/>
    <monster name="Lizard Dragon Priest" x="-1" y="3" z="7" spawntime="60"/>
  </spawn>
  <spawn centerx="251" centery="812" centerz="7" radius="5">
    <monster name="Lizard Chosen" x="3" y="-1" z="7" spawntime="60"/>
    <monster name="Lizard Dragon Priest" x="-4" y="0" z="7" spawntime="60"/>
    <monster name="Lizard Legionnaire" x="-3" y="2" z="7" spawntime="60"/>
    <monster name="Lizard Legionnaire" x="4" y="2" z="7" spawntime="60"/>
    <monster name="Lizard Dragon Priest" x="-3" y="5" z="7" spawntime="60"/>
  </spawn>
  <spawn centerx="59" centery="813" centerz="7" radius="5">
    <monster name="Draken Warmaster" x="4" y="-2" z="7" spawntime="60"/>
    <monster name="Draken Warmaster" x="-2" y="-1" z="7" spawntime="60"/>
    <monster name="Draken Warmaster" x="3" y="2" z="7" spawntime="60"/>
    <monster name="Draken Warmaster" x="1" y="3" z="7" spawntime="60"/>
    <monster name="Draken Warmaster" x="-2" y="4" z="7" spawntime="60"/>
  </spawn>
  <spawn centerx="109" centery="813" centerz="7" radius="5">
    <monster name="Orc Marauder" x="-1" y="-4" z="7" spawntime="60"/>
    <monster name="Orc Marauder" x="-4" y="-2" z="7" spawntime="60"/>
    <monster name="Gnarlhound" x="-2" y="-2" z="7" spawntime="60"/>
    <monster name="Gnarlhound" x="1" y="-2" z="7" spawntime="60"/>
    <monster name="Orc Marauder" x="4" y="-2" z="7" spawntime="60"/>
    <monster name="Orc Marauder" x="0" y="0" z="7" spawntime="60"/>
    <monster name="Gnarlhound" x="3" y="0" z="7" spawntime="60"/>
    <monster name="Gnarlhound" x="-1" y="3" z="7" spawntime="60"/>
    <monster name="Orc Marauder" x="4" y="3" z="7" spawntime="60"/>
    <monster name="Orc Marauder" x="-3" y="5" z="7" spawntime="60"/>
  </spawn>
  <spawn centerx="308" centery="814" centerz="7" radius="5">
    <monster name="Wailing Widow" x="2" y="-4" z="7" spawntime="60"/>
    <monster name="Terramite" x="3" y="-3" z="7" spawntime="60"/>
    <monster name="Wailing Widow" x="-1" y="-2" z="7" spawntime="60"/>
    <monster name="Killer Caiman" x="2" y="1" z="7" spawntime="60"/>
    <monster name="Wailing Widow" x="1" y="2" z="7" spawntime="60"/>
    <monster name="Sandcrawler" x="3" y="3" z="7" spawntime="60"/>
    <monster name="Terramite" x="1" y="4" z="7" spawntime="60"/>
    <monster name="Sandcrawler" x="-1" y="5" z="7" spawntime="60"/>
  </spawn>
  <spawn centerx="371" centery="815" centerz="7" radius="5">
    <monster name="Ghastly Dragon" x="-5" y="-4" z="7" spawntime="60"/>
    <monster name="Ghastly Dragon" x="-3" y="-4" z="7" spawntime="60"/>
    <monster name="Ghastly Dragon" x="-5" y="-2" z="7" spawntime="60"/>
    <monster name="Ghastly Dragon" x="-2" y="-2" z="7" spawntime="60"/>
    <monster name="Lizard Chosen" x="-5" y="0" z="7" spawntime="60"/>
    <monster name="Lizard Dragon Priest" x="-3" y="0" z="7" spawntime="60"/>
    <monster name="Lizard High Guard" x="-5" y="2" z="7" spawntime="60"/>
    <monster name="Lizard Legionnaire" x="-3" y="2" z="7" spawntime="60"/>
    <monster name="Lizard Zaogun" x="-4" y="4" z="7" spawntime="60"/>
  </spawn>
  <spawn centerx="193" centery="816" centerz="7" radius="5">
    <monster name="Ghastly Dragon" x="3" y="-2" z="7" spawntime="60"/>
    <monster name="Ghastly Dragon" x="-2" y="0" z="7" spawntime="60"/>
    <monster name="Ghastly Dragon" x="-2" y="5" z="7" spawntime="60"/>
  </spawn>
  <spawn centerx="273" centery="816" centerz="7" radius="5">
    <monster name="Killer Caiman" x="4" y="-5" z="7" spawntime="60"/>
    <monster name="Killer Caiman" x="2" y="-1" z="7" spawntime="60"/>
    <monster name="Wailing Widow" x="1" y="3" z="7" spawntime="60"/>
    <monster name="Terramite" x="2" y="4" z="7" spawntime="60"/>
  </spawn>
  <spawn centerx="284" centery="816" centerz="7" radius="5">
    <monster name="Lancer Beetle" x="-5" y="-5" z="7" spawntime="60"/>
    <monster name="Wailing Widow" x="1" y="-3" z="7" spawntime="60"/>
    <monster name="Wailing Widow" x="-3" y="-2" z="7" spawntime="60"/>
    <monster name="Lancer Beetle" x="-1" y="-2" z="7" spawntime="60"/>
    <monster name="Sandcrawler" x="-1" y="-1" z="7" spawntime="60"/>
    <monster name="Terramite" x="-4" y="0" z="7" spawntime="60"/>
    <monster name="Wailing Widow" x="4" y="0" z="7" spawntime="60"/>
    <monster name="Lancer Beetle" x="-3" y="2" z="7" spawntime="60"/>
    <monster name="Killer Caiman" x="2" y="5" z="7" spawntime="60"/>
  </spawn>
  <spawn centerx="652" centery="816" centerz="7" radius="5"/>
  <spawn centerx="94" centery="817" centerz="7" radius="5">
    <monster name="Orc Marauder" x="-2" y="-5" z="7" spawntime="60"/>
    <monster name="Gnarlhound" x="-4" y="-3" z="7" spawntime="60"/>
    <monster name="Orc Marauder" x="1" y="-3" z="7" spawntime="60"/>
    <monster name="Orc Marauder" x="-5" y="-2" z="7" spawntime="60"/>
    <monster name="Gnarlhound" x="4" y="-2" z="7" spawntime="60"/>
    <monster name="Orc Marauder" x="-2" y="-1" z="7" spawntime="60"/>
    <monster name="Gnarlhound" x="0" y="-1" z="7" spawntime="60"/>
    <monster name="Orc Marauder" x="-4" y="1" z="7" spawntime="60"/>
    <monster name="Orc Marauder" x="1" y="1" z="7" spawntime="60"/>
    <monster name="Orc Marauder" x="-3" y="4" z="7" spawntime="60"/>
    <monster name="Gnarlhound" x="-1" y="4" z="7" spawntime="60"/>
    <monster name="Orc Marauder" x="2" y="4" z="7" spawntime="60"/>
  </spawn>
  <spawn centerx="295" centery="817" centerz="7" radius="5">
    <monster name="Sandcrawler" x="1" y="-4" z="7" spawntime="60"/>
    <monster name="Sandcrawler" x="5" y="-4" z="7" spawntime="60"/>
    <monster name="Wailing Widow" x="-3" y="-2" z="7" spawntime="60"/>
    <monster name="Lancer Beetle" x="3" y="-2" z="7" spawntime="60"/>
    <monster name="Terramite" x="-2" y="2" z="7" spawntime="60"/>
    <monster name="Sandcrawler" x="1" y="3" z="7" spawntime="60"/>
    <monster name="Lancer Beetle" x="0" y="4" z="7" spawntime="60"/>
    <monster name="Killer Caiman" x="4" y="4" z="7" spawntime="60"/>
  </spawn>
  <spawn centerx="141" centery="819" centerz="7" radius="5">
    <monster name="Insect Swarm" x="2" y="-4" z="7" spawntime="60"/>
    <monster name="Insect Swarm" x="-2" y="-2" z="7" spawntime="60"/>
    <monster name="Insect Swarm" x="1" y="-1" z="7" spawntime="60"/>
    <monster name="Insect Swarm" x="-4" y="1" z="7" spawntime="60"/>
    <monster name="Insect Swarm" x="-2" y="1" z="7" spawntime="60"/>
    <monster name="Insect Swarm" x="4" y="2" z="7" spawntime="60"/>
    <monster name="Insect Swarm" x="0" y="4" z="7" spawntime="60"/>
  </spawn>
  <spawn centerx="153" centery="819" centerz="7" radius="5">
    <monster name="Insect Swarm" x="-3" y="-3" z="7" spawntime="60"/>
    <monster name="Insect Swarm" x="2" y="-3" z="7" spawntime="60"/>
    <monster name="Insect Swarm" x="3" y="0" z="7" spawntime="60"/>
    <monster name="Insect Swarm" x="-2" y="1" z="7" spawntime="60"/>
  </spawn>
  <spawn centerx="207" centery="819" centerz="7" radius="5">
    <monster name="Ghastly Dragon" x="0" y="-5" z="7" spawntime="60"/>
    <monster name="Ghastly Dragon" x="4" y="-3" z="7" spawntime="60"/>
    <monster name="Ghastly Dragon" x="-2" y="0" z="7" spawntime="60"/>
    <monster name="Ghastly Dragon" x="3" y="2" z="7" spawntime="60"/>
    <monster name="Ghastly Dragon" x="-3" y="5" z="7" spawntime="60"/>
  </spawn>
  <spawn centerx="260" centery="819" centerz="7" radius="5">
    <monster name="Lizard Chosen" x="2" y="-4" z="7" spawntime="60"/>
    <monster name="Lizard Dragon Priest" x="-3" y="-2" z="7" spawntime="60"/>
    <monster name="Lizard Dragon Priest" x="2" y="-1" z="7" spawntime="60"/>
    <monster name="Lizard High Guard" x="-3" y="2" z="7" spawntime="60"/>
    <monster name="Lizard Zaogun" x="0" y="3" z="7" spawntime="60"/>
  </spawn>
  <spawn centerx="860" centery="819" centerz="7" radius="5"/>
  <spawn centerx="182" centery="820" centerz="7" radius="5">
    <monster name="Ghastly Dragon" x="1" y="-3" z="7" spawntime="60"/>
    <monster name="Ghastly Dragon" x="2" y="2" z="7" spawntime="60"/>
  </spawn>
  <spawn centerx="354" centery="820" centerz="7" radius="5">
    <monster name="Insect Swarm" x="4" y="-4" z="7" spawntime="60"/>
    <monster name="Insect Swarm" x="2" y="-3" z="7" spawntime="60"/>
    <monster name="Insect Swarm" x="4" y="-1" z="7" spawntime="60"/>
    <monster name="Orc Marauder" x="1" y="2" z="7" spawntime="60"/>
    <monster name="Gnarlhound" x="2" y="2" z="7" spawntime="60"/>
    <monster name="Orc Marauder" x="4" y="2" z="7" spawntime="60"/>
    <monster name="Orc Marauder" x="2" y="4" z="7" spawntime="60"/>
    <monster name="Gnarlhound" x="4" y="4" z="7" spawntime="60"/>
  </spawn>
  <spawn centerx="752" centery="820" centerz="7" radius="5">
    <monster name="Mystic Witch" x="-2" y="-3" z="7" spawntime="19"/>
    <monster name="Mystic Wolf" x="0" y="-3" z="7" spawntime="19"/>
    <monster name="Mystic Witch" x="3" y="-3" z="7" spawntime="19"/>
    <monster name="Mystic Wolf" x="-4" y="-2" z="7" spawntime="19"/>
    <monster name="Mystic Wolf" x="-1" y="0" z="7" spawntime="19"/>
    <monster name="Mystic Wolf" x="2" y="0" z="7" spawntime="19"/>
    <monster name="Mystic Witch" x="1" y="2" z="7" spawntime="19"/>
    <monster name="Mystic Witch" x="-4" y="3" z="7" spawntime="19"/>
    <monster name="Mystic Witch" x="-1" y="3" z="7" spawntime="19"/>
    <monster name="Mystic Wolf" x="-2" y="4" z="7" spawntime="19"/>
    <monster name="Mystic Wolf" x="1" y="4" z="7" spawntime="19"/>
  </spawn>
  <spawn centerx="823" centery="820" centerz="7" radius="5"/>
  <spawn centerx="46" centery="821" centerz="7" radius="5">
    <monster name="Draken Warmaster" x="-2" y="-4" z="7" spawntime="60"/>
    <monster name="Draken Warmaster" x="2" y="-4" z="7" spawntime="60"/>
    <monster name="Draken Spellweaver" x="3" y="-3" z="7" spawntime="60"/>
    <monster name="Draken Spellweaver" x="-3" y="-2" z="7" spawntime="60"/>
    <monster name="Draken Spellweaver" x="3" y="-1" z="7" spawntime="60"/>
    <monster name="Draken Warmaster" x="-5" y="0" z="7" spawntime="60"/>
    <monster name="Draken Warmaster" x="0" y="0" z="7" spawntime="60"/>
    <monster name="Draken Spellweaver" x="-2" y="2" z="7" spawntime="60"/>
    <monster name="Draken Warmaster" x="3" y="2" z="7" spawntime="60"/>
    <monster name="Draken Warmaster" x="-4" y="3" z="7" spawntime="60"/>
    <monster name="Draken Warmaster" x="-5" y="4" z="7" spawntime="60"/>
    <monster name="Draken Spellweaver" x="4" y="4" z="7" spawntime="60"/>
    <monster name="Draken Warmaster" x="0" y="5" z="7" spawntime="60"/>
  </spawn>
  <spawn centerx="252" centery="821" centerz="7" radius="5">
    <monster name="Lizard Chosen" x="2" y="-3" z="7" spawntime="60"/>
    <monster name="Lizard Legionnaire" x="-1" y="-2" z="7" spawntime="60"/>
    <monster name="Lizard Chosen" x="-4" y="0" z="7" spawntime="60"/>
    <monster name="Lizard Legionnaire" x="2" y="2" z="7" spawntime="60"/>
    <monster name="Lizard Zaogun" x="-5" y="3" z="7" spawntime="60"/>
    <monster name="Lizard Legionnaire" x="-2" y="3" z="7" spawntime="60"/>
    <monster name="Lizard High Guard" x="0" y="3" z="7" spawntime="60"/>
    <monster name="Lizard Chosen" x="2" y="4" z="7" spawntime="60"/>
  </spawn>
  <spawn centerx="833" centery="821" centerz="7" radius="5"/>
  <spawn centerx="35" centery="822" centerz="7" radius="5">
    <monster name="Draken Spellweaver" x="2" y="-4" z="7" spawntime="60"/>
    <monster name="Draken Warmaster" x="1" y="-1" z="7" spawntime="60"/>
    <monster name="Draken Spellweaver" x="3" y="0" z="7" spawntime="60"/>
    <monster name="Draken Spellweaver" x="2" y="4" z="7" spawntime="60"/>
  </spawn>
  <spawn centerx="124" centery="822" centerz="7" radius="5">
    <monster name="Gnarlhound" x="-1" y="-3" z="7" spawntime="60"/>
    <monster name="Orc Marauder" x="-3" y="-2" z="7" spawntime="60"/>
    <monster name="Gnarlhound" x="-2" y="1" z="7" spawntime="60"/>
    <monster name="Orc Marauder" x="-4" y="3" z="7" spawntime="60"/>
    <monster name="Orc Marauder" x="-1" y="4" z="7" spawntime="60"/>
  </spawn>
  <spawn centerx="228" centery="822" centerz="7" radius="5">
    <monster name="Lizard Chosen" x="-5" y="-3" z="7" spawntime="60"/>
    <monster name="Lizard Legionnaire" x="3" y="-3" z="7" spawntime="60"/>
    <monster name="Lizard Dragon Priest" x="-3" y="-2" z="7" spawntime="60"/>
    <monster name="Lizard High Guard" x="-4" y="-1" z="7" spawntime="60"/>
    <monster name="Lizard High Guard" x="-1" y="-1" z="7" spawntime="60"/>
    <monster name="Lizard Zaogun" x="2" y="-1" z="7" spawntime="60"/>
    <monster name="Lizard Chosen" x="4" y="-1" z="7" spawntime="60"/>
    <monster name="Lizard Legionnaire" x="-3" y="2" z="7" spawntime="60"/>
    <monster name="Lizard Chosen" x="-4" y="3" z="7" spawntime="60"/>
    <monster name="Lizard High Guard" x="-1" y="3" z="7" spawntime="60"/>
    <monster name="Lizard Legionnaire" x="3" y="3" z="7" spawntime="60"/>
    <monster name="Lizard Zaogun" x="0" y="5" z="7" spawntime="60"/>
    <monster name="Lizard Dragon Priest" x="3" y="5" z="7" spawntime="60"/>
  </spawn>
  <spawn centerx="233" centery="822" centerz="7" radius="5">
    <monster name="Lizard Zaogun" x="3" y="-3" z="7" spawntime="60"/>
    <monster name="Lizard Chosen" x="2" y="-1" z="7" spawntime="60"/>
    <monster name="Lizard Chosen" x="4" y="1" z="7" spawntime="60"/>
    <monster name="Lizard Zaogun" x="3" y="3" z="7" spawntime="60"/>
    <monster name="Lizard Dragon Priest" x="5" y="4" z="7" spawntime="60"/>
    <monster name="Lizard High Guard" x="2" y="5" z="7" spawntime="60"/>
  </spawn>
  <spawn centerx="244" centery="822" centerz="7" radius="5">
    <monster name="Lizard Zaogun" x="2" y="-4" z="7" spawntime="60"/>
    <monster name="Lizard Chosen" x="-4" y="0" z="7" spawntime="60"/>
    <monster name="Lizard Zaogun" x="-2" y="0" z="7" spawntime="60"/>
    <monster name="Lizard High Guard" x="-4" y="3" z="7" spawntime="60"/>
    <monster name="Lizard Dragon Priest" x="-1" y="3" z="7" spawntime="60"/>
    <monster name="Lizard Chosen" x="2" y="4" z="7" spawntime="60"/>
  </spawn>
  <spawn centerx="165" centery="823" centerz="7" radius="5">
    <monster name="Insect Swarm" x="1" y="-3" z="7" spawntime="60"/>
    <monster name="Insect Swarm" x="-2" y="-2" z="7" spawntime="60"/>
    <monster name="Insect Swarm" x="-4" y="-1" z="7" spawntime="60"/>
    <monster name="Insect Swarm" x="-1" y="0" z="7" spawntime="60"/>
    <monster name="Insect Swarm" x="-3" y="4" z="7" spawntime="60"/>
  </spawn>
  <spawn centerx="111" centery="825" centerz="7" radius="5">
    <monster name="Orc Marauder" x="2" y="-1" z="7" spawntime="60"/>
    <monster name="Orc Marauder" x="-2" y="0" z="7" spawntime="60"/>
    <monster name="Orc Marauder" x="-2" y="2" z="7" spawntime="60"/>
    <monster name="Gnarlhound" x="1" y="2" z="7" spawntime="60"/>
    <monster name="Orc Marauder" x="-5" y="3" z="7" spawntime="60"/>
    <monster name="Orc Marauder" x="3" y="4" z="7" spawntime="60"/>
  </spawn>
  <spawn centerx="309" centery="825" centerz="7" radius="5">
    <monster name="Lancer Beetle" x="-4" y="-5" z="7" spawntime="60"/>
    <monster name="Killer Caiman" x="2" y="-5" z="7" spawntime="60"/>
    <monster name="Killer Caiman" x="-3" y="-4" z="7" spawntime="60"/>
    <monster name="Sandcrawler" x="0" y="-4" z="7" spawntime="60"/>
    <monster name="Killer Caiman" x="4" y="-4" z="7" spawntime="60"/>
    <monster name="Sandcrawler" x="4" y="-3" z="7" spawntime="60"/>
    <monster name="Lancer Beetle" x="2" y="-2" z="7" spawntime="60"/>
    <monster name="Wailing Widow" x="4" y="0" z="7" spawntime="60"/>
    <monster name="Lancer Beetle" x="-3" y="4" z="7" spawntime="60"/>
    <monster name="Wailing Widow" x="0" y="4" z="7" spawntime="60"/>
    <monster name="Lancer Beetle" x="-4" y="5" z="7" spawntime="60"/>
    <monster name="Terramite" x="-2" y="5" z="7" spawntime="60"/>
  </spawn>
  <spawn centerx="680" centery="825" centerz="7" radius="5"/>
  <spawn centerx="789" centery="825" centerz="7" radius="5"/>
  <spawn centerx="58" centery="826" centerz="7" radius="5">
    <monster name="Draken Spellweaver" x="-2" y="-4" z="7" spawntime="60"/>
    <monster name="Draken Spellweaver" x="4" y="-4" z="7" spawntime="60"/>
    <monster name="Draken Warmaster" x="1" y="-3" z="7" spawntime="60"/>
    <monster name="Draken Spellweaver" x="-2" y="0" z="7" spawntime="60"/>
    <monster name="Draken Warmaster" x="2" y="0" z="7" spawntime="60"/>
    <monster name="Draken Warmaster" x="4" y="0" z="7" spawntime="60"/>
    <monster name="Draken Warmaster" x="-1" y="4" z="7" spawntime="60"/>
    <monster name="Draken Warmaster" x="4" y="4" z="7" spawntime="60"/>
  </spawn>
  <spawn centerx="371" centery="826" centerz="7" radius="5">
    <monster name="Terramite" x="-5" y="-4" z="7" spawntime="60"/>
    <monster name="Lancer Beetle" x="-4" y="-4" z="7" spawntime="60"/>
    <monster name="Killer Caiman" x="-2" y="-4" z="7" spawntime="60"/>
    <monster name="Sandcrawler" x="-5" y="-3" z="7" spawntime="60"/>
    <monster name="Wailing Widow" x="-3" y="-2" z="7" spawntime="60"/>
  </spawn>
  <spawn centerx="844" centery="826" centerz="7" radius="5"/>
  <spawn centerx="90" centery="827" centerz="7" radius="5">
    <monster name="Orc Marauder" x="-3" y="-4" z="7" spawntime="60"/>
    <monster name="Orc Marauder" x="3" y="-4" z="7" spawntime="60"/>
    <monster name="Gnarlhound" x="-1" y="0" z="7" spawntime="60"/>
    <monster name="Gnarlhound" x="2" y="0" z="7" spawntime="60"/>
    <monster name="Orc Marauder" x="-3" y="1" z="7" spawntime="60"/>
    <monster name="Orc Marauder" x="1" y="2" z="7" spawntime="60"/>
    <monster name="Orc Marauder" x="-4" y="4" z="7" spawntime="60"/>
    <monster name="Orc Marauder" x="-2" y="4" z="7" spawntime="60"/>
    <monster name="Orc Marauder" x="1" y="4" z="7" spawntime="60"/>
  </spawn>
  <spawn centerx="100" centery="827" centerz="7" radius="5">
    <monster name="Orc Marauder" x="-3" y="-2" z="7" spawntime="60"/>
    <monster name="Gnarlhound" x="0" y="-2" z="7" spawntime="60"/>
    <monster name="Orc Marauder" x="-1" y="0" z="7" spawntime="60"/>
    <monster name="Orc Marauder" x="-4" y="1" z="7" spawntime="60"/>
    <monster name="Gnarlhound" x="-1" y="2" z="7" spawntime="60"/>
    <monster name="Gnarlhound" x="1" y="3" z="7" spawntime="60"/>
    <monster name="Orc Marauder" x="3" y="4" z="7" spawntime="60"/>
  </spawn>
  <spawn centerx="273" centery="827" centerz="7" radius="5">
    <monster name="Wailing Widow" x="4" y="-5" z="7" spawntime="60"/>
    <monster name="Killer Caiman" x="5" y="-3" z="7" spawntime="60"/>
    <monster name="Terramite" x="4" y="-2" z="7" spawntime="60"/>
    <monster name="Lancer Beetle" x="5" y="0" z="7" spawntime="60"/>
    <monster name="Terramite" x="3" y="2" z="7" spawntime="60"/>
    <monster name="Sandcrawler" x="1" y="4" z="7" spawntime="60"/>
    <monster name="Wailing Widow" x="4" y="4" z="7" spawntime="60"/>
    <monster name="Killer Caiman" x="2" y="5" z="7" spawntime="60"/>
  </spawn>
  <spawn centerx="284" centery="827" centerz="7" radius="5">
    <monster name="Terramite" x="-3" y="-5" z="7" spawntime="60"/>
    <monster name="Lancer Beetle" x="0" y="-5" z="7" spawntime="60"/>
    <monster name="Sandcrawler" x="-4" y="-4" z="7" spawntime="60"/>
    <monster name="Terramite" x="4" y="-4" z="7" spawntime="60"/>
    <monster name="Sandcrawler" x="5" y="-3" z="7" spawntime="60"/>
    <monster name="Lancer Beetle" x="3" y="1" z="7" spawntime="60"/>
    <monster name="Wailing Widow" x="-1" y="4" z="7" spawntime="60"/>
    <monster name="Sandcrawler" x="5" y="5" z="7" spawntime="60"/>
  </spawn>
  <spawn centerx="295" centery="828" centerz="7" radius="5">
    <monster name="Wailing Widow" x="-3" y="-5" z="7" spawntime="60"/>
    <monster name="Sandcrawler" x="-3" y="-3" z="7" spawntime="60"/>
    <monster name="Wailing Widow" x="0" y="-3" z="7" spawntime="60"/>
    <monster name="Sandcrawler" x="1" y="-3" z="7" spawntime="60"/>
    <monster name="Terramite" x="-5" y="-1" z="7" spawntime="60"/>
    <monster name="Killer Caiman" x="3" y="-1" z="7" spawntime="60"/>
    <monster name="Sandcrawler" x="5" y="-1" z="7" spawntime="60"/>
    <monster name="Sandcrawler" x="-2" y="0" z="7" spawntime="256"/>
    <monster name="Terramite" x="3" y="0" z="7" spawntime="60"/>
    <monster name="Sandcrawler" x="-2" y="1" z="7" spawntime="60"/>
    <monster name="Killer Caiman" x="-3" y="2" z="7" spawntime="60"/>
    <monster name="Wailing Widow" x="-4" y="3" z="7" spawntime="60"/>
    <monster name="Lancer Beetle" x="-3" y="4" z="7" spawntime="60"/>
  </spawn>
  <spawn centerx="662" centery="828" centerz="7" radius="5"/>
  <spawn centerx="197" centery="829" centerz="7" radius="5">
    <monster name="Ghastly Dragon" x="5" y="0" z="7" spawntime="60"/>
    <monster name="Ghastly Dragon" x="1" y="3" z="7" spawntime="60"/>
    <monster name="Ghastly Dragon" x="-5" y="4" z="7" spawntime="60"/>
  </spawn>
  <spawn centerx="801" centery="829" centerz="7" radius="5"/>
  <spawn centerx="207" centery="830" centerz="7" radius="5">
    <monster name="Ghastly Dragon" x="3" y="-4" z="7" spawntime="60"/>
    <monster name="Ghastly Dragon" x="4" y="0" z="7" spawntime="60"/>
    <monster name="Ghastly Dragon" x="-4" y="5" z="7" spawntime="60"/>
    <monster name="Ghastly Dragon" x="2" y="5" z="7" spawntime="60"/>
  </spawn>
  <spawn centerx="743" centery="830" centerz="7" radius="5">
    <monster name="Mystic Wolf" x="-2" y="-4" z="7" spawntime="19"/>
    <monster name="Mystic Witch" x="-4" y="-3" z="7" spawntime="19"/>
    <monster name="Mystic Wolf" x="-1" y="-3" z="7" spawntime="19"/>
    <monster name="Mystic Wolf" x="2" y="-3" z="7" spawntime="19"/>
    <monster name="Mystic Wolf" x="-2" y="0" z="7" spawntime="19"/>
    <monster name="Mystic Wolf" x="-3" y="2" z="7" spawntime="19"/>
    <monster name="Mystic Wolf" x="2" y="2" z="7" spawntime="19"/>
    <monster name="Mystic Witch" x="-3" y="5" z="7" spawntime="19"/>
  </spawn>
  <spawn centerx="153" centery="831" centerz="7" radius="5">
    <monster name="Insect Swarm" x="0" y="-4" z="7" spawntime="60"/>
    <monster name="Insect Swarm" x="5" y="-3" z="7" spawntime="60"/>
    <monster name="Insect Swarm" x="2" y="-1" z="7" spawntime="60"/>
    <monster name="Insect Swarm" x="-3" y="0" z="7" spawntime="60"/>
    <monster name="Insect Swarm" x="4" y="2" z="7" spawntime="60"/>
    <monster name="Insect Swarm" x="-2" y="3" z="7" spawntime="60"/>
  </spawn>
  <spawn centerx="187" centery="831" centerz="7" radius="5">
    <monster name="Ghastly Dragon" x="-3" y="-4" z="7" spawntime="60"/>
    <monster name="Ghastly Dragon" x="1" y="-3" z="7" spawntime="60"/>
    <monster name="Ghastly Dragon" x="3" y="-1" z="7" spawntime="60"/>
    <monster name="Ghastly Dragon" x="1" y="2" z="7" spawntime="60"/>
    <monster name="Ghastly Dragon" x="-3" y="4" z="7" spawntime="60"/>
  </spawn>
  <spawn centerx="46" centery="832" centerz="7" radius="5">
    <monster name="Draken Spellweaver" x="-4" y="-5" z="7" spawntime="60"/>
    <monster name="Draken Warmaster" x="4" y="-4" z="7" spawntime="60"/>
    <monster name="Draken Warmaster" x="-2" y="-3" z="7" spawntime="60"/>
    <monster name="Draken Spellweaver" x="0" y="-3" z="7" spawntime="60"/>
    <monster name="Draken Spellweaver" x="-4" y="0" z="7" spawntime="60"/>
    <monster name="Draken Warmaster" x="2" y="0" z="7" spawntime="60"/>
    <monster name="Draken Spellweaver" x="1" y="2" z="7" spawntime="60"/>
    <monster name="Draken Warmaster" x="-3" y="3" z="7" spawntime="60"/>
    <monster name="Draken Spellweaver" x="4" y="4" z="7" spawntime="60"/>
  </spawn>
  <spawn centerx="141" centery="832" centerz="7" radius="5">
    <monster name="Insect Swarm" x="0" y="-4" z="7" spawntime="60"/>
    <monster name="Insect Swarm" x="3" y="-2" z="7" spawntime="60"/>
    <monster name="Insect Swarm" x="0" y="-1" z="7" spawntime="60"/>
    <monster name="Insect Swarm" x="4" y="2" z="7" spawntime="60"/>
  </spawn>
  <spawn centerx="260" centery="832" centerz="7" radius="5">
    <monster name="Lizard Legionnaire" x="-3" y="-4" z="7" spawntime="60"/>
    <monster name="Lizard Zaogun" x="0" y="-3" z="7" spawntime="60"/>
    <monster name="Lizard Dragon Priest" x="2" y="-1" z="7" spawntime="60"/>
    <monster name="Lizard Dragon Priest" x="-2" y="0" z="7" spawntime="60"/>
    <monster name="Lizard High Guard" x="-5" y="1" z="7" spawntime="60"/>
    <monster name="Lizard Chosen" x="-1" y="2" z="7" spawntime="60"/>
    <monster name="Lizard Zaogun" x="-1" y="4" z="7" spawntime="60"/>
    <monster name="Lizard High Guard" x="-4" y="5" z="7" spawntime="60"/>
  </spawn>
  <spawn centerx="228" centery="833" centerz="7" radius="5">
    <monster name="Lizard Chosen" x="-1" y="-4" z="7" spawntime="60"/>
    <monster name="Lizard Legionnaire" x="3" y="-2" z="7" spawntime="60"/>
    <monster name="Lizard Zaogun" x="-2" y="-1" z="7" spawntime="60"/>
    <monster name="Lizard Legionnaire" x="-5" y="0" z="7" spawntime="60"/>
    <monster name="Lizard Zaogun" x="-3" y="0" z="7" spawntime="60"/>
    <monster name="Lizard Zaogun" x="4" y="1" z="7" spawntime="60"/>
    <monster name="Lizard Dragon Priest" x="0" y="2" z="7" spawntime="60"/>
    <monster name="Lizard Legionnaire" x="2" y="3" z="7" spawntime="60"/>
    <monster name="Lizard High Guard" x="-3" y="4" z="7" spawntime="60"/>
  </spawn>
  <spawn centerx="238" centery="833" centerz="7" radius="5">
    <monster name="Lizard Zaogun" x="-3" y="-3" z="7" spawntime="60"/>
    <monster name="Lizard Dragon Priest" x="1" y="-3" z="7" spawntime="60"/>
    <monster name="Lizard Zaogun" x="5" y="-3" z="7" spawntime="60"/>
    <monster name="Lizard Chosen" x="3" y="-2" z="7" spawntime="60"/>
    <monster name="Lizard Dragon Priest" x="5" y="-1" z="7" spawntime="60"/>
    <monster name="Lizard High Guard" x="-4" y="1" z="7" spawntime="60"/>
    <monster name="Lizard Dragon Priest" x="-2" y="1" z="7" spawntime="60"/>
    <monster name="Lizard Legionnaire" x="3" y="1" z="7" spawntime="60"/>
    <monster name="Lizard Dragon Priest" x="0" y="3" z="7" spawntime="60"/>
    <monster name="Lizard Zaogun" x="2" y="3" z="7" spawntime="60"/>
  </spawn>
  <spawn centerx="249" centery="833" centerz="7" radius="5">
    <monster name="Lizard Dragon Priest" x="-3" y="-3" z="7" spawntime="60"/>
    <monster name="Lizard Legionnaire" x="3" y="-3" z="7" spawntime="60"/>
    <monster name="Lizard High Guard" x="2" y="-2" z="7" spawntime="60"/>
    <monster name="Lizard Chosen" x="-2" y="2" z="7" spawntime="60"/>
    <monster name="Lizard Legionnaire" x="1" y="3" z="7" spawntime="60"/>
    <monster name="Lizard High Guard" x="-3" y="4" z="7" spawntime="60"/>
    <monster name="Lizard Chosen" x="4" y="5" z="7" spawntime="60"/>
  </spawn>
  <spawn centerx="810" centery="833" centerz="7" radius="5"/>
  <spawn centerx="174" centery="835" centerz="7" radius="5">
    <monster name="Ghastly Dragon" x="4" y="-2" z="7" spawntime="60"/>
    <monster name="Ghastly Dragon" x="4" y="2" z="7" spawntime="60"/>
  </spawn>
  <spawn centerx="306" centery="836" centerz="7" radius="5">
    <monster name="Lancer Beetle" x="2" y="-4" z="7" spawntime="60"/>
    <monster name="Wailing Widow" x="-5" y="-2" z="7" spawntime="60"/>
    <monster name="Killer Caiman" x="-2" y="-1" z="7" spawntime="60"/>
    <monster name="Lancer Beetle" x="-3" y="2" z="7" spawntime="60"/>
    <monster name="Terramite" x="2" y="2" z="7" spawntime="60"/>
    <monster name="Sandcrawler" x="4" y="2" z="7" spawntime="60"/>
    <monster name="Wailing Widow" x="-1" y="4" z="7" spawntime="60"/>
    <monster name="Sandcrawler" x="0" y="4" z="7" spawntime="60"/>
    <monster name="Lancer Beetle" x="3" y="4" z="7" spawntime="60"/>
  </spawn>
  <spawn centerx="58" centery="837" centerz="7" radius="5">
    <monster name="Draken Spellweaver" x="-2" y="-5" z="7" spawntime="60"/>
    <monster name="Draken Warmaster" x="1" y="-3" z="7" spawntime="60"/>
    <monster name="Draken Warmaster" x="3" y="0" z="7" spawntime="60"/>
  </spawn>
  <spawn centerx="273" centery="838" centerz="7" radius="5">
    <monster name="Terramite" x="3" y="-1" z="7" spawntime="60"/>
    <monster name="Wailing Widow" x="3" y="2" z="7" spawntime="60"/>
  </spawn>
  <spawn centerx="284" centery="838" centerz="7" radius="5">
    <monster name="Sandcrawler" x="1" y="-5" z="7" spawntime="60"/>
    <monster name="Wailing Widow" x="-1" y="-4" z="7" spawntime="60"/>
    <monster name="Killer Caiman" x="3" y="-4" z="7" spawntime="60"/>
    <monster name="Terramite" x="5" y="-3" z="7" spawntime="60"/>
    <monster name="Lancer Beetle" x="-2" y="-1" z="7" spawntime="60"/>
    <monster name="Wailing Widow" x="-5" y="3" z="7" spawntime="60"/>
  </spawn>
  <spawn centerx="295" centery="839" centerz="7" radius="5">
    <monster name="Lancer Beetle" x="4" y="-3" z="7" spawntime="60"/>
    <monster name="Wailing Widow" x="-3" y="-2" z="7" spawntime="60"/>
    <monster name="Sandcrawler" x="-1" y="-2" z="7" spawntime="60"/>
    <monster name="Lancer Beetle" x="3" y="2" z="7" spawntime="60"/>
  </spawn>
  <spawn centerx="739" centery="839" centerz="7" radius="5">
    <monster name="Mystic Wolf" x="-5" y="-3" z="7" spawntime="19"/>
    <monster name="Mystic Wolf" x="-3" y="-3" z="7" spawntime="19"/>
    <monster name="Mystic Wolf" x="1" y="-3" z="7" spawntime="19"/>
    <monster name="Mystic Wolf" x="-3" y="-1" z="7" spawntime="19"/>
    <monster name="Mystic Wolf" x="2" y="2" z="7" spawntime="19"/>
    <monster name="Mystic Witch" x="-4" y="3" z="7" spawntime="19"/>
    <monster name="Mystic Wolf" x="-2" y="4" z="7" spawntime="19"/>
    <monster name="Mystic Witch" x="1" y="4" z="7" spawntime="19"/>
  </spawn>
  <spawn centerx="729" centery="840" centerz="7" radius="5">
    <monster name="Mystic Witch" x="-4" y="-3" z="7" spawntime="19"/>
    <monster name="Mystic Wolf" x="-1" y="-3" z="7" spawntime="19"/>
    <monster name="Mystic Witch" x="1" y="-3" z="7" spawntime="19"/>
    <monster name="Mystic Wolf" x="-4" y="-1" z="7" spawntime="19"/>
    <monster name="Mystic Wolf" x="-3" y="0" z="7" spawntime="19"/>
    <monster name="Mystic Wolf" x="-3" y="4" z="7" spawntime="19"/>
    <monster name="Mystic Witch" x="0" y="4" z="7" spawntime="19"/>
    <monster name="Mystic Witch" x="-5" y="5" z="7" spawntime="19"/>
    <monster name="Mystic Wolf" x="3" y="5" z="7" spawntime="19"/>
  </spawn>
  <spawn centerx="482" centery="849" centerz="7" radius="5">
    <monster name="Papa Piton" x="0" y="0" z="7" spawntime="19"/>
    <monster name="Papa Piton" x="3" y="1" z="7" spawntime="19"/>
    <monster name="Papa Piton" x="-4" y="2" z="7" spawntime="19"/>
  </spawn>
  <spawn centerx="493" centery="850" centerz="7" radius="5">
    <monster name="Papa Piton" x="2" y="0" z="7" spawntime="19"/>
  </spawn>
  <spawn centerx="502" centery="850" centerz="7" radius="5">
    <monster name="Papa Piton" x="1" y="0" z="7" spawntime="19"/>
  </spawn>
  <spawn centerx="519" centery="850" centerz="7" radius="5">
    <monster name="Papa Piton" x="-3" y="-3" z="7" spawntime="19"/>
    <monster name="Papa Piton" x="-3" y="-1" z="7" spawntime="19"/>
    <monster name="Papa Piton" x="3" y="0" z="7" spawntime="19"/>
    <monster name="Papa Piton" x="-3" y="1" z="7" spawntime="19"/>
    <monster name="Papa Piton" x="-3" y="3" z="7" spawntime="19"/>
    <monster name="Papa Piton" x="3" y="3" z="7" spawntime="19"/>
  </spawn>
  <spawn centerx="527" centery="850" centerz="7" radius="5">
    <monster name="Papa Piton" x="0" y="-2" z="7" spawntime="19"/>
    <monster name="Papa Piton" x="-2" y="0" z="7" spawntime="19"/>
    <monster name="Papa Piton" x="-1" y="3" z="7" spawntime="19"/>
  </spawn>
  <spawn centerx="531" centery="910" centerz="7" radius="5">
    <monster name="Bicho" x="-3" y="-4" z="7" spawntime="19"/>
    <monster name="Bicho" x="2" y="-3" z="7" spawntime="19"/>
    <monster name="Bicho" x="0" y="-1" z="7" spawntime="19"/>
    <monster name="Bicho" x="-4" y="2" z="7" spawntime="19"/>
    <monster name="Bicho" x="3" y="2" z="7" spawntime="19"/>
  </spawn>
  <spawn centerx="518" centery="911" centerz="7" radius="5">
    <monster name="Bicho" x="-2" y="-5" z="7" spawntime="19"/>
    <monster name="Bicho" x="4" y="-2" z="7" spawntime="19"/>
    <monster name="Bicho" x="-5" y="1" z="7" spawntime="19"/>
    <monster name="Bicho" x="4" y="4" z="7" spawntime="19"/>
  </spawn>
  <spawn centerx="578" centery="911" centerz="7" radius="5">
    <monster name="Bicho" x="-2" y="-3" z="7" spawntime="19"/>
    <monster name="Bicho" x="4" y="-1" z="7" spawntime="19"/>
    <monster name="Bicho" x="-5" y="2" z="7" spawntime="19"/>
    <monster name="Bicho" x="4" y="2" z="7" spawntime="19"/>
  </spawn>
  <spawn centerx="599" centery="911" centerz="7" radius="5">
    <monster name="Bicho" x="-4" y="-4" z="7" spawntime="19"/>
    <monster name="Bicho" x="2" y="-2" z="7" spawntime="19"/>
    <monster name="Bicho" x="-2" y="-1" z="7" spawntime="19"/>
    <monster name="Bicho" x="-4" y="4" z="7" spawntime="19"/>
  </spawn>
  <spawn centerx="563" centery="913" centerz="7" radius="5">
    <monster name="Bicho" x="-4" y="-2" z="7" spawntime="19"/>
    <monster name="Bicho" x="3" y="-1" z="7" spawntime="19"/>
    <monster name="Bicho" x="-3" y="2" z="7" spawntime="19"/>
  </spawn>
  <spawn centerx="550" centery="914" centerz="7" radius="5">
    <monster name="Bicho" x="-2" y="-1" z="7" spawntime="19"/>
    <monster name="Bicho" x="1" y="0" z="7" spawntime="19"/>
    <monster name="Bicho" x="-3" y="2" z="7" spawntime="19"/>
    <monster name="Bicho" x="3" y="3" z="7" spawntime="19"/>
  </spawn>
  <spawn centerx="451" centery="932" centerz="7" radius="3"/>
  <spawn centerx="440" centery="933" centerz="7" radius="3"/>
  <spawn centerx="460" centery="933" centerz="7" radius="3"/>
  <spawn centerx="452" centery="943" centerz="7" radius="3"/>
  <spawn centerx="468" centery="945" centerz="7" radius="3"/>
  <spawn centerx="459" centery="953" centerz="7" radius="3"/>
  <spawn centerx="467" centery="957" centerz="7" radius="3"/>
  <spawn centerx="456" centery="962" centerz="7" radius="3">
    <monster name="Bot squirrel" x="0" y="0" z="7" spawntime="85"/>
  </spawn>
  <spawn centerx="615" centery="1019" centerz="7" radius="5"/>
  <spawn centerx="627" centery="1023" centerz="7" radius="5"/>
  <spawn centerx="554" centery="13" centerz="8" radius="5">
    <monster name="Minero" x="2" y="-4" z="8" spawntime="60"/>
    <monster name="Minero" x="-5" y="-2" z="8" spawntime="60"/>
    <monster name="Minero" x="0" y="-2" z="8" spawntime="60"/>
    <monster name="Minero" x="-2" y="-1" z="8" spawntime="60"/>
    <monster name="Minero" x="4" y="0" z="8" spawntime="60"/>
    <monster name="Minero" x="-3" y="2" z="8" spawntime="60"/>
    <monster name="Minero" x="4" y="3" z="8" spawntime="60"/>
    <monster name="Minero" x="2" y="4" z="8" spawntime="60"/>
    <monster name="Minero" x="-1" y="5" z="8" spawntime="60"/>
  </spawn>
  <spawn centerx="574" centery="13" centerz="8" radius="5">
    <monster name="Minero" x="-3" y="-3" z="8" spawntime="60"/>
    <monster name="Minero" x="3" y="-3" z="8" spawntime="60"/>
    <monster name="Minero" x="-4" y="-2" z="8" spawntime="60"/>
    <monster name="Minero" x="-1" y="1" z="8" spawntime="60"/>
    <monster name="Minero" x="-4" y="2" z="8" spawntime="60"/>
    <monster name="Minero" x="0" y="3" z="8" spawntime="60"/>
    <monster name="Minero" x="2" y="3" z="8" spawntime="60"/>
  </spawn>
  <spawn centerx="562" centery="19" centerz="8" radius="5">
    <monster name="Minero" x="-1" y="-4" z="8" spawntime="60"/>
    <monster name="Minero" x="5" y="-3" z="8" spawntime="60"/>
    <monster name="Minero" x="-2" y="-2" z="8" spawntime="60"/>
    <monster name="Minero" x="2" y="1" z="8" spawntime="60"/>
    <monster name="Minero" x="4" y="1" z="8" spawntime="60"/>
    <monster name="Minero" x="-4" y="2" z="8" spawntime="60"/>
    <monster name="Minero" x="-4" y="4" z="8" spawntime="60"/>
    <monster name="Minero" x="4" y="4" z="8" spawntime="60"/>
    <monster name="Minero" x="2" y="5" z="8" spawntime="60"/>
  </spawn>
  <spawn centerx="550" centery="24" centerz="8" radius="5">
    <monster name="Minero" x="1" y="-3" z="8" spawntime="60"/>
    <monster name="Minero" x="2" y="0" z="8" spawntime="60"/>
  </spawn>
  <spawn centerx="575" centery="24" centerz="8" radius="5">
    <monster name="Minero" x="-4" y="-5" z="8" spawntime="60"/>
    <monster name="Minero" x="4" y="-5" z="8" spawntime="60"/>
    <monster name="Minero" x="2" y="-3" z="8" spawntime="60"/>
    <monster name="Minero" x="2" y="-1" z="8" spawntime="60"/>
    <monster name="Minero" x="-4" y="0" z="8" spawntime="60"/>
    <monster name="Minero" x="-4" y="2" z="8" spawntime="60"/>
  </spawn>
  <spawn centerx="151" centery="32" centerz="8" radius="5">
    <monster name="Ghoul" x="2" y="-3" z="8" spawntime="60"/>
    <monster name="Ghoul" x="-1" y="-1" z="8" spawntime="60"/>
    <monster name="Ghoul" x="0" y="5" z="8" spawntime="60"/>
  </spawn>
  <spawn centerx="251" centery="35" centerz="8" radius="5">
    <monster name="Dark Torturer" x="4" y="-4" z="8" spawntime="60"/>
    <monster name="Damaged Worker Golem" x="1" y="-3" z="8" spawntime="60"/>
    <monster name="Destroyer" x="-1" y="-2" z="8" spawntime="60"/>
    <monster name="Dark Torturer" x="0" y="2" z="8" spawntime="60"/>
    <monster name="Destroyer" x="4" y="2" z="8" spawntime="60"/>
  </spawn>
  <spawn centerx="139" centery="38" centerz="8" radius="5">
    <monster name="Ghoul" x="0" y="-2" z="8" spawntime="60"/>
    <monster name="Ghoul" x="4" y="3" z="8" spawntime="60"/>
    <monster name="Ghoul" x="-1" y="4" z="8" spawntime="60"/>
  </spawn>
  <spawn centerx="452" centery="38" centerz="8" radius="5">
    <monster name="Training Monk" x="-1" y="0" z="8" spawntime="60"/>
    <monster name="Training Monk" x="1" y="0" z="8" spawntime="60"/>
  </spawn>
  <spawn centerx="464" centery="38" centerz="8" radius="5">
    <monster name="Training Monk" x="-1" y="0" z="8" spawntime="60"/>
    <monster name="Training Monk" x="1" y="0" z="8" spawntime="60"/>
  </spawn>
  <spawn centerx="160" centery="39" centerz="8" radius="5">
    <monster name="Ghoul" x="-2" y="0" z="8" spawntime="60"/>
    <monster name="Ghoul" x="3" y="1" z="8" spawntime="60"/>
    <monster name="Training Monk" x="-3" y="4" z="8" spawntime="60"/>
    <monster name="Training Monk" x="0" y="4" z="8" spawntime="60"/>
    <monster name="Training Monk" x="3" y="4" z="8" spawntime="60"/>
  </spawn>
  <spawn centerx="120" centery="41" centerz="8" radius="5">
    <monster name="Vampire Bride" x="-1" y="-5" z="8" spawntime="60"/>
    <monster name="Vampire" x="-2" y="-4" z="8" spawntime="60"/>
    <monster name="Vampire" x="-1" y="-4" z="8" spawntime="60"/>
    <monster name="Rotworm" x="-5" y="0" z="8" spawntime="60"/>
    <monster name="Ghoul" x="-2" y="0" z="8" spawntime="60"/>
    <monster name="Ghoul" x="3" y="0" z="8" spawntime="60"/>
  </spawn>
  <spawn centerx="150" centery="41" centerz="8" radius="5">
    <monster name="Ghoul" x="-1" y="0" z="8" spawntime="60"/>
    <monster name="Training Monk" x="4" y="2" z="8" spawntime="60"/>
  </spawn>
  <spawn centerx="100" centery="43" centerz="8" radius="5">
    <monster name="Rotworm Queen" x="-4" y="-4" z="8" spawntime="60"/>
    <monster name="Rotworm Queen" x="3" y="-4" z="8" spawntime="60"/>
    <monster name="Carrion Worm" x="4" y="-3" z="8" spawntime="60"/>
    <monster name="Carrion Worm" x="-5" y="-1" z="8" spawntime="60"/>
    <monster name="Carrion Worm" x="2" y="-1" z="8" spawntime="60"/>
    <monster name="Rotworm Queen" x="-4" y="1" z="8" spawntime="60"/>
    <monster name="Rotworm" x="-1" y="2" z="8" spawntime="60"/>
    <monster name="Carrion Worm" x="-4" y="5" z="8" spawntime="60"/>
  </spawn>
  <spawn centerx="169" centery="43" centerz="8" radius="5">
    <monster name="Training Monk" x="-3" y="0" z="8" spawntime="60"/>
    <monster name="Training Monk" x="0" y="0" z="8" spawntime="60"/>
  </spawn>
  <spawn centerx="257" centery="43" centerz="8" radius="6">
    <monster name="Dark Torturer" x="5" y="-5" z="8" spawntime="60"/>
    <monster name="Destroyer" x="6" y="-5" z="8" spawntime="60"/>
    <monster name="Dark Torturer" x="0" y="-1" z="8" spawntime="60"/>
    <monster name="Destroyer" x="2" y="-1" z="8" spawntime="60"/>
    <monster name="Destroyer" x="-5" y="1" z="8" spawntime="60"/>
    <monster name="Damaged Worker Golem" x="1" y="1" z="8" spawntime="60"/>
    <monster name="Dark Torturer" x="-5" y="5" z="8" spawntime="60"/>
    <monster name="Destroyer" x="-2" y="5" z="8" spawntime="60"/>
    <monster name="Dark Torturer" x="3" y="5" z="8" spawntime="60"/>
    <monster name="Destroyer" x="4" y="5" z="8" spawntime="60"/>
    <monster name="Damaged Worker Golem" x="0" y="6" z="8" spawntime="60"/>
  </spawn>
  <spawn centerx="273" centery="43" centerz="8" radius="5">
    <monster name="Destroyer" x="4" y="-1" z="8" spawntime="60"/>
    <monster name="Destroyer" x="-2" y="0" z="8" spawntime="60"/>
    <monster name="Dark Torturer" x="-4" y="1" z="8" spawntime="60"/>
    <monster name="Dark Torturer" x="2" y="1" z="8" spawntime="60"/>
    <monster name="Damaged Worker Golem" x="3" y="1" z="8" spawntime="60"/>
    <monster name="Destroyer" x="-5" y="3" z="8" spawntime="60"/>
  </spawn>
  <spawn centerx="114" centery="45" centerz="8" radius="5">
    <monster name="Rotworm" x="0" y="5" z="8" spawntime="60"/>
  </spawn>
  <spawn centerx="133" centery="46" centerz="8" radius="5">
    <monster name="Ghoul" x="0" y="-4" z="8" spawntime="60"/>
    <monster name="Carrion Worm" x="2" y="-1" z="8" spawntime="60"/>
    <monster name="Ghoul" x="5" y="0" z="8" spawntime="60"/>
    <monster name="Ghoul" x="5" y="3" z="8" spawntime="60"/>
    <monster name="Carrion Worm" x="0" y="4" z="8" spawntime="60"/>
  </spawn>
  <spawn centerx="316" centery="47" centerz="8" radius="5"/>
  <spawn centerx="452" centery="48" centerz="8" radius="5">
    <monster name="Training Monk" x="-1" y="0" z="8" spawntime="60"/>
    <monster name="Training Monk" x="1" y="0" z="8" spawntime="60"/>
  </spawn>
  <spawn centerx="464" centery="48" centerz="8" radius="5">
    <monster name="Training Monk" x="-1" y="0" z="8" spawntime="60"/>
    <monster name="Training Monk" x="1" y="0" z="8" spawntime="60"/>
  </spawn>
  <spawn centerx="122" centery="51" centerz="8" radius="5">
    <monster name="Ghoul" x="4" y="-4" z="8" spawntime="60"/>
    <monster name="Ghoul" x="4" y="0" z="8" spawntime="60"/>
    <monster name="Ghoul" x="-4" y="1" z="8" spawntime="60"/>
    <monster name="Ghoul" x="2" y="1" z="8" spawntime="60"/>
    <monster name="Rotworm" x="2" y="3" z="8" spawntime="60"/>
  </spawn>
  <spawn centerx="198" centery="52" centerz="8" radius="19">
    <npc name="Slayer Seller" x="-3" y="-5" z="8" spawntime="60"/>
    <npc name="Catapult Manager" x="4" y="-4" z="8" spawntime="60"/>
    <npc name="Especial Decoration Seller" x="6" y="-1" z="8" spawntime="60"/>
    <npc name="Soft Boots Seller" x="-3" y="5" z="8" spawntime="60"/>
    <npc name="Promotion Seller" x="5" y="6" z="8" spawntime="60"/>
    <monster name="Demodras" x="12" y="19" z="8" spawntime="60"/>
    <monster name="Demodras" x="17" y="19" z="8" spawntime="60"/>
  </spawn>
  <spawn centerx="37" centery="53" centerz="8" radius="5">
    <monster name="Vampire" x="0" y="-3" z="8" spawntime="60"/>
    <monster name="Vampire" x="0" y="3" z="8" spawntime="60"/>
  </spawn>
  <spawn centerx="141" centery="55" centerz="8" radius="5">
    <monster name="Carrion Worm" x="-5" y="-2" z="8" spawntime="60"/>
    <monster name="Rotworm" x="1" y="-2" z="8" spawntime="60"/>
    <monster name="Carrion Worm" x="4" y="0" z="8" spawntime="60"/>
    <monster name="Carrion Worm" x="0" y="2" z="8" spawntime="60"/>
  </spawn>
  <spawn centerx="163" centery="55" centerz="8" radius="5">
    <monster name="Rotworm" x="-3" y="-2" z="8" spawntime="60"/>
    <monster name="Carrion Worm" x="-5" y="-1" z="8" spawntime="60"/>
    <npc name="Paco qliao" x="-4" y="1" z="8" spawntime="60"/>
    <monster name="Carrion Worm" x="-5" y="3" z="8" spawntime="60"/>
  </spawn>
  <spawn centerx="98" centery="60" centerz="8" radius="5">
    <monster name="Carrion Worm" x="-1" y="1" z="8" spawntime="60"/>
    <monster name="Carrion Worm" x="0" y="3" z="8" spawntime="60"/>
    <monster name="Rotworm Queen" x="-2" y="4" z="8" spawntime="60"/>
    <monster name="Carrion Worm" x="-1" y="4" z="8" spawntime="60"/>
  </spawn>
  <spawn centerx="155" centery="62" centerz="8" radius="5">
    <monster name="Carrion Worm" x="-4" y="2" z="8" spawntime="60"/>
    <monster name="Carrion Worm" x="4" y="3" z="8" spawntime="60"/>
    <monster name="Rotworm" x="-3" y="5" z="8" spawntime="60"/>
  </spawn>
  <spawn centerx="116" centery="63" centerz="8" radius="5">
    <monster name="Rotworm" x="0" y="-3" z="8" spawntime="60"/>
    <monster name="Carrion Worm" x="-3" y="0" z="8" spawntime="60"/>
    <monster name="Rotworm Queen" x="-1" y="1" z="8" spawntime="60"/>
    <monster name="Carrion Worm" x="-4" y="4" z="8" spawntime="60"/>
    <monster name="Rotworm" x="-1" y="4" z="8" spawntime="60"/>
    <monster name="Carrion Worm" x="0" y="4" z="8" spawntime="60"/>
  </spawn>
  <spawn centerx="134" centery="63" centerz="8" radius="5">
    <monster name="Carrion Worm" x="-1" y="0" z="8" spawntime="60"/>
    <monster name="Carrion Worm" x="-2" y="4" z="8" spawntime="60"/>
  </spawn>
  <spawn centerx="164" centery="63" centerz="8" radius="5">
    <monster name="Rotworm" x="0" y="-2" z="8" spawntime="60"/>
    <monster name="Carrion Worm" x="0" y="2" z="8" spawntime="60"/>
  </spawn>
  <spawn centerx="64" centery="64" centerz="8" radius="5">
    <monster name="Mutated Bat" x="-1" y="-2" z="8" spawntime="60"/>
    <monster name="Mutated Human" x="-1" y="-1" z="8" spawntime="60"/>
  </spawn>
  <spawn centerx="79" centery="64" centerz="8" radius="5">
    <monster name="Mutated Human" x="-4" y="-4" z="8" spawntime="60"/>
    <monster name="Mutated Human" x="3" y="-4" z="8" spawntime="60"/>
    <monster name="Mutated Human" x="-4" y="0" z="8" spawntime="60"/>
    <monster name="Mutated Bat" x="-1" y="1" z="8" spawntime="60"/>
    <monster name="Mutated Human" x="0" y="1" z="8" spawntime="60"/>
    <monster name="Mutated Human" x="-4" y="4" z="8" spawntime="60"/>
  </spawn>
  <spawn centerx="146" centery="68" centerz="8" radius="5">
    <monster name="Carrion Worm" x="0" y="-4" z="8" spawntime="60"/>
    <monster name="Carrion Worm" x="-3" y="2" z="8" spawntime="60"/>
    <monster name="Rotworm" x="5" y="3" z="8" spawntime="60"/>
    <monster name="Rotworm" x="1" y="5" z="8" spawntime="60"/>
  </spawn>
  <spawn centerx="397" centery="69" centerz="8" radius="5">
    <monster name="Hand of Cursed Fate" x="-3" y="-3" z="8" spawntime="60"/>
  </spawn>
  <spawn centerx="382" centery="72" centerz="8" radius="5">
    <monster name="Hand of Cursed Fate" x="-1" y="0" z="8" spawntime="60"/>
  </spawn>
  <spawn centerx="212" centery="73" centerz="8" radius="5">
    <monster name="Demodras" x="-2" y="3" z="8" spawntime="60"/>
    <monster name="Demodras" x="3" y="3" z="8" spawntime="60"/>
  </spawn>
  <spawn centerx="65" centery="75" centerz="8" radius="5">
    <monster name="Mutated Human" x="3" y="-3" z="8" spawntime="60"/>
    <monster name="Mutated Bat" x="5" y="-3" z="8" spawntime="60"/>
    <monster name="Mutated Bat" x="-2" y="2" z="8" spawntime="60"/>
    <monster name="Mutated Human" x="-1" y="3" z="8" spawntime="60"/>
    <monster name="Mutated Human" x="5" y="3" z="8" spawntime="60"/>
    <monster name="Mutated Bat" x="4" y="4" z="8" spawntime="60"/>
  </spawn>
  <spawn centerx="106" centery="75" centerz="8" radius="5">
    <monster name="Carrion Worm" x="-2" y="-4" z="8" spawntime="60"/>
    <monster name="Rotworm Queen" x="-4" y="-1" z="8" spawntime="60"/>
    <monster name="Carrion Worm" x="-3" y="-1" z="8" spawntime="60"/>
    <monster name="Rotworm" x="-1" y="0" z="8" spawntime="60"/>
    <monster name="Carrion Worm" x="3" y="0" z="8" spawntime="60"/>
  </spawn>
  <spawn centerx="136" centery="75" centerz="8" radius="5">
    <monster name="Rotworm" x="0" y="-5" z="8" spawntime="60"/>
    <monster name="Rotworm" x="-1" y="0" z="8" spawntime="60"/>
  </spawn>
  <spawn centerx="3" centery="77" centerz="8" radius="5">
    <npc name="Don Zafrada" x="3" y="0" z="8" spawntime="60"/>
  </spawn>
  <spawn centerx="83" centery="77" centerz="8" radius="5">
    <monster name="Mutated Human" x="5" y="-5" z="8" spawntime="60"/>
    <monster name="Mutated Bat" x="3" y="-4" z="8" spawntime="60"/>
    <monster name="Mutated Bat" x="4" y="0" z="8" spawntime="60"/>
    <monster name="Mutated Human" x="-3" y="1" z="8" spawntime="60"/>
    <monster name="Mutated Human" x="4" y="1" z="8" spawntime="60"/>
  </spawn>
  <spawn centerx="400" centery="78" centerz="8" radius="5">
    <monster name="Hand of Cursed Fate" x="-1" y="-3" z="8" spawntime="60"/>
  </spawn>
  <spawn centerx="186" centery="79" centerz="8" radius="5">
    <monster name="Demon" x="3" y="0" z="8" spawntime="60"/>
  </spawn>
  <spawn centerx="197" centery="79" centerz="8" radius="5">
    <monster name="Demon" x="0" y="0" z="8" spawntime="60"/>
    <monster name="Demon" x="1" y="4" z="8" spawntime="60"/>
  </spawn>
  <spawn centerx="390" centery="80" centerz="8" radius="5">
    <monster name="Hand of Cursed Fate" x="-2" y="0" z="8" spawntime="60"/>
  </spawn>
  <spawn centerx="375" centery="81" centerz="8" radius="5">
    <monster name="Hand of Cursed Fate" x="-5" y="1" z="8" spawntime="60"/>
    <monster name="Hand of Cursed Fate" x="2" y="3" z="8" spawntime="60"/>
  </spawn>
  <spawn centerx="416" centery="81" centerz="8" radius="5">
    <monster name="Hand of Cursed Fate" x="4" y="-3" z="8" spawntime="60"/>
    <monster name="Hand of Cursed Fate" x="-5" y="0" z="8" spawntime="60"/>
  </spawn>
  <spawn centerx="175" centery="83" centerz="8" radius="5">
    <npc name="Paco qliao" x="1" y="-2" z="8" spawntime="60"/>
    <monster name="Demon" x="1" y="2" z="8" spawntime="60"/>
  </spawn>
  <spawn centerx="146" centery="85" centerz="8" radius="5">
    <npc name="Paco qliao" x="-2" y="-2" z="8" spawntime="60"/>
    <monster name="Banshee" x="0" y="-2" z="8" spawntime="60"/>
    <monster name="Banshee" x="-1" y="5" z="8" spawntime="60"/>
  </spawn>
  <spawn centerx="160" centery="85" centerz="8" radius="5">
    <monster name="Banshee" x="-4" y="0" z="8" spawntime="60"/>
    <monster name="Banshee" x="1" y="0" z="8" spawntime="60"/>
  </spawn>
  <spawn centerx="3" centery="88" centerz="8" radius="5">
    <npc name="Don Zafrada" x="4" y="-4" z="8" spawntime="60"/>
    <npc name="Don Zafrada" x="3" y="3" z="8" spawntime="60"/>
  </spawn>
  <spawn centerx="181" centery="94" centerz="8" radius="5">
    <monster name="Demon" x="1" y="4" z="8" spawntime="60"/>
  </spawn>
  <spawn centerx="389" centery="96" centerz="8" radius="5">
    <monster name="Hand of Cursed Fate" x="0" y="0" z="8" spawntime="60"/>
  </spawn>
  <spawn centerx="420" centery="96" centerz="8" radius="5">
    <monster name="Hand of Cursed Fate" x="3" y="-1" z="8" spawntime="60"/>
  </spawn>
  <spawn centerx="377" centery="97" centerz="8" radius="5">
    <monster name="Hand of Cursed Fate" x="2" y="-4" z="8" spawntime="60"/>
    <monster name="Hand of Cursed Fate" x="-1" y="2" z="8" spawntime="60"/>
  </spawn>
  <spawn centerx="120" centery="99" centerz="8" radius="5">
    <monster name="Banshee" x="5" y="0" z="8" spawntime="60"/>
    <monster name="Banshee" x="-3" y="2" z="8" spawntime="60"/>
  </spawn>
  <spawn centerx="135" centery="99" centerz="8" radius="5">
    <monster name="Banshee" x="-2" y="-1" z="8" spawntime="60"/>
    <npc name="Paco qliao" x="3" y="2" z="8" spawntime="60"/>
  </spawn>
  <spawn centerx="76" centery="100" centerz="8" radius="5">
    <monster name="Warlock" x="5" y="-1" z="8" spawntime="60"/>
    <monster name="Warlock" x="-1" y="0" z="8" spawntime="60"/>
    <monster name="Warlock" x="2" y="0" z="8" spawntime="60"/>
    <monster name="Warlock" x="5" y="3" z="8" spawntime="60"/>
  </spawn>
  <spawn centerx="406" centery="101" centerz="8" radius="5">
    <monster name="Hand of Cursed Fate" x="0" y="-4" z="8" spawntime="60"/>
    <monster name="Hand of Cursed Fate" x="0" y="5" z="8" spawntime="60"/>
  </spawn>
  <spawn centerx="61" centery="102" centerz="8" radius="5">
    <monster name="Warlock" x="1" y="-2" z="8" spawntime="60"/>
    <monster name="Warlock" x="-2" y="0" z="8" spawntime="60"/>
  </spawn>
  <spawn centerx="386" centery="107" centerz="8" radius="5">
    <monster name="Hand of Cursed Fate" x="2" y="-4" z="8" spawntime="60"/>
    <monster name="Hand of Cursed Fate" x="-5" y="3" z="8" spawntime="60"/>
  </spawn>
  <spawn centerx="185" centery="108" centerz="8" radius="5">
    <monster name="Demon" x="-3" y="-3" z="8" spawntime="60"/>
    <npc name="Paco qliao" x="1" y="-1" z="8" spawntime="60"/>
    <monster name="Demon" x="-2" y="3" z="8" spawntime="60"/>
  </spawn>
  <spawn centerx="145" centery="110" centerz="8" radius="5">
    <monster name="Banshee" x="0" y="-2" z="8" spawntime="60"/>
    <npc name="Paco qliao" x="-3" y="1" z="8" spawntime="60"/>
    <monster name="Banshee" x="0" y="4" z="8" spawntime="60"/>
  </spawn>
  <spawn centerx="398" centery="110" centerz="8" radius="5">
    <monster name="Hand of Cursed Fate" x="-2" y="2" z="8" spawntime="60"/>
  </spawn>
  <spawn centerx="61" centery="114" centerz="8" radius="5">
    <monster name="Warlock" x="-2" y="2" z="8" spawntime="60"/>
    <monster name="Warlock" x="0" y="2" z="8" spawntime="60"/>
  </spawn>
  <spawn centerx="85" centery="117" centerz="8" radius="5">
    <monster name="Warlock" x="0" y="-1" z="8" spawntime="60"/>
  </spawn>
  <spawn centerx="182" centery="120" centerz="8" radius="5">
    <monster name="Demon" x="5" y="-4" z="8" spawntime="60"/>
    <monster name="Demon" x="-1" y="-1" z="8" spawntime="60"/>
    <monster name="Demon" x="-3" y="4" z="8" spawntime="60"/>
  </spawn>
  <spawn centerx="389" centery="120" centerz="8" radius="5">
    <monster name="Hand of Cursed Fate" x="-5" y="-5" z="8" spawntime="60"/>
    <monster name="Hand of Cursed Fate" x="-2" y="5" z="8" spawntime="60"/>
  </spawn>
  <spawn centerx="108" centery="126" centerz="8" radius="5">
    <monster name="Dragon Hatchling" x="2" y="-1" z="8" spawntime="60"/>
    <monster name="Dragon" x="-1" y="0" z="8" spawntime="60"/>
  </spawn>
  <spawn centerx="138" centery="127" centerz="8" radius="5">
    <monster name="Undead Dragon" x="-2" y="-3" z="8" spawntime="60"/>
    <monster name="Undead Dragon" x="5" y="-3" z="8" spawntime="60"/>
    <monster name="Undead Dragon" x="-5" y="0" z="8" spawntime="60"/>
    <monster name="Undead Dragon" x="2" y="0" z="8" spawntime="60"/>
  </spawn>
  <spawn centerx="209" centery="127" centerz="8" radius="50">
    <monster name="Juggernaut" x="43" y="-38" z="8" spawntime="60"/>
    <monster name="Juggernaut" x="23" y="-30" z="8" spawntime="60"/>
    <monster name="Juggernaut" x="50" y="-30" z="8" spawntime="60"/>
    <monster name="Juggernaut" x="42" y="-29" z="8" spawntime="60"/>
    <npc name="Paco qliao" x="23" y="-24" z="8" spawntime="60"/>
    <monster name="Juggernaut" x="30" y="-20" z="8" spawntime="60"/>
    <monster name="Juggernaut" x="41" y="-20" z="8" spawntime="60"/>
    <monster name="Juggernaut" x="19" y="-19" z="8" spawntime="60"/>
    <monster name="Juggernaut" x="12" y="-16" z="8" spawntime="60"/>
    <monster name="Juggernaut" x="10" y="-10" z="8" spawntime="60"/>
    <monster name="Juggernaut" x="5" y="-3" z="8" spawntime="60"/>
    <monster name="Undead Dragon" x="-49" y="-2" z="8" spawntime="60"/>
    <monster name="Juggernaut" x="-1" y="0" z="8" spawntime="60"/>
    <npc name="Paco qliao" x="-36" y="2" z="8" spawntime="60"/>
    <monster name="Demon" x="-31" y="3" z="8" spawntime="60"/>
    <monster name="Demon" x="-27" y="9" z="8" spawntime="60"/>
    <monster name="Juggernaut" x="-7" y="10" z="8" spawntime="60"/>
    <monster name="Juggernaut" x="4" y="10" z="8" spawntime="60"/>
    <monster name="Hellfire Fighter" x="-2" y="14" z="8" spawntime="60"/>
  </spawn>
  <spawn centerx="155" centery="130" centerz="8" radius="5">
    <monster name="Undead Dragon" x="-5" y="-3" z="8" spawntime="60"/>
    <monster name="Undead Dragon" x="1" y="4" z="8" spawntime="60"/>
  </spawn>
  <spawn centerx="177" centery="132" centerz="8" radius="5"/>
  <spawn centerx="65" centery="139" centerz="8" radius="5">
    <monster name="Dragon Lord" x="-3" y="-1" z="8" spawntime="60"/>
    <monster name="Dragon Lord Hatchling" x="-2" y="-1" z="8" spawntime="60"/>
    <monster name="Dragon Lord Hatchling" x="1" y="3" z="8" spawntime="60"/>
    <monster name="Dragon Lord" x="3" y="3" z="8" spawntime="60"/>
    <monster name="Dragon Lord" x="5" y="5" z="8" spawntime="60"/>
  </spawn>
  <spawn centerx="76" centery="149" centerz="8" radius="5">
    <monster name="Dragon Lord Hatchling" x="-5" y="-4" z="8" spawntime="60"/>
    <monster name="Dragon Lord" x="-2" y="0" z="8" spawntime="60"/>
    <monster name="Dragon Lord Hatchling" x="-3" y="4" z="8" spawntime="60"/>
  </spawn>
  <spawn centerx="347" centery="152" centerz="8" radius="1">
    <monster name="Juggernaut" x="1" y="0" z="8" spawntime="60"/>
  </spawn>
  <spawn centerx="143" centery="154" centerz="8" radius="5">
    <monster name="Lich" x="-3" y="-2" z="8" spawntime="60"/>
    <monster name="Lich" x="0" y="-1" z="8" spawntime="60"/>
    <monster name="Lich" x="-5" y="5" z="8" spawntime="60"/>
    <monster name="Lich" x="-3" y="5" z="8" spawntime="60"/>
    <monster name="Lich" x="3" y="5" z="8" spawntime="60"/>
  </spawn>
  <spawn centerx="123" centery="156" centerz="8" radius="5">
    <monster name="Lich" x="0" y="2" z="8" spawntime="60"/>
    <monster name="Lich" x="3" y="3" z="8" spawntime="60"/>
  </spawn>
  <spawn centerx="91" centery="157" centerz="8" radius="5">
    <monster name="Dragon Lord Hatchling" x="-4" y="-5" z="8" spawntime="60"/>
    <monster name="Dragon Lord Hatchling" x="1" y="2" z="8" spawntime="60"/>
    <monster name="Dragon Lord" x="3" y="3" z="8" spawntime="60"/>
  </spawn>
  <spawn centerx="154" centery="160" centerz="8" radius="5">
    <monster name="Lich" x="-3" y="-1" z="8" spawntime="60"/>
    <monster name="Lich" x="2" y="-1" z="8" spawntime="60"/>
    <monster name="Lich" x="2" y="2" z="8" spawntime="60"/>
  </spawn>
  <spawn centerx="57" centery="164" centerz="8" radius="5">
    <monster name="Mascara de muerte" x="-1" y="-4" z="8" spawntime="60"/>
  </spawn>
  <spawn centerx="74" centery="165" centerz="8" radius="5">
    <monster name="Demon" x="2" y="-4" z="8" spawntime="60"/>
    <monster name="Demon" x="1" y="3" z="8" spawntime="60"/>
  </spawn>
  <spawn centerx="85" centery="167" centerz="8" radius="5">
    <monster name="Demon" x="0" y="-3" z="8" spawntime="60"/>
  </spawn>
  <spawn centerx="138" centery="167" centerz="8" radius="5">
    <monster name="Lich" x="1" y="-3" z="8" spawntime="60"/>
    <monster name="Lich" x="-3" y="-2" z="8" spawntime="60"/>
    <monster name="Lich" x="2" y="0" z="8" spawntime="60"/>
    <monster name="Lich" x="-2" y="2" z="8" spawntime="60"/>
    <monster name="Lich" x="-1" y="5" z="8" spawntime="60"/>
  </spawn>
  <spawn centerx="361" centery="170" centerz="8" radius="5">
    <monster name="Sea Serpent" x="0" y="-5" z="8" spawntime="60"/>
    <monster name="Sea Serpent" x="-4" y="-4" z="8" spawntime="60"/>
    <monster name="Sea Serpent" x="5" y="-4" z="8" spawntime="60"/>
    <monster name="Sea Serpent" x="-1" y="-3" z="8" spawntime="60"/>
    <monster name="Sea Serpent" x="2" y="-3" z="8" spawntime="60"/>
    <monster name="Sea Serpent" x="-1" y="-1" z="8" spawntime="60"/>
    <monster name="Sea Serpent" x="-4" y="0" z="8" spawntime="60"/>
    <monster name="Sea Serpent" x="2" y="0" z="8" spawntime="60"/>
    <monster name="Sea Serpent" x="4" y="0" z="8" spawntime="60"/>
    <monster name="Sea Serpent" x="-1" y="1" z="8" spawntime="60"/>
    <monster name="Sea Serpent" x="5" y="1" z="8" spawntime="60"/>
    <monster name="Sea Serpent" x="2" y="2" z="8" spawntime="60"/>
    <monster name="Sea Serpent" x="-4" y="4" z="8" spawntime="60"/>
    <monster name="Sea Serpent" x="0" y="4" z="8" spawntime="60"/>
    <monster name="Sea Serpent" x="2" y="4" z="8" spawntime="60"/>
    <monster name="Sea Serpent" x="4" y="4" z="8" spawntime="60"/>
  </spawn>
  <spawn centerx="389" centery="170" centerz="8" radius="5">
    <monster name="Demon" x="5" y="-5" z="8" spawntime="60"/>
    <monster name="Demon" x="-2" y="-4" z="8" spawntime="60"/>
    <monster name="Demon" x="0" y="-4" z="8" spawntime="60"/>
    <monster name="Demon" x="3" y="-3" z="8" spawntime="60"/>
    <monster name="Demon" x="-2" y="-2" z="8" spawntime="60"/>
    <monster name="Demon" x="-4" y="-1" z="8" spawntime="60"/>
    <monster name="Demon" x="2" y="0" z="8" spawntime="60"/>
    <monster name="Demon" x="-1" y="1" z="8" spawntime="60"/>
    <monster name="Demon" x="4" y="1" z="8" spawntime="60"/>
    <monster name="Demon" x="1" y="3" z="8" spawntime="60"/>
    <monster name="Demon" x="-4" y="4" z="8" spawntime="60"/>
    <monster name="Demon" x="-2" y="4" z="8" spawntime="60"/>
    <monster name="Demon" x="2" y="4" z="8" spawntime="60"/>
    <monster name="Demon" x="5" y="4" z="8" spawntime="60"/>
  </spawn>
  <spawn centerx="76" centery="179" centerz="8" radius="5">
    <monster name="Demon" x="-2" y="-5" z="8" spawntime="60"/>
    <monster name="Demon" x="0" y="2" z="8" spawntime="60"/>
  </spawn>
  <spawn centerx="88" centery="179" centerz="8" radius="5">
    <monster name="Demon" x="-1" y="-5" z="8" spawntime="60"/>
    <monster name="Demon" x="2" y="0" z="8" spawntime="60"/>
  </spawn>
  <spawn centerx="103" centery="182" centerz="8" radius="5">
    <monster name="Demon" x="-3" y="-3" z="8" spawntime="60"/>
    <monster name="Demon" x="-1" y="-2" z="8" spawntime="60"/>
    <monster name="Demon" x="4" y="-2" z="8" spawntime="60"/>
    <monster name="Demon" x="-3" y="2" z="8" spawntime="60"/>
    <monster name="Demon" x="4" y="2" z="8" spawntime="60"/>
  </spawn>
  <spawn centerx="352" centery="184" centerz="8" radius="5">
    <monster name="Grim Reaper" x="-5" y="-5" z="8" spawntime="60"/>
    <monster name="Grim Reaper" x="5" y="-5" z="8" spawntime="60"/>
    <monster name="Grim Reaper" x="-1" y="-4" z="8" spawntime="60"/>
    <monster name="Grim Reaper" x="1" y="-4" z="8" spawntime="60"/>
    <monster name="Grim Reaper" x="-3" y="-3" z="8" spawntime="60"/>
    <monster name="Grim Reaper" x="-4" y="-2" z="8" spawntime="60"/>
    <monster name="Grim Reaper" x="-2" y="-2" z="8" spawntime="60"/>
    <monster name="Grim Reaper" x="3" y="-2" z="8" spawntime="60"/>
    <monster name="Grim Reaper" x="0" y="-1" z="8" spawntime="60"/>
    <monster name="Grim Reaper" x="-4" y="0" z="8" spawntime="60"/>
    <monster name="Grim Reaper" x="5" y="0" z="8" spawntime="60"/>
    <monster name="Grim Reaper" x="-5" y="1" z="8" spawntime="60"/>
    <monster name="Grim Reaper" x="1" y="1" z="8" spawntime="60"/>
    <monster name="Grim Reaper" x="4" y="2" z="8" spawntime="60"/>
    <monster name="Grim Reaper" x="-3" y="3" z="8" spawntime="60"/>
    <monster name="Grim Reaper" x="0" y="3" z="8" spawntime="60"/>
    <monster name="Grim Reaper" x="3" y="3" z="8" spawntime="60"/>
    <monster name="Grim Reaper" x="4" y="4" z="8" spawntime="60"/>
    <monster name="Grim Reaper" x="-5" y="5" z="8" spawntime="60"/>
    <monster name="Grim Reaper" x="-4" y="5" z="8" spawntime="60"/>
    <monster name="Grim Reaper" x="2" y="5" z="8" spawntime="60"/>
    <monster name="Grim Reaper" x="5" y="5" z="8" spawntime="60"/>
  </spawn>
  <spawn centerx="381" centery="184" centerz="8" radius="5">
    <monster name="Hand of Cursed Fate" x="-5" y="-5" z="8" spawntime="60"/>
    <monster name="Hand of Cursed Fate" x="0" y="-5" z="8" spawntime="60"/>
    <monster name="Hand of Cursed Fate" x="4" y="-4" z="8" spawntime="60"/>
    <monster name="Hand of Cursed Fate" x="-4" y="-3" z="8" spawntime="60"/>
    <monster name="Hand of Cursed Fate" x="-2" y="-3" z="8" spawntime="60"/>
    <monster name="Hand of Cursed Fate" x="-1" y="-1" z="8" spawntime="60"/>
    <monster name="Hand of Cursed Fate" x="2" y="-1" z="8" spawntime="60"/>
    <monster name="Hand of Cursed Fate" x="-3" y="2" z="8" spawntime="60"/>
    <monster name="Hand of Cursed Fate" x="1" y="2" z="8" spawntime="60"/>
    <monster name="Hand of Cursed Fate" x="4" y="2" z="8" spawntime="60"/>
    <monster name="Hand of Cursed Fate" x="-5" y="4" z="8" spawntime="60"/>
    <monster name="Hand of Cursed Fate" x="-4" y="4" z="8" spawntime="60"/>
    <monster name="Hand of Cursed Fate" x="-1" y="4" z="8" spawntime="60"/>
    <monster name="Hand of Cursed Fate" x="1" y="4" z="8" spawntime="60"/>
    <monster name="Hand of Cursed Fate" x="4" y="4" z="8" spawntime="60"/>
  </spawn>
  <spawn centerx="78" centery="192" centerz="8" radius="5">
    <monster name="Demon" x="-2" y="-4" z="8" spawntime="60"/>
    <monster name="Demon" x="4" y="0" z="8" spawntime="60"/>
    <monster name="Demon" x="-3" y="2" z="8" spawntime="60"/>
  </spawn>
  <spawn centerx="90" centery="192" centerz="8" radius="7">
    <monster name="Demon" x="5" y="-6" z="8" spawntime="60"/>
    <monster name="Demon" x="-5" y="-5" z="8" spawntime="60"/>
    <monster name="Demon" x="2" y="-1" z="8" spawntime="60"/>
    <monster name="Demon" x="4" y="6" z="8" spawntime="60"/>
    <monster name="Demon" x="-3" y="7" z="8" spawntime="60"/>
  </spawn>
  <spawn centerx="206" centery="197" centerz="8" radius="5">
    <monster name="Hydra" x="1" y="-2" z="8" spawntime="60"/>
    <monster name="Hydra" x="-1" y="-1" z="8" spawntime="60"/>
    <monster name="Hydra" x="0" y="4" z="8" spawntime="60"/>
  </spawn>
  <spawn centerx="262" centery="203" centerz="8" radius="9">
    <monster name="Ghost Morgaroth" x="1" y="-3" z="8" spawntime="60"/>
    <monster name="Ghost Morgaroth" x="7" y="-2" z="8" spawntime="60"/>
    <monster name="Ghost Morgaroth" x="-4" y="0" z="8" spawntime="60"/>
    <monster name="Ghost Morgaroth" x="0" y="2" z="8" spawntime="60"/>
    <monster name="Ghost Morgaroth" x="6" y="2" z="8" spawntime="60"/>
    <monster name="Ghost Morgaroth" x="9" y="2" z="8" spawntime="60"/>
    <monster name="Ghost Morgaroth" x="-5" y="3" z="8" spawntime="60"/>
    <monster name="Ghost Morgaroth" x="7" y="5" z="8" spawntime="60"/>
    <monster name="Ghost Morgaroth" x="-6" y="6" z="8" spawntime="60"/>
    <monster name="Ghost Morgaroth" x="-5" y="6" z="8" spawntime="256"/>
  </spawn>
  <spawn centerx="277" centery="203" centerz="8" radius="9">
    <monster name="Ghost Morgaroth" x="4" y="-6" z="8" spawntime="60"/>
    <monster name="Ghost Morgaroth" x="-3" y="-4" z="8" spawntime="60"/>
    <monster name="Ghost Morgaroth" x="0" y="-3" z="8" spawntime="60"/>
    <monster name="Ghost Morgaroth" x="0" y="-1" z="8" spawntime="60"/>
    <monster name="Ghost Morgaroth" x="6" y="-1" z="8" spawntime="60"/>
    <monster name="Ghost Morgaroth" x="-4" y="0" z="8" spawntime="60"/>
    <monster name="Ghost Morgaroth" x="0" y="2" z="8" spawntime="60"/>
    <monster name="Ghost Morgaroth" x="-1" y="4" z="8" spawntime="60"/>
    <monster name="Ghost Morgaroth" x="4" y="4" z="8" spawntime="60"/>
    <monster name="Ghost Morgaroth" x="8" y="6" z="8" spawntime="60"/>
  </spawn>
  <spawn centerx="297" centery="203" centerz="8" radius="9">
    <monster name="Ghost Morgaroth" x="-8" y="-4" z="8" spawntime="60"/>
    <monster name="Ghost Morgaroth" x="-2" y="-3" z="8" spawntime="60"/>
    <monster name="Ghost Morgaroth" x="-5" y="-2" z="8" spawntime="60"/>
    <monster name="Ghost Morgaroth" x="4" y="0" z="8" spawntime="60"/>
    <monster name="Ghost Morgaroth" x="-7" y="1" z="8" spawntime="60"/>
    <monster name="Ghost Morgaroth" x="-2" y="3" z="8" spawntime="60"/>
    <monster name="Ghost Morgaroth" x="4" y="4" z="8" spawntime="60"/>
    <monster name="Ghost Morgaroth" x="-5" y="6" z="8" spawntime="256"/>
    <monster name="Ghost Morgaroth" x="-1" y="6" z="8" spawntime="60"/>
    <monster name="Ghost Morgaroth" x="-5" y="7" z="8" spawntime="60"/>
  </spawn>
  <spawn centerx="208" centery="210" centerz="8" radius="5">
    <monster name="Hydra" x="0" y="-4" z="8" spawntime="60"/>
    <monster name="Hydra" x="1" y="-1" z="8" spawntime="60"/>
    <monster name="Hydra" x="-3" y="1" z="8" spawntime="60"/>
    <monster name="Hydra" x="2" y="1" z="8" spawntime="60"/>
  </spawn>
  <spawn centerx="211" centery="221" centerz="8" radius="5">
    <monster name="Juggernaut" x="0" y="-3" z="8" spawntime="60"/>
  </spawn>
  <spawn centerx="440" centery="221" centerz="8" radius="5">
    <monster name="momia" x="3" y="-3" z="8" spawntime="60"/>
    <monster name="momia" x="-3" y="-2" z="8" spawntime="60"/>
    <monster name="momia" x="2" y="1" z="8" spawntime="60"/>
    <monster name="momia" x="-3" y="3" z="8" spawntime="60"/>
  </spawn>
  <spawn centerx="457" centery="221" centerz="8" radius="5">
    <monster name="momia" x="1" y="-3" z="8" spawntime="60"/>
    <monster name="momia" x="-2" y="-2" z="8" spawntime="60"/>
    <monster name="momia" x="2" y="2" z="8" spawntime="60"/>
    <monster name="momia" x="-2" y="3" z="8" spawntime="60"/>
  </spawn>
  <spawn centerx="33" centery="231" centerz="8" radius="5">
    <monster name="The Punisher" x="-1" y="-5" z="8" spawntime="60"/>
    <monster name="The Punisher" x="4" y="-4" z="8" spawntime="60"/>
    <monster name="The Punisher" x="-3" y="-2" z="8" spawntime="60"/>
    <monster name="The Punisher" x="2" y="-2" z="8" spawntime="60"/>
    <monster name="The Punisher" x="4" y="-1" z="8" spawntime="60"/>
    <monster name="The Punisher" x="-3" y="2" z="8" spawntime="60"/>
    <monster name="The Punisher" x="2" y="2" z="8" spawntime="60"/>
    <monster name="The Punisher" x="0" y="4" z="8" spawntime="60"/>
    <monster name="The Punisher" x="-3" y="5" z="8" spawntime="60"/>
    <monster name="The Punisher" x="4" y="5" z="8" spawntime="60"/>
  </spawn>
  <spawn centerx="47" centery="231" centerz="8" radius="5">
    <monster name="The Punisher" x="-3" y="-4" z="8" spawntime="60"/>
    <monster name="The Punisher" x="1" y="-3" z="8" spawntime="60"/>
    <monster name="The Punisher" x="3" y="-2" z="8" spawntime="60"/>
    <monster name="The Punisher" x="-3" y="-1" z="8" spawntime="60"/>
    <monster name="The Punisher" x="3" y="1" z="8" spawntime="60"/>
    <monster name="The Punisher" x="-2" y="3" z="8" spawntime="60"/>
  </spawn>
  <spawn centerx="441" centery="236" centerz="8" radius="5">
    <monster name="momia" x="-3" y="-4" z="8" spawntime="60"/>
    <monster name="momia" x="3" y="-3" z="8" spawntime="60"/>
    <monster name="momia" x="-2" y="2" z="8" spawntime="60"/>
    <monster name="momia" x="-3" y="4" z="8" spawntime="60"/>
    <monster name="momia" x="3" y="4" z="8" spawntime="60"/>
  </spawn>
  <spawn centerx="463" centery="236" centerz="8" radius="5">
    <monster name="momia" x="-3" y="-4" z="8" spawntime="60"/>
    <monster name="momia" x="4" y="-4" z="8" spawntime="60"/>
    <monster name="momia" x="-2" y="4" z="8" spawntime="60"/>
    <monster name="momia" x="3" y="4" z="8" spawntime="60"/>
  </spawn>
  <spawn centerx="155" centery="240" centerz="8" radius="5">
    <monster name="Serpent Spawn" x="3" y="-1" z="8" spawntime="60"/>
    <monster name="Serpent Spawn" x="-3" y="1" z="8" spawntime="60"/>
    <monster name="Serpent Spawn" x="2" y="3" z="8" spawntime="60"/>
    <monster name="Serpent Spawn" x="4" y="4" z="8" spawntime="60"/>
    <monster name="Serpent Spawn" x="-1" y="5" z="8" spawntime="60"/>
  </spawn>
  <spawn centerx="32" centery="242" centerz="8" radius="5">
    <monster name="The Punisher" x="-4" y="-4" z="8" spawntime="60"/>
    <monster name="The Punisher" x="1" y="-3" z="8" spawntime="60"/>
    <monster name="The Punisher" x="-2" y="-1" z="8" spawntime="60"/>
    <monster name="The Punisher" x="4" y="-1" z="8" spawntime="60"/>
  </spawn>
  <spawn centerx="47" centery="242" centerz="8" radius="5">
    <monster name="The Punisher" x="-4" y="-5" z="8" spawntime="60"/>
    <monster name="The Punisher" x="0" y="-5" z="8" spawntime="60"/>
    <monster name="The Punisher" x="3" y="-5" z="8" spawntime="60"/>
    <monster name="The Punisher" x="-2" y="-3" z="8" spawntime="60"/>
    <monster name="The Punisher" x="-1" y="-1" z="8" spawntime="60"/>
    <monster name="The Punisher" x="2" y="-1" z="8" spawntime="60"/>
    <monster name="The Punisher" x="-5" y="0" z="8" spawntime="60"/>
  </spawn>
  <spawn centerx="106" centery="251" centerz="8" radius="5">
    <monster name="Plaguesmith" x="0" y="-5" z="8" spawntime="60"/>
    <monster name="Bog Raider" x="0" y="3" z="8" spawntime="60"/>
  </spawn>
  <spawn centerx="96" centery="263" centerz="8" radius="5">
    <monster name="Plaguesmith" x="-1" y="0" z="8" spawntime="60"/>
    <monster name="Bog Raider" x="-1" y="1" z="8" spawntime="60"/>
  </spawn>
  <spawn centerx="120" centery="264" centerz="8" radius="5">
    <monster name="Plaguesmith" x="0" y="-1" z="8" spawntime="60"/>
    <monster name="Bog Raider" x="-3" y="0" z="8" spawntime="60"/>
  </spawn>
  <spawn centerx="106" centery="275" centerz="8" radius="5">
    <monster name="Bog Raider" x="1" y="-3" z="8" spawntime="60"/>
    <monster name="Plaguesmith" x="0" y="1" z="8" spawntime="60"/>
  </spawn>
  <spawn centerx="420" centery="279" centerz="8" radius="5">
    <monster name="frost dragon hatchling" x="-1" y="-3" z="8" spawntime="60"/>
    <monster name="frost dragon hatchling" x="1" y="0" z="8" spawntime="60"/>
    <monster name="frost dragon hatchling" x="-2" y="3" z="8" spawntime="60"/>
  </spawn>
  <spawn centerx="308" centery="280" centerz="8" radius="6">
    <monster name="Hombre De Confort" x="-4" y="5" z="8" spawntime="60"/>
    <monster name="Bolita" x="0" y="5" z="8" spawntime="60"/>
    <monster name="Hombre Lobo" x="4" y="5" z="8" spawntime="60"/>
  </spawn>
  <spawn centerx="308" centery="289" centerz="8" radius="5">
    <monster name="Undead Dragon" x="-4" y="0" z="8" spawntime="60"/>
    <monster name="Cyclops Smith" x="0" y="0" z="8" spawntime="60"/>
    <monster name="Ice Golem" x="4" y="0" z="8" spawntime="60"/>
    <monster name="Demon" x="-4" y="4" z="8" spawntime="60"/>
    <monster name="Dragon Lord" x="0" y="4" z="8" spawntime="60"/>
    <monster name="Warlock" x="4" y="4" z="8" spawntime="60"/>
  </spawn>
  <spawn centerx="316" centery="289" centerz="8" radius="5">
    <monster name="Zugurosh" x="0" y="-4" z="8" spawntime="60"/>
    <monster name="Ghazbaran" x="0" y="0" z="8" spawntime="60"/>
    <monster name="Nightmare" x="4" y="0" z="8" spawntime="256"/>
    <monster name="Ashmunrah" x="0" y="4" z="8" spawntime="60"/>
    <monster name="Sea Serpent" x="4" y="4" z="8" spawntime="60"/>
  </spawn>
  <spawn centerx="325" centery="289" centerz="8" radius="5">
    <monster name="Black Knight" x="-1" y="4" z="8" spawntime="60"/>
    <monster name="Tarantula" x="3" y="4" z="8" spawntime="60"/>
  </spawn>
  <spawn centerx="308" centery="297" centerz="8" radius="5">
    <monster name="Ferumbras" x="-4" y="0" z="8" spawntime="60"/>
    <monster name="Giant Spider" x="0" y="0" z="8" spawntime="60"/>
    <monster name="Ferumbras" x="4" y="0" z="8" spawntime="60"/>
    <monster name="Dragon" x="-4" y="4" z="8" spawntime="60"/>
    <monster name="Hydra" x="0" y="4" z="8" spawntime="60"/>
    <monster name="Hydra" x="4" y="4" z="8" spawntime="60"/>
  </spawn>
  <spawn centerx="320" centery="300" centerz="8" radius="5">
    <monster name="Devil Flamebeast" x="-4" y="-3" z="8" spawntime="60"/>
    <monster name="Dragon Lord Hatchling" x="0" y="-3" z="8" spawntime="60"/>
    <monster name="Orc Warlord" x="4" y="-3" z="8" spawntime="60"/>
    <monster name="Medusa" x="-4" y="1" z="8" spawntime="60"/>
    <monster name="Frost Dragon" x="0" y="1" z="8" spawntime="60"/>
    <monster name="Behemoth" x="4" y="1" z="8" spawntime="60"/>
    <monster name="Mago merlin" x="-4" y="5" z="8" spawntime="60"/>
    <monster name="Lizard Snakecharmer" x="4" y="5" z="8" spawntime="60"/>
  </spawn>
  <spawn centerx="327" centery="300" centerz="8" radius="5">
    <monster name="Demon" x="1" y="-3" z="8" spawntime="60"/>
    <monster name="Orshabaal" x="1" y="1" z="8" spawntime="60"/>
    <monster name="Minotaur" x="1" y="5" z="8" spawntime="60"/>
  </spawn>
  <spawn centerx="142" centery="303" centerz="8" radius="5">
    <monster name="Mafiry" x="-2" y="-2" z="8" spawntime="60"/>
    <monster name="Mafiry" x="3" y="-2" z="8" spawntime="60"/>
    <monster name="Mafiry" x="-3" y="-1" z="8" spawntime="60"/>
    <monster name="Mafiry" x="2" y="0" z="8" spawntime="60"/>
    <monster name="Mafiry" x="0" y="3" z="8" spawntime="60"/>
    <monster name="Mafiry" x="4" y="4" z="8" spawntime="60"/>
    <monster name="Mafiry" x="-3" y="5" z="8" spawntime="60"/>
  </spawn>
  <spawn centerx="151" centery="305" centerz="8" radius="5">
    <monster name="Mafiry" x="1" y="-5" z="8" spawntime="60"/>
    <monster name="Mafiry" x="4" y="-3" z="8" spawntime="60"/>
    <monster name="Mafiry" x="2" y="-2" z="8" spawntime="60"/>
    <monster name="Mafiry" x="-3" y="-1" z="8" spawntime="60"/>
  </spawn>
  <spawn centerx="153" centery="307" centerz="8" radius="5">
    <monster name="Mafiry" x="5" y="-4" z="8" spawntime="60"/>
  </spawn>
  <spawn centerx="155" centery="310" centerz="8" radius="5">
    <monster name="Mafiry" x="5" y="-3" z="8" spawntime="60"/>
    <monster name="Mafiry" x="4" y="-1" z="8" spawntime="60"/>
    <monster name="Mafiry" x="5" y="3" z="8" spawntime="60"/>
    <monster name="Mafiry" x="-2" y="4" z="8" spawntime="60"/>
    <monster name="Mafiry" x="2" y="5" z="8" spawntime="60"/>
  </spawn>
  <spawn centerx="141" centery="311" centerz="8" radius="5">
    <monster name="Mafiry" x="5" y="1" z="8" spawntime="60"/>
  </spawn>
  <spawn centerx="150" centery="311" centerz="8" radius="5"/>
  <spawn centerx="310" centery="311" centerz="8" radius="6">
    <monster name="Gorg Bosh" x="-6" y="-6" z="8" spawntime="60"/>
    <monster name="Checopete" x="-2" y="-6" z="8" spawntime="60"/>
    <monster name="Dedos" x="2" y="-6" z="8" spawntime="60"/>
    <monster name="Death Demon" x="-6" y="-2" z="8" spawntime="60"/>
    <monster name="Ghost Morgaroth" x="6" y="-2" z="8" spawntime="60"/>
    <monster name="Training Monk" x="-2" y="2" z="8" spawntime="60"/>
    <monster name="Demonio" x="2" y="2" z="8" spawntime="60"/>
    <monster name="Hitler" x="6" y="2" z="8" spawntime="60"/>
  </spawn>
  <spawn centerx="322" centery="311" centerz="8" radius="5">
    <monster name="Mu" x="-2" y="-2" z="8" spawntime="60"/>
    <monster name="Espanta pajaros" x="2" y="-2" z="8" spawntime="60"/>
    <monster name="The Punisher" x="-2" y="2" z="8" spawntime="60"/>
    <monster name="Whatafuck" x="2" y="2" z="8" spawntime="60"/>
  </spawn>
  <spawn centerx="333" centery="311" centerz="8" radius="5">
    <monster name="Mafiry" x="-5" y="-2" z="8" spawntime="60"/>
    <monster name="Saddam Hussein" x="-5" y="2" z="8" spawntime="60"/>
  </spawn>
  <spawn centerx="56" centery="313" centerz="8" radius="5">
    <monster name="Whatafuck" x="-1" y="-4" z="8" spawntime="60"/>
    <monster name="Whatafuck" x="4" y="-4" z="8" spawntime="60"/>
    <monster name="Whatafuck" x="-3" y="-1" z="8" spawntime="60"/>
    <monster name="Whatafuck" x="3" y="0" z="8" spawntime="60"/>
    <monster name="Whatafuck" x="-3" y="3" z="8" spawntime="60"/>
    <monster name="Whatafuck" x="0" y="3" z="8" spawntime="60"/>
    <monster name="Whatafuck" x="3" y="4" z="8" spawntime="60"/>
  </spawn>
  <spawn centerx="44" centery="317" centerz="8" radius="5">
    <monster name="Whatafuck" x="0" y="-5" z="8" spawntime="60"/>
    <monster name="Whatafuck" x="3" y="-4" z="8" spawntime="60"/>
    <monster name="Whatafuck" x="-4" y="-3" z="8" spawntime="60"/>
    <monster name="Whatafuck" x="1" y="-2" z="8" spawntime="60"/>
    <monster name="Whatafuck" x="-2" y="-1" z="8" spawntime="60"/>
    <monster name="Whatafuck" x="4" y="-1" z="8" spawntime="60"/>
    <monster name="Whatafuck" x="-4" y="1" z="8" spawntime="60"/>
    <monster name="Whatafuck" x="3" y="1" z="8" spawntime="60"/>
    <monster name="Whatafuck" x="-1" y="4" z="8" spawntime="60"/>
    <monster name="Whatafuck" x="4" y="4" z="8" spawntime="60"/>
  </spawn>
  <spawn centerx="55" centery="324" centerz="8" radius="5">
    <monster name="Whatafuck" x="0" y="-5" z="8" spawntime="60"/>
    <monster name="Whatafuck" x="-4" y="-3" z="8" spawntime="60"/>
    <monster name="Whatafuck" x="3" y="-3" z="8" spawntime="60"/>
    <monster name="Whatafuck" x="-1" y="-2" z="8" spawntime="60"/>
    <monster name="Whatafuck" x="-3" y="1" z="8" spawntime="60"/>
    <monster name="Whatafuck" x="3" y="1" z="8" spawntime="60"/>
    <monster name="Whatafuck" x="-3" y="4" z="8" spawntime="60"/>
    <monster name="Whatafuck" x="0" y="4" z="8" spawntime="60"/>
    <monster name="Whatafuck" x="5" y="5" z="8" spawntime="60"/>
  </spawn>
  <spawn centerx="36" centery="326" centerz="8" radius="5">
    <monster name="Whatafuck" x="2" y="-4" z="8" spawntime="60"/>
    <monster name="Whatafuck" x="-1" y="-2" z="8" spawntime="60"/>
    <monster name="Whatafuck" x="5" y="-1" z="8" spawntime="60"/>
    <monster name="Whatafuck" x="1" y="0" z="8" spawntime="60"/>
    <monster name="Whatafuck" x="2" y="2" z="8" spawntime="60"/>
  </spawn>
  <spawn centerx="140" centery="335" centerz="8" radius="5">
    <monster name="Gorg Bosh" x="-3" y="-5" z="8" spawntime="60"/>
    <monster name="Gorg Bosh" x="4" y="-5" z="8" spawntime="60"/>
    <monster name="Gorg Bosh" x="-2" y="-4" z="8" spawntime="60"/>
    <monster name="Gorg Bosh" x="1" y="-4" z="8" spawntime="60"/>
    <monster name="Gorg Bosh" x="5" y="-4" z="8" spawntime="60"/>
    <monster name="Gorg Bosh" x="2" y="-3" z="8" spawntime="60"/>
    <monster name="Gorg Bosh" x="-3" y="-2" z="8" spawntime="60"/>
    <monster name="Gorg Bosh" x="-1" y="-2" z="8" spawntime="60"/>
    <monster name="Gorg Bosh" x="4" y="-1" z="8" spawntime="60"/>
    <monster name="Gorg Bosh" x="-4" y="0" z="8" spawntime="60"/>
    <monster name="Gorg Bosh" x="-1" y="0" z="8" spawntime="60"/>
    <monster name="Gorg Bosh" x="2" y="1" z="8" spawntime="60"/>
  </spawn>
  <spawn centerx="145" centery="338" centerz="8" radius="5">
    <monster name="Gorg Bosh" x="2" y="-5" z="8" spawntime="60"/>
    <monster name="Gorg Bosh" x="2" y="-2" z="8" spawntime="60"/>
    <monster name="Gorg Bosh" x="2" y="1" z="8" spawntime="60"/>
    <monster name="Gorg Bosh" x="2" y="3" z="8" spawntime="60"/>
    <monster name="Gorg Bosh" x="-2" y="4" z="8" spawntime="60"/>
  </spawn>
  <spawn centerx="154" centery="338" centerz="8" radius="5">
    <monster name="Gorg Bosh" x="1" y="-4" z="8" spawntime="60"/>
    <monster name="Gorg Bosh" x="3" y="-4" z="8" spawntime="60"/>
    <monster name="Gorg Bosh" x="-2" y="-3" z="8" spawntime="60"/>
    <monster name="Gorg Bosh" x="1" y="-2" z="8" spawntime="60"/>
    <monster name="Gorg Bosh" x="-3" y="-1" z="8" spawntime="60"/>
    <monster name="Gorg Bosh" x="4" y="-1" z="8" spawntime="60"/>
    <monster name="Gorg Bosh" x="-2" y="0" z="8" spawntime="60"/>
    <monster name="Gorg Bosh" x="2" y="0" z="8" spawntime="60"/>
    <monster name="Gorg Bosh" x="4" y="0" z="8" spawntime="60"/>
    <monster name="Gorg Bosh" x="0" y="2" z="8" spawntime="60"/>
    <monster name="Gorg Bosh" x="3" y="2" z="8" spawntime="60"/>
    <monster name="Gorg Bosh" x="-2" y="3" z="8" spawntime="60"/>
    <monster name="Gorg Bosh" x="1" y="4" z="8" spawntime="60"/>
    <monster name="Gorg Bosh" x="4" y="4" z="8" spawntime="60"/>
  </spawn>
  <spawn centerx="140" centery="342" centerz="8" radius="5">
    <monster name="Gorg Bosh" x="-3" y="0" z="8" spawntime="60"/>
    <monster name="Gorg Bosh" x="-1" y="0" z="8" spawntime="60"/>
    <monster name="Gorg Bosh" x="-2" y="2" z="8" spawntime="60"/>
    <monster name="Gorg Bosh" x="-4" y="3" z="8" spawntime="60"/>
    <monster name="Gorg Bosh" x="2" y="3" z="8" spawntime="60"/>
  </spawn>
  <spawn centerx="348" centery="356" centerz="8" radius="5">
    <monster name="Hitler" x="3" y="-4" z="8" spawntime="60"/>
    <monster name="Hitler" x="-3" y="-3" z="8" spawntime="60"/>
    <monster name="Hitler" x="0" y="-2" z="8" spawntime="60"/>
    <monster name="Hitler" x="3" y="-2" z="8" spawntime="60"/>
    <monster name="Hitler" x="-4" y="0" z="8" spawntime="60"/>
    <monster name="Hitler" x="1" y="1" z="8" spawntime="60"/>
    <monster name="Hitler" x="-1" y="2" z="8" spawntime="60"/>
    <monster name="Hitler" x="-4" y="3" z="8" spawntime="60"/>
    <monster name="Hitler" x="4" y="3" z="8" spawntime="60"/>
    <monster name="Hitler" x="-1" y="4" z="8" spawntime="60"/>
  </spawn>
  <spawn centerx="330" centery="365" centerz="8" radius="5">
    <monster name="Hitler" x="2" y="-4" z="8" spawntime="60"/>
    <monster name="Hitler" x="-2" y="-3" z="8" spawntime="60"/>
    <monster name="Hitler" x="3" y="-3" z="8" spawntime="60"/>
    <monster name="Hitler" x="-4" y="-2" z="8" spawntime="256"/>
    <monster name="Hitler" x="1" y="-2" z="8" spawntime="60"/>
    <monster name="Hitler" x="-4" y="-1" z="8" spawntime="256"/>
    <monster name="Hitler" x="3" y="-1" z="8" spawntime="60"/>
    <monster name="Hitler" x="-4" y="0" z="8" spawntime="256"/>
    <monster name="Hitler" x="-4" y="1" z="8" spawntime="256"/>
    <monster name="Hitler" x="-4" y="2" z="8" spawntime="256"/>
    <monster name="Hitler" x="-3" y="2" z="8" spawntime="256"/>
    <monster name="Hitler" x="-2" y="2" z="8" spawntime="60"/>
    <monster name="Hitler" x="2" y="2" z="8" spawntime="60"/>
    <monster name="Hitler" x="4" y="2" z="8" spawntime="60"/>
    <monster name="Hitler" x="3" y="3" z="8" spawntime="256"/>
    <monster name="Hitler" x="3" y="4" z="8" spawntime="256"/>
  </spawn>
  <spawn centerx="366" centery="366" centerz="8" radius="5">
    <monster name="Hitler" x="-4" y="-3" z="8" spawntime="60"/>
    <monster name="Hitler" x="-1" y="-3" z="8" spawntime="60"/>
    <monster name="Hitler" x="2" y="-3" z="8" spawntime="60"/>
    <monster name="Hitler" x="-1" y="1" z="8" spawntime="60"/>
    <monster name="Hitler" x="3" y="1" z="8" spawntime="60"/>
    <monster name="Hitler" x="-4" y="3" z="8" spawntime="60"/>
    <monster name="Hitler" x="1" y="4" z="8" spawntime="60"/>
  </spawn>
  <spawn centerx="97" centery="372" centerz="8" radius="5">
    <monster name="Saddam Hussein" x="2" y="-5" z="8" spawntime="60"/>
    <monster name="Saddam Hussein" x="-1" y="-2" z="8" spawntime="60"/>
    <monster name="Saddam Hussein" x="2" y="-2" z="8" spawntime="60"/>
    <monster name="Saddam Hussein" x="-3" y="1" z="8" spawntime="60"/>
    <monster name="Saddam Hussein" x="-2" y="2" z="8" spawntime="60"/>
    <monster name="Saddam Hussein" x="1" y="2" z="8" spawntime="60"/>
    <monster name="Saddam Hussein" x="4" y="2" z="8" spawntime="60"/>
    <monster name="Saddam Hussein" x="-3" y="3" z="8" spawntime="60"/>
    <monster name="Saddam Hussein" x="-4" y="4" z="8" spawntime="60"/>
  </spawn>
  <spawn centerx="344" centery="372" centerz="8" radius="5">
    <monster name="Hitler" x="1" y="-4" z="8" spawntime="60"/>
    <monster name="Hitler" x="-4" y="-3" z="8" spawntime="60"/>
    <monster name="Hitler" x="-2" y="-3" z="8" spawntime="60"/>
    <monster name="Hitler" x="4" y="-3" z="8" spawntime="60"/>
    <monster name="Hitler" x="2" y="-1" z="8" spawntime="60"/>
    <monster name="Hitler" x="-3" y="0" z="8" spawntime="60"/>
    <monster name="Hitler" x="-1" y="0" z="8" spawntime="60"/>
    <monster name="Hitler" x="1" y="1" z="8" spawntime="256"/>
    <monster name="Hitler" x="-3" y="2" z="8" spawntime="60"/>
    <monster name="Hitler" x="1" y="2" z="8" spawntime="60"/>
    <monster name="Hitler" x="3" y="2" z="8" spawntime="60"/>
    <monster name="Hitler" x="-5" y="3" z="8" spawntime="60"/>
    <monster name="Hitler" x="-1" y="3" z="8" spawntime="60"/>
    <monster name="Hitler" x="-2" y="4" z="8" spawntime="60"/>
    <monster name="Hitler" x="2" y="4" z="8" spawntime="60"/>
  </spawn>
  <spawn centerx="111" centery="373" centerz="8" radius="5">
    <monster name="Saddam Hussein" x="-2" y="-4" z="8" spawntime="60"/>
    <monster name="Saddam Hussein" x="0" y="-3" z="8" spawntime="60"/>
    <monster name="Saddam Hussein" x="4" y="-2" z="8" spawntime="60"/>
    <monster name="Saddam Hussein" x="-4" y="-1" z="8" spawntime="60"/>
    <monster name="Saddam Hussein" x="3" y="2" z="8" spawntime="60"/>
    <monster name="Saddam Hussein" x="-3" y="3" z="8" spawntime="60"/>
    <monster name="Saddam Hussein" x="2" y="3" z="8" spawntime="60"/>
  </spawn>
  <spawn centerx="126" centery="378" centerz="8" radius="5">
    <monster name="Saddam Hussein" x="1" y="-3" z="8" spawntime="60"/>
    <monster name="Saddam Hussein" x="-3" y="-2" z="8" spawntime="60"/>
    <monster name="Saddam Hussein" x="-3" y="2" z="8" spawntime="60"/>
    <monster name="Saddam Hussein" x="3" y="3" z="8" spawntime="60"/>
  </spawn>
  <spawn centerx="360" centery="378" centerz="8" radius="5">
    <monster name="Hitler" x="-3" y="-5" z="8" spawntime="60"/>
    <monster name="Hitler" x="-1" y="-4" z="8" spawntime="60"/>
    <monster name="Hitler" x="1" y="-3" z="8" spawntime="60"/>
    <monster name="Hitler" x="4" y="-3" z="8" spawntime="60"/>
    <monster name="Hitler" x="-4" y="-2" z="8" spawntime="60"/>
    <monster name="Hitler" x="-2" y="-1" z="8" spawntime="60"/>
    <monster name="Hitler" x="2" y="-1" z="8" spawntime="256"/>
    <monster name="Hitler" x="-4" y="0" z="8" spawntime="60"/>
    <monster name="Hitler" x="2" y="0" z="8" spawntime="60"/>
    <monster name="Hitler" x="-2" y="1" z="8" spawntime="60"/>
    <monster name="Hitler" x="0" y="2" z="8" spawntime="256"/>
    <monster name="Hitler" x="0" y="3" z="8" spawntime="60"/>
    <monster name="Hitler" x="5" y="3" z="8" spawntime="60"/>
  </spawn>
  <spawn centerx="98" centery="382" centerz="8" radius="5">
    <monster name="Saddam Hussein" x="3" y="-4" z="8" spawntime="60"/>
    <monster name="Saddam Hussein" x="1" y="-3" z="8" spawntime="60"/>
    <monster name="Saddam Hussein" x="-3" y="-2" z="8" spawntime="60"/>
    <monster name="Saddam Hussein" x="2" y="-1" z="8" spawntime="60"/>
    <monster name="Saddam Hussein" x="4" y="-1" z="8" spawntime="60"/>
    <monster name="Saddam Hussein" x="-2" y="0" z="8" spawntime="60"/>
    <monster name="Saddam Hussein" x="3" y="2" z="8" spawntime="60"/>
    <monster name="Saddam Hussein" x="-4" y="3" z="8" spawntime="60"/>
    <monster name="Saddam Hussein" x="0" y="4" z="8" spawntime="60"/>
  </spawn>
  <spawn centerx="117" centery="387" centerz="8" radius="5">
    <monster name="Saddam Hussein" x="-3" y="-4" z="8" spawntime="60"/>
    <monster name="Saddam Hussein" x="0" y="-4" z="8" spawntime="60"/>
    <monster name="Saddam Hussein" x="-2" y="-2" z="8" spawntime="60"/>
    <monster name="Saddam Hussein" x="2" y="-2" z="8" spawntime="60"/>
    <monster name="Saddam Hussein" x="-4" y="0" z="8" spawntime="60"/>
    <monster name="Saddam Hussein" x="-2" y="2" z="8" spawntime="60"/>
    <monster name="Saddam Hussein" x="1" y="2" z="8" spawntime="60"/>
    <monster name="Saddam Hussein" x="4" y="2" z="8" spawntime="60"/>
    <monster name="Saddam Hussein" x="2" y="4" z="8" spawntime="60"/>
    <monster name="Saddam Hussein" x="-4" y="5" z="8" spawntime="60"/>
  </spawn>
  <spawn centerx="49" centery="396" centerz="8" radius="5">
    <monster name="Training Monk" x="0" y="-1" z="8" spawntime="60"/>
    <monster name="Training Monk" x="0" y="1" z="8" spawntime="60"/>
  </spawn>
  <spawn centerx="49" centery="408" centerz="8" radius="5">
    <monster name="Training Monk" x="0" y="-1" z="8" spawntime="60"/>
    <monster name="Training Monk" x="0" y="1" z="8" spawntime="60"/>
  </spawn>
  <spawn centerx="49" centery="420" centerz="8" radius="5">
    <monster name="Training Monk" x="0" y="-1" z="8" spawntime="60"/>
    <monster name="Training Monk" x="0" y="1" z="8" spawntime="60"/>
  </spawn>
  <spawn centerx="104" centery="421" centerz="8" radius="5">
    <monster name="Super Hero" x="1" y="-2" z="8" spawntime="60"/>
    <monster name="Super Hero" x="2" y="-2" z="8" spawntime="60"/>
    <monster name="Super Hero" x="-2" y="-1" z="8" spawntime="60"/>
    <monster name="Super Hero" x="-1" y="0" z="8" spawntime="60"/>
    <monster name="Devil Flamebeast" x="3" y="0" z="8" spawntime="60"/>
    <monster name="Super Hero" x="0" y="1" z="8" spawntime="60"/>
    <monster name="Super Hero" x="1" y="2" z="8" spawntime="60"/>
    <monster name="Super Hero" x="3" y="2" z="8" spawntime="60"/>
    <monster name="Devil Flamebeast" x="0" y="4" z="8" spawntime="60"/>
    <monster name="Super Hero" x="1" y="5" z="8" spawntime="60"/>
  </spawn>
  <spawn centerx="198" centery="421" centerz="8" radius="5">
    <monster name="Checopete" x="-3" y="-5" z="8" spawntime="60"/>
    <monster name="Checopete" x="1" y="-5" z="8" spawntime="60"/>
    <monster name="Checopete" x="-4" y="-4" z="8" spawntime="60"/>
    <monster name="Checopete" x="-2" y="-4" z="8" spawntime="60"/>
    <monster name="Checopete" x="0" y="-3" z="8" spawntime="60"/>
    <monster name="Checopete" x="2" y="-3" z="8" spawntime="60"/>
    <monster name="Checopete" x="-3" y="-2" z="8" spawntime="60"/>
    <monster name="Checopete" x="-1" y="0" z="8" spawntime="60"/>
    <monster name="Checopete" x="-4" y="1" z="8" spawntime="60"/>
    <monster name="Checopete" x="2" y="2" z="8" spawntime="60"/>
    <monster name="Checopete" x="-4" y="3" z="8" spawntime="60"/>
    <monster name="Checopete" x="-2" y="3" z="8" spawntime="60"/>
    <monster name="Checopete" x="0" y="4" z="8" spawntime="60"/>
  </spawn>
  <spawn centerx="207" centery="422" centerz="8" radius="5">
    <monster name="Checopete" x="0" y="-5" z="8" spawntime="60"/>
    <monster name="Checopete" x="4" y="-4" z="8" spawntime="60"/>
    <monster name="Checopete" x="-1" y="-3" z="8" spawntime="60"/>
    <monster name="Checopete" x="1" y="-3" z="8" spawntime="60"/>
    <monster name="Checopete" x="-3" y="-2" z="8" spawntime="60"/>
    <monster name="Checopete" x="1" y="-2" z="8" spawntime="60"/>
    <monster name="Checopete" x="5" y="-2" z="8" spawntime="60"/>
    <monster name="Checopete" x="3" y="-1" z="8" spawntime="60"/>
  </spawn>
  <spawn centerx="259" centery="422" centerz="8" radius="5">
    <monster name="Dedos" x="-2" y="-3" z="8" spawntime="60"/>
    <monster name="Dedos" x="1" y="-3" z="8" spawntime="60"/>
    <monster name="Dedos" x="-4" y="-2" z="8" spawntime="60"/>
    <monster name="Dedos" x="1" y="-1" z="8" spawntime="60"/>
    <monster name="Dedos" x="-3" y="0" z="8" spawntime="60"/>
    <monster name="Dedos" x="5" y="0" z="8" spawntime="60"/>
    <monster name="Dedos" x="-3" y="1" z="8" spawntime="60"/>
    <monster name="Dedos" x="0" y="1" z="8" spawntime="60"/>
    <monster name="Dedos" x="4" y="1" z="8" spawntime="60"/>
    <monster name="Dedos" x="-4" y="3" z="8" spawntime="60"/>
    <monster name="Dedos" x="1" y="4" z="8" spawntime="60"/>
    <monster name="Dedos" x="3" y="4" z="8" spawntime="60"/>
    <monster name="Dedos" x="-3" y="5" z="8" spawntime="60"/>
    <monster name="Dedos" x="2" y="5" z="8" spawntime="256"/>
    <monster name="Dedos" x="5" y="5" z="8" spawntime="60"/>
  </spawn>
  <spawn centerx="313" centery="422" centerz="8" radius="5">
    <monster name="Mago merlin" x="-1" y="-3" z="8" spawntime="60"/>
    <monster name="Mago merlin" x="4" y="-2" z="8" spawntime="60"/>
    <monster name="Mago merlin" x="2" y="-1" z="8" spawntime="60"/>
    <monster name="Mago merlin" x="2" y="0" z="8" spawntime="256"/>
    <monster name="Mago merlin" x="-2" y="1" z="8" spawntime="60"/>
    <monster name="Mago merlin" x="2" y="4" z="8" spawntime="60"/>
  </spawn>
  <spawn centerx="326" centery="423" centerz="8" radius="5">
    <monster name="Mago merlin" x="-4" y="-4" z="8" spawntime="60"/>
    <monster name="Mago merlin" x="0" y="-4" z="8" spawntime="60"/>
    <monster name="Mago merlin" x="-5" y="-2" z="8" spawntime="60"/>
    <monster name="Mago merlin" x="-1" y="-2" z="8" spawntime="60"/>
    <monster name="Mago merlin" x="4" y="-2" z="8" spawntime="60"/>
    <monster name="Mago merlin" x="-1" y="1" z="8" spawntime="60"/>
    <monster name="Mago merlin" x="4" y="1" z="8" spawntime="60"/>
    <monster name="Mago merlin" x="-5" y="3" z="8" spawntime="60"/>
    <monster name="Mago merlin" x="1" y="4" z="8" spawntime="60"/>
    <monster name="Mago merlin" x="4" y="4" z="8" spawntime="60"/>
  </spawn>
  <spawn centerx="265" centery="425" centerz="8" radius="5">
    <monster name="Dedos" x="2" y="-4" z="8" spawntime="60"/>
    <monster name="Dedos" x="3" y="-3" z="8" spawntime="60"/>
    <monster name="Dedos" x="4" y="-2" z="8" spawntime="60"/>
    <monster name="Dedos" x="3" y="1" z="8" spawntime="256"/>
    <monster name="Dedos" x="3" y="3" z="8" spawntime="256"/>
    <monster name="Dedos" x="4" y="3" z="8" spawntime="60"/>
    <monster name="Dedos" x="-4" y="4" z="8" spawntime="60"/>
    <monster name="Dedos" x="-2" y="4" z="8" spawntime="60"/>
    <monster name="Dedos" x="3" y="4" z="8" spawntime="60"/>
  </spawn>
  <spawn centerx="253" centery="426" centerz="8" radius="5">
    <monster name="Dedos" x="-4" y="-5" z="8" spawntime="60"/>
    <monster name="Dedos" x="-2" y="-3" z="8" spawntime="60"/>
    <monster name="Dedos" x="0" y="-3" z="8" spawntime="60"/>
    <monster name="Dedos" x="-3" y="-1" z="8" spawntime="60"/>
    <monster name="Dedos" x="-3" y="1" z="8" spawntime="60"/>
    <monster name="Dedos" x="2" y="3" z="8" spawntime="60"/>
    <monster name="Dedos" x="-3" y="4" z="8" spawntime="60"/>
    <monster name="Dedos" x="-1" y="4" z="8" spawntime="60"/>
  </spawn>
  <spawn centerx="208" centery="427" centerz="8" radius="5">
    <monster name="Checopete" x="-2" y="1" z="8" spawntime="60"/>
    <monster name="Checopete" x="1" y="1" z="8" spawntime="60"/>
    <monster name="Checopete" x="4" y="1" z="8" spawntime="60"/>
    <monster name="Checopete" x="-2" y="3" z="8" spawntime="60"/>
    <monster name="Checopete" x="3" y="3" z="8" spawntime="60"/>
    <monster name="Checopete" x="-4" y="4" z="8" spawntime="60"/>
    <monster name="Checopete" x="1" y="4" z="8" spawntime="60"/>
  </spawn>
  <spawn centerx="308" centery="427" centerz="8" radius="5">
    <monster name="Mago merlin" x="-3" y="-2" z="8" spawntime="60"/>
    <monster name="Mago merlin" x="-2" y="2" z="8" spawntime="60"/>
    <monster name="Mago merlin" x="3" y="3" z="8" spawntime="60"/>
  </spawn>
  <spawn centerx="104" centery="430" centerz="8" radius="5">
    <monster name="Super Hero" x="0" y="-3" z="8" spawntime="60"/>
    <monster name="Devil Flamebeast" x="0" y="-1" z="8" spawntime="60"/>
    <monster name="Super Hero" x="0" y="0" z="8" spawntime="60"/>
    <monster name="Devil Flamebeast" x="1" y="2" z="8" spawntime="60"/>
    <monster name="Super Hero" x="-1" y="3" z="8" spawntime="60"/>
    <monster name="Super Hero" x="0" y="5" z="8" spawntime="60"/>
  </spawn>
  <spawn centerx="49" centery="432" centerz="8" radius="5">
    <monster name="Training Monk" x="0" y="-1" z="8" spawntime="60"/>
    <monster name="Training Monk" x="0" y="1" z="8" spawntime="60"/>
  </spawn>
  <spawn centerx="108" centery="437" centerz="8" radius="5">
    <monster name="Super Hero" x="-2" y="-1" z="8" spawntime="60"/>
    <monster name="Devil Flamebeast" x="-1" y="0" z="8" spawntime="60"/>
    <monster name="Super Hero" x="0" y="2" z="8" spawntime="60"/>
  </spawn>
  <spawn centerx="107" centery="442" centerz="8" radius="5"/>
  <spawn centerx="111" centery="443" centerz="8" radius="5"/>
  <spawn centerx="116" centery="443" centerz="8" radius="5"/>
  <spawn centerx="49" centery="444" centerz="8" radius="5">
    <monster name="Training Monk" x="0" y="-1" z="8" spawntime="60"/>
    <monster name="Training Monk" x="0" y="1" z="8" spawntime="60"/>
  </spawn>
  <spawn centerx="121" centery="444" centerz="8" radius="5"/>
  <spawn centerx="435" centery="444" centerz="8" radius="5">
    <monster name="Monster Of Anihilator" x="-2" y="-2" z="8" spawntime="60"/>
    <monster name="Monster Of Anihilator" x="0" y="-2" z="8" spawntime="60"/>
    <monster name="Monster Of Anihilator" x="2" y="-2" z="8" spawntime="60"/>
    <monster name="Monster Of Anihilator" x="-3" y="0" z="8" spawntime="60"/>
    <monster name="Monster Of Anihilator" x="3" y="0" z="8" spawntime="60"/>
    <monster name="Monster Of Anihilator" x="-2" y="2" z="8" spawntime="60"/>
    <monster name="Monster Of Anihilator" x="0" y="2" z="8" spawntime="60"/>
    <monster name="Monster Of Anihilator" x="2" y="2" z="8" spawntime="60"/>
  </spawn>
  <spawn centerx="118" centery="452" centerz="8" radius="5"/>
  <spawn centerx="110" centery="453" centerz="8" radius="5"/>
  <spawn centerx="100" centery="454" centerz="8" radius="5"/>
  <spawn centerx="316" centery="455" centerz="8" radius="5">
    <monster name="Espanta pajaros" x="-2" y="-4" z="8" spawntime="60"/>
    <monster name="Espanta pajaros" x="3" y="-2" z="8" spawntime="60"/>
    <monster name="Espanta pajaros" x="-5" y="0" z="8" spawntime="60"/>
    <monster name="Espanta pajaros" x="-3" y="1" z="8" spawntime="60"/>
    <monster name="Espanta pajaros" x="2" y="3" z="8" spawntime="60"/>
    <monster name="Espanta pajaros" x="-2" y="4" z="8" spawntime="60"/>
  </spawn>
  <spawn centerx="49" centery="456" centerz="8" radius="5">
    <monster name="Training Monk" x="0" y="-1" z="8" spawntime="60"/>
    <monster name="Training Monk" x="0" y="1" z="8" spawntime="60"/>
  </spawn>
  <spawn centerx="310" centery="458" centerz="8" radius="5">
    <monster name="Espanta pajaros" x="-3" y="-4" z="8" spawntime="60"/>
    <monster name="Espanta pajaros" x="-4" y="2" z="8" spawntime="256"/>
    <monster name="Espanta pajaros" x="-4" y="3" z="8" spawntime="256"/>
    <monster name="Espanta pajaros" x="-3" y="3" z="8" spawntime="60"/>
    <monster name="Espanta pajaros" x="0" y="3" z="8" spawntime="60"/>
  </spawn>
  <spawn centerx="319" centery="460" centerz="8" radius="5">
    <monster name="Espanta pajaros" x="4" y="-4" z="8" spawntime="60"/>
    <monster name="Espanta pajaros" x="0" y="2" z="8" spawntime="60"/>
    <monster name="Espanta pajaros" x="0" y="4" z="8" spawntime="60"/>
  </spawn>
  <spawn centerx="100" centery="463" centerz="8" radius="5"/>
  <spawn centerx="126" centery="464" centerz="8" radius="5">
    <monster name="Super Hero" x="-3" y="-1" z="8" spawntime="60"/>
    <monster name="Devil Flamebeast" x="-1" y="-1" z="8" spawntime="60"/>
    <monster name="Apocalypse" x="2" y="-1" z="8" spawntime="60"/>
    <monster name="Super Hero" x="3" y="0" z="8" spawntime="60"/>
    <monster name="Super Hero" x="0" y="1" z="8" spawntime="60"/>
    <monster name="Devil Flamebeast" x="-3" y="2" z="8" spawntime="60"/>
    <monster name="Devil Flamebeast" x="3" y="2" z="8" spawntime="60"/>
    <monster name="Super Hero" x="0" y="3" z="8" spawntime="60"/>
  </spawn>
  <spawn centerx="140" centery="466" centerz="8" radius="5">
    <monster name="Super Hero" x="1" y="-3" z="8" spawntime="60"/>
    <monster name="Apocalypse" x="0" y="-2" z="8" spawntime="60"/>
    <monster name="Super Hero" x="-2" y="-1" z="8" spawntime="60"/>
    <monster name="Apocalypse" x="5" y="-1" z="8" spawntime="60"/>
    <monster name="Super Hero" x="2" y="0" z="8" spawntime="60"/>
  </spawn>
  <spawn centerx="181" centery="468" centerz="8" radius="5">
    <monster name="Will Smith" x="-3" y="1" z="8" spawntime="60"/>
    <monster name="Will Smith" x="-2" y="2" z="8" spawntime="60"/>
    <monster name="Will Smith" x="5" y="2" z="8" spawntime="60"/>
    <monster name="Will Smith" x="-1" y="3" z="8" spawntime="60"/>
    <monster name="Will Smith" x="4" y="3" z="8" spawntime="60"/>
  </spawn>
  <spawn centerx="153" centery="469" centerz="8" radius="5">
    <monster name="Apocalypse" x="-4" y="-5" z="8" spawntime="60"/>
    <monster name="Devil Flamebeast" x="-4" y="-3" z="8" spawntime="60"/>
    <monster name="Devil Flamebeast" x="2" y="-3" z="8" spawntime="60"/>
    <monster name="Devil Flamebeast" x="1" y="-2" z="8" spawntime="60"/>
    <monster name="Apocalypse" x="-4" y="-1" z="8" spawntime="60"/>
    <monster name="Devil Flamebeast" x="-1" y="-1" z="8" spawntime="60"/>
    <monster name="Devil Flamebeast" x="1" y="-1" z="8" spawntime="60"/>
    <monster name="Devil Flamebeast" x="0" y="0" z="8" spawntime="60"/>
    <monster name="Devil Flamebeast" x="-3" y="2" z="8" spawntime="60"/>
    <monster name="Apocalypse" x="1" y="2" z="8" spawntime="60"/>
    <monster name="Devil Flamebeast" x="0" y="4" z="8" spawntime="60"/>
  </spawn>
  <spawn centerx="173" centery="469" centerz="8" radius="5">
    <monster name="Ushuriel" x="-2" y="-5" z="8" spawntime="60"/>
    <monster name="Ushuriel" x="-3" y="-4" z="8" spawntime="60"/>
    <monster name="Zugurosh" x="-3" y="-2" z="8" spawntime="60"/>
    <monster name="Zugurosh" x="-3" y="-1" z="8" spawntime="60"/>
    <monster name="Madareth" x="-3" y="2" z="8" spawntime="60"/>
    <monster name="Madareth" x="-3" y="3" z="8" spawntime="60"/>
  </spawn>
  <spawn centerx="191" centery="469" centerz="8" radius="5">
    <monster name="Ushuriel" x="3" y="-5" z="8" spawntime="60"/>
    <monster name="Ushuriel" x="4" y="-4" z="8" spawntime="60"/>
    <monster name="Zugurosh" x="4" y="-2" z="8" spawntime="60"/>
    <monster name="Zugurosh" x="4" y="-1" z="8" spawntime="60"/>
    <monster name="Will Smith" x="-4" y="0" z="8" spawntime="60"/>
    <monster name="Madareth" x="4" y="2" z="8" spawntime="60"/>
    <monster name="Madareth" x="4" y="3" z="8" spawntime="60"/>
  </spawn>
  <spawn centerx="363" centery="472" centerz="8" radius="5">
    <monster name="Super Hero" x="-5" y="-2" z="8" spawntime="60"/>
    <monster name="Super Hero" x="0" y="-1" z="8" spawntime="60"/>
    <monster name="Super Hero" x="-4" y="1" z="8" spawntime="60"/>
    <monster name="Super Hero" x="-3" y="1" z="8" spawntime="60"/>
    <monster name="Super Hero" x="5" y="1" z="8" spawntime="60"/>
    <monster name="Super Hero" x="-1" y="2" z="8" spawntime="60"/>
    <monster name="Super Hero" x="2" y="4" z="8" spawntime="60"/>
  </spawn>
  <spawn centerx="100" centery="474" centerz="8" radius="5">
    <monster name="Ferumbras" x="-1" y="-4" z="8" spawntime="60"/>
    <monster name="Ferumbras" x="0" y="-4" z="8" spawntime="60"/>
    <monster name="Ferumbras" x="-1" y="-2" z="8" spawntime="60"/>
    <monster name="Ferumbras" x="-1" y="-1" z="8" spawntime="60"/>
    <monster name="Ferumbras" x="-1" y="0" z="8" spawntime="60"/>
    <monster name="Ferumbras" x="-2" y="4" z="8" spawntime="60"/>
    <monster name="Ferumbras" x="-1" y="5" z="8" spawntime="60"/>
  </spawn>
  <spawn centerx="183" centery="474" centerz="8" radius="5">
    <monster name="Latrivan" x="-2" y="2" z="8" spawntime="60"/>
    <monster name="Latrivan" x="1" y="2" z="8" spawntime="60"/>
  </spawn>
  <spawn centerx="154" centery="475" centerz="8" radius="5">
    <monster name="Apocalypse" x="1" y="0" z="8" spawntime="60"/>
    <monster name="Devil Flamebeast" x="-5" y="1" z="8" spawntime="60"/>
    <monster name="Devil Flamebeast" x="-3" y="2" z="8" spawntime="60"/>
    <monster name="Devil Flamebeast" x="-2" y="2" z="8" spawntime="60"/>
  </spawn>
  <spawn centerx="173" centery="475" centerz="8" radius="5">
    <monster name="Hellgorak" x="-1" y="1" z="8" spawntime="60"/>
    <monster name="Annihilon" x="2" y="4" z="8" spawntime="60"/>
    <monster name="Golgordan" x="3" y="5" z="8" spawntime="60"/>
  </spawn>
  <spawn centerx="193" centery="475" centerz="8" radius="5">
    <monster name="Hellgorak" x="0" y="1" z="8" spawntime="60"/>
    <monster name="Annihilon" x="-3" y="4" z="8" spawntime="60"/>
    <monster name="Golgordan" x="-4" y="5" z="8" spawntime="60"/>
  </spawn>
  <spawn centerx="142" centery="476" centerz="8" radius="5">
    <monster name="Ferumbras" x="-2" y="-3" z="8" spawntime="60"/>
    <monster name="Super Hero" x="0" y="-2" z="8" spawntime="60"/>
    <monster name="Apocalypse" x="4" y="-1" z="8" spawntime="60"/>
    <monster name="Super Hero" x="-3" y="0" z="8" spawntime="60"/>
    <monster name="Ferumbras" x="0" y="0" z="8" spawntime="60"/>
    <monster name="Super Hero" x="-1" y="2" z="8" spawntime="60"/>
    <monster name="Ferumbras" x="0" y="2" z="8" spawntime="60"/>
    <monster name="Apocalypse" x="5" y="2" z="8" spawntime="60"/>
    <monster name="Apocalypse" x="-3" y="3" z="8" spawntime="60"/>
    <monster name="Super Hero" x="-3" y="4" z="8" spawntime="60"/>
  </spawn>
  <spawn centerx="359" centery="477" centerz="8" radius="5">
    <monster name="Super Hero" x="-2" y="-5" z="8" spawntime="60"/>
    <monster name="Super Hero" x="-4" y="-4" z="8" spawntime="60"/>
    <monster name="Super Hero" x="-2" y="-2" z="8" spawntime="60"/>
    <monster name="Super Hero" x="-2" y="2" z="8" spawntime="60"/>
    <monster name="Super Hero" x="3" y="3" z="8" spawntime="60"/>
    <monster name="Super Hero" x="-4" y="4" z="8" spawntime="60"/>
  </spawn>
  <spawn centerx="372" centery="477" centerz="8" radius="5">
    <monster name="Super Hero" x="-3" y="0" z="8" spawntime="60"/>
    <monster name="Super Hero" x="1" y="1" z="8" spawntime="60"/>
    <monster name="Super Hero" x="-4" y="5" z="8" spawntime="60"/>
    <monster name="Super Hero" x="-1" y="5" z="8" spawntime="60"/>
  </spawn>
  <spawn centerx="105" centery="480" centerz="8" radius="5">
    <monster name="Ferumbras" x="-3" y="0" z="8" spawntime="60"/>
    <monster name="Ferumbras" x="-4" y="1" z="8" spawntime="60"/>
    <monster name="Apocalypse" x="2" y="1" z="8" spawntime="60"/>
  </spawn>
  <spawn centerx="113" centery="480" centerz="8" radius="5">
    <monster name="Behemoth" x="0" y="0" z="8" spawntime="60"/>
    <monster name="Apocalypse" x="3" y="0" z="8" spawntime="60"/>
    <monster name="Apocalypse" x="-2" y="1" z="8" spawntime="60"/>
    <monster name="Ferumbras" x="1" y="1" z="8" spawntime="60"/>
    <monster name="Behemoth" x="5" y="1" z="8" spawntime="60"/>
    <monster name="Ferumbras" x="5" y="2" z="8" spawntime="60"/>
  </spawn>
  <spawn centerx="118" centery="480" centerz="8" radius="5">
    <monster name="Apocalypse" x="3" y="0" z="8" spawntime="60"/>
    <monster name="Devil Flamebeast" x="4" y="1" z="8" spawntime="60"/>
  </spawn>
  <spawn centerx="108" centery="481" centerz="8" radius="5"/>
  <spawn centerx="141" centery="481" centerz="8" radius="5">
    <monster name="Devil Flamebeast" x="-2" y="1" z="8" spawntime="60"/>
    <monster name="Apocalypse" x="-1" y="3" z="8" spawntime="60"/>
    <monster name="Ferumbras" x="0" y="3" z="8" spawntime="60"/>
    <monster name="Ferumbras" x="0" y="4" z="8" spawntime="60"/>
  </spawn>
  <spawn centerx="128" centery="482" centerz="8" radius="5">
    <monster name="Behemoth" x="-4" y="-1" z="8" spawntime="60"/>
    <monster name="Behemoth" x="-2" y="-1" z="8" spawntime="60"/>
    <monster name="Behemoth" x="0" y="-1" z="8" spawntime="60"/>
    <monster name="Behemoth" x="1" y="3" z="8" spawntime="60"/>
    <monster name="Behemoth" x="1" y="5" z="8" spawntime="60"/>
  </spawn>
  <spawn centerx="367" centery="484" centerz="8" radius="5">
    <monster name="Super Hero" x="-2" y="-5" z="8" spawntime="60"/>
    <monster name="Super Hero" x="-1" y="-3" z="8" spawntime="60"/>
    <monster name="Super Hero" x="-3" y="0" z="8" spawntime="60"/>
    <monster name="Super Hero" x="-5" y="1" z="8" spawntime="60"/>
    <monster name="Super Hero" x="2" y="1" z="8" spawntime="60"/>
  </spawn>
  <spawn centerx="358" centery="485" centerz="8" radius="5">
    <monster name="Super Hero" x="-2" y="-2" z="8" spawntime="60"/>
    <monster name="Super Hero" x="-2" y="0" z="8" spawntime="60"/>
    <monster name="Super Hero" x="1" y="0" z="8" spawntime="60"/>
    <monster name="Super Hero" x="2" y="0" z="8" spawntime="60"/>
    <monster name="Super Hero" x="-4" y="1" z="8" spawntime="60"/>
  </spawn>
  <spawn centerx="130" centery="490" centerz="8" radius="5">
    <monster name="Devil Flamebeast" x="-1" y="-1" z="8" spawntime="60"/>
    <monster name="Devil Flamebeast" x="2" y="0" z="8" spawntime="60"/>
    <monster name="Ferumbras" x="-3" y="1" z="8" spawntime="60"/>
    <monster name="Behemoth" x="2" y="1" z="8" spawntime="60"/>
  </spawn>
  <spawn centerx="140" centery="491" centerz="8" radius="5">
    <monster name="Ferumbras" x="-2" y="-2" z="8" spawntime="60"/>
    <monster name="Ferumbras" x="0" y="0" z="8" spawntime="60"/>
    <monster name="Ferumbras" x="-4" y="1" z="8" spawntime="60"/>
  </spawn>
  <spawn centerx="53" centery="507" centerz="8" radius="5">
    <monster name="satanico" x="3" y="3" z="8" spawntime="60"/>
    <monster name="satanico" x="-3" y="4" z="8" spawntime="60"/>
  </spawn>
  <spawn centerx="64" centery="513" centerz="8" radius="5">
    <monster name="satanico" x="4" y="-3" z="8" spawntime="60"/>
    <monster name="satanico" x="-2" y="-2" z="8" spawntime="60"/>
    <npc name="Paco qliao" x="-4" y="-1" z="8" spawntime="60"/>
    <monster name="satanico" x="-5" y="3" z="8" spawntime="60"/>
    <monster name="satanico" x="1" y="4" z="8" spawntime="60"/>
  </spawn>
  <spawn centerx="118" centery="515" centerz="8" radius="5">
    <monster name="infernal" x="-4" y="-3" z="8" spawntime="60"/>
    <npc name="Paco qliao" x="-2" y="4" z="8" spawntime="60"/>
  </spawn>
  <spawn centerx="129" centery="516" centerz="8" radius="5">
    <monster name="infernal" x="4" y="1" z="8" spawntime="60"/>
  </spawn>
  <spawn centerx="53" centery="519" centerz="8" radius="5">
    <monster name="satanico" x="0" y="-4" z="8" spawntime="60"/>
    <monster name="satanico" x="-3" y="0" z="8" spawntime="60"/>
    <monster name="satanico" x="2" y="2" z="8" spawntime="60"/>
    <monster name="satanico" x="-2" y="4" z="8" spawntime="60"/>
    <monster name="satanico" x="1" y="4" z="8" spawntime="60"/>
    <monster name="satanico" x="5" y="5" z="8" spawntime="60"/>
  </spawn>
  <spawn centerx="71" centery="522" centerz="8" radius="5">
    <monster name="satanico" x="-1" y="-4" z="8" spawntime="60"/>
    <monster name="satanico" x="-3" y="-1" z="8" spawntime="60"/>
    <monster name="satanico" x="-1" y="3" z="8" spawntime="60"/>
  </spawn>
  <spawn centerx="210" centery="567" centerz="8" radius="5">
    <monster name="Piton" x="-2" y="-3" z="8" spawntime="19"/>
    <monster name="Piton" x="3" y="-3" z="8" spawntime="19"/>
    <monster name="Piton" x="-5" y="1" z="8" spawntime="19"/>
    <monster name="Piton" x="-2" y="1" z="8" spawntime="19"/>
    <monster name="Piton" x="5" y="3" z="8" spawntime="19"/>
    <monster name="Piton" x="-5" y="4" z="8" spawntime="19"/>
    <monster name="Piton" x="1" y="4" z="8" spawntime="19"/>
  </spawn>
  <spawn centerx="224" centery="568" centerz="8" radius="5">
    <monster name="Piton" x="-2" y="-3" z="8" spawntime="19"/>
    <monster name="Piton" x="2" y="-1" z="8" spawntime="19"/>
    <monster name="Piton" x="-3" y="1" z="8" spawntime="19"/>
    <monster name="Piton" x="0" y="4" z="8" spawntime="19"/>
    <monster name="Piton" x="4" y="4" z="8" spawntime="19"/>
  </spawn>
  <spawn centerx="303" centery="576" centerz="8" radius="5">
    <monster name="Dedos" x="4" y="-2" z="8" spawntime="60"/>
    <monster name="Dedos" x="2" y="0" z="8" spawntime="60"/>
    <monster name="Dedos" x="-3" y="1" z="8" spawntime="60"/>
    <monster name="Dedos" x="3" y="2" z="8" spawntime="60"/>
    <monster name="Dedos" x="-3" y="3" z="8" spawntime="60"/>
    <monster name="Dedos" x="1" y="3" z="8" spawntime="60"/>
    <monster name="Dedos" x="-1" y="5" z="8" spawntime="60"/>
  </spawn>
  <spawn centerx="339" centery="577" centerz="8" radius="5">
    <monster name="Dedos" x="-5" y="-5" z="8" spawntime="60"/>
    <monster name="Dedos" x="0" y="-2" z="8" spawntime="60"/>
    <monster name="Dedos" x="-2" y="-1" z="8" spawntime="60"/>
    <monster name="Dedos" x="4" y="2" z="8" spawntime="60"/>
    <monster name="Dedos" x="0" y="3" z="8" spawntime="60"/>
    <monster name="Dedos" x="2" y="3" z="8" spawntime="60"/>
  </spawn>
  <spawn centerx="319" centery="578" centerz="8" radius="5">
    <monster name="Dedos" x="-1" y="-4" z="8" spawntime="60"/>
    <monster name="Dedos" x="3" y="-4" z="8" spawntime="60"/>
    <monster name="Dedos" x="1" y="3" z="8" spawntime="60"/>
    <monster name="Dedos" x="-4" y="4" z="8" spawntime="60"/>
    <monster name="Dedos" x="0" y="4" z="8" spawntime="60"/>
  </spawn>
  <spawn centerx="222" centery="579" centerz="8" radius="5">
    <monster name="Piton" x="-1" y="-5" z="8" spawntime="19"/>
    <monster name="Piton" x="5" y="-4" z="8" spawntime="19"/>
    <monster name="Piton" x="-4" y="-2" z="8" spawntime="19"/>
    <monster name="Piton" x="2" y="-2" z="8" spawntime="19"/>
    <monster name="Piton" x="5" y="1" z="8" spawntime="19"/>
    <monster name="Piton" x="-3" y="2" z="8" spawntime="19"/>
    <monster name="Piton" x="4" y="4" z="8" spawntime="19"/>
    <monster name="Piton" x="-4" y="5" z="8" spawntime="19"/>
  </spawn>
  <spawn centerx="307" centery="585" centerz="8" radius="5">
    <monster name="Dedos" x="4" y="-3" z="8" spawntime="60"/>
    <monster name="Dedos" x="-1" y="2" z="8" spawntime="60"/>
    <monster name="Dedos" x="-4" y="3" z="8" spawntime="60"/>
    <monster name="Dedos" x="-1" y="4" z="8" spawntime="60"/>
  </spawn>
  <spawn centerx="330" centery="585" centerz="8" radius="5">
    <monster name="Dedos" x="-1" y="-4" z="8" spawntime="60"/>
    <monster name="Dedos" x="0" y="-2" z="8" spawntime="60"/>
    <monster name="Dedos" x="3" y="0" z="8" spawntime="60"/>
    <monster name="Dedos" x="-2" y="2" z="8" spawntime="60"/>
    <monster name="Dedos" x="2" y="3" z="8" spawntime="60"/>
    <monster name="Dedos" x="4" y="3" z="8" spawntime="60"/>
  </spawn>
  <spawn centerx="221" centery="592" centerz="8" radius="5">
    <monster name="Piton" x="-5" y="-4" z="8" spawntime="19"/>
    <monster name="Piton" x="4" y="-4" z="8" spawntime="19"/>
    <monster name="Piton" x="-3" y="-2" z="8" spawntime="19"/>
    <monster name="Piton" x="-3" y="2" z="8" spawntime="19"/>
    <monster name="Piton" x="5" y="2" z="8" spawntime="19"/>
    <monster name="Piton" x="-3" y="3" z="8" spawntime="19"/>
    <monster name="Piton" x="4" y="4" z="8" spawntime="19"/>
    <monster name="Piton" x="0" y="5" z="8" spawntime="19"/>
  </spawn>
  <spawn centerx="292" centery="593" centerz="8" radius="5">
    <monster name="Dedos" x="0" y="-4" z="8" spawntime="60"/>
    <monster name="Dedos" x="2" y="-1" z="8" spawntime="60"/>
    <monster name="Dedos" x="-2" y="3" z="8" spawntime="60"/>
    <monster name="Dedos" x="3" y="4" z="8" spawntime="60"/>
  </spawn>
  <spawn centerx="321" centery="596" centerz="8" radius="5">
    <monster name="Dedos" x="-3" y="-3" z="8" spawntime="60"/>
    <monster name="Dedos" x="3" y="-2" z="8" spawntime="60"/>
    <monster name="Dedos" x="-4" y="0" z="8" spawntime="60"/>
    <monster name="Dedos" x="1" y="2" z="8" spawntime="60"/>
    <monster name="Dedos" x="-2" y="3" z="8" spawntime="60"/>
  </spawn>
  <spawn centerx="767" centery="597" centerz="8" radius="5">
    <monster name="Aggrox Demon" x="0" y="0" z="8" spawntime="85"/>
  </spawn>
  <spawn centerx="198" centery="598" centerz="8" radius="5">
    <monster name="Piton" x="-3" y="-1" z="8" spawntime="19"/>
    <monster name="Piton" x="2" y="0" z="8" spawntime="19"/>
    <monster name="Piton" x="-3" y="1" z="8" spawntime="19"/>
    <monster name="Piton" x="0" y="1" z="8" spawntime="19"/>
    <monster name="Piton" x="4" y="2" z="8" spawntime="19"/>
  </spawn>
  <spawn centerx="215" centery="598" centerz="8" radius="5">
    <monster name="Piton" x="-3" y="1" z="8" spawntime="19"/>
    <monster name="Piton" x="3" y="1" z="8" spawntime="19"/>
    <monster name="Piton" x="0" y="2" z="8" spawntime="19"/>
  </spawn>
  <spawn centerx="333" centery="598" centerz="8" radius="5">
    <monster name="Dedos" x="-3" y="-3" z="8" spawntime="60"/>
    <monster name="Dedos" x="-1" y="-3" z="8" spawntime="60"/>
    <monster name="Dedos" x="5" y="1" z="8" spawntime="60"/>
    <monster name="Dedos" x="-3" y="3" z="8" spawntime="60"/>
    <monster name="Dedos" x="4" y="4" z="8" spawntime="60"/>
  </spawn>
  <spawn centerx="770" centery="598" centerz="8" radius="5"/>
  <spawn centerx="304" centery="599" centerz="8" radius="5">
    <monster name="Dedos" x="-3" y="-2" z="8" spawntime="60"/>
    <monster name="Dedos" x="4" y="-1" z="8" spawntime="60"/>
    <monster name="Dedos" x="2" y="0" z="8" spawntime="60"/>
    <monster name="Dedos" x="-1" y="1" z="8" spawntime="60"/>
    <monster name="Dedos" x="2" y="3" z="8" spawntime="60"/>
  </spawn>
  <spawn centerx="773" centery="599" centerz="8" radius="5"/>
  <spawn centerx="344" centery="602" centerz="8" radius="5">
    <monster name="Dedos" x="1" y="-4" z="8" spawntime="60"/>
    <monster name="Dedos" x="4" y="-3" z="8" spawntime="60"/>
    <monster name="Dedos" x="2" y="1" z="8" spawntime="60"/>
    <monster name="Dedos" x="-1" y="3" z="8" spawntime="60"/>
    <monster name="Dedos" x="3" y="4" z="8" spawntime="60"/>
  </spawn>
  <spawn centerx="771" centery="603" centerz="8" radius="5"/>
  <spawn centerx="181" centery="604" centerz="8" radius="5">
    <monster name="Piton" x="-1" y="-4" z="8" spawntime="19"/>
    <monster name="Piton" x="2" y="-4" z="8" spawntime="19"/>
    <monster name="Piton" x="-4" y="-3" z="8" spawntime="19"/>
    <monster name="Piton" x="-3" y="1" z="8" spawntime="19"/>
    <monster name="Piton" x="-5" y="3" z="8" spawntime="19"/>
  </spawn>
  <spawn centerx="773" centery="607" centerz="8" radius="5"/>
  <spawn centerx="291" centery="609" centerz="8" radius="5">
    <monster name="Dedos" x="1" y="-5" z="8" spawntime="60"/>
    <monster name="Dedos" x="0" y="-3" z="8" spawntime="60"/>
    <monster name="Dedos" x="4" y="-2" z="8" spawntime="60"/>
    <monster name="Dedos" x="3" y="2" z="8" spawntime="60"/>
  </spawn>
  <spawn centerx="323" centery="609" centerz="8" radius="5">
    <monster name="Dedos" x="-3" y="-3" z="8" spawntime="60"/>
    <monster name="Dedos" x="1" y="-2" z="8" spawntime="60"/>
    <monster name="Dedos" x="-3" y="1" z="8" spawntime="60"/>
    <monster name="Dedos" x="2" y="2" z="8" spawntime="60"/>
  </spawn>
  <spawn centerx="766" centery="609" centerz="8" radius="5"/>
  <spawn centerx="335" centery="612" centerz="8" radius="5">
    <monster name="Dedos" x="-2" y="-3" z="8" spawntime="60"/>
    <monster name="Dedos" x="1" y="-3" z="8" spawntime="60"/>
    <monster name="Dedos" x="2" y="-2" z="8" spawntime="60"/>
    <monster name="Dedos" x="5" y="-1" z="8" spawntime="60"/>
    <monster name="Dedos" x="-3" y="2" z="8" spawntime="60"/>
    <monster name="Dedos" x="-1" y="2" z="8" spawntime="60"/>
  </spawn>
  <spawn centerx="307" centery="614" centerz="8" radius="5">
    <monster name="Dedos" x="-3" y="-3" z="8" spawntime="60"/>
    <monster name="Dedos" x="2" y="-3" z="8" spawntime="60"/>
    <monster name="Dedos" x="-1" y="-2" z="8" spawntime="60"/>
    <monster name="Dedos" x="3" y="-1" z="8" spawntime="60"/>
  </spawn>
  <spawn centerx="175" centery="621" centerz="8" radius="5">
    <monster name="Piton" x="1" y="-2" z="8" spawntime="19"/>
    <monster name="Piton" x="3" y="0" z="8" spawntime="19"/>
    <monster name="Piton" x="2" y="3" z="8" spawntime="19"/>
  </spawn>
  <spawn centerx="198" centery="621" centerz="8" radius="5">
    <monster name="Piton" x="-2" y="1" z="8" spawntime="19"/>
    <monster name="Piton" x="1" y="2" z="8" spawntime="19"/>
    <monster name="Piton" x="-4" y="3" z="8" spawntime="19"/>
  </spawn>
  <spawn centerx="209" centery="621" centerz="8" radius="5">
    <monster name="Piton" x="5" y="0" z="8" spawntime="19"/>
    <monster name="Piton" x="-5" y="1" z="8" spawntime="19"/>
    <monster name="Piton" x="-2" y="1" z="8" spawntime="19"/>
    <monster name="Piton" x="1" y="3" z="8" spawntime="19"/>
  </spawn>
  <spawn centerx="769" centery="621" centerz="8" radius="5"/>
  <spawn centerx="713" centery="636" centerz="8" radius="5"/>
  <spawn centerx="707" centery="640" centerz="8" radius="5"/>
  <spawn centerx="202" centery="682" centerz="8" radius="5">
    <monster name="Sweet Girl" x="0" y="-3" z="8" spawntime="19"/>
    <monster name="Sweet Girl" x="-4" y="-1" z="8" spawntime="19"/>
    <monster name="Sweet Girl" x="4" y="-1" z="8" spawntime="19"/>
    <monster name="Sweet Girl" x="0" y="0" z="8" spawntime="19"/>
    <monster name="Sweet Girl" x="-4" y="3" z="8" spawntime="19"/>
    <monster name="Sweet Girl" x="2" y="3" z="8" spawntime="19"/>
    <monster name="Sweet Girl" x="-1" y="4" z="8" spawntime="19"/>
  </spawn>
  <spawn centerx="194" centery="687" centerz="8" radius="5">
    <monster name="Sweet Girl" x="-3" y="-4" z="8" spawntime="19"/>
    <monster name="Sweet Girl" x="1" y="-2" z="8" spawntime="19"/>
    <monster name="Sweet Girl" x="-4" y="-1" z="8" spawntime="19"/>
    <monster name="Sweet Girl" x="-3" y="2" z="8" spawntime="19"/>
    <monster name="Sweet Girl" x="4" y="3" z="8" spawntime="19"/>
    <monster name="Sweet Girl" x="-4" y="4" z="8" spawntime="19"/>
    <monster name="Sweet Girl" x="1" y="4" z="8" spawntime="19"/>
  </spawn>
  <spawn centerx="207" centery="687" centerz="8" radius="5">
    <monster name="Sweet Girl" x="1" y="-5" z="8" spawntime="19"/>
    <monster name="Sweet Girl" x="3" y="-4" z="8" spawntime="19"/>
    <monster name="Sweet Girl" x="5" y="-3" z="8" spawntime="19"/>
    <monster name="Sweet Girl" x="1" y="0" z="8" spawntime="19"/>
    <monster name="Sweet Girl" x="3" y="0" z="8" spawntime="19"/>
    <monster name="Sweet Girl" x="-1" y="1" z="8" spawntime="19"/>
    <monster name="Sweet Girl" x="-5" y="3" z="8" spawntime="19"/>
    <monster name="Sweet Girl" x="1" y="3" z="8" spawntime="19"/>
    <monster name="Sweet Girl" x="3" y="3" z="8" spawntime="19"/>
    <monster name="Sweet Girl" x="5" y="4" z="8" spawntime="19"/>
  </spawn>
  <spawn centerx="264" centery="724" centerz="8" radius="5">
    <monster name="Dark Torturer" x="2" y="-5" z="8" spawntime="60"/>
    <monster name="Dark Torturer" x="-1" y="-4" z="8" spawntime="60"/>
    <monster name="Dark Torturer" x="1" y="-2" z="8" spawntime="60"/>
    <monster name="Dark Torturer" x="0" y="2" z="8" spawntime="60"/>
    <monster name="Dark Torturer" x="1" y="2" z="8" spawntime="60"/>
    <monster name="Demon" x="-1" y="5" z="8" spawntime="60"/>
    <monster name="Demodras" x="3" y="5" z="8" spawntime="60"/>
  </spawn>
  <spawn centerx="265" centery="731" centerz="8" radius="5">
    <monster name="Dark Torturer" x="-4" y="-1" z="8" spawntime="60"/>
    <monster name="Behemoth" x="4" y="-1" z="8" spawntime="60"/>
    <monster name="Dark Torturer" x="0" y="0" z="8" spawntime="60"/>
    <monster name="Demon" x="-1" y="3" z="8" spawntime="60"/>
  </spawn>
  <spawn centerx="264" centery="736" centerz="8" radius="5">
    <monster name="Demon" x="1" y="3" z="8" spawntime="60"/>
  </spawn>
  <spawn centerx="264" centery="741" centerz="8" radius="5">
    <monster name="Ghastly Dragon" x="1" y="1" z="8" spawntime="60"/>
    <monster name="Ghastly Dragon" x="-2" y="3" z="8" spawntime="60"/>
    <monster name="Ghastly Dragon" x="1" y="3" z="8" spawntime="60"/>
  </spawn>
  <spawn centerx="258" centery="745" centerz="8" radius="5">
    <monster name="Ghastly Dragon" x="-2" y="1" z="8" spawntime="60"/>
  </spawn>
  <spawn centerx="248" centery="747" centerz="8" radius="5">
    <monster name="Ferumbras" x="3" y="-2" z="8" spawntime="60"/>
    <monster name="Ghastly Dragon" x="-1" y="-1" z="8" spawntime="60"/>
    <monster name="Ghastly Dragon" x="-1" y="2" z="8" spawntime="60"/>
  </spawn>
  <spawn centerx="372" centery="791" centerz="8" radius="10">
    <monster name="Carrion Worm" x="-4" y="3" z="8" spawntime="60"/>
    <monster name="Carrion Worm" x="3" y="3" z="8" spawntime="60"/>
    <monster name="Carrion Worm" x="-7" y="4" z="8" spawntime="60"/>
    <monster name="Carrion Worm" x="0" y="5" z="8" spawntime="60"/>
    <monster name="Carrion Worm" x="8" y="5" z="8" spawntime="60"/>
    <monster name="Carrion Worm" x="-10" y="6" z="8" spawntime="60"/>
    <monster name="Carrion Worm" x="-1" y="6" z="8" spawntime="60"/>
    <monster name="Carrion Worm" x="3" y="6" z="8" spawntime="60"/>
    <monster name="Carrion Worm" x="-4" y="8" z="8" spawntime="60"/>
    <monster name="Carrion Worm" x="-8" y="9" z="8" spawntime="60"/>
    <monster name="Carrion Worm" x="2" y="9" z="8" spawntime="60"/>
    <monster name="Carrion Worm" x="5" y="9" z="8" spawntime="60"/>
  </spawn>
  <spawn centerx="396" centery="792" centerz="8" radius="10">
    <monster name="Carrion Worm" x="-3" y="-1" z="8" spawntime="60"/>
    <monster name="Carrion Worm" x="5" y="-1" z="8" spawntime="60"/>
    <monster name="Carrion Worm" x="9" y="2" z="8" spawntime="60"/>
    <monster name="Carrion Worm" x="-9" y="3" z="8" spawntime="60"/>
    <monster name="Carrion Worm" x="2" y="3" z="8" spawntime="60"/>
    <monster name="Carrion Worm" x="4" y="3" z="8" spawntime="60"/>
    <monster name="Carrion Worm" x="-6" y="4" z="8" spawntime="60"/>
    <monster name="Carrion Worm" x="-3" y="4" z="8" spawntime="60"/>
    <monster name="Carrion Worm" x="7" y="4" z="8" spawntime="60"/>
    <monster name="Carrion Worm" x="2" y="6" z="8" spawntime="60"/>
    <monster name="Carrion Worm" x="-2" y="7" z="8" spawntime="60"/>
    <monster name="Carrion Worm" x="5" y="7" z="8" spawntime="60"/>
    <monster name="Carrion Worm" x="-7" y="8" z="8" spawntime="60"/>
    <monster name="Carrion Worm" x="-5" y="8" z="8" spawntime="60"/>
    <monster name="Carrion Worm" x="8" y="8" z="8" spawntime="60"/>
    <monster name="Carrion Worm" x="1" y="9" z="8" spawntime="60"/>
    <monster name="Rotworm" x="4" y="10" z="8" spawntime="60"/>
  </spawn>
  <spawn centerx="351" centery="793" centerz="8" radius="10">
    <monster name="Carrion Worm" x="9" y="1" z="8" spawntime="60"/>
    <monster name="Carrion Worm" x="0" y="3" z="8" spawntime="60"/>
    <monster name="Carrion Worm" x="3" y="4" z="8" spawntime="60"/>
    <monster name="Carrion Worm" x="8" y="4" z="8" spawntime="60"/>
    <monster name="Carrion Worm" x="-2" y="7" z="8" spawntime="60"/>
    <monster name="Carrion Worm" x="2" y="7" z="8" spawntime="60"/>
    <monster name="Carrion Worm" x="9" y="7" z="8" spawntime="60"/>
    <monster name="Carrion Worm" x="-5" y="8" z="8" spawntime="60"/>
    <monster name="Carrion Worm" x="6" y="8" z="8" spawntime="60"/>
    <monster name="Carrion Worm" x="1" y="9" z="8" spawntime="60"/>
  </spawn>
  <spawn centerx="435" centery="793" centerz="8" radius="10">
    <monster name="Carrion Worm" x="-5" y="-4" z="8" spawntime="60"/>
    <monster name="Carrion Worm" x="4" y="-4" z="8" spawntime="60"/>
    <monster name="Carrion Worm" x="-8" y="-3" z="8" spawntime="60"/>
    <monster name="Carrion Worm" x="9" y="-2" z="8" spawntime="60"/>
    <monster name="Carrion Worm" x="4" y="1" z="8" spawntime="60"/>
    <monster name="Carrion Worm" x="-6" y="2" z="8" spawntime="60"/>
    <monster name="Carrion Worm" x="-2" y="4" z="8" spawntime="60"/>
    <monster name="Carrion Worm" x="8" y="5" z="8" spawntime="60"/>
    <monster name="Carrion Worm" x="-7" y="6" z="8" spawntime="60"/>
    <monster name="Carrion Worm" x="2" y="6" z="8" spawntime="60"/>
    <monster name="Carrion Worm" x="5" y="7" z="8" spawntime="60"/>
    <monster name="Carrion Worm" x="-10" y="8" z="8" spawntime="60"/>
    <monster name="Carrion Worm" x="-1" y="9" z="8" spawntime="60"/>
    <monster name="Carrion Worm" x="-7" y="10" z="8" spawntime="60"/>
  </spawn>
  <spawn centerx="415" centery="794" centerz="8" radius="10">
    <monster name="Carrion Worm" x="1" y="-5" z="8" spawntime="60"/>
    <monster name="Carrion Worm" x="6" y="-3" z="8" spawntime="60"/>
    <monster name="Carrion Worm" x="-5" y="-1" z="8" spawntime="60"/>
    <monster name="Carrion Worm" x="5" y="-1" z="8" spawntime="60"/>
    <monster name="Carrion Worm" x="-4" y="1" z="8" spawntime="60"/>
    <monster name="Carrion Worm" x="6" y="1" z="8" spawntime="60"/>
    <monster name="Carrion Worm" x="-6" y="2" z="8" spawntime="60"/>
    <monster name="Carrion Worm" x="2" y="3" z="8" spawntime="60"/>
    <monster name="Carrion Worm" x="8" y="3" z="8" spawntime="60"/>
    <monster name="Carrion Worm" x="0" y="4" z="8" spawntime="60"/>
    <monster name="Carrion Worm" x="-8" y="5" z="8" spawntime="60"/>
    <monster name="Carrion Worm" x="6" y="5" z="8" spawntime="60"/>
    <monster name="Carrion Worm" x="-4" y="6" z="8" spawntime="60"/>
    <monster name="Carrion Worm" x="1" y="7" z="8" spawntime="60"/>
    <monster name="Rotworm" x="-7" y="8" z="8" spawntime="60"/>
    <monster name="Rotworm" x="-4" y="8" z="8" spawntime="60"/>
    <monster name="Carrion Worm" x="8" y="8" z="8" spawntime="60"/>
  </spawn>
  <spawn centerx="352" centery="813" centerz="8" radius="10">
    <monster name="Carrion Worm" x="3" y="-8" z="8" spawntime="60"/>
    <monster name="Carrion Worm" x="-7" y="-6" z="8" spawntime="60"/>
    <monster name="Rotworm" x="-2" y="-6" z="8" spawntime="60"/>
    <monster name="Rotworm" x="6" y="-6" z="8" spawntime="60"/>
    <monster name="Rotworm" x="9" y="-6" z="8" spawntime="60"/>
    <monster name="Rotworm" x="2" y="-5" z="8" spawntime="60"/>
    <monster name="Rotworm" x="-4" y="-3" z="8" spawntime="60"/>
    <monster name="Rotworm" x="6" y="-3" z="8" spawntime="60"/>
    <monster name="Rotworm" x="1" y="-1" z="8" spawntime="60"/>
    <monster name="Rotworm" x="-7" y="0" z="8" spawntime="60"/>
    <monster name="Rotworm" x="9" y="0" z="8" spawntime="60"/>
    <monster name="Rotworm" x="-2" y="2" z="8" spawntime="60"/>
    <monster name="Rotworm" x="2" y="2" z="8" spawntime="60"/>
    <monster name="Rotworm" x="-1" y="3" z="8" spawntime="60"/>
    <monster name="Rotworm" x="8" y="3" z="8" spawntime="60"/>
    <monster name="Rotworm" x="-4" y="5" z="8" spawntime="60"/>
    <monster name="Rotworm" x="1" y="5" z="8" spawntime="60"/>
    <monster name="Rotworm" x="4" y="5" z="8" spawntime="60"/>
    <monster name="Rotworm" x="9" y="5" z="8" spawntime="60"/>
    <monster name="Rotworm" x="-1" y="6" z="8" spawntime="60"/>
    <monster name="Rotworm" x="5" y="7" z="8" spawntime="60"/>
    <monster name="Rotworm" x="-7" y="8" z="8" spawntime="60"/>
    <monster name="Rotworm" x="2" y="8" z="8" spawntime="60"/>
    <monster name="Rotworm" x="-5" y="9" z="8" spawntime="60"/>
    <monster name="Rotworm" x="-2" y="9" z="8" spawntime="60"/>
    <monster name="Rotworm" x="10" y="9" z="8" spawntime="60"/>
  </spawn>
  <spawn centerx="369" centery="816" centerz="8" radius="10">
    <monster name="Carrion Worm" x="-5" y="-8" z="8" spawntime="60"/>
    <monster name="Carrion Worm" x="1" y="-8" z="8" spawntime="60"/>
    <monster name="Carrion Worm" x="5" y="-8" z="8" spawntime="60"/>
    <monster name="Carrion Worm" x="7" y="-7" z="8" spawntime="60"/>
    <monster name="Rotworm" x="-3" y="-6" z="8" spawntime="60"/>
    <monster name="Carrion Worm" x="2" y="-5" z="8" spawntime="60"/>
    <monster name="Carrion Worm" x="-6" y="-3" z="8" spawntime="60"/>
    <monster name="Carrion Worm" x="-1" y="-3" z="8" spawntime="60"/>
    <monster name="Carrion Worm" x="9" y="-2" z="8" spawntime="60"/>
    <monster name="Carrion Worm" x="5" y="-1" z="8" spawntime="60"/>
    <monster name="Rotworm" x="-4" y="0" z="8" spawntime="60"/>
    <monster name="Carrion Worm" x="1" y="0" z="8" spawntime="60"/>
    <monster name="Carrion Worm" x="1" y="3" z="8" spawntime="60"/>
    <monster name="Carrion Worm" x="8" y="4" z="8" spawntime="60"/>
    <monster name="Rotworm" x="-2" y="5" z="8" spawntime="60"/>
    <monster name="Carrion Worm" x="4" y="6" z="8" spawntime="60"/>
    <monster name="Rotworm" x="8" y="8" z="8" spawntime="60"/>
    <monster name="Rotworm" x="-5" y="9" z="8" spawntime="60"/>
  </spawn>
  <spawn centerx="465" centery="829" centerz="8" radius="30">
    <monster name="Carrion Worm" x="-17" y="-29" z="8" spawntime="60"/>
    <monster name="Carrion Worm" x="-13" y="-29" z="8" spawntime="60"/>
    <monster name="Carrion Worm" x="-9" y="-29" z="8" spawntime="60"/>
    <monster name="Carrion Worm" x="-6" y="-28" z="8" spawntime="60"/>
    <monster name="Carrion Worm" x="-17" y="-25" z="8" spawntime="60"/>
    <monster name="Carrion Worm" x="-13" y="-25" z="8" spawntime="60"/>
    <monster name="Carrion Worm" x="-25" y="-24" z="8" spawntime="60"/>
    <monster name="Carrion Worm" x="-8" y="-24" z="8" spawntime="60"/>
    <monster name="Rotworm" x="-18" y="-22" z="8" spawntime="60"/>
    <monster name="Rotworm" x="-26" y="-21" z="8" spawntime="60"/>
    <monster name="Carrion Worm" x="-14" y="-21" z="8" spawntime="60"/>
    <monster name="Rotworm" x="-10" y="-21" z="8" spawntime="60"/>
    <monster name="Carrion Worm" x="-1" y="-20" z="8" spawntime="60"/>
    <monster name="Rotworm" x="-21" y="-19" z="8" spawntime="60"/>
    <monster name="Rotworm" x="-17" y="-19" z="8" spawntime="60"/>
    <monster name="Carrion Worm" x="-30" y="-18" z="8" spawntime="60"/>
    <monster name="Rotworm" x="-20" y="-18" z="8" spawntime="60"/>
    <monster name="Rotworm" x="-11" y="-18" z="8" spawntime="60"/>
    <monster name="Rotworm" x="-6" y="-18" z="8" spawntime="60"/>
    <monster name="Carrion Worm" x="-26" y="-16" z="8" spawntime="60"/>
    <monster name="Rotworm" x="-23" y="-16" z="8" spawntime="60"/>
    <monster name="Rotworm" x="-18" y="-16" z="8" spawntime="60"/>
    <monster name="Rotworm" x="-15" y="-16" z="8" spawntime="60"/>
    <monster name="Rotworm" x="-10" y="-16" z="8" spawntime="60"/>
    <monster name="Rotworm" x="-20" y="-15" z="8" spawntime="60"/>
    <monster name="Carrion Worm" x="-5" y="-15" z="8" spawntime="60"/>
    <monster name="Rotworm" x="-14" y="-14" z="8" spawntime="60"/>
    <monster name="Carrion Worm" x="0" y="-14" z="8" spawntime="60"/>
    <monster name="Carrion Worm" x="-30" y="-13" z="8" spawntime="60"/>
    <monster name="Rotworm" x="-26" y="-13" z="8" spawntime="60"/>
    <monster name="Rotworm" x="-17" y="-13" z="8" spawntime="60"/>
    <monster name="Rotworm" x="-4" y="-13" z="8" spawntime="60"/>
    <monster name="Rotworm" x="-24" y="-12" z="8" spawntime="60"/>
    <monster name="Rotworm" x="-21" y="-12" z="8" spawntime="60"/>
    <monster name="Rotworm" x="-9" y="-12" z="8" spawntime="60"/>
    <monster name="Carrion Worm" x="2" y="-11" z="8" spawntime="60"/>
    <monster name="Rotworm" x="-14" y="-10" z="8" spawntime="60"/>
    <monster name="Rotworm" x="-22" y="-9" z="8" spawntime="60"/>
    <monster name="Rotworm" x="-17" y="-9" z="8" spawntime="60"/>
    <monster name="Rotworm" x="-7" y="-9" z="8" spawntime="60"/>
    <monster name="Carrion Worm" x="-2" y="-9" z="8" spawntime="60"/>
    <monster name="Rotworm" x="-25" y="-8" z="8" spawntime="60"/>
    <monster name="Carrion Worm" x="5" y="-8" z="8" spawntime="60"/>
    <monster name="Carrion Worm" x="-30" y="-7" z="8" spawntime="60"/>
    <monster name="Carrion Worm" x="-3" y="-6" z="8" spawntime="60"/>
    <monster name="Rotworm" x="-11" y="-5" z="8" spawntime="60"/>
    <monster name="Rotworm" x="-10" y="-5" z="8" spawntime="60"/>
    <monster name="Carrion Worm" x="2" y="-5" z="8" spawntime="60"/>
    <monster name="Carrion Worm" x="-26" y="-4" z="8" spawntime="60"/>
    <monster name="Rotworm" x="-21" y="-4" z="8" spawntime="60"/>
    <monster name="Carrion Worm" x="-8" y="-4" z="8" spawntime="60"/>
    <monster name="Carrion Worm" x="-16" y="-3" z="8" spawntime="60"/>
    <monster name="Carrion Worm" x="-11" y="-2" z="8" spawntime="60"/>
    <monster name="Carrion Worm" x="-2" y="-1" z="8" spawntime="60"/>
    <monster name="Rotworm" x="-30" y="1" z="8" spawntime="60"/>
    <monster name="Rotworm" x="-27" y="1" z="8" spawntime="60"/>
    <monster name="Carrion Worm" x="-20" y="1" z="8" spawntime="60"/>
    <monster name="Carrion Worm" x="-9" y="1" z="8" spawntime="60"/>
    <monster name="Carrion Worm" x="-14" y="3" z="8" spawntime="60"/>
    <monster name="Carrion Worm" x="-4" y="3" z="8" spawntime="60"/>
    <monster name="Rotworm" x="-30" y="4" z="8" spawntime="60"/>
    <monster name="Rotworm" x="-22" y="4" z="8" spawntime="60"/>
    <monster name="Carrion Worm" x="-6" y="6" z="8" spawntime="60"/>
    <monster name="Rotworm" x="-27" y="7" z="8" spawntime="60"/>
    <monster name="Carrion Worm" x="-23" y="7" z="8" spawntime="60"/>
    <monster name="Carrion Worm" x="-18" y="7" z="8" spawntime="60"/>
    <monster name="Rotworm" x="-10" y="7" z="8" spawntime="60"/>
    <monster name="Rotworm" x="-8" y="9" z="8" spawntime="60"/>
    <monster name="Rotworm" x="-4" y="9" z="8" spawntime="60"/>
    <monster name="Carrion Worm" x="-2" y="9" z="8" spawntime="60"/>
    <monster name="Rotworm" x="-28" y="10" z="8" spawntime="60"/>
    <monster name="Rotworm" x="-23" y="10" z="8" spawntime="60"/>
    <monster name="Rotworm" x="-7" y="10" z="8" spawntime="60"/>
    <monster name="Rotworm" x="-18" y="11" z="8" spawntime="60"/>
    <monster name="Rotworm" x="-14" y="11" z="8" spawntime="60"/>
    <monster name="Rotworm" x="-27" y="12" z="8" spawntime="60"/>
    <monster name="Rotworm" x="-17" y="12" z="8" spawntime="60"/>
    <monster name="Rotworm" x="-10" y="12" z="8" spawntime="60"/>
    <monster name="Rotworm" x="-5" y="12" z="8" spawntime="60"/>
    <monster name="Rotworm" x="-2" y="12" z="8" spawntime="60"/>
    <monster name="Rotworm" x="-7" y="13" z="8" spawntime="60"/>
    <monster name="Rotworm" x="-15" y="14" z="8" spawntime="60"/>
    <monster name="Rotworm" x="-21" y="15" z="8" spawntime="60"/>
    <monster name="Rotworm" x="-17" y="15" z="8" spawntime="60"/>
    <monster name="Rotworm" x="-4" y="15" z="8" spawntime="60"/>
    <monster name="Rotworm" x="-26" y="16" z="8" spawntime="60"/>
    <monster name="Rotworm" x="-11" y="16" z="8" spawntime="60"/>
    <monster name="Rotworm" x="-8" y="16" z="8" spawntime="60"/>
    <monster name="Rotworm" x="-14" y="17" z="8" spawntime="60"/>
    <monster name="Rotworm" x="-18" y="18" z="8" spawntime="60"/>
    <monster name="Rotworm" x="-24" y="19" z="8" spawntime="60"/>
    <monster name="Rotworm" x="-9" y="19" z="8" spawntime="60"/>
    <monster name="Rotworm" x="-4" y="19" z="8" spawntime="60"/>
    <monster name="Rotworm" x="-12" y="20" z="8" spawntime="60"/>
    <monster name="Rotworm" x="-20" y="21" z="8" spawntime="60"/>
    <monster name="Rotworm" x="-18" y="22" z="8" spawntime="60"/>
    <monster name="Rotworm" x="-14" y="22" z="8" spawntime="60"/>
    <monster name="Rotworm" x="-10" y="22" z="8" spawntime="60"/>
    <monster name="Rotworm" x="-5" y="22" z="8" spawntime="60"/>
    <monster name="Rotworm" x="-1" y="22" z="8" spawntime="60"/>
    <monster name="Rotworm" x="-28" y="23" z="8" spawntime="60"/>
    <monster name="Rotworm" x="-27" y="23" z="8" spawntime="60"/>
    <monster name="Rotworm" x="-17" y="23" z="8" spawntime="60"/>
    <monster name="Rotworm" x="-4" y="23" z="8" spawntime="60"/>
    <monster name="Rotworm" x="-24" y="25" z="8" spawntime="60"/>
    <monster name="Rotworm" x="-15" y="25" z="8" spawntime="60"/>
    <monster name="Rotworm" x="-2" y="25" z="8" spawntime="60"/>
    <monster name="Carrion Worm" x="3" y="25" z="8" spawntime="60"/>
    <monster name="Rotworm" x="-17" y="26" z="8" spawntime="60"/>
    <monster name="Carrion Worm" x="-9" y="26" z="8" spawntime="60"/>
    <monster name="Rotworm" x="-4" y="26" z="8" spawntime="60"/>
    <monster name="Carrion Worm" x="10" y="26" z="8" spawntime="60"/>
    <monster name="Carrion Worm" x="-27" y="27" z="8" spawntime="60"/>
    <monster name="Rotworm" x="-14" y="28" z="8" spawntime="60"/>
    <monster name="Rotworm" x="-1" y="28" z="8" spawntime="60"/>
    <monster name="Carrion Worm" x="2" y="28" z="8" spawntime="60"/>
    <monster name="Carrion Worm" x="10" y="28" z="8" spawntime="60"/>
    <monster name="Rotworm" x="-18" y="29" z="8" spawntime="60"/>
    <monster name="Carrion Worm" x="-10" y="29" z="8" spawntime="60"/>
    <monster name="Rotworm" x="-5" y="29" z="8" spawntime="60"/>
    <monster name="Carrion Worm" x="6" y="29" z="8" spawntime="60"/>
    <monster name="Carrion Worm" x="-22" y="30" z="8" spawntime="60"/>
  </spawn>
  <spawn centerx="348" centery="834" centerz="8" radius="10">
    <monster name="Rotworm" x="9" y="-10" z="8" spawntime="60"/>
    <monster name="Rotworm" x="1" y="-9" z="8" spawntime="60"/>
    <monster name="Rotworm" x="6" y="-9" z="8" spawntime="60"/>
    <monster name="Rotworm" x="-6" y="-8" z="8" spawntime="60"/>
    <monster name="Rotworm" x="-2" y="-8" z="8" spawntime="60"/>
    <monster name="Rotworm" x="2" y="-4" z="8" spawntime="60"/>
    <monster name="Carrion Worm" x="-3" y="-3" z="8" spawntime="60"/>
    <monster name="Carrion Worm" x="7" y="-2" z="8" spawntime="60"/>
    <monster name="Carrion Worm" x="4" y="-1" z="8" spawntime="60"/>
    <monster name="Carrion Worm" x="6" y="0" z="8" spawntime="60"/>
    <monster name="Carrion Worm" x="-6" y="1" z="8" spawntime="60"/>
    <monster name="Carrion Worm" x="4" y="2" z="8" spawntime="60"/>
    <monster name="Carrion Worm" x="10" y="2" z="8" spawntime="60"/>
    <monster name="Carrion Worm" x="-2" y="3" z="8" spawntime="60"/>
    <monster name="Carrion Worm" x="-6" y="6" z="8" spawntime="60"/>
    <monster name="Rotworm Queen" x="3" y="6" z="8" spawntime="60"/>
    <monster name="Carrion Worm" x="7" y="7" z="8" spawntime="60"/>
    <monster name="Carrion Worm" x="-1" y="8" z="8" spawntime="60"/>
    <monster name="Carrion Worm" x="-4" y="9" z="8" spawntime="60"/>
    <monster name="Carrion Worm" x="10" y="9" z="8" spawntime="60"/>
  </spawn>
  <spawn centerx="405" centery="834" centerz="8" radius="30">
    <monster name="Carrion Worm" x="-10" y="-29" z="8" spawntime="60"/>
    <monster name="Rotworm" x="-7" y="-29" z="8" spawntime="60"/>
    <monster name="Rotworm" x="3" y="-29" z="8" spawntime="60"/>
    <monster name="Rotworm" x="11" y="-29" z="8" spawntime="60"/>
    <monster name="Carrion Worm" x="-19" y="-27" z="8" spawntime="60"/>
    <monster name="Carrion Worm" x="-14" y="-27" z="8" spawntime="60"/>
    <monster name="Rotworm" x="-2" y="-27" z="8" spawntime="60"/>
    <monster name="Carrion Worm" x="20" y="-27" z="8" spawntime="60"/>
    <monster name="Carrion Worm" x="28" y="-27" z="8" spawntime="60"/>
    <monster name="Rotworm" x="-10" y="-26" z="8" spawntime="60"/>
    <monster name="Rotworm" x="6" y="-26" z="8" spawntime="60"/>
    <monster name="Carrion Worm" x="-21" y="-25" z="8" spawntime="60"/>
    <monster name="Carrion Worm" x="13" y="-25" z="8" spawntime="60"/>
    <monster name="Carrion Worm" x="24" y="-25" z="8" spawntime="60"/>
    <monster name="Rotworm" x="-5" y="-24" z="8" spawntime="60"/>
    <monster name="Rotworm" x="-1" y="-24" z="8" spawntime="60"/>
    <monster name="Carrion Worm" x="-25" y="-23" z="8" spawntime="60"/>
    <monster name="Carrion Worm" x="-16" y="-23" z="8" spawntime="60"/>
    <monster name="Carrion Worm" x="-12" y="-23" z="8" spawntime="60"/>
    <monster name="Rotworm" x="-4" y="-23" z="8" spawntime="60"/>
    <monster name="Rotworm" x="5" y="-23" z="8" spawntime="60"/>
    <monster name="Rotworm" x="10" y="-23" z="8" spawntime="60"/>
    <monster name="Carrion Worm" x="-18" y="-22" z="8" spawntime="60"/>
    <monster name="Carrion Worm" x="16" y="-22" z="8" spawntime="60"/>
    <monster name="Rotworm" x="-7" y="-21" z="8" spawntime="60"/>
    <monster name="Rotworm" x="-2" y="-21" z="8" spawntime="60"/>
    <monster name="Rotworm" x="1" y="-21" z="8" spawntime="60"/>
    <monster name="Rotworm" x="6" y="-21" z="8" spawntime="60"/>
    <monster name="Carrion Worm" x="20" y="-21" z="8" spawntime="60"/>
    <monster name="Carrion Worm" x="26" y="-21" z="8" spawntime="60"/>
    <monster name="Carrion Worm" x="-13" y="-20" z="8" spawntime="60"/>
    <monster name="Rotworm" x="-4" y="-20" z="8" spawntime="60"/>
    <monster name="Carrion Worm" x="-21" y="-19" z="8" spawntime="60"/>
    <monster name="Rotworm" x="2" y="-19" z="8" spawntime="60"/>
    <monster name="Carrion Worm" x="-19" y="-18" z="8" spawntime="60"/>
    <monster name="Rotworm" x="-10" y="-18" z="8" spawntime="60"/>
    <monster name="Rotworm" x="-1" y="-18" z="8" spawntime="60"/>
    <monster name="Rotworm" x="12" y="-18" z="8" spawntime="60"/>
    <monster name="Carrion Worm" x="21" y="-18" z="8" spawntime="60"/>
    <monster name="Carrion Worm" x="27" y="-18" z="8" spawntime="60"/>
    <monster name="Rotworm" x="-8" y="-17" z="8" spawntime="60"/>
    <monster name="Rotworm" x="-5" y="-17" z="8" spawntime="60"/>
    <monster name="Rotworm" x="7" y="-17" z="8" spawntime="60"/>
    <monster name="Carrion Worm" x="18" y="-17" z="8" spawntime="60"/>
    <monster name="Carrion Worm" x="-24" y="-15" z="8" spawntime="60"/>
    <monster name="Carrion Worm" x="-14" y="-15" z="8" spawntime="60"/>
    <monster name="Rotworm" x="2" y="-15" z="8" spawntime="60"/>
    <monster name="Carrion Worm" x="-19" y="-14" z="8" spawntime="60"/>
    <monster name="Rotworm" x="-6" y="-14" z="8" spawntime="60"/>
    <monster name="Rotworm" x="-1" y="-14" z="8" spawntime="60"/>
    <monster name="Rotworm" x="9" y="-14" z="8" spawntime="60"/>
    <monster name="Carrion Worm" x="26" y="-14" z="8" spawntime="60"/>
    <monster name="Rotworm" x="-13" y="-13" z="8" spawntime="60"/>
    <monster name="Rotworm" x="-9" y="-13" z="8" spawntime="60"/>
    <monster name="Carrion Worm" x="20" y="-13" z="8" spawntime="60"/>
    <monster name="Carrion Worm" x="-23" y="-12" z="8" spawntime="60"/>
    <monster name="Rotworm" x="13" y="-12" z="8" spawntime="60"/>
    <monster name="Carrion Worm" x="16" y="-11" z="8" spawntime="60"/>
    <monster name="Rotworm" x="-20" y="-10" z="8" spawntime="60"/>
    <monster name="Rotworm" x="-17" y="-10" z="8" spawntime="60"/>
    <monster name="Carrion Worm" x="-8" y="-10" z="8" spawntime="60"/>
    <monster name="Rotworm" x="5" y="-10" z="8" spawntime="60"/>
    <monster name="Rotworm" x="6" y="-10" z="8" spawntime="60"/>
    <monster name="Rotworm" x="-24" y="-9" z="8" spawntime="60"/>
    <monster name="Carrion Worm" x="-11" y="-9" z="8" spawntime="60"/>
    <monster name="Rotworm" x="-5" y="-9" z="8" spawntime="60"/>
    <monster name="Carrion Worm" x="-1" y="-9" z="8" spawntime="60"/>
    <monster name="Carrion Worm" x="28" y="-9" z="8" spawntime="60"/>
    <monster name="Rotworm" x="9" y="-8" z="8" spawntime="60"/>
    <monster name="Carrion Worm" x="23" y="-8" z="8" spawntime="60"/>
    <monster name="Rotworm" x="-30" y="-7" z="8" spawntime="60"/>
    <monster name="Rotworm" x="-20" y="-7" z="8" spawntime="60"/>
    <monster name="Carrion Worm" x="-16" y="-7" z="8" spawntime="60"/>
    <monster name="Carrion Worm" x="3" y="-6" z="8" spawntime="60"/>
    <monster name="Carrion Worm" x="11" y="-6" z="8" spawntime="60"/>
    <monster name="Carrion Worm" x="18" y="-6" z="8" spawntime="60"/>
    <monster name="Rotworm" x="-25" y="-5" z="8" spawntime="60"/>
    <monster name="Carrion Worm" x="-13" y="-5" z="8" spawntime="60"/>
    <monster name="Carrion Worm" x="-8" y="-5" z="8" spawntime="60"/>
    <monster name="Rotworm" x="-5" y="-5" z="8" spawntime="60"/>
    <monster name="Rotworm" x="-17" y="-4" z="8" spawntime="60"/>
    <monster name="Carrion Worm" x="14" y="-4" z="8" spawntime="60"/>
    <monster name="Rotworm" x="22" y="-4" z="8" spawntime="60"/>
    <monster name="Rotworm" x="26" y="-3" z="8" spawntime="60"/>
    <monster name="Rotworm" x="-28" y="-2" z="8" spawntime="60"/>
    <monster name="Rotworm" x="-24" y="-2" z="8" spawntime="60"/>
    <monster name="Carrion Worm" x="-2" y="-2" z="8" spawntime="60"/>
    <monster name="Rotworm" x="-27" y="-1" z="8" spawntime="60"/>
    <monster name="Rotworm" x="-18" y="-1" z="8" spawntime="60"/>
    <monster name="Rotworm" x="-13" y="-1" z="8" spawntime="60"/>
    <monster name="Rotworm" x="-8" y="-1" z="8" spawntime="60"/>
    <monster name="Carrion Worm" x="8" y="-1" z="8" spawntime="60"/>
    <monster name="Carrion Worm" x="14" y="-1" z="8" spawntime="60"/>
    <monster name="Rotworm" x="20" y="-1" z="8" spawntime="60"/>
    <monster name="Carrion Worm" x="-11" y="0" z="8" spawntime="60"/>
    <monster name="Rotworm" x="-30" y="1" z="8" spawntime="60"/>
    <monster name="Rotworm" x="-25" y="1" z="8" spawntime="60"/>
    <monster name="Rotworm" x="-22" y="1" z="8" spawntime="60"/>
    <monster name="Rotworm" x="-17" y="1" z="8" spawntime="60"/>
    <monster name="Rotworm" x="25" y="1" z="8" spawntime="60"/>
    <monster name="Rotworm" x="-27" y="2" z="8" spawntime="60"/>
    <monster name="Carrion Worm" x="-3" y="2" z="8" spawntime="60"/>
    <monster name="Carrion Worm" x="5" y="2" z="8" spawntime="60"/>
    <monster name="Rotworm" x="17" y="2" z="8" spawntime="60"/>
    <monster name="Rotworm" x="-21" y="3" z="8" spawntime="60"/>
    <monster name="Rotworm" x="-5" y="3" z="8" spawntime="60"/>
    <monster name="Rotworm" x="-24" y="4" z="8" spawntime="60"/>
    <monster name="Rotworm" x="-11" y="4" z="8" spawntime="60"/>
    <monster name="Carrion Worm" x="6" y="4" z="8" spawntime="60"/>
    <monster name="Carrion Worm" x="11" y="4" z="8" spawntime="60"/>
    <monster name="Rotworm" x="22" y="4" z="8" spawntime="60"/>
    <monster name="Rotworm" x="26" y="4" z="8" spawntime="60"/>
    <monster name="Rotworm" x="-28" y="5" z="8" spawntime="60"/>
    <monster name="Rotworm" x="-16" y="5" z="8" spawntime="60"/>
    <monster name="Carrion Worm" x="15" y="5" z="8" spawntime="60"/>
    <monster name="Rotworm" x="23" y="5" z="8" spawntime="60"/>
    <monster name="Carrion Worm" x="-6" y="6" z="8" spawntime="60"/>
    <monster name="Carrion Worm" x="0" y="6" z="8" spawntime="60"/>
    <monster name="Rotworm" x="-21" y="7" z="8" spawntime="60"/>
    <monster name="Rotworm" x="20" y="7" z="8" spawntime="60"/>
    <monster name="Rotworm" x="25" y="7" z="8" spawntime="60"/>
    <monster name="Rotworm" x="28" y="7" z="8" spawntime="60"/>
    <monster name="Rotworm" x="-29" y="8" z="8" spawntime="60"/>
    <monster name="Rotworm" x="-24" y="8" z="8" spawntime="60"/>
    <monster name="Rotworm" x="-14" y="8" z="8" spawntime="60"/>
    <monster name="Carrion Worm" x="8" y="8" z="8" spawntime="60"/>
    <monster name="Rotworm" x="23" y="8" z="8" spawntime="60"/>
    <monster name="Rotworm" x="29" y="9" z="8" spawntime="60"/>
    <monster name="Rotworm" x="-10" y="10" z="8" spawntime="60"/>
    <monster name="Carrion Worm" x="12" y="10" z="8" spawntime="60"/>
    <monster name="Rotworm" x="17" y="10" z="8" spawntime="60"/>
    <monster name="Rotworm" x="26" y="10" z="8" spawntime="60"/>
    <monster name="Rotworm" x="-2" y="11" z="8" spawntime="60"/>
    <monster name="Carrion Worm" x="6" y="11" z="8" spawntime="60"/>
    <monster name="Rotworm" x="19" y="11" z="8" spawntime="60"/>
    <monster name="Rotworm" x="22" y="11" z="8" spawntime="60"/>
    <monster name="Rotworm" x="-18" y="12" z="8" spawntime="60"/>
    <monster name="Rotworm" x="-17" y="12" z="8" spawntime="60"/>
    <monster name="Carrion Worm" x="-6" y="12" z="8" spawntime="60"/>
    <monster name="Carrion Worm" x="3" y="12" z="8" spawntime="60"/>
    <monster name="Carrion Worm" x="11" y="12" z="8" spawntime="60"/>
    <monster name="Rotworm" x="-28" y="13" z="8" spawntime="60"/>
    <monster name="Rotworm" x="29" y="13" z="8" spawntime="60"/>
    <monster name="Rotworm" x="-14" y="14" z="8" spawntime="60"/>
    <monster name="Carrion Worm" x="8" y="14" z="8" spawntime="60"/>
    <monster name="Rotworm" x="21" y="14" z="8" spawntime="60"/>
    <monster name="Rotworm" x="26" y="14" z="8" spawntime="60"/>
    <monster name="Rotworm" x="14" y="15" z="8" spawntime="60"/>
    <monster name="Rotworm" x="18" y="15" z="8" spawntime="60"/>
    <monster name="Rotworm Queen" x="-21" y="16" z="8" spawntime="60"/>
    <monster name="Rotworm Queen" x="3" y="16" z="8" spawntime="60"/>
    <monster name="Rotworm Queen" x="-13" y="17" z="8" spawntime="60"/>
    <monster name="Carrion Worm" x="-9" y="17" z="8" spawntime="60"/>
    <monster name="Rotworm Queen" x="-3" y="17" z="8" spawntime="60"/>
    <monster name="Carrion Worm" x="28" y="17" z="8" spawntime="60"/>
    <monster name="Carrion Worm" x="-27" y="18" z="8" spawntime="60"/>
    <monster name="Carrion Worm" x="3" y="19" z="8" spawntime="60"/>
    <monster name="Carrion Worm" x="8" y="19" z="8" spawntime="60"/>
    <monster name="Rotworm" x="22" y="19" z="8" spawntime="60"/>
    <monster name="Carrion Worm" x="-21" y="21" z="8" spawntime="60"/>
    <monster name="Carrion Worm" x="-16" y="21" z="8" spawntime="60"/>
    <monster name="Carrion Worm" x="-6" y="21" z="8" spawntime="60"/>
    <monster name="Carrion Worm" x="11" y="21" z="8" spawntime="60"/>
    <monster name="Carrion Worm" x="18" y="21" z="8" spawntime="60"/>
    <monster name="Carrion Worm" x="-27" y="22" z="8" spawntime="60"/>
    <monster name="Carrion Worm" x="25" y="22" z="8" spawntime="60"/>
    <monster name="Carrion Worm" x="28" y="22" z="8" spawntime="60"/>
    <monster name="Carrion Worm" x="-4" y="23" z="8" spawntime="60"/>
    <monster name="Rotworm Queen" x="-11" y="24" z="8" spawntime="60"/>
    <monster name="Rotworm Queen" x="6" y="24" z="8" spawntime="60"/>
    <monster name="Carrion Worm" x="22" y="24" z="8" spawntime="60"/>
    <monster name="Rotworm Queen" x="-20" y="25" z="8" spawntime="60"/>
    <monster name="Carrion Worm" x="10" y="25" z="8" spawntime="60"/>
    <monster name="Rotworm Queen" x="-24" y="26" z="8" spawntime="60"/>
    <monster name="Carrion Worm" x="0" y="26" z="8" spawntime="60"/>
    <monster name="Rotworm Queen" x="19" y="26" z="8" spawntime="60"/>
    <monster name="Carrion Worm" x="-16" y="27" z="8" spawntime="60"/>
    <monster name="Rotworm Queen" x="-5" y="27" z="8" spawntime="60"/>
    <monster name="Carrion Worm" x="2" y="27" z="8" spawntime="60"/>
    <monster name="Carrion Worm" x="13" y="27" z="8" spawntime="60"/>
    <monster name="Carrion Worm" x="28" y="28" z="8" spawntime="60"/>
    <monster name="Carrion Worm" x="6" y="29" z="8" spawntime="60"/>
    <monster name="Carrion Worm" x="22" y="29" z="8" spawntime="60"/>
    <monster name="Carrion Worm" x="-28" y="30" z="8" spawntime="60"/>
    <monster name="Carrion Worm" x="-21" y="30" z="8" spawntime="60"/>
    <monster name="Carrion Worm" x="-12" y="30" z="8" spawntime="60"/>
    <monster name="Carrion Worm" x="25" y="30" z="8" spawntime="60"/>
  </spawn>
  <spawn centerx="368" centery="837" centerz="8" radius="10">
    <monster name="Rotworm" x="0" y="-10" z="8" spawntime="60"/>
    <monster name="Carrion Worm" x="3" y="-9" z="8" spawntime="60"/>
    <monster name="Rotworm" x="-8" y="-8" z="8" spawntime="60"/>
    <monster name="Rotworm" x="-7" y="-8" z="8" spawntime="60"/>
    <monster name="Rotworm" x="4" y="-7" z="8" spawntime="60"/>
    <monster name="Rotworm" x="-4" y="-6" z="8" spawntime="60"/>
    <monster name="Carrion Worm" x="-8" y="-4" z="8" spawntime="60"/>
    <monster name="Carrion Worm" x="-1" y="-3" z="8" spawntime="60"/>
    <monster name="Carrion Worm" x="2" y="-3" z="8" spawntime="256"/>
    <monster name="Carrion Worm" x="3" y="-2" z="8" spawntime="60"/>
    <monster name="Carrion Worm" x="-7" y="-1" z="8" spawntime="60"/>
    <monster name="Rotworm" x="4" y="1" z="8" spawntime="60"/>
    <monster name="Carrion Worm" x="-3" y="2" z="8" spawntime="60"/>
    <monster name="Rotworm" x="6" y="2" z="8" spawntime="60"/>
    <monster name="Carrion Worm" x="-7" y="3" z="8" spawntime="60"/>
    <monster name="Carrion Worm" x="0" y="3" z="8" spawntime="60"/>
    <monster name="Carrion Worm" x="-6" y="6" z="8" spawntime="60"/>
    <monster name="Rotworm" x="1" y="6" z="8" spawntime="60"/>
    <monster name="Rotworm" x="5" y="6" z="8" spawntime="60"/>
    <monster name="Carrion Worm" x="-3" y="9" z="8" spawntime="60"/>
    <monster name="Carrion Worm" x="2" y="9" z="8" spawntime="60"/>
  </spawn>
  <spawn centerx="365" centery="855" centerz="8" radius="10">
    <monster name="Carrion Worm" x="-7" y="-7" z="8" spawntime="60"/>
    <monster name="Carrion Worm" x="7" y="-7" z="8" spawntime="60"/>
    <monster name="Carrion Worm" x="-9" y="-6" z="8" spawntime="60"/>
    <monster name="Rotworm Queen" x="-4" y="-6" z="8" spawntime="60"/>
    <monster name="Carrion Worm" x="0" y="-6" z="8" spawntime="60"/>
    <monster name="Carrion Worm" x="3" y="-6" z="8" spawntime="60"/>
    <monster name="Carrion Worm" x="6" y="-4" z="8" spawntime="60"/>
    <monster name="Rotworm Queen" x="8" y="-4" z="8" spawntime="60"/>
    <monster name="Carrion Worm" x="-5" y="-3" z="8" spawntime="60"/>
    <monster name="Carrion Worm" x="-1" y="-3" z="8" spawntime="60"/>
    <monster name="Carrion Worm" x="-8" y="-1" z="8" spawntime="60"/>
    <monster name="Carrion Worm" x="-2" y="-1" z="8" spawntime="60"/>
    <monster name="Carrion Worm" x="3" y="-1" z="8" spawntime="60"/>
    <monster name="Carrion Worm" x="-5" y="0" z="8" spawntime="60"/>
    <monster name="Carrion Worm" x="7" y="1" z="8" spawntime="60"/>
    <monster name="Rotworm Queen" x="-8" y="3" z="8" spawntime="60"/>
    <monster name="Carrion Worm" x="1" y="3" z="8" spawntime="60"/>
    <monster name="Carrion Worm" x="-3" y="4" z="8" spawntime="60"/>
    <monster name="Rotworm Queen" x="6" y="4" z="8" spawntime="60"/>
    <monster name="Carrion Worm" x="-8" y="7" z="8" spawntime="60"/>
    <monster name="Carrion Worm" x="-5" y="7" z="8" spawntime="60"/>
    <monster name="Rotworm Queen" x="1" y="7" z="8" spawntime="60"/>
    <monster name="Carrion Worm" x="9" y="7" z="8" spawntime="60"/>
    <monster name="Carrion Worm" x="-7" y="9" z="8" spawntime="60"/>
    <monster name="Carrion Worm" x="-3" y="9" z="8" spawntime="60"/>
    <monster name="Carrion Worm" x="5" y="9" z="8" spawntime="60"/>
  </spawn>
  <spawn centerx="343" centery="856" centerz="8" radius="10">
    <monster name="Carrion Worm" x="-2" y="-8" z="8" spawntime="60"/>
    <monster name="Carrion Worm" x="1" y="-8" z="8" spawntime="60"/>
    <monster name="Carrion Worm" x="5" y="-8" z="8" spawntime="60"/>
    <monster name="Carrion Worm" x="9" y="-8" z="8" spawntime="60"/>
    <monster name="Carrion Worm" x="1" y="-6" z="8" spawntime="60"/>
    <monster name="Rotworm Queen" x="5" y="-5" z="8" spawntime="60"/>
    <monster name="Carrion Worm" x="8" y="-4" z="8" spawntime="60"/>
    <monster name="Carrion Worm" x="-1" y="-2" z="8" spawntime="60"/>
    <monster name="Carrion Worm" x="3" y="-2" z="8" spawntime="60"/>
    <monster name="Carrion Worm" x="5" y="1" z="8" spawntime="60"/>
    <monster name="Carrion Worm" x="9" y="1" z="8" spawntime="60"/>
    <monster name="Carrion Worm" x="-2" y="2" z="8" spawntime="60"/>
    <monster name="Carrion Worm" x="3" y="2" z="8" spawntime="60"/>
    <monster name="Rotworm Queen" x="-1" y="5" z="8" spawntime="60"/>
    <monster name="Carrion Worm" x="2" y="5" z="8" spawntime="60"/>
    <monster name="Carrion Worm" x="8" y="5" z="8" spawntime="60"/>
    <monster name="Rotworm Queen" x="5" y="6" z="8" spawntime="60"/>
    <monster name="Carrion Worm" x="-4" y="9" z="8" spawntime="60"/>
    <monster name="Carrion Worm" x="1" y="9" z="8" spawntime="60"/>
    <monster name="Carrion Worm" x="7" y="10" z="8" spawntime="60"/>
  </spawn>
  <spawn centerx="470" centery="871" centerz="8" radius="10">
    <monster name="Rotworm" x="-8" y="-8" z="8" spawntime="60"/>
    <monster name="Rotworm" x="-4" y="-8" z="8" spawntime="60"/>
    <monster name="Rotworm" x="2" y="-8" z="8" spawntime="60"/>
    <monster name="Rotworm" x="6" y="-8" z="8" spawntime="60"/>
    <monster name="Rotworm" x="-7" y="-7" z="8" spawntime="60"/>
    <monster name="Rotworm Queen" x="-1" y="-7" z="8" spawntime="60"/>
    <monster name="Rotworm" x="3" y="-7" z="8" spawntime="60"/>
    <monster name="Rotworm" x="-5" y="-5" z="8" spawntime="60"/>
    <monster name="Rotworm" x="5" y="-5" z="8" spawntime="60"/>
    <monster name="Rotworm" x="-7" y="-4" z="8" spawntime="60"/>
    <monster name="Rotworm" x="3" y="-4" z="8" spawntime="60"/>
    <monster name="Rotworm" x="-4" y="-2" z="8" spawntime="60"/>
    <monster name="Rotworm" x="6" y="-2" z="8" spawntime="60"/>
    <monster name="Rotworm" x="-8" y="-1" z="8" spawntime="60"/>
    <monster name="Rotworm" x="2" y="-1" z="8" spawntime="60"/>
    <monster name="Rotworm" x="-8" y="2" z="8" spawntime="60"/>
    <monster name="Rotworm" x="-4" y="2" z="8" spawntime="60"/>
    <monster name="Rotworm" x="-7" y="3" z="8" spawntime="60"/>
    <monster name="Rotworm" x="-5" y="5" z="8" spawntime="60"/>
    <monster name="Rotworm" x="-7" y="6" z="8" spawntime="60"/>
    <monster name="Rotworm" x="-4" y="8" z="8" spawntime="60"/>
  </spawn>
  <spawn centerx="445" centery="873" centerz="8" radius="10">
    <monster name="Rotworm" x="-7" y="-8" z="8" spawntime="60"/>
    <monster name="Rotworm" x="-3" y="-8" z="8" spawntime="60"/>
    <monster name="Rotworm" x="4" y="-8" z="8" spawntime="60"/>
    <monster name="Rotworm" x="8" y="-8" z="8" spawntime="60"/>
    <monster name="Rotworm" x="-6" y="-7" z="8" spawntime="60"/>
    <monster name="Rotworm" x="5" y="-7" z="8" spawntime="60"/>
    <monster name="Rotworm" x="-4" y="-5" z="8" spawntime="60"/>
    <monster name="Rotworm" x="7" y="-5" z="8" spawntime="60"/>
    <monster name="Rotworm" x="-6" y="-4" z="8" spawntime="60"/>
    <monster name="Rotworm" x="1" y="-4" z="8" spawntime="60"/>
    <monster name="Rotworm" x="5" y="-4" z="8" spawntime="60"/>
    <monster name="Rotworm" x="-3" y="-2" z="8" spawntime="60"/>
    <monster name="Rotworm" x="8" y="-2" z="8" spawntime="60"/>
    <monster name="Rotworm" x="-7" y="-1" z="8" spawntime="60"/>
    <monster name="Rotworm" x="4" y="-1" z="8" spawntime="60"/>
    <monster name="Rotworm" x="-7" y="0" z="8" spawntime="60"/>
    <monster name="Carrion Worm" x="8" y="1" z="8" spawntime="60"/>
    <monster name="Carrion Worm" x="-4" y="2" z="8" spawntime="60"/>
    <monster name="Carrion Worm" x="3" y="4" z="8" spawntime="60"/>
    <monster name="Carrion Worm" x="9" y="5" z="8" spawntime="60"/>
    <monster name="Carrion Worm" x="-8" y="6" z="8" spawntime="60"/>
    <monster name="Carrion Worm" x="-4" y="6" z="8" spawntime="60"/>
    <monster name="Carrion Worm" x="0" y="7" z="8" spawntime="60"/>
  </spawn>
  <spawn centerx="371" centery="875" centerz="8" radius="10">
    <monster name="Carrion Worm" x="-2" y="-8" z="8" spawntime="60"/>
    <monster name="Carrion Worm" x="7" y="-8" z="8" spawntime="60"/>
    <monster name="Rotworm Queen" x="10" y="-8" z="8" spawntime="60"/>
    <monster name="Rotworm Queen" x="-7" y="-6" z="8" spawntime="60"/>
    <monster name="Carrion Worm" x="-4" y="-6" z="8" spawntime="60"/>
    <monster name="Carrion Worm" x="5" y="-6" z="8" spawntime="60"/>
    <monster name="Rotworm Queen" x="1" y="-5" z="8" spawntime="60"/>
    <monster name="Carrion Worm" x="-8" y="-3" z="8" spawntime="60"/>
    <monster name="Carrion Worm" x="-1" y="-3" z="8" spawntime="60"/>
    <monster name="Carrion Worm" x="2" y="-3" z="8" spawntime="60"/>
    <monster name="Carrion Worm" x="7" y="-3" z="8" spawntime="60"/>
    <monster name="Carrion Worm" x="-4" y="-1" z="8" spawntime="60"/>
    <monster name="Carrion Worm" x="4" y="-1" z="8" spawntime="60"/>
    <monster name="Carrion Worm" x="10" y="0" z="8" spawntime="60"/>
    <monster name="Rotworm Queen" x="7" y="1" z="8" spawntime="60"/>
    <monster name="Carrion Worm" x="3" y="2" z="8" spawntime="60"/>
    <monster name="Rotworm Queen" x="-5" y="3" z="8" spawntime="60"/>
    <monster name="Carrion Worm" x="-1" y="3" z="8" spawntime="60"/>
    <monster name="Carrion Worm" x="10" y="4" z="8" spawntime="60"/>
    <monster name="Carrion Worm" x="-9" y="5" z="8" spawntime="60"/>
    <monster name="Carrion Worm" x="4" y="5" z="8" spawntime="60"/>
    <monster name="Carrion Worm" x="-9" y="10" z="8" spawntime="60"/>
  </spawn>
  <spawn centerx="392" centery="876" centerz="8" radius="10">
    <monster name="Carrion Worm" x="-4" y="-9" z="8" spawntime="60"/>
    <monster name="Carrion Worm" x="0" y="-7" z="8" spawntime="60"/>
    <monster name="Rotworm Queen" x="5" y="-7" z="8" spawntime="60"/>
    <monster name="Rotworm Queen" x="-9" y="-6" z="8" spawntime="60"/>
    <monster name="Carrion Worm" x="10" y="-6" z="8" spawntime="60"/>
    <monster name="Rotworm Queen" x="-3" y="-5" z="8" spawntime="60"/>
    <monster name="Carrion Worm" x="-10" y="-4" z="8" spawntime="60"/>
    <monster name="Carrion Worm" x="-1" y="-3" z="8" spawntime="60"/>
    <monster name="Rotworm Queen" x="3" y="-3" z="8" spawntime="60"/>
    <monster name="Carrion Worm" x="-7" y="-2" z="8" spawntime="60"/>
    <monster name="Carrion Worm" x="6" y="-2" z="8" spawntime="60"/>
    <monster name="Carrion Worm" x="-3" y="-1" z="8" spawntime="60"/>
    <monster name="Carrion Worm" x="10" y="1" z="8" spawntime="60"/>
    <monster name="Rotworm Queen" x="-7" y="2" z="8" spawntime="60"/>
    <monster name="Carrion Worm" x="-4" y="2" z="8" spawntime="60"/>
    <monster name="Carrion Worm" x="4" y="2" z="8" spawntime="60"/>
    <monster name="Carrion Worm" x="7" y="2" z="8" spawntime="60"/>
    <monster name="Carrion Worm" x="0" y="4" z="8" spawntime="60"/>
    <monster name="Rotworm Queen" x="4" y="6" z="8" spawntime="60"/>
    <monster name="Carrion Worm" x="7" y="6" z="8" spawntime="60"/>
    <monster name="Carrion Worm" x="6" y="9" z="8" spawntime="60"/>
    <monster name="Carrion Worm" x="9" y="9" z="8" spawntime="60"/>
  </spawn>
  <spawn centerx="426" centery="876" centerz="8" radius="10">
    <monster name="Carrion Worm" x="-6" y="-8" z="8" spawntime="60"/>
    <monster name="Carrion Worm" x="0" y="-7" z="8" spawntime="60"/>
    <monster name="Rotworm" x="4" y="-7" z="8" spawntime="60"/>
    <monster name="Rotworm" x="8" y="-7" z="8" spawntime="60"/>
    <monster name="Carrion Worm" x="-10" y="-6" z="8" spawntime="60"/>
    <monster name="Rotworm" x="5" y="-6" z="8" spawntime="60"/>
    <monster name="Rotworm Queen" x="-3" y="-5" z="8" spawntime="60"/>
    <monster name="Rotworm" x="1" y="-4" z="8" spawntime="60"/>
    <monster name="Rotworm" x="7" y="-4" z="8" spawntime="60"/>
    <monster name="Carrion Worm" x="-8" y="-3" z="8" spawntime="60"/>
    <monster name="Rotworm" x="5" y="-3" z="8" spawntime="60"/>
    <monster name="Carrion Worm" x="-2" y="-2" z="8" spawntime="60"/>
    <monster name="Rotworm" x="8" y="-1" z="8" spawntime="60"/>
    <monster name="Carrion Worm" x="-6" y="0" z="8" spawntime="60"/>
    <monster name="Rotworm" x="4" y="0" z="8" spawntime="60"/>
    <monster name="Carrion Worm" x="-3" y="3" z="8" spawntime="60"/>
    <monster name="Rotworm" x="-6" y="4" z="8" spawntime="60"/>
    <monster name="Carrion Worm" x="7" y="4" z="8" spawntime="60"/>
    <monster name="Rotworm Queen" x="2" y="5" z="8" spawntime="60"/>
    <monster name="Carrion Worm" x="-6" y="6" z="8" spawntime="60"/>
    <monster name="Rotworm" x="-2" y="7" z="8" spawntime="60"/>
  </spawn>
  <spawn centerx="351" centery="877" centerz="8" radius="10">
    <monster name="Carrion Worm" x="0" y="-9" z="8" spawntime="60"/>
    <monster name="Carrion Worm" x="8" y="-8" z="8" spawntime="60"/>
    <monster name="Carrion Worm" x="-8" y="-7" z="8" spawntime="60"/>
    <monster name="Rotworm Queen" x="-6" y="-7" z="8" spawntime="60"/>
    <monster name="Rotworm Queen" x="5" y="-7" z="8" spawntime="60"/>
    <monster name="Carrion Worm" x="-4" y="-5" z="8" spawntime="60"/>
    <monster name="Rotworm Queen" x="1" y="-5" z="8" spawntime="60"/>
    <monster name="Carrion Worm" x="-10" y="-4" z="8" spawntime="60"/>
    <monster name="Carrion Worm" x="3" y="-4" z="8" spawntime="60"/>
    <monster name="Carrion Worm" x="7" y="-4" z="8" spawntime="60"/>
    <monster name="Rotworm Queen" x="-6" y="-2" z="8" spawntime="60"/>
    <monster name="Carrion Worm" x="-2" y="-2" z="8" spawntime="60"/>
    <monster name="Carrion Worm" x="3" y="-1" z="8" spawntime="60"/>
    <monster name="Carrion Worm" x="-5" y="0" z="8" spawntime="60"/>
    <monster name="Carrion Worm" x="9" y="0" z="8" spawntime="60"/>
    <monster name="Carrion Worm" x="-10" y="1" z="8" spawntime="60"/>
    <monster name="Rotworm Queen" x="7" y="1" z="8" spawntime="60"/>
    <monster name="Carrion Worm" x="-8" y="2" z="8" spawntime="60"/>
    <monster name="Carrion Worm" x="3" y="2" z="8" spawntime="60"/>
    <monster name="Carrion Worm" x="-2" y="3" z="8" spawntime="60"/>
    <monster name="Carrion Worm" x="-5" y="4" z="8" spawntime="60"/>
    <monster name="Rotworm Queen" x="0" y="5" z="8" spawntime="60"/>
    <monster name="Carrion Worm" x="3" y="5" z="8" spawntime="60"/>
    <monster name="Rotworm Queen" x="6" y="5" z="8" spawntime="60"/>
    <monster name="Carrion Worm" x="9" y="7" z="8" spawntime="60"/>
    <monster name="Carrion Worm" x="0" y="9" z="8" spawntime="60"/>
    <monster name="Carrion Worm" x="9" y="9" z="8" spawntime="60"/>
    <monster name="Carrion Worm" x="4" y="10" z="8" spawntime="60"/>
  </spawn>
  <spawn centerx="410" centery="878" centerz="8" radius="10">
    <monster name="Carrion Worm" x="2" y="-9" z="8" spawntime="60"/>
    <monster name="Carrion Worm" x="-5" y="-8" z="8" spawntime="60"/>
    <monster name="Carrion Worm" x="-4" y="-5" z="8" spawntime="60"/>
    <monster name="Rotworm Queen" x="0" y="-5" z="8" spawntime="60"/>
    <monster name="Rotworm Queen" x="-7" y="-4" z="8" spawntime="60"/>
    <monster name="Rotworm Queen" x="-6" y="-4" z="8" spawntime="256"/>
    <monster name="Carrion Worm" x="3" y="-3" z="8" spawntime="60"/>
    <monster name="Carrion Worm" x="-2" y="-2" z="8" spawntime="60"/>
    <monster name="Carrion Worm" x="-5" y="1" z="8" spawntime="60"/>
    <monster name="Carrion Worm" x="5" y="1" z="8" spawntime="60"/>
    <monster name="Carrion Worm" x="2" y="2" z="8" spawntime="60"/>
    <monster name="Carrion Worm" x="-3" y="3" z="8" spawntime="60"/>
    <monster name="Rotworm Queen" x="-7" y="4" z="8" spawntime="60"/>
    <monster name="Rotworm Queen" x="0" y="5" z="8" spawntime="60"/>
    <monster name="Carrion Worm" x="-5" y="6" z="8" spawntime="60"/>
    <monster name="Carrion Worm" x="-4" y="6" z="8" spawntime="60"/>
    <monster name="Carrion Worm" x="3" y="7" z="8" spawntime="60"/>
  </spawn>
  <spawn centerx="149" centery="36" centerz="9" radius="5">
    <monster name="Priestess" x="3" y="-5" z="9" spawntime="60"/>
    <monster name="Priestess" x="-1" y="-4" z="9" spawntime="60"/>
    <monster name="Priestess" x="-1" y="4" z="9" spawntime="60"/>
    <monster name="Priestess" x="3" y="5" z="9" spawntime="60"/>
  </spawn>
  <spawn centerx="452" centery="38" centerz="9" radius="5">
    <monster name="Training Monk" x="-1" y="0" z="9" spawntime="60"/>
    <monster name="Training Monk" x="1" y="0" z="9" spawntime="60"/>
  </spawn>
  <spawn centerx="464" centery="38" centerz="9" radius="5">
    <monster name="Training Monk" x="-1" y="0" z="9" spawntime="60"/>
    <monster name="Training Monk" x="1" y="0" z="9" spawntime="60"/>
  </spawn>
  <spawn centerx="66" centery="43" centerz="9" radius="5">
    <monster name="Necromancer" x="-2" y="-2" z="9" spawntime="60"/>
    <monster name="Necromancer" x="4" y="-2" z="9" spawntime="60"/>
    <monster name="Priestess" x="2" y="-1" z="9" spawntime="60"/>
    <monster name="Priestess" x="-4" y="3" z="9" spawntime="60"/>
    <monster name="Necromancer" x="-2" y="4" z="9" spawntime="60"/>
    <monster name="Haunted Treeling" x="0" y="4" z="9" spawntime="60"/>
  </spawn>
  <spawn centerx="285" centery="43" centerz="9" radius="5">
    <monster name="Demodras" x="1" y="0" z="9" spawntime="60"/>
  </spawn>
  <spawn centerx="303" centery="43" centerz="9" radius="5">
    <monster name="Demodras" x="1" y="1" z="9" spawntime="60"/>
    <monster name="Gozzler" x="3" y="2" z="9" spawntime="60"/>
  </spawn>
  <spawn centerx="292" centery="46" centerz="9" radius="5">
    <monster name="Demodras" x="1" y="1" z="9" spawntime="60"/>
    <monster name="Gozzler" x="-4" y="3" z="9" spawntime="60"/>
    <monster name="Acid Blob" x="1" y="3" z="9" spawntime="60"/>
  </spawn>
  <spawn centerx="452" centery="48" centerz="9" radius="5">
    <monster name="Training Monk" x="-1" y="0" z="9" spawntime="60"/>
    <monster name="Training Monk" x="1" y="0" z="9" spawntime="60"/>
  </spawn>
  <spawn centerx="464" centery="48" centerz="9" radius="5">
    <monster name="Training Monk" x="-1" y="0" z="9" spawntime="60"/>
    <monster name="Training Monk" x="1" y="0" z="9" spawntime="60"/>
  </spawn>
  <spawn centerx="276" centery="50" centerz="9" radius="5">
    <monster name="Gozzler" x="-1" y="0" z="9" spawntime="60"/>
    <monster name="Demodras" x="2" y="0" z="9" spawntime="60"/>
  </spawn>
  <spawn centerx="308" centery="53" centerz="9" radius="5">
    <monster name="Demodras" x="-1" y="1" z="9" spawntime="60"/>
    <monster name="Acid Blob" x="2" y="1" z="9" spawntime="60"/>
    <monster name="Gozzler" x="2" y="5" z="9" spawntime="60"/>
  </spawn>
  <spawn centerx="66" centery="56" centerz="9" radius="5">
    <monster name="Necromancer" x="-4" y="-4" z="9" spawntime="60"/>
    <monster name="Priestess" x="0" y="-2" z="9" spawntime="60"/>
    <monster name="Necromancer" x="0" y="-1" z="9" spawntime="60"/>
    <monster name="Haunted Treeling" x="-2" y="0" z="9" spawntime="60"/>
    <monster name="Necromancer" x="1" y="0" z="9" spawntime="60"/>
    <monster name="Necromancer" x="-2" y="3" z="9" spawntime="60"/>
  </spawn>
  <spawn centerx="276" centery="62" centerz="9" radius="5">
    <monster name="Demodras" x="5" y="-5" z="9" spawntime="60"/>
    <monster name="Acid Blob" x="1" y="-2" z="9" spawntime="60"/>
    <monster name="Demodras" x="-1" y="2" z="9" spawntime="60"/>
    <monster name="Gozzler" x="-1" y="3" z="9" spawntime="60"/>
  </spawn>
  <spawn centerx="158" centery="68" centerz="9" radius="5">
    <monster name="Vampire" x="-3" y="-1" z="9" spawntime="60"/>
    <monster name="Vampire" x="2" y="-1" z="9" spawntime="60"/>
    <monster name="Vampire" x="1" y="4" z="9" spawntime="60"/>
    <monster name="Vampire" x="2" y="4" z="9" spawntime="60"/>
    <monster name="Vampire Bride" x="4" y="5" z="9" spawntime="60"/>
  </spawn>
  <spawn centerx="129" centery="70" centerz="9" radius="5">
    <monster name="Vampire Bride" x="-5" y="-1" z="9" spawntime="60"/>
    <monster name="Vampire" x="-3" y="-1" z="9" spawntime="60"/>
    <monster name="Vampire" x="-4" y="0" z="9" spawntime="60"/>
    <monster name="Vampire" x="3" y="0" z="9" spawntime="60"/>
    <monster name="Vampire" x="5" y="4" z="9" spawntime="60"/>
  </spawn>
  <spawn centerx="63" centery="71" centerz="9" radius="5">
    <monster name="Haunted Treeling" x="0" y="-4" z="9" spawntime="60"/>
    <monster name="Necromancer" x="0" y="-3" z="9" spawntime="60"/>
    <monster name="Necromancer" x="0" y="4" z="9" spawntime="60"/>
  </spawn>
  <spawn centerx="144" centery="76" centerz="9" radius="5">
    <monster name="Vampire" x="-2" y="-3" z="9" spawntime="60"/>
    <monster name="Vampire Bride" x="0" y="-3" z="9" spawntime="60"/>
    <monster name="Vampire" x="4" y="-3" z="9" spawntime="60"/>
    <monster name="Vampire" x="0" y="2" z="9" spawntime="60"/>
  </spawn>
  <spawn centerx="50" centery="79" centerz="9" radius="5">
    <monster name="Necromancer" x="-1" y="-1" z="9" spawntime="60"/>
    <monster name="Haunted Treeling" x="-1" y="1" z="9" spawntime="60"/>
    <monster name="Necromancer" x="5" y="1" z="9" spawntime="60"/>
  </spawn>
  <spawn centerx="75" centery="81" centerz="9" radius="5">
    <monster name="Necromancer" x="0" y="-1" z="9" spawntime="60"/>
    <monster name="Haunted Treeling" x="3" y="-1" z="9" spawntime="60"/>
    <monster name="Necromancer" x="5" y="-1" z="9" spawntime="60"/>
  </spawn>
  <spawn centerx="198" centery="81" centerz="9" radius="5">
    <monster name="Demon" x="-1" y="-2" z="9" spawntime="60"/>
    <monster name="Demon" x="0" y="-2" z="9" spawntime="60"/>
    <monster name="Demon" x="0" y="-1" z="9" spawntime="60"/>
    <monster name="Demon" x="-1" y="2" z="9" spawntime="60"/>
    <monster name="Demon" x="-1" y="3" z="9" spawntime="60"/>
    <monster name="Demon" x="0" y="3" z="9" spawntime="60"/>
    <monster name="Demon" x="-1" y="4" z="9" spawntime="60"/>
  </spawn>
  <spawn centerx="90" centery="82" centerz="9" radius="5">
    <monster name="Necromancer" x="-1" y="0" z="9" spawntime="60"/>
    <monster name="Haunted Treeling" x="2" y="2" z="9" spawntime="60"/>
  </spawn>
  <spawn centerx="159" centery="82" centerz="9" radius="5">
    <monster name="Hero" x="1" y="-3" z="9" spawntime="60"/>
    <monster name="Hero" x="2" y="-3" z="9" spawntime="60"/>
    <monster name="War Golem" x="3" y="-3" z="9" spawntime="60"/>
    <monster name="Hero" x="0" y="5" z="9" spawntime="60"/>
  </spawn>
  <spawn centerx="139" centery="83" centerz="9" radius="5">
    <monster name="Hero" x="-3" y="-4" z="9" spawntime="60"/>
    <monster name="War Golem" x="-2" y="-4" z="9" spawntime="60"/>
    <monster name="Hero" x="-1" y="-3" z="9" spawntime="60"/>
    <npc name="Paco qliao" x="-1" y="-1" z="9" spawntime="60"/>
    <monster name="Vampire" x="3" y="-1" z="9" spawntime="60"/>
    <monster name="Hero" x="0" y="5" z="9" spawntime="60"/>
  </spawn>
  <spawn centerx="63" centery="91" centerz="9" radius="5">
    <monster name="Necromancer" x="1" y="-4" z="9" spawntime="60"/>
    <monster name="Haunted Treeling" x="0" y="-2" z="9" spawntime="60"/>
    <monster name="Necromancer" x="2" y="3" z="9" spawntime="60"/>
  </spawn>
  <spawn centerx="90" centery="93" centerz="9" radius="5">
    <monster name="Necromancer" x="1" y="-3" z="9" spawntime="60"/>
    <monster name="Necromancer" x="-4" y="1" z="9" spawntime="60"/>
    <monster name="Haunted Treeling" x="1" y="1" z="9" spawntime="60"/>
  </spawn>
  <spawn centerx="147" centery="95" centerz="9" radius="5">
    <monster name="Hero" x="0" y="-1" z="9" spawntime="60"/>
    <monster name="Hero" x="0" y="5" z="9" spawntime="60"/>
  </spawn>
  <spawn centerx="116" centery="98" centerz="9" radius="5">
    <monster name="Worker Golem" x="0" y="-4" z="9" spawntime="60"/>
    <monster name="Nightstalker" x="-2" y="-3" z="9" spawntime="60"/>
    <monster name="Nightstalker" x="3" y="-3" z="9" spawntime="60"/>
    <monster name="Nightstalker" x="-4" y="3" z="9" spawntime="60"/>
    <monster name="Nightstalker" x="3" y="3" z="9" spawntime="60"/>
    <monster name="War Golem" x="-1" y="4" z="9" spawntime="60"/>
  </spawn>
  <spawn centerx="164" centery="99" centerz="9" radius="5">
    <monster name="War Golem" x="1" y="-1" z="9" spawntime="60"/>
    <monster name="Hero" x="-1" y="0" z="9" spawntime="60"/>
    <monster name="Hero" x="-5" y="3" z="9" spawntime="60"/>
    <monster name="Hero" x="1" y="3" z="9" spawntime="60"/>
  </spawn>
  <spawn centerx="81" centery="103" centerz="9" radius="5">
    <monster name="Necromancer" x="3" y="-2" z="9" spawntime="60"/>
    <monster name="Haunted Treeling" x="0" y="-1" z="9" spawntime="60"/>
  </spawn>
  <spawn centerx="67" centery="106" centerz="9" radius="5">
    <monster name="Necromancer" x="1" y="-1" z="9" spawntime="60"/>
    <monster name="Haunted Treeling" x="0" y="1" z="9" spawntime="60"/>
  </spawn>
  <spawn centerx="157" centery="106" centerz="9" radius="5">
    <npc name="Paco qliao" x="-3" y="-1" z="9" spawntime="60"/>
    <monster name="Hero" x="-1" y="0" z="9" spawntime="60"/>
    <monster name="Hero" x="-5" y="3" z="9" spawntime="60"/>
    <monster name="Hero" x="-2" y="5" z="9" spawntime="60"/>
  </spawn>
  <spawn centerx="147" centery="108" centerz="9" radius="5">
    <monster name="Hero" x="1" y="-4" z="9" spawntime="60"/>
    <monster name="War Golem" x="-2" y="0" z="9" spawntime="60"/>
    <monster name="Hero" x="0" y="1" z="9" spawntime="60"/>
  </spawn>
  <spawn centerx="291" centery="111" centerz="9" radius="5">
    <monster name="Fire Elemental" x="-3" y="-3" z="9" spawntime="60"/>
    <npc name="Paco qliao" x="1" y="-3" z="9" spawntime="60"/>
    <monster name="Fire Elemental" x="3" y="-3" z="9" spawntime="60"/>
    <monster name="Demon" x="-1" y="0" z="9" spawntime="60"/>
    <monster name="Fire Elemental" x="0" y="1" z="9" spawntime="60"/>
    <monster name="Fire Elemental" x="-3" y="2" z="9" spawntime="60"/>
    <monster name="Fire Elemental" x="4" y="2" z="9" spawntime="60"/>
  </spawn>
  <spawn centerx="159" centery="114" centerz="9" radius="5">
    <monster name="Hero" x="2" y="0" z="9" spawntime="60"/>
    <monster name="Hero" x="4" y="0" z="9" spawntime="60"/>
    <monster name="Hero" x="2" y="2" z="9" spawntime="60"/>
    <monster name="War Golem" x="4" y="3" z="9" spawntime="60"/>
  </spawn>
  <spawn centerx="106" centery="118" centerz="9" radius="5">
    <monster name="Undead Dragon" x="-4" y="-5" z="9" spawntime="60"/>
    <monster name="Undead Dragon" x="5" y="-1" z="9" spawntime="60"/>
    <monster name="Undead Dragon" x="-3" y="0" z="9" spawntime="60"/>
    <monster name="Undead Dragon" x="2" y="5" z="9" spawntime="60"/>
    <monster name="Undead Dragon" x="5" y="5" z="9" spawntime="60"/>
  </spawn>
  <spawn centerx="184" centery="119" centerz="9" radius="5">
    <monster name="Demon" x="1" y="-1" z="9" spawntime="60"/>
    <monster name="Demon" x="-2" y="4" z="9" spawntime="60"/>
  </spawn>
  <spawn centerx="143" centery="120" centerz="9" radius="5">
    <monster name="Undead Gladiator" x="2" y="-4" z="9" spawntime="60"/>
    <monster name="Undead Gladiator" x="-1" y="2" z="9" spawntime="60"/>
  </spawn>
  <spawn centerx="264" centery="125" centerz="9" radius="5">
    <monster name="Vampire" x="-1" y="-3" z="9" spawntime="60"/>
    <monster name="Vampire" x="0" y="-1" z="9" spawntime="60"/>
    <monster name="Dipthrah" x="1" y="0" z="9" spawntime="60"/>
  </spawn>
  <spawn centerx="122" centery="126" centerz="9" radius="5">
    <monster name="Undead Dragon" x="-5" y="-4" z="9" spawntime="60"/>
    <monster name="Undead Dragon" x="-1" y="-1" z="9" spawntime="60"/>
    <monster name="Undead Dragon" x="4" y="1" z="9" spawntime="60"/>
  </spawn>
  <spawn centerx="151" centery="126" centerz="9" radius="5">
    <monster name="Undead Gladiator" x="-1" y="-1" z="9" spawntime="60"/>
    <monster name="Undead Gladiator" x="1" y="5" z="9" spawntime="60"/>
  </spawn>
  <spawn centerx="181" centery="131" centerz="9" radius="5">
    <monster name="Demon" x="1" y="-2" z="9" spawntime="60"/>
    <monster name="Demon" x="1" y="3" z="9" spawntime="60"/>
  </spawn>
  <spawn centerx="145" centery="135" centerz="9" radius="5">
    <monster name="Undead Gladiator" x="-5" y="-5" z="9" spawntime="60"/>
    <monster name="Undead Gladiator" x="-1" y="1" z="9" spawntime="60"/>
    <monster name="Undead Gladiator" x="3" y="1" z="9" spawntime="60"/>
  </spawn>
  <spawn centerx="62" centery="152" centerz="9" radius="5">
    <monster name="Dragon Lord Hatchling" x="2" y="-2" z="9" spawntime="60"/>
    <monster name="Dragon Lord" x="3" y="-2" z="9" spawntime="60"/>
    <monster name="Dragon Lord Hatchling" x="-2" y="1" z="9" spawntime="60"/>
    <monster name="Dragon Lord" x="-3" y="3" z="9" spawntime="60"/>
  </spawn>
  <spawn centerx="207" centery="156" centerz="9" radius="50">
    <npc name="Paco qliao" x="-2" y="-23" z="9" spawntime="60"/>
    <monster name="Juggernaut" x="3" y="-21" z="9" spawntime="60"/>
    <monster name="Juggernaut" x="-3" y="-20" z="9" spawntime="60"/>
    <monster name="Dipthrah" x="-2" y="-14" z="9" spawntime="60"/>
    <monster name="Ashmunrah" x="3" y="-14" z="9" spawntime="60"/>
    <monster name="Thalas" x="0" y="-6" z="9" spawntime="60"/>
    <monster name="Juggernaut" x="-7" y="-3" z="9" spawntime="60"/>
    <monster name="Juggernaut" x="8" y="-3" z="9" spawntime="60"/>
    <monster name="Lich" x="-45" y="-1" z="9" spawntime="60"/>
    <monster name="Lich" x="-50" y="1" z="9" spawntime="60"/>
    <monster name="Undead Dragon" x="0" y="2" z="9" spawntime="60"/>
    <monster name="Lich" x="-46" y="3" z="9" spawntime="60"/>
    <monster name="Lich" x="-43" y="4" z="9" spawntime="60"/>
    <monster name="Lich" x="-47" y="7" z="9" spawntime="60"/>
    <monster name="Juggernaut" x="0" y="7" z="9" spawntime="60"/>
  </spawn>
  <spawn centerx="160" centery="159" centerz="9" radius="5">
    <monster name="Lich" x="-4" y="2" z="9" spawntime="60"/>
  </spawn>
  <spawn centerx="71" centery="165" centerz="9" radius="5">
    <monster name="Dragon Lord" x="-2" y="0" z="9" spawntime="60"/>
    <monster name="Dragon Lord Hatchling" x="3" y="0" z="9" spawntime="60"/>
    <monster name="Dragon Lord" x="5" y="2" z="9" spawntime="60"/>
    <monster name="Dragon Lord Hatchling" x="1" y="4" z="9" spawntime="60"/>
  </spawn>
  <spawn centerx="44" centery="166" centerz="9" radius="5">
    <monster name="Dragon Lord" x="-1" y="0" z="9" spawntime="60"/>
    <monster name="Dragon Lord Hatchling" x="1" y="1" z="9" spawntime="60"/>
    <monster name="Dragon Lord" x="4" y="1" z="9" spawntime="60"/>
  </spawn>
  <spawn centerx="57" centery="167" centerz="9" radius="5">
    <monster name="Dragon Lord Hatchling" x="0" y="-1" z="9" spawntime="60"/>
  </spawn>
  <spawn centerx="33" centery="170" centerz="9" radius="5">
    <monster name="Dragon Lord" x="2" y="-2" z="9" spawntime="60"/>
    <monster name="Dragon Lord Hatchling" x="5" y="-1" z="9" spawntime="60"/>
    <monster name="Dragon Lord Hatchling" x="1" y="1" z="9" spawntime="60"/>
    <monster name="Dragon Lord" x="1" y="2" z="9" spawntime="60"/>
  </spawn>
  <spawn centerx="73" centery="179" centerz="9" radius="5">
    <monster name="Dragon Lord" x="-1" y="-3" z="9" spawntime="60"/>
    <monster name="Dragon Lord Hatchling" x="-3" y="-1" z="9" spawntime="60"/>
    <monster name="Dragon Lord Hatchling" x="-1" y="1" z="9" spawntime="60"/>
    <monster name="Dragon Lord" x="2" y="2" z="9" spawntime="60"/>
    <monster name="Dragon Lord Hatchling" x="1" y="4" z="9" spawntime="60"/>
  </spawn>
  <spawn centerx="52" centery="183" centerz="9" radius="5">
    <monster name="Dragon Lord" x="4" y="-1" z="9" spawntime="60"/>
    <monster name="Dragon Lord Hatchling" x="3" y="0" z="9" spawntime="60"/>
    <monster name="Dragon Lord Hatchling" x="-1" y="1" z="9" spawntime="60"/>
    <monster name="Dragon Lord" x="-2" y="2" z="9" spawntime="60"/>
  </spawn>
  <spawn centerx="66" centery="194" centerz="9" radius="5">
    <monster name="Dragon Lord Hatchling" x="3" y="-1" z="9" spawntime="60"/>
    <monster name="Wyrm" x="-2" y="0" z="9" spawntime="60"/>
    <monster name="Dragon Lord Hatchling" x="-1" y="3" z="9" spawntime="60"/>
    <monster name="Wyrm" x="1" y="4" z="9" spawntime="60"/>
  </spawn>
  <spawn centerx="55" centery="204" centerz="9" radius="5">
    <monster name="Wyrm" x="4" y="-2" z="9" spawntime="60"/>
    <monster name="Dragon Lord Hatchling" x="0" y="-1" z="9" spawntime="60"/>
    <monster name="Wyrm" x="-2" y="3" z="9" spawntime="60"/>
    <monster name="Dragon Lord Hatchling" x="3" y="4" z="9" spawntime="60"/>
  </spawn>
  <spawn centerx="68" centery="213" centerz="9" radius="5">
    <monster name="Wyrm" x="0" y="-2" z="9" spawntime="60"/>
    <monster name="Dragon Lord Hatchling" x="-3" y="-1" z="9" spawntime="60"/>
    <monster name="Wyrm" x="5" y="0" z="9" spawntime="60"/>
    <monster name="Wyrm" x="-1" y="1" z="9" spawntime="60"/>
    <monster name="Wyrm" x="-2" y="2" z="9" spawntime="60"/>
    <monster name="Wyrm" x="4" y="2" z="9" spawntime="60"/>
    <monster name="Dragon Lord Hatchling" x="2" y="3" z="9" spawntime="60"/>
  </spawn>
  <spawn centerx="109" centery="259" centerz="9" radius="5">
    <monster name="Hydra" x="-2" y="-2" z="9" spawntime="60"/>
    <monster name="Hydra" x="-4" y="1" z="9" spawntime="60"/>
    <monster name="Hydra" x="1" y="2" z="9" spawntime="60"/>
    <monster name="Hydra" x="4" y="3" z="9" spawntime="60"/>
  </spawn>
  <spawn centerx="124" centery="261" centerz="9" radius="5">
    <monster name="Hydra" x="-2" y="-2" z="9" spawntime="60"/>
    <monster name="Hydra" x="5" y="-2" z="9" spawntime="60"/>
    <monster name="Hydra" x="3" y="2" z="9" spawntime="60"/>
    <monster name="Hydra" x="-1" y="4" z="9" spawntime="60"/>
  </spawn>
  <spawn centerx="140" centery="261" centerz="9" radius="5">
    <monster name="Hydra" x="-2" y="-3" z="9" spawntime="60"/>
    <monster name="Defiler" x="1" y="-3" z="9" spawntime="60"/>
    <monster name="Grim Reaper" x="5" y="0" z="9" spawntime="60"/>
    <monster name="Defiler" x="1" y="4" z="9" spawntime="60"/>
    <monster name="Hydra" x="-2" y="5" z="9" spawntime="60"/>
  </spawn>
  <spawn centerx="94" centery="264" centerz="9" radius="5">
    <monster name="Hydra" x="5" y="-4" z="9" spawntime="60"/>
    <monster name="Hydra" x="-3" y="-2" z="9" spawntime="60"/>
    <monster name="Hydra" x="3" y="-2" z="9" spawntime="60"/>
    <monster name="Hydra" x="2" y="0" z="9" spawntime="60"/>
    <monster name="Hydra" x="-3" y="2" z="9" spawntime="60"/>
    <monster name="Hydra" x="5" y="4" z="9" spawntime="60"/>
  </spawn>
  <spawn centerx="108" centery="271" centerz="9" radius="5">
    <monster name="Hydra" x="-4" y="-3" z="9" spawntime="60"/>
    <monster name="Hydra" x="-5" y="-1" z="9" spawntime="60"/>
    <monster name="Hydra" x="3" y="-1" z="9" spawntime="60"/>
  </spawn>
  <spawn centerx="175" centery="464" centerz="9" radius="5">
    <monster name="Bug" x="3" y="-4" z="9" spawntime="60"/>
    <monster name="Bug" x="-1" y="-3" z="9" spawntime="60"/>
    <monster name="Bug" x="-1" y="-2" z="9" spawntime="60"/>
    <monster name="Bug" x="2" y="-2" z="9" spawntime="60"/>
    <monster name="Bug" x="3" y="-2" z="9" spawntime="60"/>
    <monster name="Bug" x="5" y="-2" z="9" spawntime="60"/>
    <monster name="Bug" x="-4" y="-1" z="9" spawntime="60"/>
    <monster name="Bug" x="-4" y="0" z="9" spawntime="60"/>
    <monster name="Bug" x="-3" y="0" z="9" spawntime="60"/>
    <monster name="Bug" x="0" y="1" z="9" spawntime="60"/>
    <monster name="Bug" x="4" y="2" z="9" spawntime="60"/>
  </spawn>
  <spawn centerx="184" centery="465" centerz="9" radius="5">
    <monster name="Bug" x="0" y="-5" z="9" spawntime="60"/>
    <monster name="Bug" x="5" y="-5" z="9" spawntime="60"/>
    <monster name="Bug" x="-3" y="-4" z="9" spawntime="60"/>
    <monster name="Bug" x="-1" y="-4" z="9" spawntime="60"/>
    <monster name="Bug" x="5" y="-4" z="9" spawntime="60"/>
    <monster name="Bug" x="-2" y="-3" z="9" spawntime="60"/>
    <monster name="Bug" x="5" y="-3" z="9" spawntime="60"/>
    <monster name="Bug" x="-1" y="-2" z="9" spawntime="60"/>
    <monster name="Bug" x="0" y="-2" z="9" spawntime="60"/>
    <monster name="Bug" x="-3" y="-1" z="9" spawntime="60"/>
    <monster name="Bug" x="-1" y="-1" z="9" spawntime="60"/>
    <monster name="Bug" x="1" y="-1" z="9" spawntime="60"/>
    <monster name="Bug" x="3" y="-1" z="9" spawntime="60"/>
    <monster name="Bug" x="5" y="-1" z="9" spawntime="60"/>
    <monster name="Bug" x="0" y="1" z="9" spawntime="60"/>
  </spawn>
  <spawn centerx="192" centery="469" centerz="9" radius="5">
    <monster name="Bug" x="-1" y="-4" z="9" spawntime="60"/>
    <monster name="Golgordan" x="0" y="5" z="9" spawntime="60"/>
  </spawn>
  <spawn centerx="358" centery="470" centerz="9" radius="5">
    <monster name="Super Hero" x="-5" y="-4" z="9" spawntime="60"/>
    <monster name="Super Hero" x="-3" y="-3" z="9" spawntime="60"/>
    <monster name="Super Hero" x="1" y="-2" z="9" spawntime="60"/>
    <monster name="Super Hero" x="4" y="-2" z="9" spawntime="60"/>
    <monster name="Super Hero" x="-3" y="-1" z="9" spawntime="60"/>
    <monster name="Super Hero" x="1" y="-1" z="9" spawntime="60"/>
    <monster name="Super Hero" x="-4" y="0" z="9" spawntime="60"/>
    <monster name="Super Hero" x="3" y="1" z="9" spawntime="60"/>
    <monster name="Super Hero" x="-2" y="2" z="9" spawntime="60"/>
    <monster name="Super Hero" x="-1" y="2" z="9" spawntime="60"/>
    <monster name="Super Hero" x="-4" y="4" z="9" spawntime="60"/>
    <monster name="Super Hero" x="3" y="4" z="9" spawntime="60"/>
    <monster name="Super Hero" x="-3" y="5" z="9" spawntime="60"/>
    <monster name="Super Hero" x="1" y="5" z="9" spawntime="60"/>
  </spawn>
  <spawn centerx="368" centery="470" centerz="9" radius="5">
    <monster name="Super Hero" x="0" y="-2" z="9" spawntime="60"/>
    <monster name="Super Hero" x="3" y="-2" z="9" spawntime="60"/>
    <monster name="Super Hero" x="-1" y="-1" z="9" spawntime="60"/>
    <monster name="Super Hero" x="2" y="0" z="9" spawntime="60"/>
    <monster name="Super Hero" x="-4" y="1" z="9" spawntime="60"/>
    <monster name="Super Hero" x="3" y="1" z="9" spawntime="60"/>
    <monster name="Super Hero" x="-1" y="3" z="9" spawntime="60"/>
    <monster name="Super Hero" x="2" y="3" z="9" spawntime="60"/>
  </spawn>
  <spawn centerx="186" centery="471" centerz="9" radius="5"/>
  <spawn centerx="171" centery="472" centerz="9" radius="5">
    <monster name="Golgordan" x="0" y="2" z="9" spawntime="60"/>
    <monster name="Golgordan" x="3" y="5" z="9" spawntime="60"/>
  </spawn>
  <spawn centerx="177" centery="474" centerz="9" radius="5"/>
  <spawn centerx="358" centery="474" centerz="9" radius="5">
    <monster name="Super Hero" x="5" y="2" z="9" spawntime="60"/>
    <monster name="Super Hero" x="-1" y="3" z="9" spawntime="60"/>
    <monster name="Super Hero" x="-4" y="4" z="9" spawntime="60"/>
    <monster name="Super Hero" x="1" y="4" z="9" spawntime="60"/>
    <monster name="Super Hero" x="-3" y="5" z="9" spawntime="60"/>
  </spawn>
  <spawn centerx="368" centery="476" centerz="9" radius="5">
    <monster name="Super Hero" x="-3" y="0" z="9" spawntime="60"/>
    <monster name="Super Hero" x="0" y="1" z="9" spawntime="60"/>
    <monster name="Super Hero" x="3" y="1" z="9" spawntime="60"/>
    <monster name="Super Hero" x="3" y="2" z="9" spawntime="60"/>
    <monster name="Super Hero" x="-4" y="5" z="9" spawntime="60"/>
    <monster name="Super Hero" x="-2" y="5" z="9" spawntime="60"/>
    <monster name="Super Hero" x="1" y="5" z="9" spawntime="60"/>
  </spawn>
  <spawn centerx="190" centery="477" centerz="9" radius="5">
    <monster name="Golgordan" x="-1" y="0" z="9" spawntime="60"/>
    <monster name="Will Smith" x="-4" y="3" z="9" spawntime="60"/>
  </spawn>
  <spawn centerx="183" centery="478" centerz="9" radius="5">
    <monster name="Will Smith" x="-5" y="2" z="9" spawntime="60"/>
  </spawn>
  <spawn centerx="361" centery="481" centerz="9" radius="5">
    <monster name="Super Hero" x="-5" y="0" z="9" spawntime="60"/>
    <monster name="Super Hero" x="-2" y="1" z="9" spawntime="60"/>
    <monster name="Super Hero" x="1" y="2" z="9" spawntime="60"/>
    <monster name="Super Hero" x="4" y="2" z="9" spawntime="60"/>
    <monster name="Super Hero" x="-4" y="3" z="9" spawntime="60"/>
    <monster name="Super Hero" x="0" y="3" z="9" spawntime="60"/>
    <monster name="Super Hero" x="5" y="3" z="9" spawntime="60"/>
  </spawn>
  <spawn centerx="355" centery="482" centerz="9" radius="5">
    <monster name="Super Hero" x="0" y="1" z="9" spawntime="60"/>
    <monster name="Super Hero" x="-1" y="2" z="9" spawntime="60"/>
  </spawn>
  <spawn centerx="368" centery="483" centerz="9" radius="5">
    <monster name="Super Hero" x="3" y="-1" z="9" spawntime="60"/>
    <monster name="Super Hero" x="1" y="1" z="9" spawntime="60"/>
  </spawn>
  <spawn centerx="452" centery="38" centerz="10" radius="5">
    <monster name="Training Monk" x="-1" y="0" z="10" spawntime="60"/>
    <monster name="Training Monk" x="1" y="0" z="10" spawntime="60"/>
  </spawn>
  <spawn centerx="464" centery="38" centerz="10" radius="5">
    <monster name="Training Monk" x="-1" y="0" z="10" spawntime="60"/>
    <monster name="Training Monk" x="1" y="0" z="10" spawntime="60"/>
  </spawn>
  <spawn centerx="65" centery="46" centerz="10" radius="5">
    <monster name="Werewolf" x="-1" y="-4" z="10" spawntime="60"/>
    <monster name="Werewolf" x="4" y="-2" z="10" spawntime="60"/>
    <monster name="Werewolf" x="-2" y="1" z="10" spawntime="60"/>
    <monster name="Werewolf" x="-3" y="4" z="10" spawntime="60"/>
    <monster name="Werewolf" x="-1" y="5" z="10" spawntime="60"/>
    <monster name="Werewolf" x="3" y="5" z="10" spawntime="60"/>
  </spawn>
  <spawn centerx="452" centery="48" centerz="10" radius="5">
    <monster name="Training Monk" x="-1" y="0" z="10" spawntime="60"/>
    <monster name="Training Monk" x="1" y="0" z="10" spawntime="60"/>
  </spawn>
  <spawn centerx="464" centery="48" centerz="10" radius="5">
    <monster name="Training Monk" x="-1" y="0" z="10" spawntime="60"/>
    <monster name="Training Monk" x="1" y="0" z="10" spawntime="60"/>
  </spawn>
  <spawn centerx="208" centery="59" centerz="10" radius="5">
    <monster name="Rahemos" x="1" y="-2" z="10" spawntime="60"/>
    <monster name="Dipthrah" x="-1" y="-1" z="10" spawntime="60"/>
    <monster name="Morguthis" x="4" y="0" z="10" spawntime="60"/>
    <monster name="Thalas" x="-1" y="1" z="10" spawntime="60"/>
    <monster name="Mahrdis" x="1" y="1" z="10" spawntime="60"/>
    <monster name="Omruc" x="3" y="2" z="10" spawntime="60"/>
    <monster name="Vashresamun" x="2" y="5" z="10" spawntime="60"/>
  </spawn>
  <spawn centerx="218" centery="69" centerz="10" radius="5">
    <monster name="Dipthrah" x="-2" y="1" z="10" spawntime="60"/>
    <monster name="Mahrdis" x="-1" y="1" z="10" spawntime="60"/>
    <monster name="Omruc" x="2" y="1" z="10" spawntime="60"/>
    <monster name="Morguthis" x="5" y="1" z="10" spawntime="60"/>
    <monster name="Vampire" x="3" y="2" z="10" spawntime="60"/>
  </spawn>
  <spawn centerx="233" centery="69" centerz="10" radius="5">
    <monster name="Mahrdis" x="0" y="-5" z="10" spawntime="60"/>
    <monster name="Vampire" x="1" y="-2" z="10" spawntime="60"/>
    <monster name="Dipthrah" x="0" y="1" z="10" spawntime="60"/>
    <monster name="Ashmunrah" x="0" y="4" z="10" spawntime="60"/>
  </spawn>
  <spawn centerx="268" centery="69" centerz="10" radius="5">
    <monster name="Mahrdis" x="2" y="-1" z="10" spawntime="60"/>
    <monster name="Vampire" x="-4" y="0" z="10" spawntime="60"/>
    <monster name="Morguthis" x="5" y="0" z="10" spawntime="60"/>
  </spawn>
  <spawn centerx="249" centery="70" centerz="10" radius="5">
    <monster name="Vashresamun" x="-3" y="-1" z="10" spawntime="60"/>
    <monster name="Thalas" x="-1" y="-1" z="10" spawntime="60"/>
    <monster name="Omruc" x="1" y="-1" z="10" spawntime="60"/>
    <monster name="Rahemos" x="-1" y="0" z="10" spawntime="60"/>
    <monster name="Vampire" x="4" y="0" z="10" spawntime="60"/>
  </spawn>
  <spawn centerx="139" centery="81" centerz="10" radius="5">
    <monster name="Demon" x="1" y="-1" z="10" spawntime="60"/>
  </spawn>
  <spawn centerx="232" centery="81" centerz="10" radius="5">
    <monster name="Vampire" x="1" y="-1" z="10" spawntime="60"/>
    <monster name="Vashresamun" x="1" y="2" z="10" spawntime="60"/>
  </spawn>
  <spawn centerx="194" centery="88" centerz="10" radius="5">
    <monster name="Demon" x="-1" y="-4" z="10" spawntime="60"/>
    <monster name="Demon" x="4" y="-1" z="10" spawntime="60"/>
    <monster name="Demon" x="-1" y="0" z="10" spawntime="60"/>
    <monster name="Demon" x="-3" y="1" z="10" spawntime="60"/>
    <monster name="Demon" x="0" y="3" z="10" spawntime="60"/>
  </spawn>
  <spawn centerx="160" centery="89" centerz="10" radius="5">
    <monster name="Demon" x="1" y="0" z="10" spawntime="60"/>
  </spawn>
  <spawn centerx="258" centery="89" centerz="10" radius="5">
    <monster name="Vashresamun" x="3" y="-5" z="10" spawntime="60"/>
    <monster name="Vampire" x="1" y="-1" z="10" spawntime="60"/>
    <monster name="Ashmunrah" x="-2" y="0" z="10" spawntime="60"/>
    <monster name="Omruc" x="3" y="0" z="10" spawntime="60"/>
    <monster name="Rahemos" x="-3" y="1" z="10" spawntime="60"/>
    <monster name="Mahrdis" x="0" y="3" z="10" spawntime="60"/>
  </spawn>
  <spawn centerx="240" centery="90" centerz="10" radius="5">
    <monster name="Rahemos" x="1" y="-2" z="10" spawntime="60"/>
    <monster name="Omruc" x="-5" y="-1" z="10" spawntime="60"/>
    <monster name="Ashmunrah" x="1" y="0" z="10" spawntime="60"/>
    <monster name="Vampire" x="2" y="1" z="10" spawntime="60"/>
    <monster name="Thalas" x="4" y="4" z="10" spawntime="60"/>
  </spawn>
  <spawn centerx="74" centery="94" centerz="10" radius="5">
    <monster name="Phantasm" x="-1" y="1" z="10" spawntime="60"/>
    <monster name="Undead Dragon" x="0" y="5" z="10" spawntime="60"/>
  </spawn>
  <spawn centerx="88" centery="94" centerz="10" radius="5">
    <monster name="Undead Dragon" x="-5" y="-1" z="10" spawntime="60"/>
    <monster name="Undead Dragon" x="2" y="-1" z="10" spawntime="60"/>
    <monster name="Undead Dragon" x="3" y="2" z="10" spawntime="60"/>
  </spawn>
  <spawn centerx="109" centery="96" centerz="10" radius="5">
    <monster name="Undead Dragon" x="-2" y="-3" z="10" spawntime="60"/>
    <monster name="Undead Dragon" x="1" y="2" z="10" spawntime="60"/>
    <monster name="Undead Dragon" x="4" y="3" z="10" spawntime="60"/>
  </spawn>
  <spawn centerx="359" centery="100" centerz="10" radius="5">
    <monster name="Demon" x="-1" y="0" z="10" spawntime="60"/>
  </spawn>
  <spawn centerx="74" centery="101" centerz="10" radius="5">
    <monster name="Undead Dragon" x="1" y="4" z="10" spawntime="60"/>
    <monster name="Undead Dragon" x="3" y="4" z="10" spawntime="60"/>
  </spawn>
  <spawn centerx="335" centery="101" centerz="10" radius="5">
    <monster name="Demon" x="2" y="0" z="10" spawntime="60"/>
  </spawn>
  <spawn centerx="94" centery="103" centerz="10" radius="5">
    <monster name="Undead Dragon" x="1" y="-2" z="10" spawntime="60"/>
    <monster name="Undead Dragon" x="-3" y="3" z="10" spawntime="60"/>
    <monster name="Undead Dragon" x="2" y="4" z="10" spawntime="60"/>
  </spawn>
  <spawn centerx="254" centery="106" centerz="10" radius="5">
    <monster name="Omruc" x="5" y="-5" z="10" spawntime="60"/>
    <monster name="Thalas" x="-5" y="-1" z="10" spawntime="60"/>
    <monster name="Ashmunrah" x="-1" y="0" z="10" spawntime="60"/>
    <monster name="Morguthis" x="-3" y="1" z="10" spawntime="60"/>
    <monster name="Vampire" x="3" y="1" z="10" spawntime="60"/>
  </spawn>
  <spawn centerx="273" centery="106" centerz="10" radius="5">
    <monster name="Morguthis" x="4" y="-2" z="10" spawntime="60"/>
    <monster name="Vampire" x="1" y="1" z="10" spawntime="60"/>
    <monster name="Ashmunrah" x="2" y="1" z="10" spawntime="60"/>
  </spawn>
  <spawn centerx="114" centery="107" centerz="10" radius="5">
    <monster name="Undead Dragon" x="-2" y="-3" z="10" spawntime="60"/>
    <monster name="Undead Dragon" x="0" y="-2" z="10" spawntime="60"/>
    <monster name="Undead Dragon" x="-1" y="2" z="10" spawntime="60"/>
    <monster name="Undead Dragon" x="-3" y="5" z="10" spawntime="60"/>
    <monster name="Undead Dragon" x="-1" y="5" z="10" spawntime="60"/>
  </spawn>
  <spawn centerx="163" centery="107" centerz="10" radius="5">
    <monster name="Worker Golem" x="1" y="-5" z="10" spawntime="60"/>
    <monster name="Hero" x="2" y="-1" z="10" spawntime="60"/>
    <monster name="Hero" x="0" y="4" z="10" spawntime="60"/>
    <monster name="Worker Golem" x="1" y="4" z="10" spawntime="60"/>
  </spawn>
  <spawn centerx="303" centery="111" centerz="10" radius="5">
    <monster name="Demon" x="1" y="0" z="10" spawntime="60"/>
  </spawn>
  <spawn centerx="99" centery="113" centerz="10" radius="5">
    <monster name="Undead Dragon" x="-2" y="-2" z="10" spawntime="60"/>
    <monster name="Undead Dragon" x="5" y="1" z="10" spawntime="60"/>
    <monster name="Undead Dragon" x="-1" y="4" z="10" spawntime="60"/>
  </spawn>
  <spawn centerx="149" centery="116" centerz="10" radius="5">
    <monster name="Hero" x="1" y="0" z="10" spawntime="60"/>
    <monster name="Worker Golem" x="-1" y="1" z="10" spawntime="60"/>
    <monster name="Hero" x="0" y="2" z="10" spawntime="60"/>
  </spawn>
  <spawn centerx="193" centery="118" centerz="10" radius="5">
    <monster name="Demon" x="-3" y="-2" z="10" spawntime="60"/>
    <monster name="Demon" x="-1" y="-2" z="10" spawntime="60"/>
    <monster name="Demon" x="1" y="0" z="10" spawntime="60"/>
    <monster name="Demon" x="2" y="0" z="10" spawntime="60"/>
    <monster name="Demon" x="-2" y="2" z="10" spawntime="60"/>
    <monster name="Demon" x="0" y="2" z="10" spawntime="60"/>
  </spawn>
  <spawn centerx="75" centery="119" centerz="10" radius="5">
    <monster name="Undead Dragon" x="-1" y="-5" z="10" spawntime="60"/>
    <monster name="Undead Dragon" x="-1" y="0" z="10" spawntime="60"/>
    <monster name="Undead Dragon" x="3" y="3" z="10" spawntime="60"/>
  </spawn>
  <spawn centerx="268" centery="119" centerz="10" radius="5">
    <monster name="Vampire" x="0" y="-5" z="10" spawntime="60"/>
    <monster name="Morguthis" x="-1" y="-2" z="10" spawntime="60"/>
    <monster name="Dipthrah" x="0" y="3" z="10" spawntime="60"/>
  </spawn>
  <spawn centerx="186" centery="122" centerz="10" radius="5">
    <monster name="Warlock" x="-2" y="3" z="10" spawntime="60"/>
  </spawn>
  <spawn centerx="89" centery="123" centerz="10" radius="5">
    <monster name="Undead Dragon" x="4" y="-4" z="10" spawntime="60"/>
    <monster name="Undead Dragon" x="1" y="-1" z="10" spawntime="60"/>
    <monster name="Undead Dragon" x="-3" y="0" z="10" spawntime="60"/>
  </spawn>
  <spawn centerx="114" centery="124" centerz="10" radius="5">
    <monster name="Undead Dragon" x="-2" y="-3" z="10" spawntime="60"/>
    <monster name="Undead Dragon" x="0" y="-3" z="10" spawntime="60"/>
    <monster name="Undead Dragon" x="-2" y="2" z="10" spawntime="60"/>
    <monster name="Undead Dragon" x="-4" y="4" z="10" spawntime="60"/>
  </spawn>
  <spawn centerx="202" centery="125" centerz="10" radius="5">
    <monster name="Warlock" x="4" y="-2" z="10" spawntime="60"/>
    <monster name="Warlock" x="-3" y="0" z="10" spawntime="60"/>
    <monster name="Warlock" x="4" y="5" z="10" spawntime="60"/>
  </spawn>
  <spawn centerx="162" centery="126" centerz="10" radius="5">
    <monster name="Hero" x="2" y="0" z="10" spawntime="60"/>
    <monster name="Hero" x="-1" y="1" z="10" spawntime="60"/>
    <monster name="Worker Golem" x="0" y="3" z="10" spawntime="60"/>
  </spawn>
  <spawn centerx="100" centery="128" centerz="10" radius="5">
    <monster name="Undead Dragon" x="-4" y="-1" z="10" spawntime="60"/>
    <monster name="Undead Dragon" x="2" y="0" z="10" spawntime="60"/>
  </spawn>
  <spawn centerx="197" centery="133" centerz="10" radius="5">
    <monster name="Warlock" x="-3" y="0" z="10" spawntime="60"/>
    <monster name="Warlock" x="5" y="3" z="10" spawntime="60"/>
  </spawn>
  <spawn centerx="186" centery="135" centerz="10" radius="5">
    <monster name="Warlock" x="-1" y="-3" z="10" spawntime="60"/>
    <monster name="Warlock" x="5" y="4" z="10" spawntime="60"/>
  </spawn>
  <spawn centerx="212" centery="148" centerz="10" radius="5">
    <monster name="Hellhound" x="0" y="-2" z="10" spawntime="60"/>
    <monster name="Hellhound" x="2" y="-2" z="10" spawntime="60"/>
    <monster name="Hellhound" x="4" y="-2" z="10" spawntime="60"/>
    <monster name="Hellfire Fighter" x="-3" y="-1" z="10" spawntime="60"/>
    <monster name="Hand of Cursed Fate" x="4" y="0" z="10" spawntime="60"/>
    <monster name="Hand of Cursed Fate" x="5" y="0" z="10" spawntime="60"/>
    <monster name="Hellfire Fighter" x="-3" y="1" z="10" spawntime="60"/>
    <monster name="Hellhound" x="0" y="2" z="10" spawntime="60"/>
    <monster name="Hellhound" x="2" y="2" z="10" spawntime="60"/>
    <monster name="Hellhound" x="4" y="2" z="10" spawntime="60"/>
  </spawn>
  <spawn centerx="31" centery="155" centerz="10" radius="5">
    <monster name="Aldebaran" x="1" y="-1" z="10" spawntime="60"/>
  </spawn>
  <spawn centerx="43" centery="170" centerz="10" radius="5">
    <monster name="Dragon Lord" x="1" y="-4" z="10" spawntime="60"/>
    <monster name="Dragon Lord" x="-4" y="2" z="10" spawntime="60"/>
    <monster name="Demodras" x="0" y="5" z="10" spawntime="60"/>
  </spawn>
  <spawn centerx="146" centery="183" centerz="10" radius="5">
    <monster name="Warlock" x="2" y="-2" z="10" spawntime="60"/>
    <monster name="Warlock" x="-4" y="0" z="10" spawntime="60"/>
  </spawn>
  <spawn centerx="129" centery="184" centerz="10" radius="5">
    <monster name="Warlock" x="0" y="-2" z="10" spawntime="60"/>
    <monster name="Warlock" x="1" y="5" z="10" spawntime="60"/>
  </spawn>
  <spawn centerx="158" centery="186" centerz="10" radius="5">
    <monster name="Warlock" x="2" y="-3" z="10" spawntime="60"/>
    <monster name="Warlock" x="0" y="3" z="10" spawntime="60"/>
  </spawn>
  <spawn centerx="142" centery="190" centerz="10" radius="5">
    <monster name="Warlock" x="4" y="2" z="10" spawntime="60"/>
    <monster name="Warlock" x="-3" y="3" z="10" spawntime="60"/>
  </spawn>
  <spawn centerx="151" centery="197" centerz="10" radius="5">
    <monster name="Warlock" x="0" y="-2" z="10" spawntime="60"/>
    <monster name="Warlock" x="5" y="-1" z="10" spawntime="60"/>
  </spawn>
  <spawn centerx="135" centery="201" centerz="10" radius="5">
    <monster name="Warlock" x="-2" y="-1" z="10" spawntime="60"/>
    <monster name="Warlock" x="4" y="3" z="10" spawntime="60"/>
  </spawn>
  <spawn centerx="146" centery="205" centerz="10" radius="5">
    <monster name="Warlock" x="-2" y="-5" z="10" spawntime="60"/>
    <monster name="Warlock" x="5" y="-2" z="10" spawntime="60"/>
    <monster name="Warlock" x="-1" y="0" z="10" spawntime="60"/>
    <monster name="Warlock" x="5" y="5" z="10" spawntime="60"/>
  </spawn>
  <spawn centerx="158" centery="206" centerz="10" radius="5">
    <monster name="Warlock" x="-1" y="-2" z="10" spawntime="60"/>
    <monster name="Warlock" x="5" y="2" z="10" spawntime="60"/>
  </spawn>
  <spawn centerx="128" centery="214" centerz="10" radius="5">
    <monster name="Warlock" x="2" y="0" z="10" spawntime="60"/>
  </spawn>
  <spawn centerx="141" centery="216" centerz="10" radius="5">
    <monster name="Warlock" x="0" y="-3" z="10" spawntime="60"/>
    <monster name="Warlock" x="-1" y="3" z="10" spawntime="60"/>
  </spawn>
  <spawn centerx="174" centery="217" centerz="10" radius="5">
    <monster name="Warlock" x="0" y="2" z="10" spawntime="60"/>
  </spawn>
  <spawn centerx="162" centery="218" centerz="10" radius="5">
    <monster name="Warlock" x="2" y="-3" z="10" spawntime="60"/>
    <monster name="Warlock" x="-3" y="1" z="10" spawntime="60"/>
  </spawn>
  <spawn centerx="152" centery="220" centerz="10" radius="5">
    <monster name="Warlock" x="-3" y="-1" z="10" spawntime="60"/>
  </spawn>
  <spawn centerx="183" centery="224" centerz="10" radius="5">
    <monster name="Warlock" x="-2" y="-3" z="10" spawntime="60"/>
    <monster name="Warlock" x="1" y="2" z="10" spawntime="60"/>
  </spawn>
  <spawn centerx="125" centery="227" centerz="10" radius="5">
    <monster name="Warlock" x="-1" y="0" z="10" spawntime="60"/>
  </spawn>
  <spawn centerx="142" centery="228" centerz="10" radius="5">
    <monster name="Warlock" x="3" y="-1" z="10" spawntime="60"/>
    <monster name="Warlock" x="-4" y="0" z="10" spawntime="60"/>
  </spawn>
  <spawn centerx="160" centery="228" centerz="10" radius="5">
    <monster name="Warlock" x="4" y="0" z="10" spawntime="60"/>
    <monster name="Warlock" x="-4" y="3" z="10" spawntime="60"/>
  </spawn>
  <spawn centerx="173" centery="230" centerz="10" radius="5">
    <monster name="Warlock" x="1" y="1" z="10" spawntime="60"/>
  </spawn>
  <spawn centerx="142" centery="236" centerz="10" radius="5">
    <monster name="Warlock" x="-1" y="-2" z="10" spawntime="60"/>
  </spawn>
  <spawn centerx="184" centery="237" centerz="10" radius="5">
    <monster name="Warlock" x="-1" y="-5" z="10" spawntime="60"/>
    <monster name="Warlock" x="-1" y="3" z="10" spawntime="60"/>
  </spawn>
  <spawn centerx="174" centery="240" centerz="10" radius="5">
    <monster name="Warlock" x="0" y="2" z="10" spawntime="60"/>
  </spawn>
  <spawn centerx="161" centery="242" centerz="10" radius="5">
    <monster name="Warlock" x="-4" y="-3" z="10" spawntime="60"/>
    <monster name="Warlock" x="-2" y="1" z="10" spawntime="60"/>
    <monster name="Warlock" x="5" y="1" z="10" spawntime="60"/>
  </spawn>
  <spawn centerx="127" centery="243" centerz="10" radius="5">
    <monster name="Warlock" x="-1" y="0" z="10" spawntime="60"/>
  </spawn>
  <spawn centerx="147" centery="246" centerz="10" radius="5">
    <monster name="Warlock" x="2" y="0" z="10" spawntime="60"/>
    <monster name="Warlock" x="1" y="4" z="10" spawntime="60"/>
  </spawn>
  <spawn centerx="184" centery="248" centerz="10" radius="5">
    <monster name="Warlock" x="-2" y="3" z="10" spawntime="60"/>
  </spawn>
  <spawn centerx="149" centery="257" centerz="10" radius="5">
    <monster name="Warlock" x="-2" y="3" z="10" spawntime="60"/>
    <monster name="Warlock" x="2" y="3" z="10" spawntime="60"/>
  </spawn>
  <spawn centerx="183" centery="262" centerz="10" radius="5">
    <monster name="Warlock" x="0" y="-5" z="10" spawntime="60"/>
    <monster name="Warlock" x="-5" y="-3" z="10" spawntime="60"/>
    <monster name="Warlock" x="5" y="-2" z="10" spawntime="60"/>
    <monster name="Warlock" x="-5" y="2" z="10" spawntime="60"/>
    <monster name="Warlock" x="5" y="3" z="10" spawntime="60"/>
  </spawn>
  <spawn centerx="145" centery="268" centerz="10" radius="5">
    <monster name="Warlock" x="-2" y="-4" z="10" spawntime="60"/>
    <monster name="Warlock" x="-4" y="2" z="10" spawntime="60"/>
  </spawn>
  <spawn centerx="155" centery="269" centerz="10" radius="5">
    <monster name="Warlock" x="-1" y="-4" z="10" spawntime="60"/>
    <monster name="Warlock" x="0" y="1" z="10" spawntime="60"/>
  </spawn>
  <spawn centerx="142" centery="279" centerz="10" radius="5">
    <monster name="Warlock" x="0" y="-4" z="10" spawntime="60"/>
    <monster name="Warlock" x="2" y="0" z="10" spawntime="60"/>
  </spawn>
  <spawn centerx="154" centery="279" centerz="10" radius="5">
    <monster name="Warlock" x="0" y="-3" z="10" spawntime="60"/>
    <monster name="Warlock" x="-5" y="0" z="10" spawntime="60"/>
    <monster name="Warlock" x="-2" y="0" z="10" spawntime="60"/>
  </spawn>
  <spawn centerx="452" centery="38" centerz="11" radius="5">
    <monster name="Training Monk" x="-1" y="0" z="11" spawntime="60"/>
    <monster name="Training Monk" x="1" y="0" z="11" spawntime="60"/>
  </spawn>
  <spawn centerx="464" centery="38" centerz="11" radius="5">
    <monster name="Training Monk" x="-1" y="0" z="11" spawntime="60"/>
    <monster name="Training Monk" x="1" y="0" z="11" spawntime="60"/>
  </spawn>
  <spawn centerx="452" centery="48" centerz="11" radius="5">
    <monster name="Training Monk" x="-1" y="0" z="11" spawntime="60"/>
    <monster name="Training Monk" x="1" y="0" z="11" spawntime="60"/>
  </spawn>
  <spawn centerx="464" centery="48" centerz="11" radius="5">
    <monster name="Training Monk" x="-1" y="0" z="11" spawntime="60"/>
    <monster name="Training Monk" x="1" y="0" z="11" spawntime="60"/>
  </spawn>
  <spawn centerx="278" centery="49" centerz="11" radius="5">
    <monster name="Phantasm" x="-2" y="-5" z="11" spawntime="60"/>
    <monster name="Phantasm" x="2" y="-5" z="11" spawntime="60"/>
    <monster name="Phantasm" x="-2" y="-3" z="11" spawntime="60"/>
    <monster name="Phantasm" x="2" y="-3" z="11" spawntime="60"/>
    <monster name="Phantasm" x="-2" y="0" z="11" spawntime="60"/>
    <monster name="Phantasm" x="2" y="0" z="11" spawntime="60"/>
    <monster name="Phantasm" x="-1" y="2" z="11" spawntime="60"/>
    <monster name="Phantasm" x="2" y="2" z="11" spawntime="60"/>
  </spawn>
  <spawn centerx="228" centery="58" centerz="11" radius="5">
    <monster name="Hellfire Fighter" x="-3" y="2" z="11" spawntime="60"/>
    <monster name="Hellhound" x="-4" y="3" z="11" spawntime="60"/>
  </spawn>
  <spawn centerx="199" centery="60" centerz="11" radius="5">
    <monster name="Hellfire Fighter" x="-1" y="1" z="11" spawntime="60"/>
    <monster name="Hellhound" x="0" y="1" z="11" spawntime="60"/>
  </spawn>
  <spawn centerx="279" centery="60" centerz="11" radius="5">
    <monster name="Phantasm" x="0" y="-5" z="11" spawntime="60"/>
    <monster name="Phantasm" x="0" y="-2" z="11" spawntime="60"/>
    <monster name="Phantasm" x="0" y="1" z="11" spawntime="60"/>
  </spawn>
  <spawn centerx="208" centery="61" centerz="11" radius="5">
    <monster name="Hellfire Fighter" x="0" y="1" z="11" spawntime="60"/>
    <monster name="Hellhound" x="-1" y="2" z="11" spawntime="60"/>
  </spawn>
  <spawn centerx="218" centery="61" centerz="11" radius="5">
    <monster name="Hellfire Fighter" x="-1" y="-1" z="11" spawntime="60"/>
    <monster name="Hellhound" x="-1" y="1" z="11" spawntime="60"/>
    <monster name="Hellhound" x="-1" y="2" z="11" spawntime="60"/>
  </spawn>
  <spawn centerx="199" centery="68" centerz="11" radius="5">
    <monster name="Hellfire Fighter" x="0" y="-1" z="11" spawntime="60"/>
    <monster name="Hellhound" x="-1" y="0" z="11" spawntime="60"/>
  </spawn>
  <spawn centerx="217" centery="68" centerz="11" radius="5">
    <monster name="Hellfire Fighter" x="0" y="1" z="11" spawntime="60"/>
  </spawn>
  <spawn centerx="208" centery="70" centerz="11" radius="5">
    <monster name="Hellhound" x="-1" y="0" z="11" spawntime="60"/>
    <monster name="Hellfire Fighter" x="0" y="0" z="11" spawntime="60"/>
  </spawn>
  <spawn centerx="197" centery="75" centerz="11" radius="5">
    <monster name="Hellhound" x="1" y="1" z="11" spawntime="60"/>
    <monster name="Hellfire Fighter" x="2" y="1" z="11" spawntime="60"/>
  </spawn>
  <spawn centerx="209" centery="76" centerz="11" radius="5">
    <monster name="Hellhound" x="-2" y="0" z="11" spawntime="60"/>
    <monster name="Hellfire Fighter" x="-1" y="0" z="11" spawntime="60"/>
  </spawn>
  <spawn centerx="216" centery="77" centerz="11" radius="5">
    <monster name="Hellhound" x="0" y="0" z="11" spawntime="60"/>
    <monster name="Hellfire Fighter" x="1" y="0" z="11" spawntime="60"/>
  </spawn>
  <spawn centerx="150" centery="94" centerz="11" radius="5">
    <monster name="Orshabaal" x="-1" y="1" z="11" spawntime="60"/>
  </spawn>
  <spawn centerx="74" centery="99" centerz="11" radius="5">
    <monster name="Phantasm" x="-5" y="1" z="11" spawntime="60"/>
    <monster name="Phantasm" x="0" y="1" z="11" spawntime="60"/>
    <monster name="Phantasm" x="5" y="1" z="11" spawntime="60"/>
  </spawn>
  <spawn centerx="369" centery="100" centerz="11" radius="5">
    <monster name="Demon" x="-3" y="-4" z="11" spawntime="60"/>
    <npc name="Paco qliao" x="4" y="-4" z="11" spawntime="60"/>
    <monster name="Demon" x="3" y="-3" z="11" spawntime="60"/>
    <monster name="Demon" x="0" y="-1" z="11" spawntime="60"/>
    <monster name="Demon" x="-3" y="1" z="11" spawntime="60"/>
    <monster name="Demon" x="0" y="2" z="11" spawntime="60"/>
    <monster name="Demon" x="3" y="2" z="11" spawntime="60"/>
    <monster name="Demon" x="-3" y="4" z="11" spawntime="60"/>
    <monster name="Demon" x="4" y="5" z="11" spawntime="60"/>
  </spawn>
  <spawn centerx="348" centery="101" centerz="11" radius="5">
    <npc name="Paco qliao" x="3" y="-1" z="11" spawntime="60"/>
    <monster name="Demon" x="2" y="0" z="11" spawntime="60"/>
    <monster name="Demon" x="-2" y="1" z="11" spawntime="60"/>
  </spawn>
  <spawn centerx="217" centery="103" centerz="11" radius="5">
    <monster name="Orshabaal" x="3" y="-1" z="11" spawntime="60"/>
    <monster name="Orshabaal" x="-1" y="1" z="11" spawntime="60"/>
  </spawn>
  <spawn centerx="311" centery="105" centerz="11" radius="5">
    <npc name="Paco qliao" x="5" y="-5" z="11" spawntime="60"/>
    <monster name="Demon" x="2" y="-3" z="11" spawntime="60"/>
    <monster name="Demon" x="-1" y="4" z="11" spawntime="60"/>
  </spawn>
  <spawn centerx="188" centery="124" centerz="11" radius="5">
    <monster name="Orshabaal" x="-4" y="1" z="11" spawntime="60"/>
    <monster name="Orshabaal" x="5" y="1" z="11" spawntime="60"/>
  </spawn>
  <spawn centerx="203" centery="128" centerz="11" radius="5">
    <monster name="Orshabaal" x="3" y="-2" z="11" spawntime="60"/>
    <monster name="Orshabaal" x="-4" y="4" z="11" spawntime="60"/>
  </spawn>
  <spawn centerx="185" centery="137" centerz="11" radius="5">
    <monster name="Orshabaal" x="5" y="-4" z="11" spawntime="60"/>
    <monster name="Orshabaal" x="-3" y="2" z="11" spawntime="60"/>
  </spawn>
  <spawn centerx="17" centery="154" centerz="11" radius="5">
    <monster name="Mu" x="1" y="-2" z="11" spawntime="60"/>
  </spawn>
  <spawn centerx="247" centery="162" centerz="11" radius="5">
    <monster name="Plaguesmith" x="0" y="-1" z="11" spawntime="60"/>
    <monster name="Defiler" x="-2" y="0" z="11" spawntime="60"/>
    <monster name="Plaguesmith" x="2" y="5" z="11" spawntime="60"/>
  </spawn>
  <spawn centerx="256" centery="166" centerz="11" radius="5">
    <monster name="Plaguesmith" x="0" y="-2" z="11" spawntime="60"/>
    <monster name="Defiler" x="-1" y="-1" z="11" spawntime="60"/>
    <monster name="Defiler" x="-1" y="3" z="11" spawntime="60"/>
  </spawn>
  <spawn centerx="239" centery="167" centerz="11" radius="5">
    <monster name="Defiler" x="0" y="-3" z="11" spawntime="60"/>
    <monster name="Plaguesmith" x="0" y="-2" z="11" spawntime="60"/>
    <monster name="Defiler" x="2" y="2" z="11" spawntime="60"/>
    <monster name="Defiler" x="5" y="2" z="11" spawntime="60"/>
  </spawn>
  <spawn centerx="242" centery="175" centerz="11" radius="5">
    <monster name="Plaguesmith" x="0" y="0" z="11" spawntime="60"/>
    <monster name="Defiler" x="4" y="0" z="11" spawntime="60"/>
    <monster name="Defiler" x="-3" y="2" z="11" spawntime="60"/>
    <monster name="Defiler" x="4" y="4" z="11" spawntime="60"/>
  </spawn>
  <spawn centerx="256" centery="177" centerz="11" radius="5">
    <monster name="Plaguesmith" x="0" y="-5" z="11" spawntime="60"/>
    <monster name="Defiler" x="1" y="-3" z="11" spawntime="60"/>
    <monster name="Defiler" x="0" y="2" z="11" spawntime="60"/>
    <monster name="Plaguesmith" x="1" y="4" z="11" spawntime="60"/>
  </spawn>
  <spawn centerx="239" centery="183" centerz="11" radius="5">
    <monster name="Defiler" x="1" y="1" z="11" spawntime="60"/>
    <monster name="Plaguesmith" x="0" y="3" z="11" spawntime="60"/>
    <monster name="Defiler" x="0" y="5" z="11" spawntime="60"/>
  </spawn>
  <spawn centerx="249" centery="187" centerz="11" radius="5">
    <monster name="Plaguesmith" x="0" y="-4" z="11" spawntime="60"/>
    <monster name="Defiler" x="0" y="0" z="11" spawntime="60"/>
    <monster name="Defiler" x="-1" y="3" z="11" spawntime="60"/>
    <monster name="Plaguesmith" x="0" y="4" z="11" spawntime="60"/>
  </spawn>
  <spawn centerx="241" centery="193" centerz="11" radius="5">
    <monster name="Defiler" x="-2" y="3" z="11" spawntime="60"/>
    <monster name="Plaguesmith" x="0" y="3" z="11" spawntime="60"/>
    <monster name="Defiler" x="-3" y="5" z="11" spawntime="60"/>
  </spawn>
  <spawn centerx="257" centery="195" centerz="11" radius="5">
    <monster name="Plaguesmith" x="2" y="-5" z="11" spawntime="60"/>
    <monster name="Defiler" x="1" y="-4" z="11" spawntime="60"/>
    <monster name="Defiler" x="1" y="2" z="11" spawntime="60"/>
    <monster name="Defiler" x="-4" y="4" z="11" spawntime="60"/>
    <monster name="Plaguesmith" x="-2" y="4" z="11" spawntime="60"/>
  </spawn>
  <spawn centerx="141" centery="201" centerz="11" radius="5">
    <monster name="Spectre" x="-1" y="-4" z="11" spawntime="60"/>
    <monster name="Spectre" x="-4" y="2" z="11" spawntime="60"/>
    <monster name="Spectre" x="3" y="2" z="11" spawntime="60"/>
  </spawn>
  <spawn centerx="248" centery="203" centerz="11" radius="5">
    <monster name="Plaguesmith" x="-2" y="-3" z="11" spawntime="60"/>
    <monster name="Defiler" x="-1" y="-3" z="11" spawntime="60"/>
    <monster name="Defiler" x="-5" y="0" z="11" spawntime="60"/>
    <monster name="Defiler" x="5" y="4" z="11" spawntime="60"/>
  </spawn>
  <spawn centerx="238" centery="205" centerz="11" radius="5">
    <monster name="Plaguesmith" x="1" y="1" z="11" spawntime="60"/>
    <monster name="Defiler" x="3" y="1" z="11" spawntime="60"/>
  </spawn>
  <spawn centerx="255" centery="208" centerz="11" radius="5">
    <monster name="Defiler" x="0" y="-3" z="11" spawntime="60"/>
    <monster name="Plaguesmith" x="-1" y="-2" z="11" spawntime="60"/>
  </spawn>
  <spawn centerx="136" centery="212" centerz="11" radius="5">
    <monster name="Spectre" x="-2" y="-2" z="11" spawntime="60"/>
    <monster name="Spectre" x="4" y="-2" z="11" spawntime="60"/>
    <monster name="Spectre" x="3" y="3" z="11" spawntime="60"/>
    <monster name="Spectre" x="-4" y="5" z="11" spawntime="60"/>
  </spawn>
  <spawn centerx="543" centery="213" centerz="11" radius="5">
    <monster name="Training Monk" x="0" y="0" z="11" spawntime="19"/>
    <monster name="Training Monk" x="0" y="2" z="11" spawntime="19"/>
    <monster name="Training Monk" x="0" y="4" z="11" spawntime="19"/>
  </spawn>
  <spawn centerx="543" centery="217" centerz="11" radius="5">
    <monster name="Training Monk" x="0" y="2" z="11" spawntime="19"/>
  </spawn>
  <spawn centerx="550" centery="222" centerz="11" radius="5">
    <monster name="Training Monk" x="0" y="0" z="11" spawntime="19"/>
    <monster name="Training Monk" x="2" y="0" z="11" spawntime="19"/>
  </spawn>
  <spawn centerx="552" centery="222" centerz="11" radius="5"/>
  <spawn centerx="143" centery="223" centerz="11" radius="5">
    <monster name="Spectre" x="0" y="-2" z="11" spawntime="60"/>
    <monster name="Spectre" x="-1" y="5" z="11" spawntime="60"/>
  </spawn>
  <spawn centerx="145" centery="239" centerz="11" radius="5">
    <monster name="Spectre" x="4" y="-2" z="11" spawntime="60"/>
    <monster name="Spectre" x="-2" y="-1" z="11" spawntime="60"/>
    <monster name="Spectre" x="1" y="4" z="11" spawntime="60"/>
  </spawn>
  <spawn centerx="147" centery="268" centerz="11" radius="5">
    <monster name="Warlock" x="0" y="-4" z="11" spawntime="60"/>
    <monster name="Warlock" x="-3" y="-1" z="11" spawntime="60"/>
    <monster name="Warlock" x="4" y="0" z="11" spawntime="60"/>
    <monster name="Warlock" x="-3" y="3" z="11" spawntime="60"/>
    <monster name="Warlock" x="4" y="3" z="11" spawntime="60"/>
    <monster name="Warlock" x="1" y="5" z="11" spawntime="60"/>
  </spawn>
  <spawn centerx="519" centery="497" centerz="11" radius="5"/>
  <spawn centerx="539" centery="497" centerz="11" radius="5"/>
  <spawn centerx="506" centery="500" centerz="11" radius="5"/>
  <spawn centerx="550" centery="500" centerz="11" radius="5"/>
  <spawn centerx="518" centery="509" centerz="11" radius="5"/>
  <spawn centerx="536" centery="510" centerz="11" radius="5"/>
  <spawn centerx="506" centery="511" centerz="11" radius="5"/>
  <spawn centerx="549" centery="511" centerz="11" radius="5"/>
  <spawn centerx="508" centery="522" centerz="11" radius="5"/>
  <spawn centerx="527" centery="522" centerz="11" radius="5"/>
  <spawn centerx="540" centery="524" centerz="11" radius="5"/>
  <spawn centerx="553" centery="527" centerz="11" radius="5"/>
  <spawn centerx="510" centery="535" centerz="11" radius="5"/>
  <spawn centerx="529" centery="536" centerz="11" radius="5"/>
  <spawn centerx="541" centery="537" centerz="11" radius="5"/>
  <spawn centerx="552" centery="540" centerz="11" radius="5"/>
  <spawn centerx="452" centery="38" centerz="12" radius="5">
    <monster name="Training Monk" x="-1" y="0" z="12" spawntime="60"/>
    <monster name="Training Monk" x="1" y="0" z="12" spawntime="60"/>
  </spawn>
  <spawn centerx="464" centery="38" centerz="12" radius="5">
    <monster name="Training Monk" x="-1" y="0" z="12" spawntime="60"/>
    <monster name="Training Monk" x="1" y="0" z="12" spawntime="60"/>
  </spawn>
  <spawn centerx="452" centery="48" centerz="12" radius="5">
    <monster name="Training Monk" x="-1" y="0" z="12" spawntime="60"/>
    <monster name="Training Monk" x="1" y="0" z="12" spawntime="60"/>
  </spawn>
  <spawn centerx="464" centery="48" centerz="12" radius="5">
    <monster name="Training Monk" x="-1" y="0" z="12" spawntime="60"/>
    <monster name="Training Monk" x="1" y="0" z="12" spawntime="60"/>
  </spawn>
  <spawn centerx="170" centery="54" centerz="12" radius="5">
    <monster name="Demodras" x="-3" y="-4" z="12" spawntime="60"/>
    <monster name="Demodras" x="1" y="-3" z="12" spawntime="60"/>
    <monster name="Demodras" x="3" y="2" z="12" spawntime="60"/>
    <monster name="Demodras" x="-5" y="3" z="12" spawntime="60"/>
    <monster name="Demodras" x="-1" y="3" z="12" spawntime="60"/>
  </spawn>
  <spawn centerx="157" centery="55" centerz="12" radius="5">
    <monster name="Demodras" x="-3" y="-4" z="12" spawntime="60"/>
    <monster name="Demodras" x="4" y="-3" z="12" spawntime="60"/>
    <monster name="Demodras" x="-4" y="3" z="12" spawntime="60"/>
    <monster name="Demodras" x="1" y="3" z="12" spawntime="60"/>
    <monster name="Demodras" x="5" y="4" z="12" spawntime="60"/>
  </spawn>
  <spawn centerx="196" centery="73" centerz="12" radius="5">
    <monster name="Lost Soul" x="-1" y="-1" z="12" spawntime="60"/>
    <monster name="Dark Torturer" x="5" y="-1" z="12" spawntime="60"/>
    <monster name="Lost Soul" x="2" y="0" z="12" spawntime="60"/>
    <monster name="Lost Soul" x="-1" y="1" z="12" spawntime="60"/>
    <monster name="Dark Torturer" x="4" y="2" z="12" spawntime="60"/>
    <monster name="Dark Torturer" x="0" y="5" z="12" spawntime="60"/>
  </spawn>
  <spawn centerx="225" centery="73" centerz="12" radius="5">
    <monster name="Dark Torturer" x="-5" y="0" z="12" spawntime="60"/>
    <monster name="Lost Soul" x="-3" y="0" z="12" spawntime="60"/>
    <monster name="Dark Torturer" x="1" y="1" z="12" spawntime="60"/>
    <monster name="Lost Soul" x="3" y="4" z="12" spawntime="60"/>
    <monster name="Dark Torturer" x="4" y="4" z="12" spawntime="60"/>
  </spawn>
  <spawn centerx="205" centery="77" centerz="12" radius="5">
    <monster name="Dark Torturer" x="-1" y="-4" z="12" spawntime="60"/>
    <monster name="Lost Soul" x="-1" y="-2" z="12" spawntime="60"/>
    <monster name="Dark Torturer" x="1" y="-2" z="12" spawntime="60"/>
    <monster name="Lost Soul" x="-3" y="-1" z="12" spawntime="60"/>
    <monster name="Dark Torturer" x="-2" y="-1" z="12" spawntime="60"/>
    <monster name="Dark Torturer" x="0" y="1" z="12" spawntime="60"/>
    <monster name="Lost Soul" x="5" y="1" z="12" spawntime="60"/>
  </spawn>
  <spawn centerx="216" centery="80" centerz="12" radius="5">
    <monster name="Dark Torturer" x="1" y="-4" z="12" spawntime="60"/>
    <monster name="Lost Soul" x="0" y="-3" z="12" spawntime="60"/>
    <monster name="Dark Torturer" x="2" y="-1" z="12" spawntime="60"/>
    <monster name="Dark Torturer" x="-1" y="0" z="12" spawntime="60"/>
    <monster name="Lost Soul" x="0" y="0" z="12" spawntime="60"/>
    <monster name="Dark Torturer" x="5" y="5" z="12" spawntime="60"/>
  </spawn>
  <spawn centerx="191" centery="81" centerz="12" radius="5">
    <monster name="Lost Soul" x="-1" y="-4" z="12" spawntime="60"/>
    <monster name="Lost Soul" x="4" y="-1" z="12" spawntime="60"/>
    <monster name="Lost Soul" x="0" y="0" z="12" spawntime="60"/>
    <monster name="Lich" x="2" y="0" z="12" spawntime="60"/>
    <monster name="Lich" x="2" y="1" z="12" spawntime="60"/>
    <monster name="Destroyer" x="3" y="1" z="12" spawntime="60"/>
  </spawn>
  <spawn centerx="165" centery="83" centerz="12" radius="5">
    <monster name="Demodras" x="0" y="3" z="12" spawntime="60"/>
    <monster name="Demodras" x="2" y="3" z="12" spawntime="60"/>
  </spawn>
  <spawn centerx="227" centery="84" centerz="12" radius="5">
    <monster name="Dark Torturer" x="0" y="-3" z="12" spawntime="60"/>
    <monster name="Lost Soul" x="1" y="-2" z="12" spawntime="60"/>
    <monster name="Dark Torturer" x="3" y="-2" z="12" spawntime="60"/>
    <monster name="Lost Soul" x="-5" y="-1" z="12" spawntime="60"/>
    <monster name="Dark Torturer" x="1" y="0" z="12" spawntime="60"/>
    <monster name="Lost Soul" x="-1" y="1" z="12" spawntime="60"/>
    <monster name="Lost Soul" x="1" y="2" z="12" spawntime="60"/>
  </spawn>
  <spawn centerx="205" centery="88" centerz="12" radius="5">
    <monster name="Lost Soul" x="3" y="-5" z="12" spawntime="60"/>
    <monster name="Lost Soul" x="4" y="1" z="12" spawntime="60"/>
    <monster name="Lost Soul" x="2" y="2" z="12" spawntime="60"/>
    <monster name="Dark Torturer" x="0" y="5" z="12" spawntime="60"/>
  </spawn>
  <spawn centerx="196" centery="89" centerz="12" radius="5">
    <monster name="Lost Soul" x="0" y="-1" z="12" spawntime="60"/>
    <monster name="Destroyer" x="-2" y="0" z="12" spawntime="60"/>
    <monster name="Dark Torturer" x="-3" y="4" z="12" spawntime="60"/>
    <monster name="Lost Soul" x="-2" y="4" z="12" spawntime="60"/>
  </spawn>
  <spawn centerx="214" centery="92" centerz="12" radius="5">
    <monster name="Dark Torturer" x="-2" y="-3" z="12" spawntime="60"/>
    <monster name="Lost Soul" x="2" y="-3" z="12" spawntime="60"/>
    <monster name="Dark Torturer" x="-3" y="-2" z="12" spawntime="60"/>
    <monster name="Dark Torturer" x="0" y="0" z="12" spawntime="60"/>
    <monster name="Lost Soul" x="-5" y="2" z="12" spawntime="60"/>
    <monster name="Lost Soul" x="-2" y="3" z="12" spawntime="60"/>
  </spawn>
  <spawn centerx="181" centery="94" centerz="12" radius="5">
    <monster name="Lost Soul" x="4" y="-5" z="12" spawntime="60"/>
    <monster name="Lich" x="-3" y="-4" z="12" spawntime="60"/>
    <monster name="Lost Soul" x="1" y="-4" z="12" spawntime="60"/>
    <monster name="Dark Torturer" x="2" y="-3" z="12" spawntime="60"/>
    <monster name="Destroyer" x="-2" y="-1" z="12" spawntime="60"/>
    <monster name="Lost Soul" x="3" y="-1" z="12" spawntime="60"/>
    <monster name="Lost Soul" x="-4" y="0" z="12" spawntime="60"/>
    <monster name="Lost Soul" x="1" y="0" z="12" spawntime="60"/>
    <monster name="Lost Soul" x="5" y="0" z="12" spawntime="60"/>
  </spawn>
  <spawn centerx="204" centery="99" centerz="12" radius="5">
    <monster name="Dark Torturer" x="3" y="-5" z="12" spawntime="60"/>
    <monster name="Dark Torturer" x="-3" y="1" z="12" spawntime="60"/>
    <monster name="Lost Soul" x="-1" y="1" z="12" spawntime="60"/>
  </spawn>
  <spawn centerx="191" centery="100" centerz="12" radius="5">
    <monster name="Lich" x="2" y="-5" z="12" spawntime="60"/>
    <monster name="Destroyer" x="-3" y="-4" z="12" spawntime="60"/>
    <monster name="Destroyer" x="0" y="-4" z="12" spawntime="60"/>
    <monster name="Lich" x="-4" y="-2" z="12" spawntime="60"/>
    <monster name="Dark Torturer" x="-3" y="-2" z="12" spawntime="60"/>
    <monster name="Lost Soul" x="-1" y="-1" z="12" spawntime="60"/>
    <monster name="Lost Soul" x="4" y="-1" z="12" spawntime="60"/>
  </spawn>
  <spawn centerx="356" centery="100" centerz="12" radius="5">
    <monster name="Demon" x="-1" y="1" z="12" spawntime="60"/>
  </spawn>
  <spawn centerx="67" centery="101" centerz="12" radius="5">
    <monster name="Phantasm" x="2" y="-3" z="12" spawntime="60"/>
    <monster name="Phantasm" x="-3" y="-2" z="12" spawntime="60"/>
    <monster name="The Old Widow" x="2" y="0" z="12" spawntime="60"/>
    <monster name="Phantasm" x="0" y="2" z="12" spawntime="60"/>
    <monster name="Phantasm" x="4" y="3" z="12" spawntime="60"/>
    <monster name="Phantasm" x="-3" y="4" z="12" spawntime="60"/>
  </spawn>
  <spawn centerx="374" centery="101" centerz="12" radius="5">
    <npc name="Paco qliao" x="1" y="-5" z="12" spawntime="60"/>
    <monster name="Demon" x="5" y="-3" z="12" spawntime="60"/>
    <monster name="Demon" x="-1" y="0" z="12" spawntime="60"/>
    <monster name="Demon" x="5" y="1" z="12" spawntime="60"/>
  </spawn>
  <spawn centerx="323" centery="102" centerz="12" radius="5">
    <monster name="Demon" x="1" y="-1" z="12" spawntime="60"/>
  </spawn>
  <spawn centerx="86" centery="106" centerz="12" radius="5">
    <monster name="Phantasm" x="-2" y="-2" z="12" spawntime="60"/>
    <monster name="The Old Widow" x="-1" y="0" z="12" spawntime="60"/>
    <monster name="Phantasm" x="-1" y="2" z="12" spawntime="60"/>
    <monster name="Phantasm" x="2" y="2" z="12" spawntime="60"/>
  </spawn>
  <spawn centerx="184" centery="116" centerz="12" radius="5">
    <monster name="Demon" x="-1" y="-4" z="12" spawntime="60"/>
    <monster name="Demon" x="2" y="-4" z="12" spawntime="60"/>
    <monster name="Demon" x="-5" y="-2" z="12" spawntime="60"/>
    <monster name="Demon" x="5" y="-2" z="12" spawntime="60"/>
    <monster name="Azerus" x="-3" y="-1" z="12" spawntime="60"/>
    <monster name="Azerus" x="3" y="-1" z="12" spawntime="60"/>
    <monster name="Demon" x="-5" y="1" z="12" spawntime="60"/>
    <monster name="Demon" x="5" y="1" z="12" spawntime="60"/>
    <monster name="Azerus" x="-3" y="2" z="12" spawntime="60"/>
    <monster name="Azerus" x="3" y="2" z="12" spawntime="60"/>
    <monster name="Demon" x="-1" y="4" z="12" spawntime="60"/>
    <monster name="Demon" x="2" y="4" z="12" spawntime="60"/>
  </spawn>
  <spawn centerx="83" centery="133" centerz="12" radius="5">
    <monster name="Phantasm" x="-1" y="-3" z="12" spawntime="60"/>
    <monster name="Phantasm" x="-1" y="2" z="12" spawntime="60"/>
    <monster name="Phantasm" x="4" y="2" z="12" spawntime="60"/>
    <monster name="The Old Widow" x="2" y="3" z="12" spawntime="60"/>
  </spawn>
  <spawn centerx="233" centery="141" centerz="12" radius="5">
    <monster name="Juggernaut" x="-4" y="1" z="12" spawntime="60"/>
    <monster name="Juggernaut" x="0" y="1" z="12" spawntime="60"/>
    <monster name="Juggernaut" x="2" y="1" z="12" spawntime="60"/>
    <monster name="Black Knight" x="-2" y="2" z="12" spawntime="60"/>
  </spawn>
  <spawn centerx="243" centery="144" centerz="12" radius="5">
    <monster name="Juggernaut" x="-4" y="-3" z="12" spawntime="60"/>
    <monster name="Juggernaut" x="-1" y="0" z="12" spawntime="60"/>
    <monster name="Black Knight" x="-1" y="3" z="12" spawntime="60"/>
    <monster name="Juggernaut" x="2" y="4" z="12" spawntime="60"/>
  </spawn>
  <spawn centerx="248" centery="152" centerz="12" radius="5">
    <monster name="Juggernaut" x="2" y="-2" z="12" spawntime="60"/>
    <monster name="Juggernaut" x="-1" y="2" z="12" spawntime="60"/>
    <monster name="Black Knight" x="2" y="3" z="12" spawntime="60"/>
  </spawn>
  <spawn centerx="6" centery="153" centerz="12" radius="5">
    <npc name="Caballero de bronce" x="1" y="-2" z="12" spawntime="60"/>
  </spawn>
  <spawn centerx="232" centery="153" centerz="12" radius="5">
    <monster name="Juggernaut" x="-1" y="-4" z="12" spawntime="60"/>
    <monster name="Black Knight" x="1" y="2" z="12" spawntime="60"/>
    <monster name="Juggernaut" x="3" y="2" z="12" spawntime="60"/>
    <monster name="Juggernaut" x="-3" y="3" z="12" spawntime="60"/>
  </spawn>
  <spawn centerx="222" centery="156" centerz="12" radius="5">
    <monster name="Juggernaut" x="-2" y="-5" z="12" spawntime="60"/>
    <monster name="Black Knight" x="4" y="0" z="12" spawntime="60"/>
    <monster name="Juggernaut" x="-5" y="5" z="12" spawntime="60"/>
  </spawn>
  <spawn centerx="248" centery="161" centerz="12" radius="5">
    <monster name="Juggernaut" x="0" y="-3" z="12" spawntime="60"/>
    <monster name="Juggernaut" x="-1" y="0" z="12" spawntime="60"/>
    <monster name="Juggernaut" x="-5" y="3" z="12" spawntime="60"/>
  </spawn>
  <spawn centerx="234" centery="165" centerz="12" radius="5">
    <monster name="Juggernaut" x="5" y="-5" z="12" spawntime="60"/>
    <monster name="Juggernaut" x="-2" y="-4" z="12" spawntime="60"/>
    <monster name="Black Knight" x="3" y="-1" z="12" spawntime="60"/>
    <monster name="Juggernaut" x="-3" y="1" z="12" spawntime="60"/>
  </spawn>
  <spawn centerx="603" centery="236" centerz="12" radius="5">
    <monster name="Training Monk" x="-2" y="-1" z="12" spawntime="19"/>
    <monster name="Training Monk" x="-2" y="1" z="12" spawntime="19"/>
  </spawn>
  <spawn centerx="63" centery="15" centerz="13" radius="5">
    <monster name="Michael Jackson" x="-2" y="-4" z="13" spawntime="60"/>
    <monster name="Michael Jackson" x="3" y="-3" z="13" spawntime="60"/>
    <monster name="Michael Jackson" x="-3" y="-2" z="13" spawntime="60"/>
    <monster name="Michael Jackson" x="0" y="-2" z="13" spawntime="60"/>
    <npc name="Paco qliao" x="2" y="-2" z="13" spawntime="60"/>
    <monster name="Michael Jackson" x="-4" y="0" z="13" spawntime="60"/>
    <monster name="Michael Jackson" x="-2" y="0" z="13" spawntime="60"/>
    <monster name="Michael Jackson" x="2" y="0" z="13" spawntime="60"/>
    <monster name="Michael Jackson" x="5" y="1" z="13" spawntime="60"/>
    <monster name="Michael Jackson" x="-2" y="2" z="13" spawntime="60"/>
    <monster name="Michael Jackson" x="0" y="2" z="13" spawntime="60"/>
    <monster name="Michael Jackson" x="-3" y="3" z="13" spawntime="60"/>
    <monster name="Michael Jackson" x="3" y="3" z="13" spawntime="60"/>
    <monster name="Michael Jackson" x="5" y="3" z="13" spawntime="60"/>
    <npc name="Paco qliao" x="-4" y="4" z="13" spawntime="60"/>
    <monster name="Michael Jackson" x="1" y="4" z="13" spawntime="60"/>
  </spawn>
  <spawn centerx="51" centery="17" centerz="13" radius="5">
    <monster name="Michael Jackson" x="-1" y="-4" z="13" spawntime="60"/>
    <monster name="Michael Jackson" x="2" y="-4" z="13" spawntime="60"/>
    <monster name="Michael Jackson" x="-4" y="-2" z="13" spawntime="60"/>
    <monster name="Michael Jackson" x="-1" y="-2" z="13" spawntime="60"/>
    <monster name="Michael Jackson" x="4" y="-2" z="13" spawntime="60"/>
    <monster name="Michael Jackson" x="-4" y="1" z="13" spawntime="60"/>
    <monster name="Michael Jackson" x="3" y="1" z="13" spawntime="60"/>
    <monster name="Michael Jackson" x="5" y="1" z="13" spawntime="60"/>
    <monster name="Michael Jackson" x="-1" y="2" z="13" spawntime="60"/>
    <npc name="Paco qliao" x="-4" y="3" z="13" spawntime="60"/>
    <monster name="Michael Jackson" x="-1" y="4" z="13" spawntime="60"/>
    <monster name="Michael Jackson" x="3" y="5" z="13" spawntime="60"/>
  </spawn>
  <spawn centerx="64" centery="26" centerz="13" radius="5">
    <monster name="Michael Jackson" x="-3" y="-5" z="13" spawntime="60"/>
    <monster name="Michael Jackson" x="-1" y="-3" z="13" spawntime="60"/>
    <monster name="Michael Jackson" x="4" y="-3" z="13" spawntime="60"/>
    <monster name="Michael Jackson" x="-4" y="-2" z="13" spawntime="60"/>
    <monster name="Michael Jackson" x="0" y="-2" z="13" spawntime="60"/>
    <monster name="Michael Jackson" x="2" y="-2" z="13" spawntime="60"/>
    <monster name="Michael Jackson" x="-3" y="1" z="13" spawntime="60"/>
    <monster name="Michael Jackson" x="-1" y="1" z="13" spawntime="60"/>
    <monster name="Michael Jackson" x="4" y="1" z="13" spawntime="60"/>
    <monster name="Michael Jackson" x="-4" y="3" z="13" spawntime="60"/>
    <monster name="Michael Jackson" x="1" y="4" z="13" spawntime="60"/>
    <monster name="Michael Jackson" x="4" y="4" z="13" spawntime="60"/>
  </spawn>
  <spawn centerx="51" centery="28" centerz="13" radius="5">
    <monster name="Michael Jackson" x="-3" y="-5" z="13" spawntime="60"/>
    <npc name="Paco qliao" x="2" y="-4" z="13" spawntime="60"/>
    <monster name="Michael Jackson" x="-2" y="-3" z="13" spawntime="60"/>
    <monster name="Michael Jackson" x="0" y="-2" z="13" spawntime="60"/>
    <monster name="Michael Jackson" x="3" y="-2" z="13" spawntime="60"/>
    <monster name="Michael Jackson" x="-4" y="-1" z="13" spawntime="60"/>
    <monster name="Michael Jackson" x="-2" y="-1" z="13" spawntime="60"/>
    <monster name="Michael Jackson" x="-4" y="2" z="13" spawntime="60"/>
    <monster name="Michael Jackson" x="3" y="2" z="13" spawntime="60"/>
    <monster name="Michael Jackson" x="0" y="3" z="13" spawntime="60"/>
  </spawn>
  <spawn centerx="132" centery="33" centerz="13" radius="5">
    <monster name="Orshabaal" x="-1" y="-2" z="13" spawntime="60"/>
    <monster name="Ferumbras" x="1" y="0" z="13" spawntime="60"/>
    <monster name="Orshabaal" x="3" y="2" z="13" spawntime="60"/>
    <monster name="Ferumbras" x="1" y="5" z="13" spawntime="60"/>
  </spawn>
  <spawn centerx="167" centery="34" centerz="13" radius="5">
    <monster name="Orshabaal" x="2" y="-3" z="13" spawntime="60"/>
    <monster name="Ferumbras" x="2" y="-1" z="13" spawntime="60"/>
    <monster name="Orshabaal" x="0" y="2" z="13" spawntime="60"/>
    <monster name="Ferumbras" x="-4" y="5" z="13" spawntime="60"/>
  </spawn>
  <spawn centerx="452" centery="38" centerz="13" radius="5">
    <monster name="Training Monk" x="-1" y="0" z="13" spawntime="60"/>
    <monster name="Training Monk" x="1" y="0" z="13" spawntime="60"/>
  </spawn>
  <spawn centerx="464" centery="38" centerz="13" radius="5">
    <monster name="Training Monk" x="-1" y="0" z="13" spawntime="60"/>
    <monster name="Training Monk" x="1" y="0" z="13" spawntime="60"/>
  </spawn>
  <spawn centerx="452" centery="48" centerz="13" radius="5">
    <monster name="Training Monk" x="-1" y="0" z="13" spawntime="60"/>
    <monster name="Training Monk" x="1" y="0" z="13" spawntime="60"/>
  </spawn>
  <spawn centerx="464" centery="48" centerz="13" radius="5">
    <monster name="Training Monk" x="-1" y="0" z="13" spawntime="60"/>
    <monster name="Training Monk" x="1" y="0" z="13" spawntime="60"/>
  </spawn>
  <spawn centerx="181" centery="50" centerz="13" radius="5">
    <monster name="Orshabaal" x="3" y="-4" z="13" spawntime="60"/>
    <monster name="Ferumbras" x="1" y="-2" z="13" spawntime="60"/>
    <monster name="Orshabaal" x="-5" y="1" z="13" spawntime="60"/>
    <monster name="Ferumbras" x="-2" y="2" z="13" spawntime="60"/>
  </spawn>
  <spawn centerx="147" centery="53" centerz="13" radius="5">
    <monster name="Ferumbras" x="-4" y="-3" z="13" spawntime="60"/>
    <monster name="Ferumbras" x="-1" y="2" z="13" spawntime="60"/>
  </spawn>
  <spawn centerx="161" centery="55" centerz="13" radius="5">
    <monster name="Ferumbras" x="3" y="-5" z="13" spawntime="60"/>
    <monster name="Orshabaal" x="0" y="1" z="13" spawntime="60"/>
  </spawn>
  <spawn centerx="142" centery="63" centerz="13" radius="5">
    <monster name="Orshabaal" x="-4" y="-5" z="13" spawntime="60"/>
    <monster name="Orshabaal" x="0" y="1" z="13" spawntime="60"/>
  </spawn>
  <spawn centerx="154" centery="66" centerz="13" radius="5">
    <monster name="Orshabaal" x="-1" y="-2" z="13" spawntime="60"/>
  </spawn>
  <spawn centerx="119" centery="68" centerz="13" radius="5">
    <monster name="Ferumbras" x="5" y="-1" z="13" spawntime="60"/>
    <monster name="Orshabaal" x="-5" y="1" z="13" spawntime="60"/>
    <monster name="Ferumbras" x="-2" y="1" z="13" spawntime="60"/>
    <monster name="Orshabaal" x="1" y="1" z="13" spawntime="60"/>
  </spawn>
  <spawn centerx="169" centery="68" centerz="13" radius="5">
    <monster name="Orshabaal" x="2" y="-4" z="13" spawntime="60"/>
    <monster name="Orshabaal" x="-2" y="3" z="13" spawntime="60"/>
  </spawn>
  <spawn centerx="199" centery="73" centerz="13" radius="5">
    <monster name="Ferumbras" x="5" y="-2" z="13" spawntime="60"/>
    <monster name="Orshabaal" x="2" y="0" z="13" spawntime="60"/>
    <monster name="Orshabaal" x="-1" y="2" z="13" spawntime="60"/>
    <monster name="Ferumbras" x="-5" y="3" z="13" spawntime="60"/>
  </spawn>
  <spawn centerx="27" centery="80" centerz="13" radius="5">
    <monster name="Love Demon" x="-2" y="1" z="13" spawntime="60"/>
    <monster name="Love Demon" x="3" y="1" z="13" spawntime="60"/>
    <monster name="Love Demon" x="1" y="2" z="13" spawntime="60"/>
    <monster name="Love Demon" x="1" y="3" z="13" spawntime="60"/>
    <monster name="Love Demon" x="-2" y="4" z="13" spawntime="60"/>
    <monster name="Love Demon" x="2" y="5" z="13" spawntime="60"/>
  </spawn>
  <spawn centerx="177" centery="80" centerz="13" radius="5">
    <monster name="Orshabaal" x="4" y="1" z="13" spawntime="60"/>
  </spawn>
  <spawn centerx="41" centery="81" centerz="13" radius="5">
    <monster name="Love Demon" x="-3" y="0" z="13" spawntime="60"/>
    <monster name="Love Demon" x="1" y="0" z="13" spawntime="60"/>
    <monster name="Love Demon" x="-4" y="3" z="13" spawntime="60"/>
    <monster name="Love Demon" x="-1" y="3" z="13" spawntime="60"/>
    <monster name="Love Demon" x="1" y="3" z="13" spawntime="60"/>
  </spawn>
  <spawn centerx="55" centery="81" centerz="13" radius="5">
    <monster name="Love Demon" x="-2" y="0" z="13" spawntime="60"/>
    <monster name="Love Demon" x="3" y="1" z="13" spawntime="60"/>
    <monster name="Love Demon" x="-2" y="3" z="13" spawntime="60"/>
    <monster name="Love Demon" x="-3" y="4" z="13" spawntime="60"/>
    <monster name="Love Demon" x="0" y="4" z="13" spawntime="60"/>
  </spawn>
  <spawn centerx="153" centery="81" centerz="13" radius="5">
    <monster name="Ferumbras" x="-5" y="-1" z="13" spawntime="60"/>
    <monster name="Orshabaal" x="2" y="0" z="13" spawntime="60"/>
  </spawn>
  <spawn centerx="123" centery="87" centerz="13" radius="5">
    <monster name="Orshabaal" x="-2" y="0" z="13" spawntime="60"/>
    <monster name="Ferumbras" x="1" y="1" z="13" spawntime="60"/>
    <monster name="Orshabaal" x="4" y="3" z="13" spawntime="60"/>
  </spawn>
  <spawn centerx="200" centery="90" centerz="13" radius="5">
    <monster name="Orshabaal" x="-3" y="-3" z="13" spawntime="60"/>
    <monster name="Ferumbras" x="-1" y="0" z="13" spawntime="60"/>
    <monster name="Orshabaal" x="3" y="0" z="13" spawntime="60"/>
    <monster name="Ferumbras" x="5" y="2" z="13" spawntime="60"/>
  </spawn>
  <spawn centerx="30" centery="92" centerz="13" radius="5">
    <npc name="Paco qliao" x="3" y="-3" z="13" spawntime="60"/>
    <monster name="Love Demon" x="-1" y="0" z="13" spawntime="60"/>
    <monster name="Love Demon" x="2" y="0" z="13" spawntime="60"/>
    <monster name="Love Demon" x="0" y="3" z="13" spawntime="60"/>
  </spawn>
  <spawn centerx="46" centery="93" centerz="13" radius="5">
    <npc name="Paco qliao" x="-3" y="-3" z="13" spawntime="60"/>
    <monster name="Love Demon" x="-1" y="-3" z="13" spawntime="60"/>
    <monster name="Love Demon" x="3" y="-3" z="13" spawntime="60"/>
    <monster name="Love Demon" x="1" y="0" z="13" spawntime="60"/>
    <monster name="Love Demon" x="-3" y="1" z="13" spawntime="60"/>
    <monster name="Love Demon" x="0" y="3" z="13" spawntime="60"/>
    <monster name="Love Demon" x="3" y="3" z="13" spawntime="60"/>
  </spawn>
  <spawn centerx="62" centery="93" centerz="13" radius="5">
    <monster name="Love Demon" x="-2" y="-3" z="13" spawntime="60"/>
    <npc name="Paco qliao" x="2" y="-3" z="13" spawntime="60"/>
    <monster name="Love Demon" x="1" y="-2" z="13" spawntime="60"/>
    <monster name="Love Demon" x="-3" y="0" z="13" spawntime="60"/>
    <monster name="Love Demon" x="-2" y="2" z="13" spawntime="60"/>
    <monster name="Love Demon" x="1" y="2" z="13" spawntime="60"/>
    <monster name="Love Demon" x="-2" y="4" z="13" spawntime="60"/>
  </spawn>
  <spawn centerx="139" centery="94" centerz="13" radius="5">
    <monster name="Orshabaal" x="2" y="-4" z="13" spawntime="60"/>
    <monster name="Ferumbras" x="-5" y="0" z="13" spawntime="60"/>
  </spawn>
  <spawn centerx="168" centery="94" centerz="13" radius="5">
    <monster name="Orshabaal" x="-2" y="-2" z="13" spawntime="60"/>
    <monster name="Orshabaal" x="1" y="4" z="13" spawntime="60"/>
  </spawn>
  <spawn centerx="157" centery="95" centerz="13" radius="5">
    <monster name="Orshabaal" x="-3" y="0" z="13" spawntime="60"/>
    <monster name="Ferumbras" x="2" y="4" z="13" spawntime="60"/>
  </spawn>
  <spawn centerx="184" centery="98" centerz="13" radius="5">
    <monster name="Orshabaal" x="5" y="-5" z="13" spawntime="60"/>
    <monster name="Orshabaal" x="0" y="-1" z="13" spawntime="60"/>
    <monster name="Ferumbras" x="5" y="4" z="13" spawntime="60"/>
  </spawn>
  <spawn centerx="26" centery="104" centerz="13" radius="5">
    <monster name="Love Demon" x="-1" y="-1" z="13" spawntime="60"/>
    <monster name="Love Demon" x="1" y="-1" z="13" spawntime="60"/>
    <monster name="Love Demon" x="3" y="1" z="13" spawntime="60"/>
  </spawn>
  <spawn centerx="39" centery="105" centerz="13" radius="5">
    <monster name="Love Demon" x="2" y="-2" z="13" spawntime="60"/>
    <monster name="Love Demon" x="-3" y="0" z="13" spawntime="60"/>
  </spawn>
  <spawn centerx="57" centery="105" centerz="13" radius="5">
    <monster name="Love Demon" x="4" y="-4" z="13" spawntime="60"/>
    <monster name="Love Demon" x="-3" y="-2" z="13" spawntime="60"/>
    <monster name="Love Demon" x="0" y="-2" z="13" spawntime="60"/>
    <monster name="Love Demon" x="4" y="-1" z="13" spawntime="60"/>
    <monster name="Love Demon" x="-1" y="0" z="13" spawntime="60"/>
  </spawn>
  <spawn centerx="142" centery="105" centerz="13" radius="5">
    <monster name="Orshabaal" x="4" y="-5" z="13" spawntime="60"/>
    <monster name="Ferumbras" x="-3" y="-2" z="13" spawntime="60"/>
    <monster name="Ferumbras" x="-4" y="4" z="13" spawntime="60"/>
  </spawn>
  <spawn centerx="157" centery="109" centerz="13" radius="5">
    <monster name="Ferumbras" x="2" y="-3" z="13" spawntime="60"/>
    <monster name="Orshabaal" x="-1" y="2" z="13" spawntime="60"/>
  </spawn>
  <spawn centerx="181" centery="111" centerz="13" radius="5">
    <monster name="Orshabaal" x="-2" y="-3" z="13" spawntime="60"/>
    <monster name="Ferumbras" x="2" y="2" z="13" spawntime="60"/>
  </spawn>
  <spawn centerx="212" centery="111" centerz="13" radius="5">
    <monster name="Ferumbras" x="5" y="-5" z="13" spawntime="60"/>
    <monster name="Orshabaal" x="3" y="-1" z="13" spawntime="60"/>
    <monster name="Orshabaal" x="-5" y="0" z="13" spawntime="60"/>
    <monster name="Ferumbras" x="-1" y="0" z="13" spawntime="60"/>
  </spawn>
  <spawn centerx="131" centery="128" centerz="13" radius="5">
    <monster name="Ferumbras" x="1" y="-4" z="13" spawntime="60"/>
    <monster name="Orshabaal" x="1" y="0" z="13" spawntime="60"/>
    <monster name="Ferumbras" x="0" y="3" z="13" spawntime="60"/>
  </spawn>
  <spawn centerx="168" centery="134" centerz="13" radius="5">
    <monster name="Orshabaal" x="-2" y="-4" z="13" spawntime="60"/>
    <monster name="Ferumbras" x="-1" y="0" z="13" spawntime="60"/>
    <monster name="Ferumbras" x="2" y="2" z="13" spawntime="60"/>
    <monster name="Orshabaal" x="5" y="3" z="13" spawntime="60"/>
  </spawn>
  <spawn centerx="191" centery="134" centerz="13" radius="5">
    <monster name="Ferumbras" x="-2" y="-5" z="13" spawntime="60"/>
    <monster name="Orshabaal" x="-2" y="0" z="13" spawntime="60"/>
    <monster name="Orshabaal" x="3" y="2" z="13" spawntime="60"/>
    <monster name="Ferumbras" x="-4" y="3" z="13" spawntime="60"/>
  </spawn>
  <spawn centerx="63" centery="145" centerz="13" radius="5">
    <npc name="Paco qliao" x="0" y="-4" z="13" spawntime="60"/>
    <monster name="Batman" x="-3" y="-2" z="13" spawntime="60"/>
    <monster name="Batman" x="-4" y="0" z="13" spawntime="60"/>
    <monster name="Batman" x="-2" y="0" z="13" spawntime="60"/>
    <monster name="Batman" x="1" y="0" z="13" spawntime="60"/>
    <monster name="Batman" x="3" y="0" z="13" spawntime="60"/>
    <monster name="Batman" x="-5" y="1" z="13" spawntime="60"/>
    <monster name="Batman" x="-2" y="2" z="13" spawntime="60"/>
    <monster name="Batman" x="0" y="2" z="13" spawntime="60"/>
    <monster name="Batman" x="2" y="2" z="13" spawntime="60"/>
    <monster name="Batman" x="-3" y="3" z="13" spawntime="60"/>
    <monster name="Batman" x="4" y="3" z="13" spawntime="60"/>
    <monster name="Batman" x="-4" y="5" z="13" spawntime="60"/>
    <monster name="Batman" x="2" y="5" z="13" spawntime="60"/>
  </spawn>
  <spawn centerx="48" centery="149" centerz="13" radius="5">
    <monster name="Batman" x="-3" y="-5" z="13" spawntime="60"/>
    <monster name="Batman" x="0" y="-5" z="13" spawntime="60"/>
    <monster name="Batman" x="3" y="-4" z="13" spawntime="60"/>
    <monster name="Batman" x="-4" y="-3" z="13" spawntime="60"/>
    <monster name="Batman" x="-2" y="-3" z="13" spawntime="60"/>
    <monster name="Batman" x="0" y="-3" z="13" spawntime="60"/>
    <monster name="Batman" x="-1" y="-2" z="13" spawntime="60"/>
    <monster name="Batman" x="4" y="-1" z="13" spawntime="60"/>
    <monster name="Batman" x="-4" y="0" z="13" spawntime="60"/>
    <monster name="Batman" x="-2" y="0" z="13" spawntime="60"/>
    <npc name="Paco qliao" x="-1" y="0" z="13" spawntime="60"/>
    <monster name="Batman" x="-3" y="1" z="13" spawntime="60"/>
    <monster name="Batman" x="2" y="1" z="13" spawntime="60"/>
    <monster name="Batman" x="-1" y="2" z="13" spawntime="60"/>
    <monster name="Batman" x="4" y="2" z="13" spawntime="60"/>
    <monster name="Batman" x="-4" y="3" z="13" spawntime="60"/>
    <monster name="Batman" x="3" y="3" z="13" spawntime="60"/>
  </spawn>
  <spawn centerx="60" centery="154" centerz="13" radius="5">
    <monster name="Batman" x="-4" y="-3" z="13" spawntime="60"/>
    <monster name="Batman" x="0" y="-3" z="13" spawntime="60"/>
    <monster name="Batman" x="3" y="-3" z="13" spawntime="60"/>
    <monster name="Batman" x="-4" y="0" z="13" spawntime="60"/>
    <monster name="Batman" x="3" y="0" z="13" spawntime="60"/>
    <monster name="Batman" x="-1" y="1" z="13" spawntime="60"/>
    <monster name="Batman" x="2" y="1" z="13" spawntime="60"/>
    <monster name="Batman" x="-5" y="2" z="13" spawntime="60"/>
    <monster name="Batman" x="4" y="2" z="13" spawntime="60"/>
    <monster name="Batman" x="-3" y="3" z="13" spawntime="60"/>
    <monster name="Batman" x="0" y="3" z="13" spawntime="60"/>
    <monster name="Batman" x="2" y="3" z="13" spawntime="60"/>
    <npc name="Paco qliao" x="5" y="3" z="13" spawntime="60"/>
  </spawn>
  <spawn centerx="45" centery="160" centerz="13" radius="5">
    <monster name="Batman" x="-5" y="-5" z="13" spawntime="60"/>
    <monster name="Batman" x="-2" y="-5" z="13" spawntime="60"/>
    <monster name="Batman" x="-1" y="-4" z="13" spawntime="60"/>
    <monster name="Batman" x="4" y="-4" z="13" spawntime="60"/>
    <monster name="Batman" x="2" y="-3" z="13" spawntime="60"/>
    <monster name="Batman" x="-2" y="-2" z="13" spawntime="60"/>
    <monster name="Batman" x="-5" y="-1" z="13" spawntime="60"/>
    <monster name="Batman" x="-3" y="1" z="13" spawntime="60"/>
    <monster name="Batman" x="3" y="1" z="13" spawntime="60"/>
    <monster name="Batman" x="-1" y="2" z="13" spawntime="60"/>
  </spawn>
  <spawn centerx="63" centery="165" centerz="13" radius="5">
    <monster name="Batman" x="2" y="-5" z="13" spawntime="60"/>
    <monster name="Batman" x="-4" y="-4" z="13" spawntime="60"/>
    <monster name="Batman" x="-2" y="-4" z="13" spawntime="60"/>
    <monster name="Batman" x="4" y="-4" z="13" spawntime="60"/>
    <monster name="Batman" x="1" y="-3" z="13" spawntime="60"/>
    <monster name="Batman" x="-3" y="-2" z="13" spawntime="60"/>
    <monster name="Batman" x="4" y="-2" z="13" spawntime="60"/>
    <monster name="Batman" x="-1" y="-1" z="13" spawntime="60"/>
  </spawn>
  <spawn centerx="59" centery="199" centerz="13" radius="5">
    <monster name="Cura tato" x="3" y="-5" z="13" spawntime="60"/>
    <monster name="Cura tato" x="5" y="-5" z="13" spawntime="60"/>
    <monster name="Cura tato" x="-3" y="-4" z="13" spawntime="60"/>
    <monster name="Cura tato" x="-2" y="-4" z="13" spawntime="60"/>
    <monster name="Cura tato" x="0" y="-4" z="13" spawntime="60"/>
    <monster name="Cura tato" x="1" y="-4" z="13" spawntime="60"/>
    <monster name="Cura tato" x="3" y="-4" z="13" spawntime="60"/>
    <monster name="Cura tato" x="4" y="-4" z="13" spawntime="60"/>
    <monster name="Cura tato" x="2" y="-3" z="13" spawntime="60"/>
    <monster name="Cura tato" x="-1" y="-2" z="13" spawntime="60"/>
    <monster name="Cura tato" x="3" y="-2" z="13" spawntime="60"/>
    <monster name="Cura tato" x="-2" y="-1" z="13" spawntime="60"/>
    <npc name="Paco qliao" x="-1" y="-1" z="13" spawntime="60"/>
    <monster name="Cura tato" x="2" y="0" z="13" spawntime="60"/>
    <monster name="Cura tato" x="-4" y="1" z="13" spawntime="60"/>
    <monster name="Cura tato" x="-3" y="1" z="13" spawntime="60"/>
    <monster name="Cura tato" x="-1" y="1" z="13" spawntime="60"/>
    <monster name="Cura tato" x="1" y="1" z="13" spawntime="60"/>
    <monster name="Cura tato" x="-3" y="2" z="13" spawntime="60"/>
    <monster name="Cura tato" x="-2" y="2" z="13" spawntime="60"/>
    <monster name="Cura tato" x="0" y="2" z="13" spawntime="60"/>
    <monster name="Cura tato" x="2" y="2" z="13" spawntime="60"/>
    <monster name="Cura tato" x="4" y="2" z="13" spawntime="60"/>
    <monster name="Cura tato" x="-4" y="3" z="13" spawntime="60"/>
    <monster name="Cura tato" x="0" y="3" z="13" spawntime="60"/>
    <monster name="Cura tato" x="-3" y="4" z="13" spawntime="60"/>
    <monster name="Cura tato" x="-1" y="4" z="13" spawntime="60"/>
    <monster name="Cura tato" x="1" y="4" z="13" spawntime="60"/>
    <monster name="Cura tato" x="-5" y="5" z="13" spawntime="60"/>
    <monster name="Cura tato" x="-2" y="5" z="13" spawntime="60"/>
  </spawn>
  <spawn centerx="59" centery="208" centerz="13" radius="5">
    <monster name="Cura tato" x="-1" y="-3" z="13" spawntime="60"/>
    <monster name="Cura tato" x="0" y="-3" z="13" spawntime="60"/>
    <monster name="Cura tato" x="4" y="-3" z="13" spawntime="60"/>
    <monster name="Cura tato" x="1" y="-2" z="13" spawntime="60"/>
    <monster name="Cura tato" x="2" y="-2" z="13" spawntime="60"/>
    <monster name="Cura tato" x="4" y="-1" z="13" spawntime="60"/>
    <monster name="Cura tato" x="-4" y="0" z="13" spawntime="60"/>
    <monster name="Cura tato" x="-2" y="0" z="13" spawntime="60"/>
    <monster name="Cura tato" x="-4" y="1" z="13" spawntime="60"/>
    <monster name="Cura tato" x="-1" y="1" z="13" spawntime="60"/>
    <monster name="Cura tato" x="3" y="1" z="13" spawntime="60"/>
    <monster name="Cura tato" x="-4" y="2" z="13" spawntime="60"/>
    <monster name="Cura tato" x="-3" y="2" z="13" spawntime="60"/>
    <monster name="Cura tato" x="-3" y="3" z="13" spawntime="60"/>
    <monster name="Cura tato" x="-1" y="3" z="13" spawntime="60"/>
    <monster name="Cura tato" x="3" y="3" z="13" spawntime="60"/>
  </spawn>
  <spawn centerx="88" centery="224" centerz="13" radius="5">
    <monster name="Blade" x="-4" y="0" z="13" spawntime="19"/>
    <monster name="Blade" x="0" y="0" z="13" spawntime="19"/>
    <monster name="Blade" x="5" y="0" z="13" spawntime="19"/>
  </spawn>
  <spawn centerx="96" centery="224" centerz="13" radius="5">
    <monster name="Blade" x="3" y="0" z="13" spawntime="19"/>
  </spawn>
  <spawn centerx="82" centery="225" centerz="13" radius="5">
    <monster name="Blade" x="-1" y="0" z="13" spawntime="19"/>
  </spawn>
  <spawn centerx="51" centery="229" centerz="13" radius="5">
    <monster name="Hell Dragon" x="-4" y="-2" z="13" spawntime="60"/>
    <monster name="Hell Dragon" x="-1" y="-1" z="13" spawntime="60"/>
    <monster name="Hell Dragon" x="4" y="0" z="13" spawntime="60"/>
    <monster name="Hell Dragon" x="-3" y="1" z="13" spawntime="60"/>
    <monster name="Hell Dragon" x="1" y="1" z="13" spawntime="60"/>
    <monster name="Hell Dragon" x="-3" y="4" z="13" spawntime="60"/>
    <monster name="Hell Dragon" x="0" y="4" z="13" spawntime="60"/>
    <monster name="Hell Dragon" x="3" y="4" z="13" spawntime="60"/>
  </spawn>
  <spawn centerx="39" centery="230" centerz="13" radius="5">
    <monster name="Hell Dragon" x="-1" y="-3" z="13" spawntime="60"/>
    <monster name="Hell Dragon" x="5" y="-2" z="13" spawntime="60"/>
    <monster name="Hell Dragon" x="-2" y="-1" z="13" spawntime="60"/>
    <monster name="Hell Dragon" x="2" y="-1" z="13" spawntime="60"/>
    <monster name="Hell Dragon" x="-4" y="1" z="13" spawntime="60"/>
    <monster name="Hell Dragon" x="-1" y="1" z="13" spawntime="60"/>
    <monster name="Hell Dragon" x="2" y="2" z="13" spawntime="60"/>
    <monster name="Hell Dragon" x="0" y="3" z="13" spawntime="60"/>
    <monster name="Hell Dragon" x="5" y="3" z="13" spawntime="60"/>
    <monster name="Hell Dragon" x="-3" y="4" z="13" spawntime="60"/>
    <npc name="Paco qliao" x="1" y="4" z="13" spawntime="60"/>
    <monster name="Hell Dragon" x="2" y="4" z="13" spawntime="60"/>
  </spawn>
  <spawn centerx="609" centery="232" centerz="13" radius="5">
    <monster name="Training Monk" x="-1" y="-1" z="13" spawntime="19"/>
    <monster name="Training Monk" x="1" y="-1" z="13" spawntime="19"/>
  </spawn>
  <spawn centerx="45" centery="241" centerz="13" radius="5">
    <monster name="Hell Dragon" x="-4" y="-5" z="13" spawntime="60"/>
    <monster name="Hell Dragon" x="3" y="-3" z="13" spawntime="60"/>
    <monster name="Hell Dragon" x="1" y="-2" z="13" spawntime="60"/>
    <monster name="Hell Dragon" x="-2" y="0" z="13" spawntime="60"/>
    <monster name="Hell Dragon" x="0" y="0" z="13" spawntime="60"/>
    <monster name="Hell Dragon" x="4" y="0" z="13" spawntime="60"/>
    <monster name="Hell Dragon" x="-1" y="2" z="13" spawntime="60"/>
    <monster name="Hell Dragon" x="2" y="2" z="13" spawntime="60"/>
    <monster name="Hell Dragon" x="5" y="2" z="13" spawntime="60"/>
    <monster name="Hell Dragon" x="-3" y="3" z="13" spawntime="60"/>
    <monster name="Hell Dragon" x="3" y="4" z="13" spawntime="60"/>
    <monster name="Hell Dragon" x="0" y="5" z="13" spawntime="60"/>
  </spawn>
  <spawn centerx="57" centery="242" centerz="13" radius="5">
    <monster name="Hell Dragon" x="0" y="-5" z="13" spawntime="60"/>
    <monster name="Hell Dragon" x="-1" y="-3" z="13" spawntime="60"/>
    <monster name="Hell Dragon" x="2" y="-3" z="13" spawntime="60"/>
    <monster name="Hell Dragon" x="4" y="-3" z="13" spawntime="60"/>
    <monster name="Hell Dragon" x="-4" y="-2" z="13" spawntime="60"/>
    <npc name="Paco qliao" x="-3" y="-1" z="13" spawntime="60"/>
    <monster name="Hell Dragon" x="2" y="-1" z="13" spawntime="60"/>
    <monster name="Hell Dragon" x="2" y="0" z="13" spawntime="60"/>
    <monster name="Hell Dragon" x="-3" y="1" z="13" spawntime="60"/>
    <monster name="Hell Dragon" x="3" y="3" z="13" spawntime="60"/>
    <monster name="Hell Dragon" x="-2" y="4" z="13" spawntime="60"/>
    <monster name="Hell Dragon" x="-4" y="5" z="13" spawntime="60"/>
    <monster name="Hell Dragon" x="1" y="5" z="13" spawntime="60"/>
  </spawn>
  <spawn centerx="33" centery="243" centerz="13" radius="5">
    <monster name="Hell Dragon" x="3" y="-4" z="13" spawntime="60"/>
    <monster name="Hell Dragon" x="1" y="-3" z="13" spawntime="60"/>
    <monster name="Hell Dragon" x="-1" y="-2" z="13" spawntime="60"/>
    <monster name="Hell Dragon" x="5" y="-2" z="13" spawntime="60"/>
    <monster name="Hell Dragon" x="3" y="-1" z="13" spawntime="60"/>
    <monster name="Hell Dragon" x="3" y="2" z="13" spawntime="60"/>
    <monster name="Hell Dragon" x="1" y="3" z="13" spawntime="60"/>
    <monster name="Hell Dragon" x="-1" y="4" z="13" spawntime="60"/>
    <monster name="Hell Dragon" x="5" y="4" z="13" spawntime="60"/>
  </spawn>
  <spawn centerx="421" centery="394" centerz="13" radius="5">
    <monster name="Royal dragon" x="0" y="-1" z="13" spawntime="19"/>
    <monster name="Royal dragon" x="-3" y="3" z="13" spawntime="19"/>
    <monster name="Royal dragon" x="1" y="4" z="13" spawntime="19"/>
  </spawn>
  <spawn centerx="426" centery="396" centerz="13" radius="5">
    <monster name="Royal dragon" x="3" y="-1" z="13" spawntime="19"/>
  </spawn>
  <spawn centerx="432" centery="400" centerz="13" radius="5">
    <monster name="Royal dragon" x="0" y="1" z="13" spawntime="19"/>
  </spawn>
  <spawn centerx="436" centery="409" centerz="13" radius="5">
    <monster name="Royal dragon" x="3" y="-1" z="13" spawntime="19"/>
    <monster name="Royal dragon" x="-2" y="4" z="13" spawntime="19"/>
    <monster name="Royal dragon" x="1" y="5" z="13" spawntime="19"/>
  </spawn>
  <spawn centerx="440" centery="417" centerz="13" radius="5">
    <monster name="Royal dragon" x="2" y="1" z="13" spawntime="19"/>
    <monster name="Royal dragon" x="0" y="4" z="13" spawntime="19"/>
  </spawn>
  <spawn centerx="441" centery="426" centerz="13" radius="5">
    <monster name="Royal dragon" x="3" y="-2" z="13" spawntime="19"/>
    <monster name="Royal dragon" x="-3" y="0" z="13" spawntime="19"/>
    <monster name="Royal dragon" x="-1" y="4" z="13" spawntime="19"/>
  </spawn>
  <spawn centerx="441" centery="434" centerz="13" radius="5">
    <monster name="Royal dragon" x="0" y="4" z="13" spawntime="19"/>
  </spawn>
  <spawn centerx="443" centery="443" centerz="13" radius="5">
    <monster name="Royal dragon" x="3" y="-1" z="13" spawntime="19"/>
    <monster name="Royal dragon" x="-2" y="2" z="13" spawntime="19"/>
    <monster name="Royal dragon" x="1" y="5" z="13" spawntime="19"/>
  </spawn>
  <spawn centerx="443" centery="449" centerz="13" radius="5"/>
  <spawn centerx="443" centery="457" centerz="13" radius="5">
    <monster name="Royal dragon" x="-3" y="0" z="13" spawntime="19"/>
    <monster name="Royal dragon" x="2" y="4" z="13" spawntime="19"/>
  </spawn>
  <spawn centerx="443" centery="466" centerz="13" radius="5">
    <monster name="Royal dragon" x="-2" y="-3" z="13" spawntime="19"/>
    <monster name="Royal dragon" x="-4" y="1" z="13" spawntime="19"/>
    <monster name="Royal dragon" x="2" y="2" z="13" spawntime="19"/>
    <monster name="Royal dragon" x="0" y="5" z="13" spawntime="19"/>
  </spawn>
  <spawn centerx="443" centery="476" centerz="13" radius="5">
    <monster name="Royal dragon" x="-3" y="-1" z="13" spawntime="19"/>
    <monster name="Royal dragon" x="4" y="5" z="13" spawntime="19"/>
  </spawn>
  <spawn centerx="442" centery="484" centerz="13" radius="5">
    <monster name="Royal dragon" x="-2" y="0" z="13" spawntime="19"/>
    <monster name="Royal dragon" x="-2" y="4" z="13" spawntime="19"/>
  </spawn>
  <spawn centerx="162" centery="31" centerz="14" radius="1">
    <monster name="Hulk" x="0" y="0" z="14" spawntime="60"/>
  </spawn>
  <spawn centerx="155" centery="33" centerz="14" radius="5">
    <monster name="Troll dance" x="0" y="-2" z="14" spawntime="60"/>
    <monster name="Undeath Killer" x="0" y="0" z="14" spawntime="60"/>
  </spawn>
  <spawn centerx="452" centery="38" centerz="14" radius="5">
    <monster name="Training Monk" x="-1" y="0" z="14" spawntime="60"/>
    <monster name="Training Monk" x="1" y="0" z="14" spawntime="60"/>
  </spawn>
  <spawn centerx="464" centery="38" centerz="14" radius="5">
    <monster name="Training Monk" x="-1" y="0" z="14" spawntime="60"/>
    <monster name="Training Monk" x="1" y="0" z="14" spawntime="60"/>
  </spawn>
  <spawn centerx="155" centery="40" centerz="14" radius="5">
    <monster name="Master of Evil" x="0" y="0" z="14" spawntime="19"/>
    <monster name="Sweet Girl" x="0" y="3" z="14" spawntime="19"/>
  </spawn>
  <spawn centerx="156" centery="46" centerz="14" radius="5">
    <monster name="Piton" x="0" y="0" z="14" spawntime="19"/>
    <monster name="Tarzan" x="0" y="3" z="14" spawntime="19"/>
  </spawn>
  <spawn centerx="452" centery="48" centerz="14" radius="5">
    <monster name="Training Monk" x="-1" y="0" z="14" spawntime="60"/>
    <monster name="Training Monk" x="1" y="0" z="14" spawntime="60"/>
  </spawn>
  <spawn centerx="464" centery="48" centerz="14" radius="5">
    <monster name="Training Monk" x="-1" y="0" z="14" spawntime="60"/>
    <monster name="Training Monk" x="1" y="0" z="14" spawntime="60"/>
  </spawn>
  <spawn centerx="156" centery="49" centerz="14" radius="5">
    <monster name="Piton" x="0" y="4" z="14" spawntime="19"/>
  </spawn>
  <spawn centerx="156" centery="53" centerz="14" radius="5">
    <monster name="Royal dragon" x="0" y="2" z="14" spawntime="19"/>
    <monster name="Blade" x="0" y="4" z="14" spawntime="19"/>
  </spawn>
  <spawn centerx="156" centery="55" centerz="14" radius="5">
    <monster name="Minero" x="0" y="4" z="14" spawntime="19"/>
  </spawn>
  <spawn centerx="156" centery="57" centerz="14" radius="5"/>
  <spawn centerx="156" centery="59" centerz="14" radius="5"/>
  <spawn centerx="102" centery="223" centerz="14" radius="5">
    <monster name="Blade" x="-3" y="-1" z="14" spawntime="19"/>
    <monster name="Blade" x="4" y="0" z="14" spawntime="19"/>
  </spawn>
  <spawn centerx="278" centery="227" centerz="14" radius="5">
    <monster name="Zugurosh" x="1" y="1" z="14" spawntime="60"/>
  </spawn>
  <spawn centerx="293" centery="229" centerz="14" radius="5">
    <monster name="Ushuriel" x="1" y="-3" z="14" spawntime="60"/>
  </spawn>
  <spawn centerx="102" centery="230" centerz="14" radius="5">
    <monster name="Blade" x="-3" y="-1" z="14" spawntime="19"/>
    <monster name="Blade" x="4" y="3" z="14" spawntime="19"/>
  </spawn>
  <spawn centerx="278" centery="237" centerz="14" radius="5">
    <monster name="Latrivan" x="3" y="5" z="14" spawntime="60"/>
  </spawn>
  <spawn centerx="100" centery="238" centerz="14" radius="5">
    <monster name="Blade" x="0" y="0" z="14" spawntime="19"/>
    <monster name="Blade" x="4" y="0" z="14" spawntime="19"/>
  </spawn>
  <spawn centerx="110" centery="239" centerz="14" radius="5">
    <monster name="Blade" x="0" y="-2" z="14" spawntime="19"/>
  </spawn>
  <spawn centerx="293" centery="242" centerz="14" radius="5">
    <monster name="Madareth" x="-1" y="-1" z="14" spawntime="60"/>
  </spawn>
  <spawn centerx="347" centery="255" centerz="14" radius="5">
    <monster name="Hombre De Confort" x="-1" y="-3" z="14" spawntime="60"/>
    <monster name="Hombre De Confort" x="1" y="1" z="14" spawntime="60"/>
    <monster name="Hombre De Confort" x="0" y="4" z="14" spawntime="60"/>
  </spawn>
  <spawn centerx="354" centery="256" centerz="14" radius="5">
    <monster name="Hombre De Confort" x="-1" y="-3" z="14" spawntime="60"/>
    <monster name="Hombre De Confort" x="4" y="-3" z="14" spawntime="60"/>
    <monster name="Hombre De Confort" x="1" y="-1" z="14" spawntime="60"/>
    <monster name="Hombre De Confort" x="4" y="1" z="14" spawntime="60"/>
  </spawn>
  <spawn centerx="362" centery="257" centerz="14" radius="5">
    <monster name="Hombre De Confort" x="-2" y="-4" z="14" spawntime="60"/>
    <monster name="Hombre De Confort" x="-1" y="-3" z="14" spawntime="60"/>
    <monster name="Hombre De Confort" x="4" y="-3" z="14" spawntime="60"/>
    <monster name="Hombre De Confort" x="4" y="-1" z="14" spawntime="60"/>
    <monster name="Hombre De Confort" x="5" y="0" z="14" spawntime="60"/>
    <monster name="Hombre De Confort" x="5" y="4" z="14" spawntime="60"/>
    <monster name="Hombre De Confort" x="3" y="5" z="14" spawntime="60"/>
  </spawn>
  <spawn centerx="364" centery="261" centerz="14" radius="5">
    <monster name="Hombre De Confort" x="-1" y="2" z="14" spawntime="60"/>
    <monster name="Hombre De Confort" x="1" y="2" z="14" spawntime="60"/>
    <monster name="Hombre De Confort" x="3" y="3" z="14" spawntime="60"/>
    <monster name="Hombre De Confort" x="4" y="3" z="14" spawntime="60"/>
  </spawn>
  <spawn centerx="348" centery="263" centerz="14" radius="5">
    <monster name="Hombre De Confort" x="-1" y="-2" z="14" spawntime="60"/>
    <monster name="Hombre De Confort" x="4" y="-1" z="14" spawntime="60"/>
    <monster name="Hombre De Confort" x="0" y="0" z="14" spawntime="60"/>
    <monster name="Hombre De Confort" x="0" y="1" z="14" spawntime="60"/>
    <monster name="Hombre De Confort" x="2" y="1" z="14" spawntime="60"/>
    <monster name="Hombre De Confort" x="5" y="1" z="14" spawntime="60"/>
  </spawn>
  <spawn centerx="353" centery="264" centerz="14" radius="5">
    <monster name="Hombre De Confort" x="5" y="0" z="14" spawntime="60"/>
  </spawn>
  <spawn centerx="638" centery="465" centerz="14" radius="5">
    <monster name="Piton" x="-1" y="-3" z="14" spawntime="19"/>
    <monster name="Piton" x="-4" y="-2" z="14" spawntime="19"/>
    <monster name="Piton" x="2" y="-2" z="14" spawntime="19"/>
    <monster name="Piton" x="-4" y="1" z="14" spawntime="19"/>
    <monster name="Piton" x="0" y="1" z="14" spawntime="19"/>
    <monster name="Piton" x="1" y="4" z="14" spawntime="19"/>
  </spawn>
  <spawn centerx="619" centery="466" centerz="14" radius="5">
    <monster name="Piton" x="-1" y="-2" z="14" spawntime="19"/>
    <monster name="Piton" x="1" y="-2" z="14" spawntime="19"/>
    <monster name="Piton" x="0" y="1" z="14" spawntime="19"/>
    <monster name="Piton" x="3" y="5" z="14" spawntime="19"/>
  </spawn>
  <spawn centerx="626" centery="466" centerz="14" radius="5">
    <monster name="Piton" x="0" y="-3" z="14" spawntime="19"/>
    <monster name="Piton" x="1" y="1" z="14" spawntime="19"/>
    <monster name="Piton" x="2" y="5" z="14" spawntime="19"/>
  </spawn>
  <spawn centerx="653" centery="471" centerz="14" radius="5">
    <monster name="Piton" x="-1" y="-2" z="14" spawntime="19"/>
    <monster name="Piton" x="-3" y="-1" z="14" spawntime="19"/>
    <monster name="Piton" x="1" y="3" z="14" spawntime="19"/>
    <monster name="Piton" x="-3" y="4" z="14" spawntime="19"/>
    <monster name="Piton" x="-2" y="4" z="14" spawntime="19"/>
    <monster name="Piton" x="5" y="5" z="14" spawntime="19"/>
  </spawn>
  <spawn centerx="631" centery="472" centerz="14" radius="5">
    <monster name="Piton" x="3" y="0" z="14" spawntime="19"/>
    <monster name="Piton" x="0" y="2" z="14" spawntime="19"/>
    <monster name="Piton" x="3" y="3" z="14" spawntime="19"/>
    <monster name="Piton" x="-1" y="4" z="14" spawntime="19"/>
    <monster name="Piton" x="-3" y="5" z="14" spawntime="19"/>
    <monster name="Piton" x="4" y="5" z="14" spawntime="19"/>
  </spawn>
  <spawn centerx="638" centery="472" centerz="14" radius="5">
    <monster name="Piton" x="5" y="-1" z="14" spawntime="19"/>
    <monster name="Piton" x="1" y="3" z="14" spawntime="19"/>
    <monster name="Piton" x="2" y="5" z="14" spawntime="19"/>
  </spawn>
  <spawn centerx="647" centery="472" centerz="14" radius="5">
    <monster name="Piton" x="-2" y="-1" z="14" spawntime="19"/>
    <monster name="Piton" x="-3" y="2" z="14" spawntime="19"/>
    <monster name="Piton" x="-1" y="4" z="14" spawntime="19"/>
  </spawn>
  <spawn centerx="617" centery="473" centerz="14" radius="5">
    <monster name="Piton" x="0" y="0" z="14" spawntime="19"/>
    <monster name="Piton" x="5" y="5" z="14" spawntime="19"/>
  </spawn>
  <spawn centerx="657" centery="476" centerz="14" radius="5">
    <monster name="Piton" x="2" y="-2" z="14" spawntime="19"/>
    <monster name="Piton" x="-4" y="4" z="14" spawntime="19"/>
    <monster name="Piton" x="-5" y="5" z="14" spawntime="19"/>
  </spawn>
  <spawn centerx="650" centery="478" centerz="14" radius="5">
    <monster name="Piton" x="-5" y="0" z="14" spawntime="19"/>
    <monster name="Piton" x="0" y="3" z="14" spawntime="19"/>
  </spawn>
  <spawn centerx="624" centery="479" centerz="14" radius="5">
    <monster name="Piton" x="-1" y="-3" z="14" spawntime="19"/>
    <monster name="Piton" x="0" y="2" z="14" spawntime="19"/>
    <monster name="Piton" x="5" y="2" z="14" spawntime="19"/>
  </spawn>
  <spawn centerx="629" centery="480" centerz="14" radius="5">
    <monster name="Piton" x="3" y="0" z="14" spawntime="19"/>
    <monster name="Piton" x="4" y="5" z="14" spawntime="19"/>
  </spawn>
  <spawn centerx="645" centery="480" centerz="14" radius="5">
    <monster name="Piton" x="-1" y="-1" z="14" spawntime="19"/>
  </spawn>
  <spawn centerx="637" centery="482" centerz="14" radius="5">
    <monster name="Piton" x="-2" y="-1" z="14" spawntime="19"/>
    <monster name="Piton" x="1" y="3" z="14" spawntime="19"/>
    <monster name="Piton" x="-2" y="4" z="14" spawntime="19"/>
    <monster name="Piton" x="4" y="4" z="14" spawntime="19"/>
  </spawn>
  <spawn centerx="452" centery="38" centerz="15" radius="5">
    <monster name="Training Monk" x="-1" y="0" z="15" spawntime="60"/>
    <monster name="Training Monk" x="1" y="0" z="15" spawntime="60"/>
  </spawn>
  <spawn centerx="464" centery="38" centerz="15" radius="5">
    <monster name="Training Monk" x="-1" y="0" z="15" spawntime="60"/>
    <monster name="Training Monk" x="1" y="0" z="15" spawntime="60"/>
  </spawn>
  <spawn centerx="255" centery="47" centerz="15" radius="5">
    <monster name="Training Monk" x="-1" y="-1" z="15" spawntime="60"/>
    <monster name="Training Monk" x="1" y="-1" z="15" spawntime="60"/>
  </spawn>
  <spawn centerx="452" centery="48" centerz="15" radius="5">
    <monster name="Training Monk" x="-1" y="0" z="15" spawntime="60"/>
    <monster name="Training Monk" x="1" y="0" z="15" spawntime="60"/>
  </spawn>
  <spawn centerx="464" centery="48" centerz="15" radius="5">
    <monster name="Training Monk" x="-1" y="0" z="15" spawntime="60"/>
    <monster name="Training Monk" x="1" y="0" z="15" spawntime="60"/>
  </spawn>
  <spawn centerx="239" centery="55" centerz="15" radius="5">
    <monster name="Training Monk" x="0" y="-3" z="15" spawntime="60"/>
    <monster name="Training Monk" x="0" y="-1" z="15" spawntime="60"/>
    <monster name="Training Monk" x="0" y="1" z="15" spawntime="60"/>
    <monster name="Training Monk" x="0" y="3" z="15" spawntime="60"/>
  </spawn>
  <spawn centerx="251" centery="56" centerz="15" radius="5">
    <monster name="Training Monk" x="-3" y="-1" z="15" spawntime="60"/>
    <monster name="Training Monk" x="-1" y="-1" z="15" spawntime="60"/>
    <monster name="Training Monk" x="1" y="-1" z="15" spawntime="60"/>
    <monster name="Training Monk" x="3" y="-1" z="15" spawntime="60"/>
    <monster name="Training Monk" x="5" y="-1" z="15" spawntime="60"/>
    <monster name="Training Monk" x="-3" y="1" z="15" spawntime="60"/>
    <monster name="Training Monk" x="-1" y="1" z="15" spawntime="60"/>
    <monster name="Training Monk" x="1" y="1" z="15" spawntime="60"/>
    <monster name="Training Monk" x="3" y="1" z="15" spawntime="60"/>
    <monster name="Training Monk" x="5" y="1" z="15" spawntime="60"/>
  </spawn>
  <spawn centerx="255" centery="63" centerz="15" radius="5">
    <monster name="Training Monk" x="-1" y="1" z="15" spawntime="60"/>
    <monster name="Training Monk" x="1" y="1" z="15" spawntime="60"/>
  </spawn>
  <spawn centerx="197" centery="118" centerz="15" radius="5">
    <monster name="Ferumbras" x="-3" y="-1" z="15" spawntime="60"/>
    <monster name="Ferumbras" x="4" y="0" z="15" spawntime="60"/>
  </spawn>
  <spawn centerx="179" centery="120" centerz="15" radius="5">
    <monster name="Ferumbras" x="3" y="-3" z="15" spawntime="60"/>
    <monster name="Ferumbras" x="-4" y="1" z="15" spawntime="60"/>
  </spawn>
  <spawn centerx="194" centery="131" centerz="15" radius="5">
    <monster name="Ferumbras" x="1" y="-4" z="15" spawntime="60"/>
    <monster name="Ferumbras" x="-4" y="-2" z="15" spawntime="60"/>
    <monster name="Ferumbras" x="4" y="1" z="15" spawntime="60"/>
  </spawn>
  <spawn centerx="181" centery="133" centerz="15" radius="5">
    <monster name="Ferumbras" x="-1" y="-3" z="15" spawntime="60"/>
    <monster name="Ferumbras" x="-4" y="4" z="15" spawntime="60"/>
    <monster name="Ferumbras" x="5" y="5" z="15" spawntime="60"/>
  </spawn>
  <spawn centerx="204" centery="135" centerz="15" radius="5">
    <monster name="Ferumbras" x="1" y="-1" z="15" spawntime="60"/>
  </spawn>
  <spawn centerx="435" centery="212" centerz="15" radius="5">
    <monster name="Annihilon" x="0" y="-2" z="15" spawntime="60"/>
    <monster name="Annihilon" x="1" y="0" z="15" spawntime="60"/>
    <monster name="Annihilon" x="0" y="2" z="15" spawntime="60"/>
    <monster name="Annihilon" x="0" y="3" z="15" spawntime="60"/>
  </spawn>
  <spawn centerx="361" centery="218" centerz="15" radius="5">
    <monster name="Medusa" x="-1" y="-4" z="15" spawntime="60"/>
    <monster name="Medusa" x="1" y="-4" z="15" spawntime="60"/>
    <monster name="Medusa" x="0" y="-3" z="15" spawntime="60"/>
    <monster name="Medusa" x="-1" y="-2" z="15" spawntime="60"/>
    <monster name="Medusa" x="1" y="-2" z="15" spawntime="60"/>
    <monster name="Medusa" x="0" y="-1" z="15" spawntime="60"/>
    <monster name="Medusa" x="-1" y="0" z="15" spawntime="60"/>
    <monster name="Medusa" x="1" y="0" z="15" spawntime="60"/>
    <monster name="Medusa" x="0" y="1" z="15" spawntime="60"/>
    <monster name="Medusa" x="-1" y="2" z="15" spawntime="60"/>
    <monster name="Medusa" x="1" y="2" z="15" spawntime="60"/>
    <monster name="Hombre Lobo" x="-1" y="4" z="15" spawntime="60"/>
    <monster name="Hombre Lobo" x="1" y="4" z="15" spawntime="60"/>
    <monster name="Hombre Lobo" x="0" y="5" z="15" spawntime="60"/>
  </spawn>
  <spawn centerx="372" centery="218" centerz="15" radius="5">
    <monster name="Hombre De Confort" x="-1" y="-4" z="15" spawntime="60"/>
    <monster name="Hombre De Confort" x="1" y="-4" z="15" spawntime="60"/>
    <monster name="Hombre De Confort" x="0" y="-3" z="15" spawntime="60"/>
    <monster name="Hombre De Confort" x="-1" y="-2" z="15" spawntime="60"/>
    <monster name="Hombre De Confort" x="1" y="-2" z="15" spawntime="60"/>
    <monster name="Hombre De Confort" x="0" y="-1" z="15" spawntime="60"/>
    <monster name="Hombre De Confort" x="-1" y="0" z="15" spawntime="60"/>
    <monster name="Hombre De Confort" x="1" y="0" z="15" spawntime="60"/>
    <monster name="Hombre De Confort" x="0" y="1" z="15" spawntime="60"/>
    <monster name="Hombre De Confort" x="-1" y="2" z="15" spawntime="60"/>
    <monster name="Hombre De Confort" x="1" y="2" z="15" spawntime="60"/>
    <monster name="Bolita" x="-1" y="4" z="15" spawntime="60"/>
    <monster name="Bolita" x="1" y="4" z="15" spawntime="60"/>
    <monster name="Bolita" x="0" y="5" z="15" spawntime="60"/>
  </spawn>
  <spawn centerx="410" centery="223" centerz="15" radius="5">
    <monster name="Latrivan" x="0" y="-3" z="15" spawntime="60"/>
    <monster name="Latrivan" x="1" y="-3" z="15" spawntime="60"/>
    <monster name="Latrivan" x="4" y="-3" z="15" spawntime="60"/>
    <monster name="Latrivan" x="0" y="-1" z="15" spawntime="60"/>
  </spawn>
  <spawn centerx="432" centery="223" centerz="15" radius="5">
    <monster name="Golgordan" x="3" y="-4" z="15" spawntime="60"/>
    <monster name="Golgordan" x="0" y="-2" z="15" spawntime="60"/>
    <monster name="Golgordan" x="5" y="-2" z="15" spawntime="60"/>
    <monster name="Hellgorak" x="-5" y="0" z="15" spawntime="60"/>
    <monster name="Hellgorak" x="-4" y="0" z="15" spawntime="60"/>
    <monster name="Golgordan" x="-2" y="0" z="15" spawntime="60"/>
    <monster name="Golgordan" x="4" y="0" z="15" spawntime="60"/>
    <monster name="Golgordan" x="2" y="3" z="15" spawntime="60"/>
    <monster name="Golgordan" x="2" y="4" z="15" spawntime="60"/>
  </spawn>
  <spawn centerx="436" centery="223" centerz="15" radius="5">
    <monster name="Annihilon" x="2" y="-3" z="15" spawntime="60"/>
    <monster name="Annihilon" x="2" y="1" z="15" spawntime="60"/>
  </spawn>
  <spawn centerx="372" centery="224" centerz="15" radius="5">
    <monster name="Bolita" x="-1" y="0" z="15" spawntime="60"/>
    <monster name="Bolita" x="1" y="0" z="15" spawntime="60"/>
    <monster name="Bolita" x="0" y="1" z="15" spawntime="60"/>
    <monster name="Bolita" x="-1" y="2" z="15" spawntime="60"/>
    <monster name="Bolita" x="1" y="2" z="15" spawntime="60"/>
  </spawn>
  <spawn centerx="419" centery="224" centerz="15" radius="5">
    <monster name="Hellgorak" x="3" y="-3" z="15" spawntime="60"/>
    <monster name="Latrivan" x="-3" y="-2" z="15" spawntime="60"/>
    <monster name="Hellgorak" x="2" y="-2" z="15" spawntime="60"/>
    <monster name="Hellgorak" x="3" y="-2" z="15" spawntime="60"/>
    <monster name="Hellgorak" x="5" y="-2" z="15" spawntime="60"/>
    <monster name="Latrivan" x="-1" y="-1" z="15" spawntime="60"/>
    <monster name="Latrivan" x="-2" y="0" z="15" spawntime="60"/>
    <monster name="Latrivan" x="-1" y="0" z="15" spawntime="60"/>
    <monster name="Latrivan" x="0" y="0" z="15" spawntime="60"/>
  </spawn>
  <spawn centerx="361" centery="225" centerz="15" radius="5">
    <monster name="Hombre Lobo" x="-1" y="-1" z="15" spawntime="60"/>
    <monster name="Hombre Lobo" x="1" y="-1" z="15" spawntime="60"/>
    <monster name="Hombre Lobo" x="0" y="0" z="15" spawntime="60"/>
    <monster name="Hombre Lobo" x="-1" y="1" z="15" spawntime="60"/>
    <monster name="Hombre Lobo" x="1" y="1" z="15" spawntime="60"/>
  </spawn>
  <spawn centerx="281" centery="226" centerz="15" radius="5">
    <monster name="Hellgorak" x="-2" y="-2" z="15" spawntime="60"/>
  </spawn>
  <spawn centerx="292" centery="227" centerz="15" radius="5">
    <monster name="Golgordan" x="2" y="-1" z="15" spawntime="60"/>
  </spawn>
  <spawn centerx="109" centery="238" centerz="15" radius="5">
    <monster name="Blade" x="-2" y="-3" z="15" spawntime="19"/>
    <monster name="Blade" x="4" y="1" z="15" spawntime="19"/>
    <monster name="Blade" x="-5" y="2" z="15" spawntime="19"/>
  </spawn>
  <spawn centerx="293" centery="238" centerz="15" radius="5">
    <monster name="Annihilon" x="2" y="3" z="15" spawntime="60"/>
  </spawn>
  <spawn centerx="277" centery="239" centerz="15" radius="5">
    <monster name="Will Smith" x="2" y="0" z="15" spawntime="60"/>
  </spawn>
  <spawn centerx="123" centery="240" centerz="15" radius="5">
    <monster name="Blade" x="-3" y="-3" z="15" spawntime="19"/>
    <monster name="Blade" x="2" y="-1" z="15" spawntime="19"/>
    <monster name="Blade" x="-4" y="1" z="15" spawntime="19"/>
    <monster name="Blade" x="0" y="3" z="15" spawntime="19"/>
  </spawn>
  <spawn centerx="324" centery="240" centerz="15" radius="5">
    <monster name="Hombre Lobo" x="0" y="0" z="15" spawntime="60"/>
    <monster name="Hombre Lobo" x="1" y="0" z="15" spawntime="60"/>
    <monster name="Hombre Lobo" x="3" y="0" z="15" spawntime="60"/>
    <monster name="Hombre Lobo" x="4" y="0" z="15" spawntime="60"/>
    <monster name="Hombre Lobo" x="2" y="3" z="15" spawntime="60"/>
    <monster name="Hombre Lobo" x="-2" y="5" z="15" spawntime="60"/>
    <monster name="Hombre Lobo" x="2" y="5" z="15" spawntime="60"/>
  </spawn>
  <spawn centerx="337" centery="240" centerz="15" radius="5">
    <monster name="Hombre Lobo" x="-1" y="-1" z="15" spawntime="60"/>
    <monster name="Hombre Lobo" x="1" y="-1" z="15" spawntime="60"/>
    <monster name="Hombre Lobo" x="0" y="0" z="15" spawntime="60"/>
    <monster name="Hombre Lobo" x="-4" y="2" z="15" spawntime="60"/>
  </spawn>
  <spawn centerx="134" centery="241" centerz="15" radius="5">
    <monster name="Blade" x="-3" y="-1" z="15" spawntime="19"/>
    <monster name="Blade" x="4" y="-1" z="15" spawntime="19"/>
    <monster name="Blade" x="5" y="3" z="15" spawntime="19"/>
  </spawn>
  <spawn centerx="98" centery="242" centerz="15" radius="5">
    <monster name="Blade" x="-1" y="-2" z="15" spawntime="19"/>
    <monster name="Blade" x="-3" y="0" z="15" spawntime="19"/>
    <monster name="Blade" x="1" y="1" z="15" spawntime="19"/>
    <monster name="Blade" x="-4" y="3" z="15" spawntime="19"/>
  </spawn>
  <spawn centerx="141" centery="242" centerz="15" radius="5">
    <monster name="Blade" x="2" y="-3" z="15" spawntime="19"/>
  </spawn>
  <spawn centerx="330" centery="242" centerz="15" radius="5">
    <monster name="Hombre Lobo" x="1" y="-3" z="15" spawntime="60"/>
    <monster name="Hombre Lobo" x="1" y="1" z="15" spawntime="60"/>
    <monster name="Hombre Lobo" x="4" y="4" z="15" spawntime="60"/>
    <monster name="Hombre Lobo" x="2" y="5" z="15" spawntime="60"/>
  </spawn>
  <spawn centerx="330" centery="246" centerz="15" radius="5">
    <monster name="Hombre Lobo" x="0" y="2" z="15" spawntime="60"/>
    <monster name="Hombre Lobo" x="2" y="2" z="15" spawntime="60"/>
    <monster name="Hombre Lobo" x="3" y="2" z="15" spawntime="60"/>
    <monster name="Hombre Lobo" x="0" y="3" z="15" spawntime="60"/>
    <monster name="Hombre Lobo" x="1" y="3" z="15" spawntime="60"/>
    <monster name="Hombre Lobo" x="5" y="3" z="15" spawntime="60"/>
    <monster name="Hombre Lobo" x="-5" y="4" z="15" spawntime="60"/>
    <monster name="Hombre Lobo" x="0" y="4" z="15" spawntime="60"/>
    <monster name="Hombre Lobo" x="3" y="4" z="15" spawntime="60"/>
    <monster name="Hombre Lobo" x="4" y="4" z="15" spawntime="60"/>
    <monster name="Hombre Lobo" x="3" y="5" z="15" spawntime="60"/>
  </spawn>
  <spawn centerx="321" centery="248" centerz="15" radius="5">
    <monster name="Hombre Lobo" x="0" y="-2" z="15" spawntime="60"/>
    <monster name="Hombre Lobo" x="1" y="-2" z="15" spawntime="60"/>
    <monster name="Hombre Lobo" x="1" y="-1" z="15" spawntime="60"/>
    <monster name="Hombre Lobo" x="1" y="2" z="15" spawntime="60"/>
    <monster name="Hombre Lobo" x="0" y="3" z="15" spawntime="60"/>
    <monster name="Hombre Lobo" x="1" y="3" z="15" spawntime="60"/>
  </spawn>
  <spawn centerx="333" centery="249" centerz="15" radius="5">
    <monster name="Hombre Lobo" x="4" y="-2" z="15" spawntime="60"/>
    <monster name="Hombre Lobo" x="4" y="-1" z="15" spawntime="60"/>
    <monster name="Hombre Lobo" x="5" y="-1" z="15" spawntime="60"/>
    <monster name="Hombre Lobo" x="3" y="1" z="15" spawntime="60"/>
    <monster name="Hombre Lobo" x="5" y="2" z="15" spawntime="60"/>
    <monster name="Hombre Lobo" x="-1" y="4" z="15" spawntime="60"/>
    <monster name="Hombre Lobo" x="1" y="4" z="15" spawntime="60"/>
    <monster name="Hombre Lobo" x="-1" y="5" z="15" spawntime="60"/>
  </spawn>
  <spawn centerx="94" centery="250" centerz="15" radius="5">
    <monster name="Blade" x="1" y="-1" z="15" spawntime="19"/>
    <monster name="Blade" x="-3" y="0" z="15" spawntime="19"/>
  </spawn>
  <spawn centerx="328" centery="253" centerz="15" radius="5">
    <monster name="Hombre Lobo" x="0" y="3" z="15" spawntime="60"/>
    <monster name="Hombre Lobo" x="1" y="4" z="15" spawntime="60"/>
    <monster name="Hombre Lobo" x="2" y="4" z="15" spawntime="60"/>
  </spawn>
  <spawn centerx="352" centery="253" centerz="15" radius="5">
    <monster name="Hombre De Confort" x="-2" y="-1" z="15" spawntime="60"/>
    <monster name="Hombre De Confort" x="-1" y="-1" z="15" spawntime="60"/>
    <monster name="Hombre De Confort" x="3" y="-1" z="15" spawntime="60"/>
    <monster name="Hombre De Confort" x="5" y="-1" z="15" spawntime="60"/>
    <monster name="Hombre De Confort" x="-4" y="0" z="15" spawntime="60"/>
    <monster name="Hombre De Confort" x="-3" y="0" z="15" spawntime="60"/>
    <monster name="Hombre De Confort" x="2" y="0" z="15" spawntime="60"/>
    <monster name="Hombre De Confort" x="-5" y="2" z="15" spawntime="60"/>
    <monster name="Hombre De Confort" x="0" y="3" z="15" spawntime="60"/>
    <monster name="Hombre De Confort" x="2" y="3" z="15" spawntime="60"/>
    <monster name="Hombre De Confort" x="4" y="3" z="15" spawntime="60"/>
    <monster name="Hombre De Confort" x="-1" y="4" z="15" spawntime="60"/>
    <monster name="Hombre De Confort" x="5" y="4" z="15" spawntime="60"/>
    <monster name="Hombre De Confort" x="-5" y="5" z="15" spawntime="60"/>
    <monster name="Hombre De Confort" x="5" y="5" z="15" spawntime="60"/>
  </spawn>
  <spawn centerx="439" centery="253" centerz="15" radius="5">
    <monster name="Will Smith" x="-1" y="0" z="15" spawntime="60"/>
    <monster name="Ushuriel" x="-5" y="1" z="15" spawntime="60"/>
    <monster name="Will Smith" x="-1" y="1" z="15" spawntime="60"/>
    <monster name="Will Smith" x="-4" y="3" z="15" spawntime="60"/>
    <monster name="Ushuriel" x="1" y="3" z="15" spawntime="60"/>
  </spawn>
  <spawn centerx="363" centery="254" centerz="15" radius="5">
    <monster name="Hombre De Confort" x="-3" y="-2" z="15" spawntime="60"/>
    <monster name="Hombre De Confort" x="-1" y="-1" z="15" spawntime="60"/>
    <monster name="Hombre De Confort" x="1" y="-1" z="15" spawntime="60"/>
    <monster name="Hombre De Confort" x="3" y="-1" z="15" spawntime="60"/>
    <monster name="Hombre De Confort" x="4" y="1" z="15" spawntime="60"/>
    <monster name="Hombre De Confort" x="-5" y="2" z="15" spawntime="60"/>
    <monster name="Hombre De Confort" x="-3" y="2" z="15" spawntime="60"/>
    <monster name="Hombre De Confort" x="-1" y="2" z="15" spawntime="60"/>
    <monster name="Hombre De Confort" x="-5" y="3" z="15" spawntime="60"/>
    <monster name="Hombre De Confort" x="0" y="3" z="15" spawntime="60"/>
    <monster name="Hombre De Confort" x="-5" y="4" z="15" spawntime="60"/>
    <monster name="Hombre De Confort" x="-5" y="5" z="15" spawntime="60"/>
    <monster name="Hombre De Confort" x="0" y="5" z="15" spawntime="60"/>
    <monster name="Hombre De Confort" x="4" y="5" z="15" spawntime="60"/>
  </spawn>
  <spawn centerx="410" centery="254" centerz="15" radius="5">
    <monster name="Will Smith" x="2" y="0" z="15" spawntime="60"/>
    <monster name="Will Smith" x="3" y="1" z="15" spawntime="60"/>
  </spawn>
  <spawn centerx="366" centery="255" centerz="15" radius="5">
    <monster name="Hombre De Confort" x="-4" y="5" z="15" spawntime="60"/>
  </spawn>
  <spawn centerx="421" centery="255" centerz="15" radius="5">
    <monster name="Madareth" x="4" y="-2" z="15" spawntime="60"/>
    <monster name="Will Smith" x="5" y="-2" z="15" spawntime="60"/>
    <monster name="Will Smith" x="0" y="0" z="15" spawntime="60"/>
    <monster name="Madareth" x="1" y="0" z="15" spawntime="60"/>
    <monster name="Will Smith" x="-5" y="1" z="15" spawntime="60"/>
    <monster name="Will Smith" x="-4" y="1" z="15" spawntime="60"/>
    <monster name="Will Smith" x="0" y="1" z="15" spawntime="60"/>
    <monster name="Will Smith" x="3" y="2" z="15" spawntime="60"/>
    <monster name="Madareth" x="4" y="2" z="15" spawntime="60"/>
  </spawn>
  <spawn centerx="337" centery="256" centerz="15" radius="5">
    <monster name="Hombre Lobo" x="1" y="-1" z="15" spawntime="60"/>
    <monster name="Hombre Lobo" x="0" y="0" z="15" spawntime="60"/>
    <monster name="Hombre Lobo" x="1" y="0" z="15" spawntime="60"/>
    <monster name="Hombre Lobo" x="0" y="1" z="15" spawntime="60"/>
  </spawn>
  <spawn centerx="348" centery="256" centerz="15" radius="5">
    <monster name="Hombre De Confort" x="3" y="3" z="15" spawntime="60"/>
    <monster name="Hombre De Confort" x="-1" y="4" z="15" spawntime="60"/>
    <monster name="Hombre De Confort" x="4" y="4" z="15" spawntime="60"/>
    <monster name="Hombre De Confort" x="-1" y="5" z="15" spawntime="60"/>
  </spawn>
  <spawn centerx="431" centery="256" centerz="15" radius="5">
    <monster name="Madareth" x="-3" y="-3" z="15" spawntime="60"/>
    <monster name="Will Smith" x="-1" y="-2" z="15" spawntime="60"/>
    <monster name="Ushuriel" x="0" y="-1" z="15" spawntime="60"/>
    <monster name="Ushuriel" x="-1" y="0" z="15" spawntime="60"/>
    <monster name="Madareth" x="-3" y="1" z="15" spawntime="60"/>
  </spawn>
  <spawn centerx="440" centery="259" centerz="15" radius="5">
    <monster name="Ushuriel" x="2" y="0" z="15" spawntime="60"/>
    <monster name="Will Smith" x="-1" y="3" z="15" spawntime="60"/>
    <monster name="Ushuriel" x="0" y="3" z="15" spawntime="60"/>
    <monster name="Will Smith" x="1" y="4" z="15" spawntime="60"/>
    <monster name="Will Smith" x="-2" y="5" z="15" spawntime="60"/>
  </spawn>
  <spawn centerx="281" centery="262" centerz="15" radius="5">
    <monster name="Super Hero" x="-3" y="-3" z="15" spawntime="60"/>
    <monster name="Super Hero" x="-2" y="-3" z="15" spawntime="60"/>
    <monster name="Super Hero" x="1" y="-2" z="15" spawntime="60"/>
    <monster name="Super Hero" x="5" y="-1" z="15" spawntime="60"/>
    <monster name="Super Hero" x="-5" y="2" z="15" spawntime="60"/>
    <monster name="Super Hero" x="1" y="3" z="15" spawntime="60"/>
    <monster name="Super Hero" x="4" y="3" z="15" spawntime="60"/>
  </spawn>
  <spawn centerx="292" centery="262" centerz="15" radius="5">
    <monster name="Super Hero" x="2" y="0" z="15" spawntime="60"/>
  </spawn>
  <spawn centerx="300" centery="262" centerz="15" radius="5">
    <monster name="Super Hero" x="0" y="-4" z="15" spawntime="60"/>
    <monster name="Super Hero" x="5" y="-4" z="15" spawntime="60"/>
    <monster name="Super Hero" x="3" y="-3" z="15" spawntime="60"/>
    <monster name="Super Hero" x="4" y="-2" z="15" spawntime="60"/>
    <monster name="Super Hero" x="2" y="0" z="15" spawntime="60"/>
    <monster name="Super Hero" x="0" y="2" z="15" spawntime="60"/>
  </spawn>
  <spawn centerx="365" centery="262" centerz="15" radius="5">
    <monster name="Hombre De Confort" x="1" y="0" z="15" spawntime="60"/>
    <monster name="Hombre De Confort" x="2" y="1" z="15" spawntime="60"/>
  </spawn>
  <spawn centerx="271" centery="263" centerz="15" radius="5">
    <monster name="Super Hero" x="0" y="-2" z="15" spawntime="60"/>
    <monster name="Super Hero" x="3" y="-1" z="15" spawntime="60"/>
    <monster name="Super Hero" x="-2" y="4" z="15" spawntime="60"/>
    <monster name="Super Hero" x="-4" y="5" z="15" spawntime="60"/>
  </spawn>
  <spawn centerx="360" centery="263" centerz="15" radius="5">
    <monster name="Hombre De Confort" x="-3" y="-4" z="15" spawntime="60"/>
    <monster name="Hombre De Confort" x="-4" y="-3" z="15" spawntime="60"/>
    <monster name="Hombre De Confort" x="-1" y="-3" z="15" spawntime="60"/>
    <monster name="Hombre De Confort" x="-3" y="-1" z="15" spawntime="60"/>
    <monster name="Hombre De Confort" x="-2" y="-1" z="15" spawntime="60"/>
    <monster name="Hombre De Confort" x="-4" y="0" z="15" spawntime="60"/>
    <monster name="Hombre De Confort" x="-1" y="0" z="15" spawntime="60"/>
    <monster name="Hombre De Confort" x="-3" y="2" z="15" spawntime="60"/>
    <monster name="Hombre De Confort" x="-2" y="2" z="15" spawntime="60"/>
    <monster name="Hombre De Confort" x="-4" y="3" z="15" spawntime="60"/>
    <monster name="Hombre De Confort" x="-1" y="3" z="15" spawntime="60"/>
  </spawn>
  <spawn centerx="264" centery="264" centerz="15" radius="5">
    <monster name="Super Hero" x="0" y="-1" z="15" spawntime="60"/>
  </spawn>
  <spawn centerx="438" centery="264" centerz="15" radius="5">
    <monster name="Will Smith" x="0" y="2" z="15" spawntime="60"/>
    <monster name="Will Smith" x="1" y="3" z="15" spawntime="60"/>
    <monster name="Zugurosh" x="3" y="5" z="15" spawntime="60"/>
  </spawn>
  <spawn centerx="312" centery="265" centerz="15" radius="5">
    <monster name="Super Hero" x="-2" y="-5" z="15" spawntime="60"/>
    <monster name="Super Hero" x="-1" y="-4" z="15" spawntime="60"/>
    <monster name="Super Hero" x="-1" y="-3" z="15" spawntime="60"/>
    <monster name="Super Hero" x="-3" y="1" z="15" spawntime="60"/>
    <monster name="Super Hero" x="-3" y="4" z="15" spawntime="60"/>
  </spawn>
  <spawn centerx="351" centery="265" centerz="15" radius="5">
    <monster name="Hombre De Confort" x="3" y="-5" z="15" spawntime="60"/>
    <monster name="Hombre De Confort" x="-4" y="-2" z="15" spawntime="60"/>
    <monster name="Hombre De Confort" x="-2" y="-2" z="15" spawntime="60"/>
    <monster name="Hombre De Confort" x="0" y="-2" z="15" spawntime="60"/>
    <monster name="Hombre De Confort" x="-3" y="0" z="15" spawntime="60"/>
    <monster name="Hombre De Confort" x="1" y="0" z="15" spawntime="60"/>
  </spawn>
  <spawn centerx="437" centery="266" centerz="15" radius="5">
    <monster name="Will Smith" x="-5" y="4" z="15" spawntime="60"/>
    <monster name="Zugurosh" x="-1" y="4" z="15" spawntime="60"/>
    <monster name="Will Smith" x="1" y="4" z="15" spawntime="60"/>
    <monster name="Will Smith" x="4" y="4" z="15" spawntime="60"/>
    <monster name="Will Smith" x="-3" y="5" z="15" spawntime="60"/>
    <monster name="Will Smith" x="-1" y="5" z="15" spawntime="60"/>
    <monster name="Zugurosh" x="1" y="5" z="15" spawntime="60"/>
  </spawn>
  <spawn centerx="280" centery="269" centerz="15" radius="5">
    <monster name="Super Hero" x="0" y="-1" z="15" spawntime="60"/>
    <monster name="Super Hero" x="-2" y="0" z="15" spawntime="60"/>
    <monster name="Super Hero" x="-5" y="1" z="15" spawntime="60"/>
    <monster name="Super Hero" x="-5" y="3" z="15" spawntime="60"/>
    <monster name="Super Hero" x="2" y="3" z="15" spawntime="60"/>
  </spawn>
  <spawn centerx="304" centery="269" centerz="15" radius="5">
    <monster name="Super Hero" x="2" y="-5" z="15" spawntime="60"/>
    <monster name="Super Hero" x="2" y="-1" z="15" spawntime="60"/>
    <monster name="Super Hero" x="-3" y="0" z="15" spawntime="60"/>
    <monster name="Super Hero" x="-4" y="3" z="15" spawntime="60"/>
    <monster name="Super Hero" x="-1" y="3" z="15" spawntime="60"/>
  </spawn>
  <spawn centerx="266" centery="270" centerz="15" radius="5">
    <monster name="Super Hero" x="5" y="-1" z="15" spawntime="60"/>
    <monster name="Super Hero" x="0" y="1" z="15" spawntime="60"/>
    <monster name="Super Hero" x="1" y="5" z="15" spawntime="60"/>
  </spawn>
  <spawn centerx="295" centery="270" centerz="15" radius="5">
    <monster name="Super Hero" x="-5" y="-2" z="15" spawntime="60"/>
    <monster name="Super Hero" x="1" y="0" z="15" spawntime="60"/>
    <monster name="Super Hero" x="-3" y="1" z="15" spawntime="60"/>
    <monster name="Super Hero" x="0" y="2" z="15" spawntime="60"/>
  </spawn>
  <spawn centerx="270" centery="271" centerz="15" radius="5">
    <monster name="Super Hero" x="-3" y="5" z="15" spawntime="60"/>
  </spawn>
  <spawn centerx="444" centery="272" centerz="15" radius="5">
    <monster name="Zugurosh" x="3" y="-2" z="15" spawntime="60"/>
    <monster name="Will Smith" x="-2" y="0" z="15" spawntime="60"/>
    <monster name="Will Smith" x="-5" y="1" z="15" spawntime="60"/>
    <monster name="Zugurosh" x="1" y="2" z="15" spawntime="60"/>
    <monster name="Zugurosh" x="-3" y="5" z="15" spawntime="60"/>
  </spawn>
  <spawn centerx="311" centery="273" centerz="15" radius="5">
    <monster name="Super Hero" x="0" y="-1" z="15" spawntime="60"/>
  </spawn>
  <spawn centerx="436" centery="275" centerz="15" radius="5">
    <monster name="Will Smith" x="-4" y="-3" z="15" spawntime="60"/>
    <monster name="Zugurosh" x="0" y="-2" z="15" spawntime="60"/>
    <monster name="Will Smith" x="-1" y="-1" z="15" spawntime="60"/>
    <monster name="Will Smith" x="-4" y="0" z="15" spawntime="60"/>
    <monster name="Will Smith" x="-5" y="1" z="15" spawntime="60"/>
    <monster name="Will Smith" x="-1" y="1" z="15" spawntime="60"/>
    <monster name="Zugurosh" x="0" y="1" z="15" spawntime="60"/>
    <monster name="Will Smith" x="-5" y="2" z="15" spawntime="60"/>
    <monster name="Will Smith" x="-1" y="2" z="15" spawntime="60"/>
    <monster name="Will Smith" x="-4" y="3" z="15" spawntime="60"/>
    <monster name="Will Smith" x="-1" y="3" z="15" spawntime="60"/>
    <monster name="Will Smith" x="-3" y="4" z="15" spawntime="60"/>
    <monster name="Will Smith" x="4" y="4" z="15" spawntime="60"/>
    <monster name="Will Smith" x="5" y="4" z="15" spawntime="60"/>
    <monster name="Will Smith" x="-1" y="5" z="15" spawntime="60"/>
    <monster name="Will Smith" x="1" y="5" z="15" spawntime="60"/>
    <monster name="Will Smith" x="3" y="5" z="15" spawntime="60"/>
  </spawn>
  <spawn centerx="441" centery="275" centerz="15" radius="5">
    <monster name="Will Smith" x="4" y="3" z="15" spawntime="60"/>
    <monster name="Will Smith" x="5" y="3" z="15" spawntime="60"/>
    <monster name="Will Smith" x="1" y="4" z="15" spawntime="60"/>
  </spawn>
  <spawn centerx="272" centery="277" centerz="15" radius="5">
    <monster name="Super Hero" x="0" y="1" z="15" spawntime="60"/>
    <monster name="Super Hero" x="0" y="2" z="15" spawntime="60"/>
    <monster name="Super Hero" x="1" y="3" z="15" spawntime="60"/>
    <monster name="Super Hero" x="5" y="3" z="15" spawntime="60"/>
    <monster name="Super Hero" x="-4" y="4" z="15" spawntime="60"/>
    <monster name="Super Hero" x="-2" y="5" z="15" spawntime="60"/>
  </spawn>
  <spawn centerx="267" centery="278" centerz="15" radius="5">
    <monster name="Super Hero" x="-3" y="0" z="15" spawntime="60"/>
    <monster name="Super Hero" x="-4" y="2" z="15" spawntime="60"/>
    <monster name="Super Hero" x="-2" y="2" z="15" spawntime="60"/>
  </spawn>
  <spawn centerx="446" centery="278" centerz="15" radius="5">
    <monster name="Will Smith" x="1" y="2" z="15" spawntime="60"/>
  </spawn>
  <spawn centerx="302" centery="279" centerz="15" radius="5">
    <monster name="Super Hero" x="-3" y="0" z="15" spawntime="60"/>
    <monster name="Super Hero" x="-5" y="2" z="15" spawntime="60"/>
    <monster name="Super Hero" x="-3" y="3" z="15" spawntime="60"/>
    <monster name="Super Hero" x="0" y="5" z="15" spawntime="60"/>
    <monster name="Super Hero" x="4" y="5" z="15" spawntime="60"/>
  </spawn>
  <spawn centerx="292" centery="280" centerz="15" radius="5">
    <monster name="Super Hero" x="1" y="1" z="15" spawntime="60"/>
    <monster name="Super Hero" x="3" y="2" z="15" spawntime="60"/>
    <monster name="Super Hero" x="-1" y="4" z="15" spawntime="60"/>
    <monster name="Super Hero" x="4" y="4" z="15" spawntime="60"/>
    <monster name="Super Hero" x="1" y="5" z="15" spawntime="60"/>
  </spawn>
  <spawn centerx="281" centery="281" centerz="15" radius="5">
    <monster name="Super Hero" x="2" y="-1" z="15" spawntime="60"/>
    <monster name="Super Hero" x="-5" y="2" z="15" spawntime="60"/>
    <monster name="Super Hero" x="-4" y="3" z="15" spawntime="60"/>
    <monster name="Super Hero" x="1" y="3" z="15" spawntime="60"/>
    <monster name="Super Hero" x="5" y="4" z="15" spawntime="60"/>
  </spawn>
  <spawn centerx="267" centery="286" centerz="15" radius="5">
    <monster name="Super Hero" x="1" y="-2" z="15" spawntime="60"/>
    <monster name="Super Hero" x="4" y="-1" z="15" spawntime="60"/>
    <monster name="Super Hero" x="3" y="0" z="15" spawntime="60"/>
    <monster name="Super Hero" x="-3" y="2" z="15" spawntime="60"/>
    <monster name="Super Hero" x="0" y="2" z="15" spawntime="60"/>
  </spawn>
  <spawn centerx="278" centery="286" centerz="15" radius="5">
    <monster name="Super Hero" x="-5" y="2" z="15" spawntime="60"/>
    <monster name="Super Hero" x="-5" y="3" z="15" spawntime="60"/>
    <monster name="Super Hero" x="2" y="3" z="15" spawntime="60"/>
    <monster name="Super Hero" x="-2" y="4" z="15" spawntime="60"/>
  </spawn>
  <spawn centerx="306" centery="286" centerz="15" radius="5">
    <monster name="Super Hero" x="2" y="-5" z="15" spawntime="60"/>
    <monster name="Super Hero" x="-4" y="-1" z="15" spawntime="60"/>
    <monster name="Super Hero" x="2" y="-1" z="15" spawntime="60"/>
    <monster name="Super Hero" x="-4" y="0" z="15" spawntime="60"/>
    <monster name="Super Hero" x="-4" y="1" z="15" spawntime="60"/>
    <monster name="Super Hero" x="-4" y="2" z="15" spawntime="60"/>
    <monster name="Super Hero" x="1" y="3" z="15" spawntime="60"/>
  </spawn>
  <spawn centerx="293" centery="287" centerz="15" radius="5">
    <monster name="Super Hero" x="2" y="0" z="15" spawntime="60"/>
    <monster name="Super Hero" x="-3" y="1" z="15" spawntime="60"/>
    <monster name="Super Hero" x="2" y="2" z="15" spawntime="60"/>
  </spawn>
  <spawn centerx="340" centery="287" centerz="15" radius="5">
    <monster name="Bolita" x="1" y="-1" z="15" spawntime="60"/>
    <monster name="Bolita" x="4" y="-1" z="15" spawntime="60"/>
    <monster name="Bolita" x="-2" y="0" z="15" spawntime="60"/>
    <monster name="Bolita" x="-1" y="0" z="15" spawntime="60"/>
    <monster name="Bolita" x="-2" y="2" z="15" spawntime="60"/>
    <monster name="Bolita" x="-3" y="3" z="15" spawntime="60"/>
  </spawn>
  <spawn centerx="351" centery="287" centerz="15" radius="5">
    <monster name="Bolita" x="-3" y="-1" z="15" spawntime="60"/>
    <monster name="Bolita" x="1" y="-1" z="15" spawntime="60"/>
    <monster name="Bolita" x="-2" y="5" z="15" spawntime="60"/>
    <monster name="Bolita" x="-1" y="5" z="15" spawntime="60"/>
    <monster name="Bolita" x="0" y="5" z="15" spawntime="60"/>
  </spawn>
  <spawn centerx="355" centery="287" centerz="15" radius="5">
    <monster name="Bolita" x="2" y="0" z="15" spawntime="60"/>
  </spawn>
  <spawn centerx="287" centery="290" centerz="15" radius="5">
    <monster name="Super Hero" x="-3" y="-2" z="15" spawntime="60"/>
    <monster name="Super Hero" x="-3" y="0" z="15" spawntime="60"/>
  </spawn>
  <spawn centerx="361" centery="292" centerz="15" radius="5">
    <monster name="Bolita" x="0" y="-2" z="15" spawntime="60"/>
  </spawn>
  <spawn centerx="336" centery="294" centerz="15" radius="5">
    <monster name="Bolita" x="1" y="-1" z="15" spawntime="60"/>
    <monster name="Bolita" x="3" y="-1" z="15" spawntime="60"/>
    <monster name="Bolita" x="2" y="2" z="15" spawntime="60"/>
    <monster name="Bolita" x="1" y="4" z="15" spawntime="60"/>
  </spawn>
  <spawn centerx="344" centery="295" centerz="15" radius="5">
    <monster name="Bolita" x="4" y="-1" z="15" spawntime="60"/>
    <monster name="Bolita" x="4" y="0" z="15" spawntime="60"/>
    <monster name="Bolita" x="1" y="2" z="15" spawntime="60"/>
    <monster name="Bolita" x="1" y="4" z="15" spawntime="60"/>
  </spawn>
  <spawn centerx="354" centery="298" centerz="15" radius="5">
    <monster name="Bolita" x="0" y="-2" z="15" spawntime="60"/>
    <monster name="Bolita" x="0" y="4" z="15" spawntime="60"/>
    <monster name="Bolita" x="-5" y="5" z="15" spawntime="60"/>
  </spawn>
  <spawn centerx="360" centery="300" centerz="15" radius="5">
    <monster name="Bolita" x="1" y="0" z="15" spawntime="60"/>
    <monster name="Bolita" x="0" y="5" z="15" spawntime="60"/>
  </spawn>
  <spawn centerx="337" centery="301" centerz="15" radius="5">
    <monster name="Bolita" x="-1" y="-1" z="15" spawntime="60"/>
    <monster name="Bolita" x="-1" y="2" z="15" spawntime="60"/>
    <monster name="Bolita" x="4" y="3" z="15" spawntime="60"/>
    <monster name="Bolita" x="5" y="3" z="15" spawntime="60"/>
    <monster name="Bolita" x="-2" y="5" z="15" spawntime="60"/>
  </spawn>
  <spawn centerx="342" centery="304" centerz="15" radius="5">
    <monster name="Bolita" x="2" y="-3" z="15" spawntime="60"/>
    <monster name="Bolita" x="2" y="-1" z="15" spawntime="60"/>
    <monster name="Bolita" x="-4" y="4" z="15" spawntime="60"/>
    <monster name="Bolita" x="-3" y="5" z="15" spawntime="60"/>
  </spawn>
  <spawn centerx="359" centery="304" centerz="15" radius="5">
    <monster name="Bolita" x="-4" y="4" z="15" spawntime="60"/>
  </spawn>
  <spawn centerx="336" centery="307" centerz="15" radius="5">
    <monster name="Bolita" x="-1" y="0" z="15" spawntime="60"/>
    <monster name="Bolita" x="3" y="3" z="15" spawntime="60"/>
    <monster name="Bolita" x="4" y="3" z="15" spawntime="60"/>
    <monster name="Bolita" x="4" y="4" z="15" spawntime="60"/>
    <monster name="Bolita" x="-4" y="5" z="15" spawntime="60"/>
  </spawn>
  <spawn centerx="349" centery="308" centerz="15" radius="5">
    <monster name="Bolita" x="0" y="-4" z="15" spawntime="60"/>
    <monster name="Bolita" x="-1" y="-2" z="15" spawntime="60"/>
    <monster name="Bolita" x="-1" y="0" z="15" spawntime="60"/>
  </spawn>
  <spawn centerx="342" centery="311" centerz="15" radius="5">
    <monster name="Bolita" x="-2" y="2" z="15" spawntime="60"/>
    <monster name="Bolita" x="-2" y="3" z="15" spawntime="60"/>
    <monster name="Bolita" x="-1" y="5" z="15" spawntime="60"/>
  </spawn>
  <spawn centerx="332" centery="313" centerz="15" radius="5">
    <monster name="Bolita" x="0" y="1" z="15" spawntime="60"/>
    <monster name="Bolita" x="0" y="4" z="15" spawntime="60"/>
  </spawn>
  <spawn centerx="317" centery="315" centerz="15" radius="5">
    <monster name="Bolita" x="2" y="-4" z="15" spawntime="60"/>
    <monster name="Bolita" x="3" y="-4" z="15" spawntime="60"/>
    <monster name="Bolita" x="4" y="-4" z="15" spawntime="60"/>
    <monster name="Bolita" x="1" y="-3" z="15" spawntime="60"/>
    <monster name="Bolita" x="-1" y="-1" z="15" spawntime="60"/>
    <monster name="Bolita" x="-1" y="0" z="15" spawntime="60"/>
    <monster name="Bolita" x="-1" y="1" z="15" spawntime="60"/>
    <monster name="Bolita" x="-1" y="2" z="15" spawntime="60"/>
    <monster name="Bolita" x="-1" y="4" z="15" spawntime="60"/>
    <monster name="Bolita" x="-1" y="5" z="15" spawntime="60"/>
  </spawn>
  <spawn centerx="326" centery="315" centerz="15" radius="5">
    <monster name="Bolita" x="-2" y="-3" z="15" spawntime="60"/>
    <monster name="Bolita" x="-1" y="-2" z="15" spawntime="60"/>
    <monster name="Bolita" x="-1" y="0" z="15" spawntime="60"/>
    <monster name="Bolita" x="-2" y="2" z="15" spawntime="60"/>
    <monster name="Bolita" x="-3" y="4" z="15" spawntime="60"/>
    <monster name="Bolita" x="5" y="5" z="15" spawntime="60"/>
  </spawn>
  <spawn centerx="341" centery="317" centerz="15" radius="5">
    <monster name="Bolita" x="1" y="2" z="15" spawntime="60"/>
    <monster name="Bolita" x="1" y="3" z="15" spawntime="60"/>
  </spawn>
  <spawn centerx="328" centery="321" centerz="15" radius="5">
    <monster name="Bolita" x="-5" y="0" z="15" spawntime="60"/>
    <monster name="Bolita" x="-4" y="0" z="15" spawntime="60"/>
    <monster name="Bolita" x="-1" y="0" z="15" spawntime="60"/>
    <monster name="Bolita" x="3" y="0" z="15" spawntime="60"/>
    <monster name="Bolita" x="1" y="1" z="15" spawntime="60"/>
  </spawn>
  <spawn centerx="316" centery="323" centerz="15" radius="5">
    <monster name="Bolita" x="0" y="-1" z="15" spawntime="60"/>
    <monster name="Bolita" x="0" y="0" z="15" spawntime="60"/>
    <monster name="Bolita" x="0" y="1" z="15" spawntime="60"/>
    <monster name="Bolita" x="1" y="1" z="15" spawntime="60"/>
    <monster name="Bolita" x="1" y="4" z="15" spawntime="60"/>
    <monster name="Bolita" x="2" y="5" z="15" spawntime="60"/>
  </spawn>
  <spawn centerx="340" centery="323" centerz="15" radius="5">
    <monster name="Bolita" x="3" y="1" z="15" spawntime="60"/>
    <monster name="Bolita" x="-2" y="5" z="15" spawntime="60"/>
  </spawn>
  <spawn centerx="320" centery="328" centerz="15" radius="5">
    <monster name="Bolita" x="-1" y="1" z="15" spawntime="60"/>
    <monster name="Bolita" x="0" y="1" z="15" spawntime="60"/>
    <monster name="Bolita" x="2" y="1" z="15" spawntime="60"/>
    <monster name="Bolita" x="4" y="1" z="15" spawntime="60"/>
  </spawn>
  <spawn centerx="327" centery="329" centerz="15" radius="5">
    <monster name="Bolita" x="5" y="1" z="15" spawntime="60"/>
  </spawn>
  <spawn centerx="335" centery="329" centerz="15" radius="5">
    <monster name="Bolita" x="1" y="0" z="15" spawntime="60"/>
  </spawn>
</spawns>
